[2024-10-01T23:08:03.483+0000] {local_task_job_runner.py:123} INFO - ::group::Pre task execution logs
[2024-10-01T23:08:03.489+0000] {taskinstance.py:2612} INFO - Dependencies all met for dep_context=non-requeueable deps ti=<TaskInstance: fetch_and_store_amazon_books.insert_book_data scheduled__2024-09-28T00:00:00+00:00 [queued]>
[2024-10-01T23:08:03.493+0000] {taskinstance.py:2612} INFO - Dependencies all met for dep_context=requeueable deps ti=<TaskInstance: fetch_and_store_amazon_books.insert_book_data scheduled__2024-09-28T00:00:00+00:00 [queued]>
[2024-10-01T23:08:03.493+0000] {taskinstance.py:2865} INFO - Starting attempt 1 of 2
[2024-10-01T23:08:03.497+0000] {taskinstance.py:2888} INFO - Executing <Task(PythonOperator): insert_book_data> on 2024-09-28 00:00:00+00:00
[2024-10-01T23:08:03.503+0000] {warnings.py:112} WARNING - /home/***/.local/lib/python3.12/site-packages/***/task/task_runner/standard_task_runner.py:70: DeprecationWarning: This process (pid=3191) is multi-threaded, use of fork() may lead to deadlocks in the child.
  pid = os.fork()

[2024-10-01T23:08:03.504+0000] {standard_task_runner.py:72} INFO - Started process 3193 to run task
[2024-10-01T23:08:03.504+0000] {standard_task_runner.py:104} INFO - Running: ['***', 'tasks', 'run', 'fetch_and_store_amazon_books', 'insert_book_data', 'scheduled__2024-09-28T00:00:00+00:00', '--job-id', '84', '--raw', '--subdir', 'DAGS_FOLDER/dag.py', '--cfg-path', '/tmp/tmp7pu8wj7a']
[2024-10-01T23:08:03.505+0000] {standard_task_runner.py:105} INFO - Job 84: Subtask insert_book_data
[2024-10-01T23:08:03.547+0000] {task_command.py:467} INFO - Running <TaskInstance: fetch_and_store_amazon_books.insert_book_data scheduled__2024-09-28T00:00:00+00:00 [running]> on host 20b0475cd5d1
[2024-10-01T23:08:03.585+0000] {taskinstance.py:3131} INFO - Exporting env vars: AIRFLOW_CTX_DAG_OWNER='***' AIRFLOW_CTX_DAG_ID='fetch_and_store_amazon_books' AIRFLOW_CTX_TASK_ID='insert_book_data' AIRFLOW_CTX_EXECUTION_DATE='2024-09-28T00:00:00+00:00' AIRFLOW_CTX_TRY_NUMBER='1' AIRFLOW_CTX_DAG_RUN_ID='scheduled__2024-09-28T00:00:00+00:00'
[2024-10-01T23:08:03.586+0000] {logging_mixin.py:190} INFO - Task instance is in running state
[2024-10-01T23:08:03.586+0000] {logging_mixin.py:190} INFO -  Previous state of the Task instance: queued
[2024-10-01T23:08:03.587+0000] {logging_mixin.py:190} INFO - Current task name:insert_book_data state:running start_date:2024-10-01 23:08:03.490022+00:00
[2024-10-01T23:08:03.587+0000] {logging_mixin.py:190} INFO - Dag name:fetch_and_store_amazon_books and current dag run status:running
[2024-10-01T23:08:03.587+0000] {taskinstance.py:731} INFO - ::endgroup::
[2024-10-01T23:08:03.595+0000] {base.py:84} INFO - Retrieving connection 'books_connection'
[2024-10-01T23:08:03.597+0000] {sql.py:509} INFO - Running statement: 
    INSERT INTO books (title, authors, price, rating)
    VALUES (%s, %s, %s, %s)
    , parameters: ('Data Engineering with AWS - Second Edition: Acquire the skills to design and build AWS-based data transformation pipelines like a pro', 'Gareth Eagar', '41.', '4.4 out of 5 stars')
[2024-10-01T23:08:03.598+0000] {sql.py:518} INFO - Rows affected: 1
[2024-10-01T23:08:03.600+0000] {base.py:84} INFO - Retrieving connection 'books_connection'
[2024-10-01T23:08:03.602+0000] {sql.py:509} INFO - Running statement: 
    INSERT INTO books (title, authors, price, rating)
    VALUES (%s, %s, %s, %s)
    , parameters: ('Data Engineering with dbt: A practical guide to building a cloud-based, pragmatic, and dependable data platform with SQL', 'Roberto Zagni', '37.', '4.6 out of 5 stars')
[2024-10-01T23:08:03.602+0000] {sql.py:518} INFO - Rows affected: 1
[2024-10-01T23:08:03.604+0000] {base.py:84} INFO - Retrieving connection 'books_connection'
[2024-10-01T23:08:03.605+0000] {sql.py:509} INFO - Running statement: 
    INSERT INTO books (title, authors, price, rating)
    VALUES (%s, %s, %s, %s)
    , parameters: ('Azure Data Engineer Associate Certification Guide: Ace the DP-203 exam with advanced data engineering skills', 'Giacinto Palmieri', '49.', '4.4 out of 5 stars')
[2024-10-01T23:08:03.606+0000] {sql.py:518} INFO - Rows affected: 1
[2024-10-01T23:08:03.609+0000] {base.py:84} INFO - Retrieving connection 'books_connection'
[2024-10-01T23:08:03.611+0000] {sql.py:509} INFO - Running statement: 
    INSERT INTO books (title, authors, price, rating)
    VALUES (%s, %s, %s, %s)
    , parameters: ("Azure Data Factory Cookbook: A data engineer's guide to building and managing ETL and ELT pipelines with data integration", 'Dmitry Foshin', '51.', '4.2 out of 5 stars')
[2024-10-01T23:08:03.611+0000] {sql.py:518} INFO - Rows affected: 1
[2024-10-01T23:08:03.615+0000] {base.py:84} INFO - Retrieving connection 'books_connection'
[2024-10-01T23:08:03.618+0000] {sql.py:509} INFO - Running statement: 
    INSERT INTO books (title, authors, price, rating)
    VALUES (%s, %s, %s, %s)
    , parameters: ('Fundamentals of Data Engineering: Plan and Build Robust Data Systems', 'Joe Reis', '27.', '4.7 out of 5 stars')
[2024-10-01T23:08:03.618+0000] {sql.py:518} INFO - Rows affected: 1
[2024-10-01T23:08:03.621+0000] {base.py:84} INFO - Retrieving connection 'books_connection'
[2024-10-01T23:08:03.622+0000] {sql.py:509} INFO - Running statement: 
    INSERT INTO books (title, authors, price, rating)
    VALUES (%s, %s, %s, %s)
    , parameters: ('Designing Data-Intensive Applications: The Big Ideas Behind Reliable, Scalable, and Maintainable Systems', 'Martin Kleppmann', '48.', '4.7 out of 5 stars')
[2024-10-01T23:08:03.623+0000] {sql.py:518} INFO - Rows affected: 1
[2024-10-01T23:08:03.625+0000] {base.py:84} INFO - Retrieving connection 'books_connection'
[2024-10-01T23:08:03.626+0000] {sql.py:509} INFO - Running statement: 
    INSERT INTO books (title, authors, price, rating)
    VALUES (%s, %s, %s, %s)
    , parameters: ('Fundamentals of Data Analytics: Learn Essential Skills, Embrace the Future, and Catapult Your Career in the Data-Driven World—A Comprehensive Guide to Data Literacy for Beginners', 'Russell Dawson', '17.', '4.8 out of 5 stars')
[2024-10-01T23:08:03.626+0000] {sql.py:518} INFO - Rows affected: 1
[2024-10-01T23:08:03.629+0000] {base.py:84} INFO - Retrieving connection 'books_connection'
[2024-10-01T23:08:03.630+0000] {sql.py:509} INFO - Running statement: 
    INSERT INTO books (title, authors, price, rating)
    VALUES (%s, %s, %s, %s)
    , parameters: ('Data Pipelines Pocket Reference: Moving and Processing Data for Analytics', 'James Densmore', '17.', '4.5 out of 5 stars')
[2024-10-01T23:08:03.630+0000] {sql.py:518} INFO - Rows affected: 1
[2024-10-01T23:08:03.632+0000] {base.py:84} INFO - Retrieving connection 'books_connection'
[2024-10-01T23:08:03.634+0000] {sql.py:509} INFO - Running statement: 
    INSERT INTO books (title, authors, price, rating)
    VALUES (%s, %s, %s, %s)
    , parameters: ('Data Engineering with Python: Work with massive datasets to design data models and automate data pipelines using Python', 'Paul Crickard', '37.', '4.1 out of 5 stars')
[2024-10-01T23:08:03.634+0000] {sql.py:518} INFO - Rows affected: 1
[2024-10-01T23:08:03.637+0000] {base.py:84} INFO - Retrieving connection 'books_connection'
[2024-10-01T23:08:03.639+0000] {sql.py:509} INFO - Running statement: 
    INSERT INTO books (title, authors, price, rating)
    VALUES (%s, %s, %s, %s)
    , parameters: ('Cracking the Data Engineering Interview: Land your dream job with the help of resume-building tips, over 100 mock questions, and a unique portfolio', 'Kedeisha Bryan', '26.', '4.4 out of 5 stars')
[2024-10-01T23:08:03.639+0000] {sql.py:518} INFO - Rows affected: 1
[2024-10-01T23:08:03.642+0000] {base.py:84} INFO - Retrieving connection 'books_connection'
[2024-10-01T23:08:03.643+0000] {sql.py:509} INFO - Running statement: 
    INSERT INTO books (title, authors, price, rating)
    VALUES (%s, %s, %s, %s)
    , parameters: ('Ace the Data Science Interview: 201 Real Interview Questions Asked By FAANG, Tech Startups, & Wall Street', 'Nick Singh', '41.', '4.5 out of 5 stars')
[2024-10-01T23:08:03.644+0000] {sql.py:518} INFO - Rows affected: 1
[2024-10-01T23:08:03.646+0000] {base.py:84} INFO - Retrieving connection 'books_connection'
[2024-10-01T23:08:03.647+0000] {sql.py:509} INFO - Running statement: 
    INSERT INTO books (title, authors, price, rating)
    VALUES (%s, %s, %s, %s)
    , parameters: ('Ace the Data Engineering Interview: Questions and Answers for Python, SQL, Data Modeling and More', 'Sean Coyne', '24.', '3.8 out of 5 stars')
[2024-10-01T23:08:03.647+0000] {sql.py:518} INFO - Rows affected: 1
[2024-10-01T23:08:03.649+0000] {base.py:84} INFO - Retrieving connection 'books_connection'
[2024-10-01T23:08:03.650+0000] {sql.py:509} INFO - Running statement: 
    INSERT INTO books (title, authors, price, rating)
    VALUES (%s, %s, %s, %s)
    , parameters: ('Essentials of Data Engineering', 'Dr. Mukesh Saini', '19.', '5.0 out of 5 stars')
[2024-10-01T23:08:03.651+0000] {sql.py:518} INFO - Rows affected: 1
[2024-10-01T23:08:03.653+0000] {base.py:84} INFO - Retrieving connection 'books_connection'
[2024-10-01T23:08:03.654+0000] {sql.py:509} INFO - Running statement: 
    INSERT INTO books (title, authors, price, rating)
    VALUES (%s, %s, %s, %s)
    , parameters: ("Data: Principles To Practice - Volume 1 'Foundations': Essential Foundations: Key Concepts behind Data Architecture, Engineering and Analysis for Professionals", 'Mr Alex Holloway', '12.', '4.6 out of 5 stars')
[2024-10-01T23:08:03.654+0000] {sql.py:518} INFO - Rows affected: 1
[2024-10-01T23:08:03.656+0000] {base.py:84} INFO - Retrieving connection 'books_connection'
[2024-10-01T23:08:03.657+0000] {sql.py:509} INFO - Running statement: 
    INSERT INTO books (title, authors, price, rating)
    VALUES (%s, %s, %s, %s)
    , parameters: ('Data Engineering with Databricks Cookbook: Build effective data and AI solutions using Apache Spark, Databricks, and Delta Lake', 'Pulkit Chadha', '49.', '4.3 out of 5 stars')
[2024-10-01T23:08:03.657+0000] {sql.py:518} INFO - Rows affected: 1
[2024-10-01T23:08:03.659+0000] {base.py:84} INFO - Retrieving connection 'books_connection'
[2024-10-01T23:08:03.660+0000] {sql.py:509} INFO - Running statement: 
    INSERT INTO books (title, authors, price, rating)
    VALUES (%s, %s, %s, %s)
    , parameters: ('Data Engineering with AWS: Learn how to design and build cloud-based data transformation pipelines using AWS', 'Gareth Eagar', '49.', '4.4 out of 5 stars')
[2024-10-01T23:08:03.660+0000] {sql.py:518} INFO - Rows affected: 1
[2024-10-01T23:08:03.662+0000] {base.py:84} INFO - Retrieving connection 'books_connection'
[2024-10-01T23:08:03.663+0000] {sql.py:509} INFO - Running statement: 
    INSERT INTO books (title, authors, price, rating)
    VALUES (%s, %s, %s, %s)
    , parameters: ('DATA ENGINEERING AND AI FOR BEGINNERS: Revolutionizing Data Processing and Analytics by Leveraging Artificial Intelligence for Efficient Input Collection, Storage, and Transformation (World of AI)', 'Paperback', '13.', '4.3 out of 5 stars')
[2024-10-01T23:08:03.664+0000] {sql.py:518} INFO - Rows affected: 1
[2024-10-01T23:08:03.665+0000] {base.py:84} INFO - Retrieving connection 'books_connection'
[2024-10-01T23:08:03.666+0000] {sql.py:509} INFO - Running statement: 
    INSERT INTO books (title, authors, price, rating)
    VALUES (%s, %s, %s, %s)
    , parameters: ('Data Engineering with Python cookbook: Learn to build efficient data pipelines using the Modern Cloud Data Stack', 'Adithyan Ramanujakootam', '32.', '5.0 out of 5 stars')
[2024-10-01T23:08:03.667+0000] {sql.py:518} INFO - Rows affected: 1
[2024-10-01T23:08:03.669+0000] {base.py:84} INFO - Retrieving connection 'books_connection'
[2024-10-01T23:08:03.670+0000] {sql.py:509} INFO - Running statement: 
    INSERT INTO books (title, authors, price, rating)
    VALUES (%s, %s, %s, %s)
    , parameters: ('Data Modeling with Snowflake: A practical guide to accelerating Snowflake development using universal data modeling techniques', 'Serge Gershkovich', '36.', '4.8 out of 5 stars')
[2024-10-01T23:08:03.670+0000] {sql.py:518} INFO - Rows affected: 1
[2024-10-01T23:08:03.672+0000] {base.py:84} INFO - Retrieving connection 'books_connection'
[2024-10-01T23:08:03.673+0000] {sql.py:509} INFO - Running statement: 
    INSERT INTO books (title, authors, price, rating)
    VALUES (%s, %s, %s, %s)
    , parameters: ('Data Engineering Fundamentals for Beginners: Mastering the Art of Building, Managing, and Scaling Data Systems', 'Paperback', '14.', '5.0 out of 5 stars')
[2024-10-01T23:08:03.673+0000] {sql.py:518} INFO - Rows affected: 1
[2024-10-01T23:08:03.675+0000] {base.py:84} INFO - Retrieving connection 'books_connection'
[2024-10-01T23:08:03.676+0000] {sql.py:509} INFO - Running statement: 
    INSERT INTO books (title, authors, price, rating)
    VALUES (%s, %s, %s, %s)
    , parameters: ("Ultimate Data Engineering with Databricks: Develop Scalable Data Pipelines Using Data Engineering's Core Tenets Such as Delta Tables, Ingestion, ... Security, and Scalability (English Edition)", 'Mayank Malhotra', '37.', '4.1 out of 5 stars')
[2024-10-01T23:08:03.676+0000] {sql.py:518} INFO - Rows affected: 1
[2024-10-01T23:08:03.678+0000] {base.py:84} INFO - Retrieving connection 'books_connection'
[2024-10-01T23:08:03.679+0000] {sql.py:509} INFO - Running statement: 
    INSERT INTO books (title, authors, price, rating)
    VALUES (%s, %s, %s, %s)
    , parameters: ('Software Engineering for Data Scientists: From Notebooks to Scalable Systems', 'Catherine Nelson', '51.', '4.4 out of 5 stars')
[2024-10-01T23:08:03.679+0000] {sql.py:518} INFO - Rows affected: 1
[2024-10-01T23:08:03.681+0000] {base.py:84} INFO - Retrieving connection 'books_connection'
[2024-10-01T23:08:03.682+0000] {sql.py:509} INFO - Running statement: 
    INSERT INTO books (title, authors, price, rating)
    VALUES (%s, %s, %s, %s)
    , parameters: ("Data Quality Fundamentals: A Practitioner's Guide to Building Trustworthy Data Pipelines", 'Paperback', '45.', '4.1 out of 5 stars')
[2024-10-01T23:08:03.683+0000] {sql.py:518} INFO - Rows affected: 1
[2024-10-01T23:08:03.685+0000] {base.py:84} INFO - Retrieving connection 'books_connection'
[2024-10-01T23:08:03.686+0000] {sql.py:509} INFO - Running statement: 
    INSERT INTO books (title, authors, price, rating)
    VALUES (%s, %s, %s, %s)
    , parameters: ("Engineering Data Mesh in Azure Cloud: Implement data mesh using Microsoft Azure's Cloud Adoption Framework", 'Paperback', '47.', '4.5 out of 5 stars')
[2024-10-01T23:08:03.686+0000] {sql.py:518} INFO - Rows affected: 1
[2024-10-01T23:08:03.688+0000] {base.py:84} INFO - Retrieving connection 'books_connection'
[2024-10-01T23:08:03.689+0000] {sql.py:509} INFO - Running statement: 
    INSERT INTO books (title, authors, price, rating)
    VALUES (%s, %s, %s, %s)
    , parameters: ('Data Engineering with Scala and Spark: A practical guide helping you build streaming and batch pipelines that process massive amounts of data using Scala', 'Eric Tome', '36.', '4.1 out of 5 stars')
[2024-10-01T23:08:03.689+0000] {sql.py:518} INFO - Rows affected: 1
[2024-10-01T23:08:03.691+0000] {base.py:84} INFO - Retrieving connection 'books_connection'
[2024-10-01T23:08:03.692+0000] {sql.py:509} INFO - Running statement: 
    INSERT INTO books (title, authors, price, rating)
    VALUES (%s, %s, %s, %s)
    , parameters: ('97 Things Every Data Engineer Should Know: Collective Wisdom from the Experts', 'Tobias Macey', '28.', '4.1 out of 5 stars')
[2024-10-01T23:08:03.692+0000] {sql.py:518} INFO - Rows affected: 1
[2024-10-01T23:08:03.694+0000] {base.py:84} INFO - Retrieving connection 'books_connection'
[2024-10-01T23:08:03.695+0000] {sql.py:509} INFO - Running statement: 
    INSERT INTO books (title, authors, price, rating)
    VALUES (%s, %s, %s, %s)
    , parameters: ('Data-Driven Science and Engineering: Machine Learning, Dynamical Systems, and Control', 'Steven L. Brunton', '64.', '4.8 out of 5 stars')
[2024-10-01T23:08:03.696+0000] {sql.py:518} INFO - Rows affected: 1
[2024-10-01T23:08:03.697+0000] {base.py:84} INFO - Retrieving connection 'books_connection'
[2024-10-01T23:08:03.698+0000] {sql.py:509} INFO - Running statement: 
    INSERT INTO books (title, authors, price, rating)
    VALUES (%s, %s, %s, %s)
    , parameters: ('Data Engineering with Apache Spark, Delta Lake, and Lakehouse: Create scalable pipelines that ingest, curate, and aggregate complex data in a timely and secure way', 'Manoj Kukreja', '46.', '3.9 out of 5 stars')
[2024-10-01T23:08:03.699+0000] {sql.py:518} INFO - Rows affected: 1
[2024-10-01T23:08:03.701+0000] {base.py:84} INFO - Retrieving connection 'books_connection'
[2024-10-01T23:08:03.702+0000] {sql.py:509} INFO - Running statement: 
    INSERT INTO books (title, authors, price, rating)
    VALUES (%s, %s, %s, %s)
    , parameters: ('Data Engineering with Google Cloud Platform: A guide to leveling up as a data engineer by building a scalable data platform with Google Cloud', 'Adi Wijaya', '41.', '4.8 out of 5 stars')
[2024-10-01T23:08:03.702+0000] {sql.py:518} INFO - Rows affected: 1
[2024-10-01T23:08:03.704+0000] {base.py:84} INFO - Retrieving connection 'books_connection'
[2024-10-01T23:08:03.705+0000] {sql.py:509} INFO - Running statement: 
    INSERT INTO books (title, authors, price, rating)
    VALUES (%s, %s, %s, %s)
    , parameters: ('Python Data Engineering Resources: Forge Your Path to Success in Data Engineering, Machine Learning and AI', 'Vajo Lukic', '0.', '4.7 out of 5 stars')
[2024-10-01T23:08:03.705+0000] {sql.py:518} INFO - Rows affected: 1
[2024-10-01T23:08:03.707+0000] {base.py:84} INFO - Retrieving connection 'books_connection'
[2024-10-01T23:08:03.708+0000] {sql.py:509} INFO - Running statement: 
    INSERT INTO books (title, authors, price, rating)
    VALUES (%s, %s, %s, %s)
    , parameters: ('Analytics Engineering with SQL and dbt: Building Meaningful Data Models at Scale', 'Rui Pedro Machado', '41.', '3.9 out of 5 stars')
[2024-10-01T23:08:03.709+0000] {sql.py:518} INFO - Rows affected: 1
[2024-10-01T23:08:03.711+0000] {base.py:84} INFO - Retrieving connection 'books_connection'
[2024-10-01T23:08:03.712+0000] {sql.py:509} INFO - Running statement: 
    INSERT INTO books (title, authors, price, rating)
    VALUES (%s, %s, %s, %s)
    , parameters: ('Modern Data Engineering with Apache Spark: A Hands-On Guide for Building Mission-Critical Streaming Applications', 'Scott Haines', '30.', '4.1 out of 5 stars')
[2024-10-01T23:08:03.712+0000] {sql.py:518} INFO - Rows affected: 1
[2024-10-01T23:08:03.714+0000] {base.py:84} INFO - Retrieving connection 'books_connection'
[2024-10-01T23:08:03.715+0000] {sql.py:509} INFO - Running statement: 
    INSERT INTO books (title, authors, price, rating)
    VALUES (%s, %s, %s, %s)
    , parameters: ('Data Engineering 101', 'Kindle', '0.', '3.9 out of 5 stars')
[2024-10-01T23:08:03.715+0000] {sql.py:518} INFO - Rows affected: 1
[2024-10-01T23:08:03.718+0000] {base.py:84} INFO - Retrieving connection 'books_connection'
[2024-10-01T23:08:03.719+0000] {sql.py:509} INFO - Running statement: 
    INSERT INTO books (title, authors, price, rating)
    VALUES (%s, %s, %s, %s)
    , parameters: ('Machine Learning Engineering', 'Andriy Burkov', '39.', '4.7 out of 5 stars')
[2024-10-01T23:08:03.720+0000] {sql.py:518} INFO - Rows affected: 1
[2024-10-01T23:08:03.722+0000] {base.py:84} INFO - Retrieving connection 'books_connection'
[2024-10-01T23:08:03.724+0000] {sql.py:509} INFO - Running statement: 
    INSERT INTO books (title, authors, price, rating)
    VALUES (%s, %s, %s, %s)
    , parameters: ('Data Engineering with Google Cloud Platform: A practical guide to operationalizing scalable data analytics systems on GCP', 'Adi Wijaya', '41.', '4.7 out of 5 stars')
[2024-10-01T23:08:03.724+0000] {sql.py:518} INFO - Rows affected: 1
[2024-10-01T23:08:03.730+0000] {base.py:84} INFO - Retrieving connection 'books_connection'
[2024-10-01T23:08:03.732+0000] {sql.py:509} INFO - Running statement: 
    INSERT INTO books (title, authors, price, rating)
    VALUES (%s, %s, %s, %s)
    , parameters: ('Fundamentals of Data Observability: Implement Trustworthy End-to-End Data Solutions', 'Andy Petrella', '36.', '4.0 out of 5 stars')
[2024-10-01T23:08:03.732+0000] {sql.py:518} INFO - Rows affected: 1
[2024-10-01T23:08:03.736+0000] {base.py:84} INFO - Retrieving connection 'books_connection'
[2024-10-01T23:08:03.737+0000] {sql.py:509} INFO - Running statement: 
    INSERT INTO books (title, authors, price, rating)
    VALUES (%s, %s, %s, %s)
    , parameters: ('Data Privacy: A runbook for engineers', 'Nishant Bhajaria', '35.', '4.8 out of 5 stars')
[2024-10-01T23:08:03.738+0000] {sql.py:518} INFO - Rows affected: 1
[2024-10-01T23:08:03.741+0000] {base.py:84} INFO - Retrieving connection 'books_connection'
[2024-10-01T23:08:03.743+0000] {sql.py:509} INFO - Running statement: 
    INSERT INTO books (title, authors, price, rating)
    VALUES (%s, %s, %s, %s)
    , parameters: ('Storytelling with Data: A Data Visualization Guide for Business Professionals', 'Cole Nussbaumer Knaflic', '27.', '4.6 out of 5 stars')
[2024-10-01T23:08:03.743+0000] {sql.py:518} INFO - Rows affected: 1
[2024-10-01T23:08:03.746+0000] {base.py:84} INFO - Retrieving connection 'books_connection'
[2024-10-01T23:08:03.747+0000] {sql.py:509} INFO - Running statement: 
    INSERT INTO books (title, authors, price, rating)
    VALUES (%s, %s, %s, %s)
    , parameters: ('Official Google Cloud Certified Professional Data Engineer Study Guide', 'Dan Sullivan', '33.', '4.5 out of 5 stars')
[2024-10-01T23:08:03.748+0000] {sql.py:518} INFO - Rows affected: 1
[2024-10-01T23:08:03.750+0000] {base.py:84} INFO - Retrieving connection 'books_connection'
[2024-10-01T23:08:03.751+0000] {sql.py:509} INFO - Running statement: 
    INSERT INTO books (title, authors, price, rating)
    VALUES (%s, %s, %s, %s)
    , parameters: ('Data Mesh: Delivering Data-Driven Value at Scale', 'Zhamak Dehghani', '43.', '4.5 out of 5 stars')
[2024-10-01T23:08:03.751+0000] {sql.py:518} INFO - Rows affected: 1
[2024-10-01T23:08:03.753+0000] {base.py:84} INFO - Retrieving connection 'books_connection'
[2024-10-01T23:08:03.754+0000] {sql.py:509} INFO - Running statement: 
    INSERT INTO books (title, authors, price, rating)
    VALUES (%s, %s, %s, %s)
    , parameters: ('Better Data Visualizations: A Guide for Scholars, Researchers, and Wonks', 'Jonathan Schwabish', '26.', '4.5 out of 5 stars')
[2024-10-01T23:08:03.755+0000] {sql.py:518} INFO - Rows affected: 1
[2024-10-01T23:08:03.757+0000] {base.py:84} INFO - Retrieving connection 'books_connection'
[2024-10-01T23:08:03.759+0000] {sql.py:509} INFO - Running statement: 
    INSERT INTO books (title, authors, price, rating)
    VALUES (%s, %s, %s, %s)
    , parameters: ('Database Internals: A Deep Dive into How Distributed Data Systems Work', 'Alex Petrov', '36.', '4.6 out of 5 stars')
[2024-10-01T23:08:03.759+0000] {sql.py:518} INFO - Rows affected: 1
[2024-10-01T23:08:03.762+0000] {base.py:84} INFO - Retrieving connection 'books_connection'
[2024-10-01T23:08:03.764+0000] {sql.py:509} INFO - Running statement: 
    INSERT INTO books (title, authors, price, rating)
    VALUES (%s, %s, %s, %s)
    , parameters: ('Fundamentals of Data Engineering: Efficiency, Insight, Impact: Transforming Data into Value through Expert Engineering Practices', 'Joseph Achakji Eng.', '16.', '4.4 out of 5 stars')
[2024-10-01T23:08:03.764+0000] {sql.py:518} INFO - Rows affected: 1
[2024-10-01T23:08:03.767+0000] {base.py:84} INFO - Retrieving connection 'books_connection'
[2024-10-01T23:08:03.769+0000] {sql.py:509} INFO - Running statement: 
    INSERT INTO books (title, authors, price, rating)
    VALUES (%s, %s, %s, %s)
    , parameters: ("SQL QuickStart Guide: The Simplified Beginner's Guide to Managing, Analyzing, and Manipulating Data With SQL (Coding & Programming - QuickStart Guides)", 'Paperback', '23.', '4.6 out of 5 stars')
[2024-10-01T23:08:03.769+0000] {sql.py:518} INFO - Rows affected: 1
[2024-10-01T23:08:03.772+0000] {base.py:84} INFO - Retrieving connection 'books_connection'
[2024-10-01T23:08:03.773+0000] {sql.py:509} INFO - Running statement: 
    INSERT INTO books (title, authors, price, rating)
    VALUES (%s, %s, %s, %s)
    , parameters: ('Prompt Engineering for Generative AI: Future-Proof Inputs for Reliable AI Outputs', 'James Phoenix', '53.', '4.5 out of 5 stars')
[2024-10-01T23:08:03.774+0000] {sql.py:518} INFO - Rows affected: 1
[2024-10-01T23:08:03.776+0000] {base.py:84} INFO - Retrieving connection 'books_connection'
[2024-10-01T23:08:03.778+0000] {sql.py:509} INFO - Running statement: 
    INSERT INTO books (title, authors, price, rating)
    VALUES (%s, %s, %s, %s)
    , parameters: ('Data Engineering with Databricks', 'Paperback', '25.', '3.4 out of 5 stars')
[2024-10-01T23:08:03.778+0000] {sql.py:518} INFO - Rows affected: 1
[2024-10-01T23:08:03.781+0000] {base.py:84} INFO - Retrieving connection 'books_connection'
[2024-10-01T23:08:03.782+0000] {sql.py:509} INFO - Running statement: 
    INSERT INTO books (title, authors, price, rating)
    VALUES (%s, %s, %s, %s)
    , parameters: ('Mastering the Data Paradox: Key to Winning in the AI Age', 'Nitin Seth', '17.', '4.8 out of 5 stars')
[2024-10-01T23:08:03.782+0000] {sql.py:518} INFO - Rows affected: 1
[2024-10-01T23:08:03.784+0000] {base.py:84} INFO - Retrieving connection 'books_connection'
[2024-10-01T23:08:03.786+0000] {sql.py:509} INFO - Running statement: 
    INSERT INTO books (title, authors, price, rating)
    VALUES (%s, %s, %s, %s)
    , parameters: ('Python Feature Engineering Cookbook: Over 70 recipes for creating, engineering, and transforming features to build machine learning models, 2nd Edition', 'Soledad Galli', '44.', '4.4 out of 5 stars')
[2024-10-01T23:08:03.786+0000] {sql.py:518} INFO - Rows affected: 1
[2024-10-01T23:08:03.788+0000] {base.py:84} INFO - Retrieving connection 'books_connection'
[2024-10-01T23:08:03.789+0000] {sql.py:509} INFO - Running statement: 
    INSERT INTO books (title, authors, price, rating)
    VALUES (%s, %s, %s, %s)
    , parameters: ('Information Technology Essentials Volume 1: Introduction to Information Systems', 'Paperback', '24.', '4.3 out of 5 stars')
[2024-10-01T23:08:03.790+0000] {sql.py:518} INFO - Rows affected: 1
[2024-10-01T23:08:03.793+0000] {base.py:84} INFO - Retrieving connection 'books_connection'
[2024-10-01T23:08:03.794+0000] {sql.py:509} INFO - Running statement: 
    INSERT INTO books (title, authors, price, rating)
    VALUES (%s, %s, %s, %s)
    , parameters: ('Essential Software Development Career + Technical Guide: Engineers/Developers/Programmers: Interviewing, Coding, Multithreading, Management, Architecture, Agile, Crypto, Security, Performance, UI/UX..', 'AppJungle.NET LLC -', '29.', '4.8 out of 5 stars')
[2024-10-01T23:08:03.795+0000] {sql.py:518} INFO - Rows affected: 1
[2024-10-01T23:08:03.795+0000] {python.py:240} INFO - Done. Returned value was: None
[2024-10-01T23:08:03.799+0000] {taskinstance.py:340} INFO - ::group::Post task execution logs
[2024-10-01T23:08:03.799+0000] {taskinstance.py:352} INFO - Marking task as SUCCESS. dag_id=fetch_and_store_amazon_books, task_id=insert_book_data, run_id=scheduled__2024-09-28T00:00:00+00:00, execution_date=20240928T000000, start_date=20241001T230803, end_date=20241001T230803
[2024-10-01T23:08:03.803+0000] {logging_mixin.py:190} INFO - Task instance in success state
[2024-10-01T23:08:03.803+0000] {logging_mixin.py:190} INFO -  Previous state of the Task instance: running
[2024-10-01T23:08:03.803+0000] {logging_mixin.py:190} INFO - Dag name:fetch_and_store_amazon_books queued_at:2024-10-01 23:07:27.361448+00:00
[2024-10-01T23:08:03.803+0000] {logging_mixin.py:190} INFO - Task hostname:20b0475cd5d1 operator:PythonOperator
[2024-10-01T23:08:03.811+0000] {local_task_job_runner.py:266} INFO - Task exited with return code 0
[2024-10-01T23:08:03.818+0000] {taskinstance.py:3900} INFO - 0 downstream tasks scheduled from follow-on schedule check
[2024-10-01T23:08:03.819+0000] {local_task_job_runner.py:245} INFO - ::endgroup::
