[2024-10-01T23:13:02.963+0000] {local_task_job_runner.py:123} INFO - ::group::Pre task execution logs
[2024-10-01T23:13:02.970+0000] {taskinstance.py:2612} INFO - Dependencies all met for dep_context=non-requeueable deps ti=<TaskInstance: fetch_and_store_amazon_books.insert_book_data scheduled__2024-09-29T00:00:00+00:00 [queued]>
[2024-10-01T23:13:02.975+0000] {taskinstance.py:2612} INFO - Dependencies all met for dep_context=requeueable deps ti=<TaskInstance: fetch_and_store_amazon_books.insert_book_data scheduled__2024-09-29T00:00:00+00:00 [queued]>
[2024-10-01T23:13:02.976+0000] {taskinstance.py:2865} INFO - Starting attempt 1 of 2
[2024-10-01T23:13:02.982+0000] {taskinstance.py:2888} INFO - Executing <Task(PythonOperator): insert_book_data> on 2024-09-29 00:00:00+00:00
[2024-10-01T23:13:02.986+0000] {warnings.py:112} WARNING - /home/***/.local/lib/python3.12/site-packages/***/task/task_runner/standard_task_runner.py:70: DeprecationWarning: This process (pid=3267) is multi-threaded, use of fork() may lead to deadlocks in the child.
  pid = os.fork()

[2024-10-01T23:13:02.987+0000] {standard_task_runner.py:72} INFO - Started process 3271 to run task
[2024-10-01T23:13:02.988+0000] {standard_task_runner.py:104} INFO - Running: ['***', 'tasks', 'run', 'fetch_and_store_amazon_books', 'insert_book_data', 'scheduled__2024-09-29T00:00:00+00:00', '--job-id', '88', '--raw', '--subdir', 'DAGS_FOLDER/dag.py', '--cfg-path', '/tmp/tmph4720szu']
[2024-10-01T23:13:02.988+0000] {standard_task_runner.py:105} INFO - Job 88: Subtask insert_book_data
[2024-10-01T23:13:03.020+0000] {task_command.py:467} INFO - Running <TaskInstance: fetch_and_store_amazon_books.insert_book_data scheduled__2024-09-29T00:00:00+00:00 [running]> on host 20b0475cd5d1
[2024-10-01T23:13:03.064+0000] {taskinstance.py:3131} INFO - Exporting env vars: AIRFLOW_CTX_DAG_OWNER='***' AIRFLOW_CTX_DAG_ID='fetch_and_store_amazon_books' AIRFLOW_CTX_TASK_ID='insert_book_data' AIRFLOW_CTX_EXECUTION_DATE='2024-09-29T00:00:00+00:00' AIRFLOW_CTX_TRY_NUMBER='1' AIRFLOW_CTX_DAG_RUN_ID='scheduled__2024-09-29T00:00:00+00:00'
[2024-10-01T23:13:03.066+0000] {logging_mixin.py:190} INFO - Task instance is in running state
[2024-10-01T23:13:03.067+0000] {logging_mixin.py:190} INFO -  Previous state of the Task instance: queued
[2024-10-01T23:13:03.067+0000] {logging_mixin.py:190} INFO - Current task name:insert_book_data state:running start_date:2024-10-01 23:13:02.971353+00:00
[2024-10-01T23:13:03.067+0000] {logging_mixin.py:190} INFO - Dag name:fetch_and_store_amazon_books and current dag run status:running
[2024-10-01T23:13:03.067+0000] {taskinstance.py:731} INFO - ::endgroup::
[2024-10-01T23:13:03.092+0000] {base.py:84} INFO - Retrieving connection 'books_connection'
[2024-10-01T23:13:03.094+0000] {sql.py:509} INFO - Running statement: 
    INSERT INTO books (title, authors, price, rating)
    VALUES (%s, %s, %s, %s)
    , parameters: ('Data Engineering with AWS - Second Edition: Acquire the skills to design and build AWS-based data transformation pipelines like a pro', 'Gareth Eagar', '41.', '4.4 out of 5 stars')
[2024-10-01T23:13:03.095+0000] {sql.py:518} INFO - Rows affected: 1
[2024-10-01T23:13:03.098+0000] {base.py:84} INFO - Retrieving connection 'books_connection'
[2024-10-01T23:13:03.099+0000] {sql.py:509} INFO - Running statement: 
    INSERT INTO books (title, authors, price, rating)
    VALUES (%s, %s, %s, %s)
    , parameters: ('Data Engineering with dbt: A practical guide to building a cloud-based, pragmatic, and dependable data platform with SQL', 'Roberto Zagni', '37.', '4.6 out of 5 stars')
[2024-10-01T23:13:03.100+0000] {sql.py:518} INFO - Rows affected: 1
[2024-10-01T23:13:03.105+0000] {base.py:84} INFO - Retrieving connection 'books_connection'
[2024-10-01T23:13:03.106+0000] {sql.py:509} INFO - Running statement: 
    INSERT INTO books (title, authors, price, rating)
    VALUES (%s, %s, %s, %s)
    , parameters: ('Azure Data Engineer Associate Certification Guide: Ace the DP-203 exam with advanced data engineering skills', 'Giacinto Palmieri', '49.', '4.4 out of 5 stars')
[2024-10-01T23:13:03.107+0000] {sql.py:518} INFO - Rows affected: 1
[2024-10-01T23:13:03.110+0000] {base.py:84} INFO - Retrieving connection 'books_connection'
[2024-10-01T23:13:03.112+0000] {sql.py:509} INFO - Running statement: 
    INSERT INTO books (title, authors, price, rating)
    VALUES (%s, %s, %s, %s)
    , parameters: ("Azure Data Factory Cookbook: A data engineer's guide to building and managing ETL and ELT pipelines with data integration", 'Dmitry Foshin', '51.', '4.2 out of 5 stars')
[2024-10-01T23:13:03.113+0000] {sql.py:518} INFO - Rows affected: 1
[2024-10-01T23:13:03.118+0000] {base.py:84} INFO - Retrieving connection 'books_connection'
[2024-10-01T23:13:03.122+0000] {sql.py:509} INFO - Running statement: 
    INSERT INTO books (title, authors, price, rating)
    VALUES (%s, %s, %s, %s)
    , parameters: ('Fundamentals of Data Engineering: Plan and Build Robust Data Systems', 'Joe Reis', '27.', '4.7 out of 5 stars')
[2024-10-01T23:13:03.123+0000] {sql.py:518} INFO - Rows affected: 1
[2024-10-01T23:13:03.129+0000] {base.py:84} INFO - Retrieving connection 'books_connection'
[2024-10-01T23:13:03.132+0000] {sql.py:509} INFO - Running statement: 
    INSERT INTO books (title, authors, price, rating)
    VALUES (%s, %s, %s, %s)
    , parameters: ('Designing Data-Intensive Applications: The Big Ideas Behind Reliable, Scalable, and Maintainable Systems', 'Martin Kleppmann', '48.', '4.7 out of 5 stars')
[2024-10-01T23:13:03.133+0000] {sql.py:518} INFO - Rows affected: 1
[2024-10-01T23:13:03.137+0000] {base.py:84} INFO - Retrieving connection 'books_connection'
[2024-10-01T23:13:03.139+0000] {sql.py:509} INFO - Running statement: 
    INSERT INTO books (title, authors, price, rating)
    VALUES (%s, %s, %s, %s)
    , parameters: ("Ultimate Data Engineering with Databricks: Develop Scalable Data Pipelines Using Data Engineering's Core Tenets Such as Delta Tables, Ingestion, ... Security, and Scalability (English Edition)", 'Mayank Malhotra', '37.', '4.1 out of 5 stars')
[2024-10-01T23:13:03.140+0000] {sql.py:518} INFO - Rows affected: 1
[2024-10-01T23:13:03.142+0000] {base.py:84} INFO - Retrieving connection 'books_connection'
[2024-10-01T23:13:03.143+0000] {sql.py:509} INFO - Running statement: 
    INSERT INTO books (title, authors, price, rating)
    VALUES (%s, %s, %s, %s)
    , parameters: ('Fundamentals of Data Analytics: Learn Essential Skills, Embrace the Future, and Catapult Your Career in the Data-Driven World—A Comprehensive Guide to Data Literacy for Beginners', 'Russell Dawson', '17.', '4.8 out of 5 stars')
[2024-10-01T23:13:03.143+0000] {sql.py:518} INFO - Rows affected: 1
[2024-10-01T23:13:03.145+0000] {base.py:84} INFO - Retrieving connection 'books_connection'
[2024-10-01T23:13:03.146+0000] {sql.py:509} INFO - Running statement: 
    INSERT INTO books (title, authors, price, rating)
    VALUES (%s, %s, %s, %s)
    , parameters: ('Data Pipelines Pocket Reference: Moving and Processing Data for Analytics', 'James Densmore', '17.', '4.5 out of 5 stars')
[2024-10-01T23:13:03.147+0000] {sql.py:518} INFO - Rows affected: 1
[2024-10-01T23:13:03.149+0000] {base.py:84} INFO - Retrieving connection 'books_connection'
[2024-10-01T23:13:03.150+0000] {sql.py:509} INFO - Running statement: 
    INSERT INTO books (title, authors, price, rating)
    VALUES (%s, %s, %s, %s)
    , parameters: ('Data Engineering with Python: Work with massive datasets to design data models and automate data pipelines using Python', 'Paul Crickard', '37.', '4.1 out of 5 stars')
[2024-10-01T23:13:03.150+0000] {sql.py:518} INFO - Rows affected: 1
[2024-10-01T23:13:03.152+0000] {base.py:84} INFO - Retrieving connection 'books_connection'
[2024-10-01T23:13:03.154+0000] {sql.py:509} INFO - Running statement: 
    INSERT INTO books (title, authors, price, rating)
    VALUES (%s, %s, %s, %s)
    , parameters: ('Cracking the Data Engineering Interview: Land your dream job with the help of resume-building tips, over 100 mock questions, and a unique portfolio', 'Kedeisha Bryan', '26.', '4.4 out of 5 stars')
[2024-10-01T23:13:03.154+0000] {sql.py:518} INFO - Rows affected: 1
[2024-10-01T23:13:03.156+0000] {base.py:84} INFO - Retrieving connection 'books_connection'
[2024-10-01T23:13:03.157+0000] {sql.py:509} INFO - Running statement: 
    INSERT INTO books (title, authors, price, rating)
    VALUES (%s, %s, %s, %s)
    , parameters: ('Ace the Data Science Interview: 201 Real Interview Questions Asked By FAANG, Tech Startups, & Wall Street', 'Nick Singh', '41.', '4.5 out of 5 stars')
[2024-10-01T23:13:03.158+0000] {sql.py:518} INFO - Rows affected: 1
[2024-10-01T23:13:03.160+0000] {base.py:84} INFO - Retrieving connection 'books_connection'
[2024-10-01T23:13:03.161+0000] {sql.py:509} INFO - Running statement: 
    INSERT INTO books (title, authors, price, rating)
    VALUES (%s, %s, %s, %s)
    , parameters: ('Ace the Data Engineering Interview: Questions and Answers for Python, SQL, Data Modeling and More', 'Sean Coyne', '24.', '3.8 out of 5 stars')
[2024-10-01T23:13:03.161+0000] {sql.py:518} INFO - Rows affected: 1
[2024-10-01T23:13:03.163+0000] {base.py:84} INFO - Retrieving connection 'books_connection'
[2024-10-01T23:13:03.164+0000] {sql.py:509} INFO - Running statement: 
    INSERT INTO books (title, authors, price, rating)
    VALUES (%s, %s, %s, %s)
    , parameters: ('Essentials of Data Engineering', 'Dr. Mukesh Saini', '19.', '5.0 out of 5 stars')
[2024-10-01T23:13:03.165+0000] {sql.py:518} INFO - Rows affected: 1
[2024-10-01T23:13:03.167+0000] {base.py:84} INFO - Retrieving connection 'books_connection'
[2024-10-01T23:13:03.168+0000] {sql.py:509} INFO - Running statement: 
    INSERT INTO books (title, authors, price, rating)
    VALUES (%s, %s, %s, %s)
    , parameters: ('Data Exploration and Preparation with BigQuery: A practical guide to cleaning, transforming, and analyzing data for business insights', 'Mike Kahn', '36.', '4.8 out of 5 stars')
[2024-10-01T23:13:03.168+0000] {sql.py:518} INFO - Rows affected: 1
[2024-10-01T23:13:03.170+0000] {base.py:84} INFO - Retrieving connection 'books_connection'
[2024-10-01T23:13:03.171+0000] {sql.py:509} INFO - Running statement: 
    INSERT INTO books (title, authors, price, rating)
    VALUES (%s, %s, %s, %s)
    , parameters: ('Data Engineering with Databricks Cookbook: Build effective data and AI solutions using Apache Spark, Databricks, and Delta Lake', 'Pulkit Chadha', '49.', '4.3 out of 5 stars')
[2024-10-01T23:13:03.172+0000] {sql.py:518} INFO - Rows affected: 1
[2024-10-01T23:13:03.176+0000] {base.py:84} INFO - Retrieving connection 'books_connection'
[2024-10-01T23:13:03.178+0000] {sql.py:509} INFO - Running statement: 
    INSERT INTO books (title, authors, price, rating)
    VALUES (%s, %s, %s, %s)
    , parameters: ('Data Engineering with AWS: Learn how to design and build cloud-based data transformation pipelines using AWS', 'Gareth Eagar', '49.', '4.4 out of 5 stars')
[2024-10-01T23:13:03.178+0000] {sql.py:518} INFO - Rows affected: 1
[2024-10-01T23:13:03.183+0000] {base.py:84} INFO - Retrieving connection 'books_connection'
[2024-10-01T23:13:03.184+0000] {sql.py:509} INFO - Running statement: 
    INSERT INTO books (title, authors, price, rating)
    VALUES (%s, %s, %s, %s)
    , parameters: ('DATA ENGINEERING AND AI FOR BEGINNERS: Revolutionizing Data Processing and Analytics by Leveraging Artificial Intelligence for Efficient Input Collection, Storage, and Transformation (World of AI)', 'Paperback', '13.', '4.3 out of 5 stars')
[2024-10-01T23:13:03.184+0000] {sql.py:518} INFO - Rows affected: 1
[2024-10-01T23:13:03.187+0000] {base.py:84} INFO - Retrieving connection 'books_connection'
[2024-10-01T23:13:03.188+0000] {sql.py:509} INFO - Running statement: 
    INSERT INTO books (title, authors, price, rating)
    VALUES (%s, %s, %s, %s)
    , parameters: ('Data Engineering with Python cookbook: Learn to build efficient data pipelines using the Modern Cloud Data Stack', 'Adithyan Ramanujakootam', '32.', '5.0 out of 5 stars')
[2024-10-01T23:13:03.188+0000] {sql.py:518} INFO - Rows affected: 1
[2024-10-01T23:13:03.190+0000] {base.py:84} INFO - Retrieving connection 'books_connection'
[2024-10-01T23:13:03.192+0000] {sql.py:509} INFO - Running statement: 
    INSERT INTO books (title, authors, price, rating)
    VALUES (%s, %s, %s, %s)
    , parameters: ("Data: Principles To Practice - Volume 1 'Foundations': Essential Foundations: Key Concepts behind Data Architecture, Engineering and Analysis for Professionals", 'Mr Alex Holloway', '12.', '4.6 out of 5 stars')
[2024-10-01T23:13:03.192+0000] {sql.py:518} INFO - Rows affected: 1
[2024-10-01T23:13:03.194+0000] {base.py:84} INFO - Retrieving connection 'books_connection'
[2024-10-01T23:13:03.196+0000] {sql.py:509} INFO - Running statement: 
    INSERT INTO books (title, authors, price, rating)
    VALUES (%s, %s, %s, %s)
    , parameters: ('Data Privacy: A runbook for engineers', 'Nishant Bhajaria', '35.', '4.8 out of 5 stars')
[2024-10-01T23:13:03.196+0000] {sql.py:518} INFO - Rows affected: 1
[2024-10-01T23:13:03.198+0000] {base.py:84} INFO - Retrieving connection 'books_connection'
[2024-10-01T23:13:03.200+0000] {sql.py:509} INFO - Running statement: 
    INSERT INTO books (title, authors, price, rating)
    VALUES (%s, %s, %s, %s)
    , parameters: ('Software Engineering for Data Scientists: From Notebooks to Scalable Systems', 'Catherine Nelson', '51.', '4.4 out of 5 stars')
[2024-10-01T23:13:03.200+0000] {sql.py:518} INFO - Rows affected: 1
[2024-10-01T23:13:03.202+0000] {base.py:84} INFO - Retrieving connection 'books_connection'
[2024-10-01T23:13:03.204+0000] {sql.py:509} INFO - Running statement: 
    INSERT INTO books (title, authors, price, rating)
    VALUES (%s, %s, %s, %s)
    , parameters: ("Data Quality Fundamentals: A Practitioner's Guide to Building Trustworthy Data Pipelines", 'Paperback', '45.', '4.1 out of 5 stars')
[2024-10-01T23:13:03.204+0000] {sql.py:518} INFO - Rows affected: 1
[2024-10-01T23:13:03.206+0000] {base.py:84} INFO - Retrieving connection 'books_connection'
[2024-10-01T23:13:03.207+0000] {sql.py:509} INFO - Running statement: 
    INSERT INTO books (title, authors, price, rating)
    VALUES (%s, %s, %s, %s)
    , parameters: ('Data Engineering Fundamentals for Beginners: Mastering the Art of Building, Managing, and Scaling Data Systems', 'Paperback', '14.', '5.0 out of 5 stars')
[2024-10-01T23:13:03.208+0000] {sql.py:518} INFO - Rows affected: 1
[2024-10-01T23:13:03.210+0000] {base.py:84} INFO - Retrieving connection 'books_connection'
[2024-10-01T23:13:03.212+0000] {sql.py:509} INFO - Running statement: 
    INSERT INTO books (title, authors, price, rating)
    VALUES (%s, %s, %s, %s)
    , parameters: ('Data Engineering with Scala and Spark: A practical guide helping you build streaming and batch pipelines that process massive amounts of data using Scala', 'Eric Tome', '36.', '4.1 out of 5 stars')
[2024-10-01T23:13:03.212+0000] {sql.py:518} INFO - Rows affected: 1
[2024-10-01T23:13:03.214+0000] {base.py:84} INFO - Retrieving connection 'books_connection'
[2024-10-01T23:13:03.215+0000] {sql.py:509} INFO - Running statement: 
    INSERT INTO books (title, authors, price, rating)
    VALUES (%s, %s, %s, %s)
    , parameters: ('97 Things Every Data Engineer Should Know: Collective Wisdom from the Experts', 'Tobias Macey', '28.', '4.1 out of 5 stars')
[2024-10-01T23:13:03.216+0000] {sql.py:518} INFO - Rows affected: 1
[2024-10-01T23:13:03.218+0000] {base.py:84} INFO - Retrieving connection 'books_connection'
[2024-10-01T23:13:03.219+0000] {sql.py:509} INFO - Running statement: 
    INSERT INTO books (title, authors, price, rating)
    VALUES (%s, %s, %s, %s)
    , parameters: ('Data-Driven Science and Engineering: Machine Learning, Dynamical Systems, and Control', 'Steven L. Brunton', '64.', '4.8 out of 5 stars')
[2024-10-01T23:13:03.220+0000] {sql.py:518} INFO - Rows affected: 1
[2024-10-01T23:13:03.222+0000] {base.py:84} INFO - Retrieving connection 'books_connection'
[2024-10-01T23:13:03.223+0000] {sql.py:509} INFO - Running statement: 
    INSERT INTO books (title, authors, price, rating)
    VALUES (%s, %s, %s, %s)
    , parameters: ('Data Engineering with Apache Spark, Delta Lake, and Lakehouse: Create scalable pipelines that ingest, curate, and aggregate complex data in a timely and secure way', 'Manoj Kukreja', '46.', '3.9 out of 5 stars')
[2024-10-01T23:13:03.224+0000] {sql.py:518} INFO - Rows affected: 1
[2024-10-01T23:13:03.226+0000] {base.py:84} INFO - Retrieving connection 'books_connection'
[2024-10-01T23:13:03.227+0000] {sql.py:509} INFO - Running statement: 
    INSERT INTO books (title, authors, price, rating)
    VALUES (%s, %s, %s, %s)
    , parameters: ('Data Engineering with Google Cloud Platform: A guide to leveling up as a data engineer by building a scalable data platform with Google Cloud', 'Adi Wijaya', '41.', '4.8 out of 5 stars')
[2024-10-01T23:13:03.227+0000] {sql.py:518} INFO - Rows affected: 1
[2024-10-01T23:13:03.230+0000] {base.py:84} INFO - Retrieving connection 'books_connection'
[2024-10-01T23:13:03.231+0000] {sql.py:509} INFO - Running statement: 
    INSERT INTO books (title, authors, price, rating)
    VALUES (%s, %s, %s, %s)
    , parameters: ('Python Data Engineering Resources: Forge Your Path to Success in Data Engineering, Machine Learning and AI', 'Vajo Lukic', '0.', '4.7 out of 5 stars')
[2024-10-01T23:13:03.231+0000] {sql.py:518} INFO - Rows affected: 1
[2024-10-01T23:13:03.233+0000] {base.py:84} INFO - Retrieving connection 'books_connection'
[2024-10-01T23:13:03.234+0000] {sql.py:509} INFO - Running statement: 
    INSERT INTO books (title, authors, price, rating)
    VALUES (%s, %s, %s, %s)
    , parameters: ('Analytics Engineering with SQL and dbt: Building Meaningful Data Models at Scale', 'Rui Pedro Machado', '41.', '3.9 out of 5 stars')
[2024-10-01T23:13:03.234+0000] {sql.py:518} INFO - Rows affected: 1
[2024-10-01T23:13:03.236+0000] {base.py:84} INFO - Retrieving connection 'books_connection'
[2024-10-01T23:13:03.238+0000] {sql.py:509} INFO - Running statement: 
    INSERT INTO books (title, authors, price, rating)
    VALUES (%s, %s, %s, %s)
    , parameters: ('Modern Data Engineering with Apache Spark: A Hands-On Guide for Building Mission-Critical Streaming Applications', 'Scott Haines', '30.', '4.1 out of 5 stars')
[2024-10-01T23:13:03.238+0000] {sql.py:518} INFO - Rows affected: 1
[2024-10-01T23:13:03.240+0000] {base.py:84} INFO - Retrieving connection 'books_connection'
[2024-10-01T23:13:03.241+0000] {sql.py:509} INFO - Running statement: 
    INSERT INTO books (title, authors, price, rating)
    VALUES (%s, %s, %s, %s)
    , parameters: ('Data Engineering 101', 'Kindle', '0.', '3.9 out of 5 stars')
[2024-10-01T23:13:03.241+0000] {sql.py:518} INFO - Rows affected: 1
[2024-10-01T23:13:03.243+0000] {base.py:84} INFO - Retrieving connection 'books_connection'
[2024-10-01T23:13:03.244+0000] {sql.py:509} INFO - Running statement: 
    INSERT INTO books (title, authors, price, rating)
    VALUES (%s, %s, %s, %s)
    , parameters: ('Data Modeling with Snowflake: A practical guide to accelerating Snowflake development using universal data modeling techniques', 'Serge Gershkovich', '36.', '4.8 out of 5 stars')
[2024-10-01T23:13:03.245+0000] {sql.py:518} INFO - Rows affected: 1
[2024-10-01T23:13:03.247+0000] {base.py:84} INFO - Retrieving connection 'books_connection'
[2024-10-01T23:13:03.248+0000] {sql.py:509} INFO - Running statement: 
    INSERT INTO books (title, authors, price, rating)
    VALUES (%s, %s, %s, %s)
    , parameters: ('Machine Learning Engineering', 'Andriy Burkov', '39.', '4.7 out of 5 stars')
[2024-10-01T23:13:03.249+0000] {sql.py:518} INFO - Rows affected: 1
[2024-10-01T23:13:03.251+0000] {base.py:84} INFO - Retrieving connection 'books_connection'
[2024-10-01T23:13:03.252+0000] {sql.py:509} INFO - Running statement: 
    INSERT INTO books (title, authors, price, rating)
    VALUES (%s, %s, %s, %s)
    , parameters: ('Data Engineering with Google Cloud Platform: A practical guide to operationalizing scalable data analytics systems on GCP', 'Adi Wijaya', '41.', '4.7 out of 5 stars')
[2024-10-01T23:13:03.253+0000] {sql.py:518} INFO - Rows affected: 1
[2024-10-01T23:13:03.255+0000] {base.py:84} INFO - Retrieving connection 'books_connection'
[2024-10-01T23:13:03.256+0000] {sql.py:509} INFO - Running statement: 
    INSERT INTO books (title, authors, price, rating)
    VALUES (%s, %s, %s, %s)
    , parameters: ('Fundamentals of Data Observability: Implement Trustworthy End-to-End Data Solutions', 'Andy Petrella', '36.', '4.0 out of 5 stars')
[2024-10-01T23:13:03.256+0000] {sql.py:518} INFO - Rows affected: 1
[2024-10-01T23:13:03.259+0000] {base.py:84} INFO - Retrieving connection 'books_connection'
[2024-10-01T23:13:03.260+0000] {sql.py:509} INFO - Running statement: 
    INSERT INTO books (title, authors, price, rating)
    VALUES (%s, %s, %s, %s)
    , parameters: ('Storytelling with Data: A Data Visualization Guide for Business Professionals', 'Cole Nussbaumer Knaflic', '27.', '4.6 out of 5 stars')
[2024-10-01T23:13:03.260+0000] {sql.py:518} INFO - Rows affected: 1
[2024-10-01T23:13:03.262+0000] {base.py:84} INFO - Retrieving connection 'books_connection'
[2024-10-01T23:13:03.263+0000] {sql.py:509} INFO - Running statement: 
    INSERT INTO books (title, authors, price, rating)
    VALUES (%s, %s, %s, %s)
    , parameters: ('Official Google Cloud Certified Professional Data Engineer Study Guide', 'Dan Sullivan', '33.', '4.5 out of 5 stars')
[2024-10-01T23:13:03.264+0000] {sql.py:518} INFO - Rows affected: 1
[2024-10-01T23:13:03.266+0000] {base.py:84} INFO - Retrieving connection 'books_connection'
[2024-10-01T23:13:03.267+0000] {sql.py:509} INFO - Running statement: 
    INSERT INTO books (title, authors, price, rating)
    VALUES (%s, %s, %s, %s)
    , parameters: ('Data Mesh: Delivering Data-Driven Value at Scale', 'Zhamak Dehghani', '43.', '4.5 out of 5 stars')
[2024-10-01T23:13:03.268+0000] {sql.py:518} INFO - Rows affected: 1
[2024-10-01T23:13:03.271+0000] {base.py:84} INFO - Retrieving connection 'books_connection'
[2024-10-01T23:13:03.272+0000] {sql.py:509} INFO - Running statement: 
    INSERT INTO books (title, authors, price, rating)
    VALUES (%s, %s, %s, %s)
    , parameters: ('Better Data Visualizations: A Guide for Scholars, Researchers, and Wonks', 'Jonathan Schwabish', '26.', '4.5 out of 5 stars')
[2024-10-01T23:13:03.273+0000] {sql.py:518} INFO - Rows affected: 1
[2024-10-01T23:13:03.275+0000] {base.py:84} INFO - Retrieving connection 'books_connection'
[2024-10-01T23:13:03.276+0000] {sql.py:509} INFO - Running statement: 
    INSERT INTO books (title, authors, price, rating)
    VALUES (%s, %s, %s, %s)
    , parameters: ('Database Internals: A Deep Dive into How Distributed Data Systems Work', 'Alex Petrov', '36.', '4.6 out of 5 stars')
[2024-10-01T23:13:03.276+0000] {sql.py:518} INFO - Rows affected: 1
[2024-10-01T23:13:03.279+0000] {base.py:84} INFO - Retrieving connection 'books_connection'
[2024-10-01T23:13:03.280+0000] {sql.py:509} INFO - Running statement: 
    INSERT INTO books (title, authors, price, rating)
    VALUES (%s, %s, %s, %s)
    , parameters: ('Fundamentals of Data Engineering: Efficiency, Insight, Impact: Transforming Data into Value through Expert Engineering Practices', 'Joseph Achakji Eng.', '16.', '4.4 out of 5 stars')
[2024-10-01T23:13:03.280+0000] {sql.py:518} INFO - Rows affected: 1
[2024-10-01T23:13:03.283+0000] {base.py:84} INFO - Retrieving connection 'books_connection'
[2024-10-01T23:13:03.284+0000] {sql.py:509} INFO - Running statement: 
    INSERT INTO books (title, authors, price, rating)
    VALUES (%s, %s, %s, %s)
    , parameters: ("SQL QuickStart Guide: The Simplified Beginner's Guide to Managing, Analyzing, and Manipulating Data With SQL (Coding & Programming - QuickStart Guides)", 'Paperback', '23.', '4.6 out of 5 stars')
[2024-10-01T23:13:03.284+0000] {sql.py:518} INFO - Rows affected: 1
[2024-10-01T23:13:03.286+0000] {base.py:84} INFO - Retrieving connection 'books_connection'
[2024-10-01T23:13:03.288+0000] {sql.py:509} INFO - Running statement: 
    INSERT INTO books (title, authors, price, rating)
    VALUES (%s, %s, %s, %s)
    , parameters: ('Prompt Engineering for Generative AI: Future-Proof Inputs for Reliable AI Outputs', 'James Phoenix', '53.', '4.5 out of 5 stars')
[2024-10-01T23:13:03.289+0000] {sql.py:518} INFO - Rows affected: 1
[2024-10-01T23:13:03.292+0000] {base.py:84} INFO - Retrieving connection 'books_connection'
[2024-10-01T23:13:03.294+0000] {sql.py:509} INFO - Running statement: 
    INSERT INTO books (title, authors, price, rating)
    VALUES (%s, %s, %s, %s)
    , parameters: ('Data Engineering with Databricks', 'Paperback', '25.', '3.4 out of 5 stars')
[2024-10-01T23:13:03.295+0000] {sql.py:518} INFO - Rows affected: 1
[2024-10-01T23:13:03.300+0000] {base.py:84} INFO - Retrieving connection 'books_connection'
[2024-10-01T23:13:03.302+0000] {sql.py:509} INFO - Running statement: 
    INSERT INTO books (title, authors, price, rating)
    VALUES (%s, %s, %s, %s)
    , parameters: ('Mastering the Data Paradox: Key to Winning in the AI Age', 'Nitin Seth', '17.', '4.8 out of 5 stars')
[2024-10-01T23:13:03.302+0000] {sql.py:518} INFO - Rows affected: 1
[2024-10-01T23:13:03.307+0000] {base.py:84} INFO - Retrieving connection 'books_connection'
[2024-10-01T23:13:03.308+0000] {sql.py:509} INFO - Running statement: 
    INSERT INTO books (title, authors, price, rating)
    VALUES (%s, %s, %s, %s)
    , parameters: ('Information Technology Essentials Volume 1: Introduction to Information Systems', 'Paperback', '24.', '4.3 out of 5 stars')
[2024-10-01T23:13:03.309+0000] {sql.py:518} INFO - Rows affected: 1
[2024-10-01T23:13:03.312+0000] {base.py:84} INFO - Retrieving connection 'books_connection'
[2024-10-01T23:13:03.315+0000] {sql.py:509} INFO - Running statement: 
    INSERT INTO books (title, authors, price, rating)
    VALUES (%s, %s, %s, %s)
    , parameters: ('Essential Software Development Career + Technical Guide: Engineers/Developers/Programmers: Interviewing, Coding, Multithreading, Management, Architecture, Agile, Crypto, Security, Performance, UI/UX..', 'AppJungle.NET LLC -', '29.', '4.8 out of 5 stars')
[2024-10-01T23:13:03.315+0000] {sql.py:518} INFO - Rows affected: 1
[2024-10-01T23:13:03.318+0000] {base.py:84} INFO - Retrieving connection 'books_connection'
[2024-10-01T23:13:03.320+0000] {sql.py:509} INFO - Running statement: 
    INSERT INTO books (title, authors, price, rating)
    VALUES (%s, %s, %s, %s)
    , parameters: ('The Microsoft Office 365 Bible: [10 in 1] Unlock the Full Power of Microsoft Office 365 | Your Guide to Boosting Productivity, Efficiency, and Mastering Advanced Features with Expert Insights', 'Leonard K. Holmes', '19.', '4.7 out of 5 stars')
[2024-10-01T23:13:03.320+0000] {sql.py:518} INFO - Rows affected: 1
[2024-10-01T23:13:03.320+0000] {python.py:240} INFO - Done. Returned value was: None
[2024-10-01T23:13:03.325+0000] {taskinstance.py:340} INFO - ::group::Post task execution logs
[2024-10-01T23:13:03.325+0000] {taskinstance.py:352} INFO - Marking task as SUCCESS. dag_id=fetch_and_store_amazon_books, task_id=insert_book_data, run_id=scheduled__2024-09-29T00:00:00+00:00, execution_date=20240929T000000, start_date=20241001T231302, end_date=20241001T231303
[2024-10-01T23:13:03.329+0000] {logging_mixin.py:190} INFO - Task instance in success state
[2024-10-01T23:13:03.329+0000] {logging_mixin.py:190} INFO -  Previous state of the Task instance: running
[2024-10-01T23:13:03.329+0000] {logging_mixin.py:190} INFO - Dag name:fetch_and_store_amazon_books queued_at:2024-10-01 23:07:27.507924+00:00
[2024-10-01T23:13:03.329+0000] {logging_mixin.py:190} INFO - Task hostname:20b0475cd5d1 operator:PythonOperator
[2024-10-01T23:13:03.373+0000] {local_task_job_runner.py:266} INFO - Task exited with return code 0
[2024-10-01T23:13:03.385+0000] {taskinstance.py:3900} INFO - 0 downstream tasks scheduled from follow-on schedule check
[2024-10-01T23:13:03.386+0000] {local_task_job_runner.py:245} INFO - ::endgroup::
