[2024-10-01T23:08:01.388+0000] {local_task_job_runner.py:123} INFO - ::group::Pre task execution logs
[2024-10-01T23:08:01.404+0000] {taskinstance.py:2612} INFO - Dependencies all met for dep_context=non-requeueable deps ti=<TaskInstance: fetch_and_store_amazon_books.insert_book_data manual__2024-10-01T23:07:25.632463+00:00 [queued]>
[2024-10-01T23:08:01.408+0000] {taskinstance.py:2612} INFO - Dependencies all met for dep_context=requeueable deps ti=<TaskInstance: fetch_and_store_amazon_books.insert_book_data manual__2024-10-01T23:07:25.632463+00:00 [queued]>
[2024-10-01T23:08:01.408+0000] {taskinstance.py:2865} INFO - Starting attempt 1 of 2
[2024-10-01T23:08:01.414+0000] {taskinstance.py:2888} INFO - Executing <Task(PythonOperator): insert_book_data> on 2024-10-01 23:07:25.632463+00:00
[2024-10-01T23:08:01.421+0000] {warnings.py:112} WARNING - /home/***/.local/lib/python3.12/site-packages/***/task/task_runner/standard_task_runner.py:70: DeprecationWarning: This process (pid=3179) is multi-threaded, use of fork() may lead to deadlocks in the child.
  pid = os.fork()

[2024-10-01T23:08:01.422+0000] {standard_task_runner.py:72} INFO - Started process 3185 to run task
[2024-10-01T23:08:01.422+0000] {standard_task_runner.py:104} INFO - Running: ['***', 'tasks', 'run', 'fetch_and_store_amazon_books', 'insert_book_data', 'manual__2024-10-01T23:07:25.632463+00:00', '--job-id', '81', '--raw', '--subdir', 'DAGS_FOLDER/dag.py', '--cfg-path', '/tmp/tmpw8qtus11']
[2024-10-01T23:08:01.427+0000] {standard_task_runner.py:105} INFO - Job 81: Subtask insert_book_data
[2024-10-01T23:08:01.467+0000] {task_command.py:467} INFO - Running <TaskInstance: fetch_and_store_amazon_books.insert_book_data manual__2024-10-01T23:07:25.632463+00:00 [running]> on host 20b0475cd5d1
[2024-10-01T23:08:01.504+0000] {taskinstance.py:3131} INFO - Exporting env vars: AIRFLOW_CTX_DAG_OWNER='***' AIRFLOW_CTX_DAG_ID='fetch_and_store_amazon_books' AIRFLOW_CTX_TASK_ID='insert_book_data' AIRFLOW_CTX_EXECUTION_DATE='2024-10-01T23:07:25.632463+00:00' AIRFLOW_CTX_TRY_NUMBER='1' AIRFLOW_CTX_DAG_RUN_ID='manual__2024-10-01T23:07:25.632463+00:00'
[2024-10-01T23:08:01.505+0000] {logging_mixin.py:190} INFO - Task instance is in running state
[2024-10-01T23:08:01.505+0000] {logging_mixin.py:190} INFO -  Previous state of the Task instance: queued
[2024-10-01T23:08:01.505+0000] {logging_mixin.py:190} INFO - Current task name:insert_book_data state:running start_date:2024-10-01 23:08:01.404845+00:00
[2024-10-01T23:08:01.505+0000] {logging_mixin.py:190} INFO - Dag name:fetch_and_store_amazon_books and current dag run status:running
[2024-10-01T23:08:01.506+0000] {taskinstance.py:731} INFO - ::endgroup::
[2024-10-01T23:08:01.520+0000] {base.py:84} INFO - Retrieving connection 'books_connection'
[2024-10-01T23:08:01.528+0000] {sql.py:509} INFO - Running statement: 
    INSERT INTO books (title, authors, price, rating)
    VALUES (%s, %s, %s, %s)
    , parameters: ('Data Engineering with AWS - Second Edition: Acquire the skills to design and build AWS-based data transformation pipelines like a pro', 'Gareth Eagar', '41.', '4.4 out of 5 stars')
[2024-10-01T23:08:01.530+0000] {sql.py:518} INFO - Rows affected: 1
[2024-10-01T23:08:01.538+0000] {base.py:84} INFO - Retrieving connection 'books_connection'
[2024-10-01T23:08:01.541+0000] {sql.py:509} INFO - Running statement: 
    INSERT INTO books (title, authors, price, rating)
    VALUES (%s, %s, %s, %s)
    , parameters: ('Data Engineering with dbt: A practical guide to building a cloud-based, pragmatic, and dependable data platform with SQL', 'Roberto Zagni', '37.', '4.6 out of 5 stars')
[2024-10-01T23:08:01.543+0000] {sql.py:518} INFO - Rows affected: 1
[2024-10-01T23:08:01.550+0000] {base.py:84} INFO - Retrieving connection 'books_connection'
[2024-10-01T23:08:01.555+0000] {sql.py:509} INFO - Running statement: 
    INSERT INTO books (title, authors, price, rating)
    VALUES (%s, %s, %s, %s)
    , parameters: ("Azure Data Factory Cookbook: A data engineer's guide to building and managing ETL and ELT pipelines with data integration", 'Dmitry Foshin', '51.', '4.2 out of 5 stars')
[2024-10-01T23:08:01.557+0000] {sql.py:518} INFO - Rows affected: 1
[2024-10-01T23:08:01.562+0000] {base.py:84} INFO - Retrieving connection 'books_connection'
[2024-10-01T23:08:01.564+0000] {sql.py:509} INFO - Running statement: 
    INSERT INTO books (title, authors, price, rating)
    VALUES (%s, %s, %s, %s)
    , parameters: ('Fundamentals of Data Engineering: Plan and Build Robust Data Systems', 'Joe Reis', '27.', '4.7 out of 5 stars')
[2024-10-01T23:08:01.565+0000] {sql.py:518} INFO - Rows affected: 1
[2024-10-01T23:08:01.574+0000] {base.py:84} INFO - Retrieving connection 'books_connection'
[2024-10-01T23:08:01.581+0000] {sql.py:509} INFO - Running statement: 
    INSERT INTO books (title, authors, price, rating)
    VALUES (%s, %s, %s, %s)
    , parameters: ('Designing Data-Intensive Applications: The Big Ideas Behind Reliable, Scalable, and Maintainable Systems', 'Martin Kleppmann', '48.', '4.7 out of 5 stars')
[2024-10-01T23:08:01.583+0000] {sql.py:518} INFO - Rows affected: 1
[2024-10-01T23:08:01.591+0000] {base.py:84} INFO - Retrieving connection 'books_connection'
[2024-10-01T23:08:01.594+0000] {sql.py:509} INFO - Running statement: 
    INSERT INTO books (title, authors, price, rating)
    VALUES (%s, %s, %s, %s)
    , parameters: ('Fundamentals of Data Analytics: Learn Essential Skills, Embrace the Future, and Catapult Your Career in the Data-Driven World—A Comprehensive Guide to Data Literacy for Beginners', 'Russell Dawson', '17.', '4.8 out of 5 stars')
[2024-10-01T23:08:01.595+0000] {sql.py:518} INFO - Rows affected: 1
[2024-10-01T23:08:01.600+0000] {base.py:84} INFO - Retrieving connection 'books_connection'
[2024-10-01T23:08:01.602+0000] {sql.py:509} INFO - Running statement: 
    INSERT INTO books (title, authors, price, rating)
    VALUES (%s, %s, %s, %s)
    , parameters: ('Data Analysis with Python and PySpark', 'Jonathan Rioux', '55.', '4.4 out of 5 stars')
[2024-10-01T23:08:01.604+0000] {sql.py:518} INFO - Rows affected: 1
[2024-10-01T23:08:01.607+0000] {base.py:84} INFO - Retrieving connection 'books_connection'
[2024-10-01T23:08:01.609+0000] {sql.py:509} INFO - Running statement: 
    INSERT INTO books (title, authors, price, rating)
    VALUES (%s, %s, %s, %s)
    , parameters: ('Data Pipelines Pocket Reference: Moving and Processing Data for Analytics', 'James Densmore', '17.', '4.5 out of 5 stars')
[2024-10-01T23:08:01.609+0000] {sql.py:518} INFO - Rows affected: 1
[2024-10-01T23:08:01.612+0000] {base.py:84} INFO - Retrieving connection 'books_connection'
[2024-10-01T23:08:01.613+0000] {sql.py:509} INFO - Running statement: 
    INSERT INTO books (title, authors, price, rating)
    VALUES (%s, %s, %s, %s)
    , parameters: ('Data Engineering with Python: Work with massive datasets to design data models and automate data pipelines using Python', 'Paul Crickard', '37.', '4.1 out of 5 stars')
[2024-10-01T23:08:01.614+0000] {sql.py:518} INFO - Rows affected: 1
[2024-10-01T23:08:01.617+0000] {base.py:84} INFO - Retrieving connection 'books_connection'
[2024-10-01T23:08:01.618+0000] {sql.py:509} INFO - Running statement: 
    INSERT INTO books (title, authors, price, rating)
    VALUES (%s, %s, %s, %s)
    , parameters: ('Cracking the Data Engineering Interview: Land your dream job with the help of resume-building tips, over 100 mock questions, and a unique portfolio', 'Kedeisha Bryan', '26.', '4.4 out of 5 stars')
[2024-10-01T23:08:01.619+0000] {sql.py:518} INFO - Rows affected: 1
[2024-10-01T23:08:01.621+0000] {base.py:84} INFO - Retrieving connection 'books_connection'
[2024-10-01T23:08:01.622+0000] {sql.py:509} INFO - Running statement: 
    INSERT INTO books (title, authors, price, rating)
    VALUES (%s, %s, %s, %s)
    , parameters: ('Ace the Data Science Interview: 201 Real Interview Questions Asked By FAANG, Tech Startups, & Wall Street', 'Nick Singh', '41.', '4.5 out of 5 stars')
[2024-10-01T23:08:01.623+0000] {sql.py:518} INFO - Rows affected: 1
[2024-10-01T23:08:01.625+0000] {base.py:84} INFO - Retrieving connection 'books_connection'
[2024-10-01T23:08:01.627+0000] {sql.py:509} INFO - Running statement: 
    INSERT INTO books (title, authors, price, rating)
    VALUES (%s, %s, %s, %s)
    , parameters: ('Ace the Data Engineering Interview: Questions and Answers for Python, SQL, Data Modeling and More', 'Sean Coyne', '24.', '3.8 out of 5 stars')
[2024-10-01T23:08:01.627+0000] {sql.py:518} INFO - Rows affected: 1
[2024-10-01T23:08:01.630+0000] {base.py:84} INFO - Retrieving connection 'books_connection'
[2024-10-01T23:08:01.632+0000] {sql.py:509} INFO - Running statement: 
    INSERT INTO books (title, authors, price, rating)
    VALUES (%s, %s, %s, %s)
    , parameters: ('Essentials of Data Engineering', 'Dr. Mukesh Saini', '19.', '5.0 out of 5 stars')
[2024-10-01T23:08:01.633+0000] {sql.py:518} INFO - Rows affected: 1
[2024-10-01T23:08:01.639+0000] {base.py:84} INFO - Retrieving connection 'books_connection'
[2024-10-01T23:08:01.643+0000] {sql.py:509} INFO - Running statement: 
    INSERT INTO books (title, authors, price, rating)
    VALUES (%s, %s, %s, %s)
    , parameters: ('Data Engineering with Databricks Cookbook: Build effective data and AI solutions using Apache Spark, Databricks, and Delta Lake', 'Pulkit Chadha', '49.', '4.3 out of 5 stars')
[2024-10-01T23:08:01.643+0000] {sql.py:518} INFO - Rows affected: 1
[2024-10-01T23:08:01.647+0000] {base.py:84} INFO - Retrieving connection 'books_connection'
[2024-10-01T23:08:01.650+0000] {sql.py:509} INFO - Running statement: 
    INSERT INTO books (title, authors, price, rating)
    VALUES (%s, %s, %s, %s)
    , parameters: ('Data Engineering with AWS: Learn how to design and build cloud-based data transformation pipelines using AWS', 'Gareth Eagar', '49.', '4.4 out of 5 stars')
[2024-10-01T23:08:01.650+0000] {sql.py:518} INFO - Rows affected: 1
[2024-10-01T23:08:01.655+0000] {base.py:84} INFO - Retrieving connection 'books_connection'
[2024-10-01T23:08:01.657+0000] {sql.py:509} INFO - Running statement: 
    INSERT INTO books (title, authors, price, rating)
    VALUES (%s, %s, %s, %s)
    , parameters: ('DATA ENGINEERING AND AI FOR BEGINNERS: Revolutionizing Data Processing and Analytics by Leveraging Artificial Intelligence for Efficient Input Collection, Storage, and Transformation (World of AI)', 'Paperback', '13.', '4.3 out of 5 stars')
[2024-10-01T23:08:01.658+0000] {sql.py:518} INFO - Rows affected: 1
[2024-10-01T23:08:01.661+0000] {base.py:84} INFO - Retrieving connection 'books_connection'
[2024-10-01T23:08:01.663+0000] {sql.py:509} INFO - Running statement: 
    INSERT INTO books (title, authors, price, rating)
    VALUES (%s, %s, %s, %s)
    , parameters: ('Data Engineering with Python cookbook: Learn to build efficient data pipelines using the Modern Cloud Data Stack', 'Adithyan Ramanujakootam', '32.', '5.0 out of 5 stars')
[2024-10-01T23:08:01.664+0000] {sql.py:518} INFO - Rows affected: 1
[2024-10-01T23:08:01.668+0000] {base.py:84} INFO - Retrieving connection 'books_connection'
[2024-10-01T23:08:01.669+0000] {sql.py:509} INFO - Running statement: 
    INSERT INTO books (title, authors, price, rating)
    VALUES (%s, %s, %s, %s)
    , parameters: ("Ultimate Data Engineering with Databricks: Develop Scalable Data Pipelines Using Data Engineering's Core Tenets Such as Delta Tables, Ingestion, ... Security, and Scalability (English Edition)", 'Mayank Malhotra', '37.', '4.1 out of 5 stars')
[2024-10-01T23:08:01.670+0000] {sql.py:518} INFO - Rows affected: 1
[2024-10-01T23:08:01.674+0000] {base.py:84} INFO - Retrieving connection 'books_connection'
[2024-10-01T23:08:01.675+0000] {sql.py:509} INFO - Running statement: 
    INSERT INTO books (title, authors, price, rating)
    VALUES (%s, %s, %s, %s)
    , parameters: ('Data Engineering Fundamentals for Beginners: Mastering the Art of Building, Managing, and Scaling Data Systems', 'Paperback', '14.', '5.0 out of 5 stars')
[2024-10-01T23:08:01.675+0000] {sql.py:518} INFO - Rows affected: 1
[2024-10-01T23:08:01.678+0000] {base.py:84} INFO - Retrieving connection 'books_connection'
[2024-10-01T23:08:01.680+0000] {sql.py:509} INFO - Running statement: 
    INSERT INTO books (title, authors, price, rating)
    VALUES (%s, %s, %s, %s)
    , parameters: ('Data Warehouse and Data Mining: Concepts, techniques and real life applications (English Edition)', 'Paperback', '32.', '5.0 out of 5 stars')
[2024-10-01T23:08:01.680+0000] {sql.py:518} INFO - Rows affected: 1
[2024-10-01T23:08:01.683+0000] {base.py:84} INFO - Retrieving connection 'books_connection'
[2024-10-01T23:08:01.684+0000] {sql.py:509} INFO - Running statement: 
    INSERT INTO books (title, authors, price, rating)
    VALUES (%s, %s, %s, %s)
    , parameters: ('Software Engineering for Data Scientists: From Notebooks to Scalable Systems', 'Catherine Nelson', '51.', '4.4 out of 5 stars')
[2024-10-01T23:08:01.685+0000] {sql.py:518} INFO - Rows affected: 1
[2024-10-01T23:08:01.687+0000] {base.py:84} INFO - Retrieving connection 'books_connection'
[2024-10-01T23:08:01.689+0000] {sql.py:509} INFO - Running statement: 
    INSERT INTO books (title, authors, price, rating)
    VALUES (%s, %s, %s, %s)
    , parameters: ('Azure Data Engineer Associate Certification Guide: Ace the DP-203 exam with advanced data engineering skills', 'Giacinto Palmieri', '49.', '4.4 out of 5 stars')
[2024-10-01T23:08:01.690+0000] {sql.py:518} INFO - Rows affected: 1
[2024-10-01T23:08:01.692+0000] {base.py:84} INFO - Retrieving connection 'books_connection'
[2024-10-01T23:08:01.693+0000] {sql.py:509} INFO - Running statement: 
    INSERT INTO books (title, authors, price, rating)
    VALUES (%s, %s, %s, %s)
    , parameters: ("Data Quality Fundamentals: A Practitioner's Guide to Building Trustworthy Data Pipelines", 'Paperback', '45.', '4.1 out of 5 stars')
[2024-10-01T23:08:01.694+0000] {sql.py:518} INFO - Rows affected: 1
[2024-10-01T23:08:01.697+0000] {base.py:84} INFO - Retrieving connection 'books_connection'
[2024-10-01T23:08:01.699+0000] {sql.py:509} INFO - Running statement: 
    INSERT INTO books (title, authors, price, rating)
    VALUES (%s, %s, %s, %s)
    , parameters: ('Data Engineering with Scala and Spark: A practical guide helping you build streaming and batch pipelines that process massive amounts of data using Scala', 'Eric Tome', '36.', '4.1 out of 5 stars')
[2024-10-01T23:08:01.700+0000] {sql.py:518} INFO - Rows affected: 1
[2024-10-01T23:08:01.707+0000] {base.py:84} INFO - Retrieving connection 'books_connection'
[2024-10-01T23:08:01.709+0000] {sql.py:509} INFO - Running statement: 
    INSERT INTO books (title, authors, price, rating)
    VALUES (%s, %s, %s, %s)
    , parameters: ('97 Things Every Data Engineer Should Know: Collective Wisdom from the Experts', 'Tobias Macey', '28.', '4.1 out of 5 stars')
[2024-10-01T23:08:01.710+0000] {sql.py:518} INFO - Rows affected: 1
[2024-10-01T23:08:01.712+0000] {base.py:84} INFO - Retrieving connection 'books_connection'
[2024-10-01T23:08:01.714+0000] {sql.py:509} INFO - Running statement: 
    INSERT INTO books (title, authors, price, rating)
    VALUES (%s, %s, %s, %s)
    , parameters: ('Data-Driven Science and Engineering: Machine Learning, Dynamical Systems, and Control', 'Steven L. Brunton', '64.', '4.8 out of 5 stars')
[2024-10-01T23:08:01.714+0000] {sql.py:518} INFO - Rows affected: 1
[2024-10-01T23:08:01.717+0000] {base.py:84} INFO - Retrieving connection 'books_connection'
[2024-10-01T23:08:01.721+0000] {sql.py:509} INFO - Running statement: 
    INSERT INTO books (title, authors, price, rating)
    VALUES (%s, %s, %s, %s)
    , parameters: ('Data Engineering with Apache Spark, Delta Lake, and Lakehouse: Create scalable pipelines that ingest, curate, and aggregate complex data in a timely and secure way', 'Manoj Kukreja', '46.', '3.9 out of 5 stars')
[2024-10-01T23:08:01.722+0000] {sql.py:518} INFO - Rows affected: 1
[2024-10-01T23:08:01.732+0000] {base.py:84} INFO - Retrieving connection 'books_connection'
[2024-10-01T23:08:01.738+0000] {sql.py:509} INFO - Running statement: 
    INSERT INTO books (title, authors, price, rating)
    VALUES (%s, %s, %s, %s)
    , parameters: ('Data Engineering with Google Cloud Platform: A guide to leveling up as a data engineer by building a scalable data platform with Google Cloud', 'Adi Wijaya', '41.', '4.8 out of 5 stars')
[2024-10-01T23:08:01.739+0000] {sql.py:518} INFO - Rows affected: 1
[2024-10-01T23:08:01.749+0000] {base.py:84} INFO - Retrieving connection 'books_connection'
[2024-10-01T23:08:01.752+0000] {sql.py:509} INFO - Running statement: 
    INSERT INTO books (title, authors, price, rating)
    VALUES (%s, %s, %s, %s)
    , parameters: ('Python Data Engineering Resources: Forge Your Path to Success in Data Engineering, Machine Learning and AI', 'Vajo Lukic', '0.', '4.7 out of 5 stars')
[2024-10-01T23:08:01.753+0000] {sql.py:518} INFO - Rows affected: 1
[2024-10-01T23:08:01.758+0000] {base.py:84} INFO - Retrieving connection 'books_connection'
[2024-10-01T23:08:01.759+0000] {sql.py:509} INFO - Running statement: 
    INSERT INTO books (title, authors, price, rating)
    VALUES (%s, %s, %s, %s)
    , parameters: ('Analytics Engineering with SQL and dbt: Building Meaningful Data Models at Scale', 'Rui Pedro Machado', '41.', '3.9 out of 5 stars')
[2024-10-01T23:08:01.759+0000] {sql.py:518} INFO - Rows affected: 1
[2024-10-01T23:08:01.763+0000] {base.py:84} INFO - Retrieving connection 'books_connection'
[2024-10-01T23:08:01.764+0000] {sql.py:509} INFO - Running statement: 
    INSERT INTO books (title, authors, price, rating)
    VALUES (%s, %s, %s, %s)
    , parameters: ('Modern Data Engineering with Apache Spark: A Hands-On Guide for Building Mission-Critical Streaming Applications', 'Scott Haines', '30.', '4.1 out of 5 stars')
[2024-10-01T23:08:01.764+0000] {sql.py:518} INFO - Rows affected: 1
[2024-10-01T23:08:01.768+0000] {base.py:84} INFO - Retrieving connection 'books_connection'
[2024-10-01T23:08:01.769+0000] {sql.py:509} INFO - Running statement: 
    INSERT INTO books (title, authors, price, rating)
    VALUES (%s, %s, %s, %s)
    , parameters: ('Data Engineering 101', 'Kindle', '0.', '3.9 out of 5 stars')
[2024-10-01T23:08:01.769+0000] {sql.py:518} INFO - Rows affected: 1
[2024-10-01T23:08:01.772+0000] {base.py:84} INFO - Retrieving connection 'books_connection'
[2024-10-01T23:08:01.774+0000] {sql.py:509} INFO - Running statement: 
    INSERT INTO books (title, authors, price, rating)
    VALUES (%s, %s, %s, %s)
    , parameters: ('Data Modeling with Snowflake: A practical guide to accelerating Snowflake development using universal data modeling techniques', 'Serge Gershkovich', '36.', '4.8 out of 5 stars')
[2024-10-01T23:08:01.774+0000] {sql.py:518} INFO - Rows affected: 1
[2024-10-01T23:08:01.777+0000] {base.py:84} INFO - Retrieving connection 'books_connection'
[2024-10-01T23:08:01.779+0000] {sql.py:509} INFO - Running statement: 
    INSERT INTO books (title, authors, price, rating)
    VALUES (%s, %s, %s, %s)
    , parameters: ('Data Privacy: A runbook for engineers', 'Nishant Bhajaria', '35.', '4.8 out of 5 stars')
[2024-10-01T23:08:01.780+0000] {sql.py:518} INFO - Rows affected: 1
[2024-10-01T23:08:01.783+0000] {base.py:84} INFO - Retrieving connection 'books_connection'
[2024-10-01T23:08:01.784+0000] {sql.py:509} INFO - Running statement: 
    INSERT INTO books (title, authors, price, rating)
    VALUES (%s, %s, %s, %s)
    , parameters: ('Machine Learning Engineering', 'Andriy Burkov', '39.', '4.7 out of 5 stars')
[2024-10-01T23:08:01.785+0000] {sql.py:518} INFO - Rows affected: 1
[2024-10-01T23:08:01.788+0000] {base.py:84} INFO - Retrieving connection 'books_connection'
[2024-10-01T23:08:01.789+0000] {sql.py:509} INFO - Running statement: 
    INSERT INTO books (title, authors, price, rating)
    VALUES (%s, %s, %s, %s)
    , parameters: ('Data Engineering with Google Cloud Platform: A practical guide to operationalizing scalable data analytics systems on GCP', 'Adi Wijaya', '41.', '4.7 out of 5 stars')
[2024-10-01T23:08:01.790+0000] {sql.py:518} INFO - Rows affected: 1
[2024-10-01T23:08:01.793+0000] {base.py:84} INFO - Retrieving connection 'books_connection'
[2024-10-01T23:08:01.794+0000] {sql.py:509} INFO - Running statement: 
    INSERT INTO books (title, authors, price, rating)
    VALUES (%s, %s, %s, %s)
    , parameters: ('Fundamentals of Data Observability: Implement Trustworthy End-to-End Data Solutions', 'Andy Petrella', '36.', '4.0 out of 5 stars')
[2024-10-01T23:08:01.794+0000] {sql.py:518} INFO - Rows affected: 1
[2024-10-01T23:08:01.798+0000] {base.py:84} INFO - Retrieving connection 'books_connection'
[2024-10-01T23:08:01.800+0000] {sql.py:509} INFO - Running statement: 
    INSERT INTO books (title, authors, price, rating)
    VALUES (%s, %s, %s, %s)
    , parameters: ('Storytelling with Data: A Data Visualization Guide for Business Professionals', 'Cole Nussbaumer Knaflic', '27.', '4.6 out of 5 stars')
[2024-10-01T23:08:01.801+0000] {sql.py:518} INFO - Rows affected: 1
[2024-10-01T23:08:01.804+0000] {base.py:84} INFO - Retrieving connection 'books_connection'
[2024-10-01T23:08:01.805+0000] {sql.py:509} INFO - Running statement: 
    INSERT INTO books (title, authors, price, rating)
    VALUES (%s, %s, %s, %s)
    , parameters: ('Official Google Cloud Certified Professional Data Engineer Study Guide', 'Dan Sullivan', '33.', '4.5 out of 5 stars')
[2024-10-01T23:08:01.805+0000] {sql.py:518} INFO - Rows affected: 1
[2024-10-01T23:08:01.809+0000] {base.py:84} INFO - Retrieving connection 'books_connection'
[2024-10-01T23:08:01.811+0000] {sql.py:509} INFO - Running statement: 
    INSERT INTO books (title, authors, price, rating)
    VALUES (%s, %s, %s, %s)
    , parameters: ('Data Mesh: Delivering Data-Driven Value at Scale', 'Zhamak Dehghani', '43.', '4.5 out of 5 stars')
[2024-10-01T23:08:01.811+0000] {sql.py:518} INFO - Rows affected: 1
[2024-10-01T23:08:01.814+0000] {base.py:84} INFO - Retrieving connection 'books_connection'
[2024-10-01T23:08:01.816+0000] {sql.py:509} INFO - Running statement: 
    INSERT INTO books (title, authors, price, rating)
    VALUES (%s, %s, %s, %s)
    , parameters: ('Better Data Visualizations: A Guide for Scholars, Researchers, and Wonks', 'Jonathan Schwabish', '26.', '4.5 out of 5 stars')
[2024-10-01T23:08:01.816+0000] {sql.py:518} INFO - Rows affected: 1
[2024-10-01T23:08:01.818+0000] {base.py:84} INFO - Retrieving connection 'books_connection'
[2024-10-01T23:08:01.819+0000] {sql.py:509} INFO - Running statement: 
    INSERT INTO books (title, authors, price, rating)
    VALUES (%s, %s, %s, %s)
    , parameters: ('Database Internals: A Deep Dive into How Distributed Data Systems Work', 'Alex Petrov', '36.', '4.6 out of 5 stars')
[2024-10-01T23:08:01.820+0000] {sql.py:518} INFO - Rows affected: 1
[2024-10-01T23:08:01.824+0000] {base.py:84} INFO - Retrieving connection 'books_connection'
[2024-10-01T23:08:01.827+0000] {sql.py:509} INFO - Running statement: 
    INSERT INTO books (title, authors, price, rating)
    VALUES (%s, %s, %s, %s)
    , parameters: ('Fundamentals of Data Engineering: Efficiency, Insight, Impact: Transforming Data into Value through Expert Engineering Practices', 'Joseph Achakji Eng.', '16.', '4.4 out of 5 stars')
[2024-10-01T23:08:01.829+0000] {sql.py:518} INFO - Rows affected: 1
[2024-10-01T23:08:01.835+0000] {base.py:84} INFO - Retrieving connection 'books_connection'
[2024-10-01T23:08:01.838+0000] {sql.py:509} INFO - Running statement: 
    INSERT INTO books (title, authors, price, rating)
    VALUES (%s, %s, %s, %s)
    , parameters: ("SQL QuickStart Guide: The Simplified Beginner's Guide to Managing, Analyzing, and Manipulating Data With SQL (Coding & Programming - QuickStart Guides)", 'Paperback', '23.', '4.6 out of 5 stars')
[2024-10-01T23:08:01.838+0000] {sql.py:518} INFO - Rows affected: 1
[2024-10-01T23:08:01.841+0000] {base.py:84} INFO - Retrieving connection 'books_connection'
[2024-10-01T23:08:01.843+0000] {sql.py:509} INFO - Running statement: 
    INSERT INTO books (title, authors, price, rating)
    VALUES (%s, %s, %s, %s)
    , parameters: ('Prompt Engineering for Generative AI: Future-Proof Inputs for Reliable AI Outputs', 'James Phoenix', '53.', '4.5 out of 5 stars')
[2024-10-01T23:08:01.843+0000] {sql.py:518} INFO - Rows affected: 1
[2024-10-01T23:08:01.847+0000] {base.py:84} INFO - Retrieving connection 'books_connection'
[2024-10-01T23:08:01.849+0000] {sql.py:509} INFO - Running statement: 
    INSERT INTO books (title, authors, price, rating)
    VALUES (%s, %s, %s, %s)
    , parameters: ('Data Engineering with Databricks', 'Paperback', '25.', '3.4 out of 5 stars')
[2024-10-01T23:08:01.850+0000] {sql.py:518} INFO - Rows affected: 1
[2024-10-01T23:08:01.854+0000] {base.py:84} INFO - Retrieving connection 'books_connection'
[2024-10-01T23:08:01.856+0000] {sql.py:509} INFO - Running statement: 
    INSERT INTO books (title, authors, price, rating)
    VALUES (%s, %s, %s, %s)
    , parameters: ('Mastering the Data Paradox: Key to Winning in the AI Age', 'Nitin Seth', '17.', '4.8 out of 5 stars')
[2024-10-01T23:08:01.856+0000] {sql.py:518} INFO - Rows affected: 1
[2024-10-01T23:08:01.860+0000] {base.py:84} INFO - Retrieving connection 'books_connection'
[2024-10-01T23:08:01.862+0000] {sql.py:509} INFO - Running statement: 
    INSERT INTO books (title, authors, price, rating)
    VALUES (%s, %s, %s, %s)
    , parameters: ('Python Feature Engineering Cookbook: Over 70 recipes for creating, engineering, and transforming features to build machine learning models, 2nd Edition', 'Soledad Galli', '44.', '4.4 out of 5 stars')
[2024-10-01T23:08:01.863+0000] {sql.py:518} INFO - Rows affected: 1
[2024-10-01T23:08:01.867+0000] {base.py:84} INFO - Retrieving connection 'books_connection'
[2024-10-01T23:08:01.869+0000] {sql.py:509} INFO - Running statement: 
    INSERT INTO books (title, authors, price, rating)
    VALUES (%s, %s, %s, %s)
    , parameters: ('Python Programming for Beginners Bootcamp: A No-Nonsense Crash Course Textbook Crafted to Have You Coding ASAP Visual Step by Step Guide Hands-On Projects and Exercises (Mastering Technology)', 'Leonard J. Ledger', '19.', '4.4 out of 5 stars')
[2024-10-01T23:08:01.869+0000] {sql.py:518} INFO - Rows affected: 1
[2024-10-01T23:08:01.873+0000] {base.py:84} INFO - Retrieving connection 'books_connection'
[2024-10-01T23:08:01.875+0000] {sql.py:509} INFO - Running statement: 
    INSERT INTO books (title, authors, price, rating)
    VALUES (%s, %s, %s, %s)
    , parameters: ('Microsoft Office 365 For Beginners: The 1# Crash Course From Beginners To Advanced. Easy Way to Master The Whole Suite in no Time Excel, Word, PowerPoint, OneNote, OneDrive, Outlook, Teams & Access', 'Leonard J Ledger', '25.', '4.1 out of 5 stars')
[2024-10-01T23:08:01.875+0000] {sql.py:518} INFO - Rows affected: 1
[2024-10-01T23:08:01.876+0000] {python.py:240} INFO - Done. Returned value was: None
[2024-10-01T23:08:01.882+0000] {taskinstance.py:340} INFO - ::group::Post task execution logs
[2024-10-01T23:08:01.882+0000] {taskinstance.py:352} INFO - Marking task as SUCCESS. dag_id=fetch_and_store_amazon_books, task_id=insert_book_data, run_id=manual__2024-10-01T23:07:25.632463+00:00, execution_date=20241001T230725, start_date=20241001T230801, end_date=20241001T230801
[2024-10-01T23:08:01.888+0000] {logging_mixin.py:190} INFO - Task instance in success state
[2024-10-01T23:08:01.888+0000] {logging_mixin.py:190} INFO -  Previous state of the Task instance: running
[2024-10-01T23:08:01.888+0000] {logging_mixin.py:190} INFO - Dag name:fetch_and_store_amazon_books queued_at:2024-10-01 23:07:25.706274+00:00
[2024-10-01T23:08:01.888+0000] {logging_mixin.py:190} INFO - Task hostname:20b0475cd5d1 operator:PythonOperator
[2024-10-01T23:08:01.901+0000] {local_task_job_runner.py:266} INFO - Task exited with return code 0
[2024-10-01T23:08:01.916+0000] {taskinstance.py:3900} INFO - 0 downstream tasks scheduled from follow-on schedule check
[2024-10-01T23:08:01.916+0000] {local_task_job_runner.py:245} INFO - ::endgroup::
