[2024-10-01T23:07:41.435+0000] {local_task_job_runner.py:123} INFO - ::group::Pre task execution logs
[2024-10-01T23:07:41.488+0000] {taskinstance.py:2612} INFO - Dependencies all met for dep_context=non-requeueable deps ti=<TaskInstance: fetch_and_store_amazon_books.fetch_book_data scheduled__2024-09-29T00:00:00+00:00 [queued]>
[2024-10-01T23:07:41.604+0000] {taskinstance.py:2612} INFO - Dependencies all met for dep_context=requeueable deps ti=<TaskInstance: fetch_and_store_amazon_books.fetch_book_data scheduled__2024-09-29T00:00:00+00:00 [queued]>
[2024-10-01T23:07:41.617+0000] {taskinstance.py:2865} INFO - Starting attempt 1 of 2
[2024-10-01T23:07:41.682+0000] {taskinstance.py:2888} INFO - Executing <Task(PythonOperator): fetch_book_data> on 2024-09-29 00:00:00+00:00
[2024-10-01T23:07:41.730+0000] {warnings.py:112} WARNING - /home/***/.local/lib/python3.12/site-packages/***/task/task_runner/standard_task_runner.py:70: DeprecationWarning: This process (pid=3143) is multi-threaded, use of fork() may lead to deadlocks in the child.
  pid = os.fork()

[2024-10-01T23:07:41.737+0000] {standard_task_runner.py:104} INFO - Running: ['***', 'tasks', 'run', 'fetch_and_store_amazon_books', 'fetch_book_data', 'scheduled__2024-09-29T00:00:00+00:00', '--job-id', '76', '--raw', '--subdir', 'DAGS_FOLDER/dag.py', '--cfg-path', '/tmp/tmp_6z33bfs']
[2024-10-01T23:07:41.775+0000] {standard_task_runner.py:72} INFO - Started process 3161 to run task
[2024-10-01T23:07:41.773+0000] {standard_task_runner.py:105} INFO - Job 76: Subtask fetch_book_data
[2024-10-01T23:07:43.410+0000] {task_command.py:467} INFO - Running <TaskInstance: fetch_and_store_amazon_books.fetch_book_data scheduled__2024-09-29T00:00:00+00:00 [running]> on host 20b0475cd5d1
[2024-10-01T23:07:43.733+0000] {taskinstance.py:3131} INFO - Exporting env vars: AIRFLOW_CTX_DAG_OWNER='***' AIRFLOW_CTX_DAG_ID='fetch_and_store_amazon_books' AIRFLOW_CTX_TASK_ID='fetch_book_data' AIRFLOW_CTX_EXECUTION_DATE='2024-09-29T00:00:00+00:00' AIRFLOW_CTX_TRY_NUMBER='1' AIRFLOW_CTX_DAG_RUN_ID='scheduled__2024-09-29T00:00:00+00:00'
[2024-10-01T23:07:43.755+0000] {logging_mixin.py:190} INFO - Task instance is in running state
[2024-10-01T23:07:43.757+0000] {logging_mixin.py:190} INFO -  Previous state of the Task instance: queued
[2024-10-01T23:07:43.758+0000] {logging_mixin.py:190} INFO - Current task name:fetch_book_data state:running start_date:2024-10-01 23:07:41.506806+00:00
[2024-10-01T23:07:43.760+0000] {logging_mixin.py:190} INFO - Dag name:fetch_and_store_amazon_books and current dag run status:running
[2024-10-01T23:07:43.761+0000] {taskinstance.py:731} INFO - ::endgroup::
[2024-10-01T23:07:53.804+0000] {python.py:240} INFO - Done. Returned value was: None
[2024-10-01T23:07:53.883+0000] {taskinstance.py:340} INFO - ::group::Post task execution logs
[2024-10-01T23:07:53.885+0000] {taskinstance.py:352} INFO - Marking task as SUCCESS. dag_id=fetch_and_store_amazon_books, task_id=fetch_book_data, run_id=scheduled__2024-09-29T00:00:00+00:00, execution_date=20240929T000000, start_date=20241001T230741, end_date=20241001T230753
[2024-10-01T23:07:53.943+0000] {logging_mixin.py:190} INFO - Task instance in success state
[2024-10-01T23:07:53.947+0000] {logging_mixin.py:190} INFO -  Previous state of the Task instance: running
[2024-10-01T23:07:53.949+0000] {logging_mixin.py:190} INFO - Dag name:fetch_and_store_amazon_books queued_at:2024-10-01 23:07:27.507924+00:00
[2024-10-01T23:07:53.950+0000] {logging_mixin.py:190} INFO - Task hostname:20b0475cd5d1 operator:PythonOperator
[2024-10-01T23:07:54.059+0000] {local_task_job_runner.py:266} INFO - Task exited with return code 0
[2024-10-01T23:07:54.234+0000] {warnings.py:112} WARNING - /home/***/.local/lib/python3.12/site-packages/***/models/baseoperator.py:1378: AirflowProviderDeprecationWarning: Call to deprecated class PostgresOperator. (Please use `***.providers.common.sql.operators.sql.SQLExecuteQueryOperator`.Also, you can provide `hook_params={'schema': <database>}`.)
  result = cls.__new__(cls)

[2024-10-01T23:07:54.293+0000] {taskinstance.py:3900} INFO - 0 downstream tasks scheduled from follow-on schedule check
[2024-10-01T23:07:54.322+0000] {local_task_job_runner.py:245} INFO - ::endgroup::
