[2024-10-02T00:00:28.773+0000] {processor.py:186} INFO - Started process (PID=35205) to work on /opt/airflow/dags/dag.py
[2024-10-02T00:00:28.775+0000] {processor.py:914} INFO - Processing file /opt/airflow/dags/dag.py for tasks to queue
[2024-10-02T00:00:28.790+0000] {logging_mixin.py:190} INFO - [2024-10-02T00:00:28.789+0000] {dagbag.py:588} INFO - Filling up the DagBag from /opt/airflow/dags/dag.py
[2024-10-02T00:00:28.901+0000] {processor.py:925} INFO - DAG(s) 'fetch_and_store_amazon_books' retrieved from /opt/airflow/dags/dag.py
[2024-10-02T00:00:28.918+0000] {logging_mixin.py:190} INFO - [2024-10-02T00:00:28.918+0000] {dag.py:3239} INFO - Sync 1 DAGs
[2024-10-02T00:00:28.932+0000] {logging_mixin.py:190} INFO - [2024-10-02T00:00:28.932+0000] {dag.py:4180} INFO - Setting next_dagrun for fetch_and_store_amazon_books to 2024-10-02 00:00:00+00:00, run_after=2024-10-03 00:00:00+00:00
[2024-10-02T00:00:28.946+0000] {processor.py:208} INFO - Processing /opt/airflow/dags/dag.py took 0.187 seconds
[2024-10-02T00:00:59.763+0000] {processor.py:186} INFO - Started process (PID=35268) to work on /opt/airflow/dags/dag.py
[2024-10-02T00:00:59.765+0000] {processor.py:914} INFO - Processing file /opt/airflow/dags/dag.py for tasks to queue
[2024-10-02T00:00:59.769+0000] {logging_mixin.py:190} INFO - [2024-10-02T00:00:59.769+0000] {dagbag.py:588} INFO - Filling up the DagBag from /opt/airflow/dags/dag.py
[2024-10-02T00:00:59.865+0000] {processor.py:925} INFO - DAG(s) 'fetch_and_store_amazon_books' retrieved from /opt/airflow/dags/dag.py
[2024-10-02T00:00:59.889+0000] {logging_mixin.py:190} INFO - [2024-10-02T00:00:59.889+0000] {dag.py:3239} INFO - Sync 1 DAGs
[2024-10-02T00:00:59.902+0000] {logging_mixin.py:190} INFO - [2024-10-02T00:00:59.902+0000] {dag.py:4180} INFO - Setting next_dagrun for fetch_and_store_amazon_books to 2024-10-02 00:00:00+00:00, run_after=2024-10-03 00:00:00+00:00
[2024-10-02T00:00:59.913+0000] {processor.py:208} INFO - Processing /opt/airflow/dags/dag.py took 0.170 seconds
[2024-10-02T00:01:30.743+0000] {processor.py:186} INFO - Started process (PID=35331) to work on /opt/airflow/dags/dag.py
[2024-10-02T00:01:30.745+0000] {processor.py:914} INFO - Processing file /opt/airflow/dags/dag.py for tasks to queue
[2024-10-02T00:01:30.755+0000] {logging_mixin.py:190} INFO - [2024-10-02T00:01:30.752+0000] {dagbag.py:588} INFO - Filling up the DagBag from /opt/airflow/dags/dag.py
[2024-10-02T00:01:30.860+0000] {processor.py:925} INFO - DAG(s) 'fetch_and_store_amazon_books' retrieved from /opt/airflow/dags/dag.py
[2024-10-02T00:01:30.892+0000] {logging_mixin.py:190} INFO - [2024-10-02T00:01:30.892+0000] {dag.py:3239} INFO - Sync 1 DAGs
[2024-10-02T00:01:30.911+0000] {logging_mixin.py:190} INFO - [2024-10-02T00:01:30.911+0000] {dag.py:4180} INFO - Setting next_dagrun for fetch_and_store_amazon_books to 2024-10-02 00:00:00+00:00, run_after=2024-10-03 00:00:00+00:00
[2024-10-02T00:01:30.923+0000] {processor.py:208} INFO - Processing /opt/airflow/dags/dag.py took 0.193 seconds
[2024-10-02T00:02:01.738+0000] {processor.py:186} INFO - Started process (PID=35394) to work on /opt/airflow/dags/dag.py
[2024-10-02T00:02:01.742+0000] {processor.py:914} INFO - Processing file /opt/airflow/dags/dag.py for tasks to queue
[2024-10-02T00:02:01.747+0000] {logging_mixin.py:190} INFO - [2024-10-02T00:02:01.747+0000] {dagbag.py:588} INFO - Filling up the DagBag from /opt/airflow/dags/dag.py
[2024-10-02T00:02:01.849+0000] {processor.py:925} INFO - DAG(s) 'fetch_and_store_amazon_books' retrieved from /opt/airflow/dags/dag.py
[2024-10-02T00:02:01.874+0000] {logging_mixin.py:190} INFO - [2024-10-02T00:02:01.874+0000] {dag.py:3239} INFO - Sync 1 DAGs
[2024-10-02T00:02:01.887+0000] {logging_mixin.py:190} INFO - [2024-10-02T00:02:01.887+0000] {dag.py:4180} INFO - Setting next_dagrun for fetch_and_store_amazon_books to 2024-10-02 00:00:00+00:00, run_after=2024-10-03 00:00:00+00:00
[2024-10-02T00:02:01.897+0000] {processor.py:208} INFO - Processing /opt/airflow/dags/dag.py took 0.202 seconds
[2024-10-02T00:02:32.295+0000] {processor.py:186} INFO - Started process (PID=35463) to work on /opt/airflow/dags/dag.py
[2024-10-02T00:02:32.297+0000] {processor.py:914} INFO - Processing file /opt/airflow/dags/dag.py for tasks to queue
[2024-10-02T00:02:32.302+0000] {logging_mixin.py:190} INFO - [2024-10-02T00:02:32.302+0000] {dagbag.py:588} INFO - Filling up the DagBag from /opt/airflow/dags/dag.py
[2024-10-02T00:02:32.405+0000] {processor.py:925} INFO - DAG(s) 'fetch_and_store_amazon_books' retrieved from /opt/airflow/dags/dag.py
[2024-10-02T00:02:32.418+0000] {logging_mixin.py:190} INFO - [2024-10-02T00:02:32.418+0000] {dag.py:3239} INFO - Sync 1 DAGs
[2024-10-02T00:02:32.431+0000] {logging_mixin.py:190} INFO - [2024-10-02T00:02:32.431+0000] {dag.py:4180} INFO - Setting next_dagrun for fetch_and_store_amazon_books to 2024-10-02 00:00:00+00:00, run_after=2024-10-03 00:00:00+00:00
[2024-10-02T00:02:32.447+0000] {processor.py:208} INFO - Processing /opt/airflow/dags/dag.py took 0.163 seconds
[2024-10-02T00:03:03.320+0000] {processor.py:186} INFO - Started process (PID=35526) to work on /opt/airflow/dags/dag.py
[2024-10-02T00:03:03.322+0000] {processor.py:914} INFO - Processing file /opt/airflow/dags/dag.py for tasks to queue
[2024-10-02T00:03:03.328+0000] {logging_mixin.py:190} INFO - [2024-10-02T00:03:03.327+0000] {dagbag.py:588} INFO - Filling up the DagBag from /opt/airflow/dags/dag.py
[2024-10-02T00:03:03.426+0000] {processor.py:925} INFO - DAG(s) 'fetch_and_store_amazon_books' retrieved from /opt/airflow/dags/dag.py
[2024-10-02T00:03:03.441+0000] {logging_mixin.py:190} INFO - [2024-10-02T00:03:03.440+0000] {dag.py:3239} INFO - Sync 1 DAGs
[2024-10-02T00:03:03.453+0000] {logging_mixin.py:190} INFO - [2024-10-02T00:03:03.453+0000] {dag.py:4180} INFO - Setting next_dagrun for fetch_and_store_amazon_books to 2024-10-02 00:00:00+00:00, run_after=2024-10-03 00:00:00+00:00
[2024-10-02T00:03:03.464+0000] {processor.py:208} INFO - Processing /opt/airflow/dags/dag.py took 0.161 seconds
[2024-10-02T00:03:34.059+0000] {processor.py:186} INFO - Started process (PID=35590) to work on /opt/airflow/dags/dag.py
[2024-10-02T00:03:34.061+0000] {processor.py:914} INFO - Processing file /opt/airflow/dags/dag.py for tasks to queue
[2024-10-02T00:03:34.065+0000] {logging_mixin.py:190} INFO - [2024-10-02T00:03:34.065+0000] {dagbag.py:588} INFO - Filling up the DagBag from /opt/airflow/dags/dag.py
[2024-10-02T00:03:34.145+0000] {processor.py:925} INFO - DAG(s) 'fetch_and_store_amazon_books' retrieved from /opt/airflow/dags/dag.py
[2024-10-02T00:03:34.168+0000] {logging_mixin.py:190} INFO - [2024-10-02T00:03:34.168+0000] {dag.py:3239} INFO - Sync 1 DAGs
[2024-10-02T00:03:34.182+0000] {logging_mixin.py:190} INFO - [2024-10-02T00:03:34.182+0000] {dag.py:4180} INFO - Setting next_dagrun for fetch_and_store_amazon_books to 2024-10-02 00:00:00+00:00, run_after=2024-10-03 00:00:00+00:00
[2024-10-02T00:03:34.193+0000] {processor.py:208} INFO - Processing /opt/airflow/dags/dag.py took 0.160 seconds
[2024-10-02T00:04:04.827+0000] {processor.py:186} INFO - Started process (PID=35653) to work on /opt/airflow/dags/dag.py
[2024-10-02T00:04:04.831+0000] {processor.py:914} INFO - Processing file /opt/airflow/dags/dag.py for tasks to queue
[2024-10-02T00:04:04.836+0000] {logging_mixin.py:190} INFO - [2024-10-02T00:04:04.836+0000] {dagbag.py:588} INFO - Filling up the DagBag from /opt/airflow/dags/dag.py
[2024-10-02T00:04:04.930+0000] {processor.py:925} INFO - DAG(s) 'fetch_and_store_amazon_books' retrieved from /opt/airflow/dags/dag.py
[2024-10-02T00:04:04.947+0000] {logging_mixin.py:190} INFO - [2024-10-02T00:04:04.947+0000] {dag.py:3239} INFO - Sync 1 DAGs
[2024-10-02T00:04:04.962+0000] {logging_mixin.py:190} INFO - [2024-10-02T00:04:04.962+0000] {dag.py:4180} INFO - Setting next_dagrun for fetch_and_store_amazon_books to 2024-10-02 00:00:00+00:00, run_after=2024-10-03 00:00:00+00:00
[2024-10-02T00:04:04.970+0000] {processor.py:208} INFO - Processing /opt/airflow/dags/dag.py took 0.171 seconds
