[2024-10-01T23:07:58.609+0000] {local_task_job_runner.py:123} INFO - ::group::Pre task execution logs
[2024-10-01T23:07:58.625+0000] {taskinstance.py:2612} INFO - Dependencies all met for dep_context=non-requeueable deps ti=<TaskInstance: fetch_and_store_amazon_books.create_table manual__2024-10-01T23:07:25.632463+00:00 [queued]>
[2024-10-01T23:07:58.632+0000] {taskinstance.py:2612} INFO - Dependencies all met for dep_context=requeueable deps ti=<TaskInstance: fetch_and_store_amazon_books.create_table manual__2024-10-01T23:07:25.632463+00:00 [queued]>
[2024-10-01T23:07:58.632+0000] {taskinstance.py:2865} INFO - Starting attempt 1 of 2
[2024-10-01T23:07:58.643+0000] {taskinstance.py:2888} INFO - Executing <Task(PostgresOperator): create_table> on 2024-10-01 23:07:25.632463+00:00
[2024-10-01T23:07:58.652+0000] {warnings.py:112} WARNING - /home/***/.local/lib/python3.12/site-packages/***/task/task_runner/standard_task_runner.py:70: DeprecationWarning: This process (pid=3163) is multi-threaded, use of fork() may lead to deadlocks in the child.
  pid = os.fork()

[2024-10-01T23:07:58.657+0000] {standard_task_runner.py:72} INFO - Started process 3174 to run task
[2024-10-01T23:07:58.662+0000] {standard_task_runner.py:104} INFO - Running: ['***', 'tasks', 'run', 'fetch_and_store_amazon_books', 'create_table', 'manual__2024-10-01T23:07:25.632463+00:00', '--job-id', '78', '--raw', '--subdir', 'DAGS_FOLDER/dag.py', '--cfg-path', '/tmp/tmp0xec8k7o']
[2024-10-01T23:07:58.665+0000] {standard_task_runner.py:105} INFO - Job 78: Subtask create_table
[2024-10-01T23:07:58.774+0000] {task_command.py:467} INFO - Running <TaskInstance: fetch_and_store_amazon_books.create_table manual__2024-10-01T23:07:25.632463+00:00 [running]> on host 20b0475cd5d1
[2024-10-01T23:07:58.885+0000] {taskinstance.py:3131} INFO - Exporting env vars: AIRFLOW_CTX_DAG_OWNER='***' AIRFLOW_CTX_DAG_ID='fetch_and_store_amazon_books' AIRFLOW_CTX_TASK_ID='create_table' AIRFLOW_CTX_EXECUTION_DATE='2024-10-01T23:07:25.632463+00:00' AIRFLOW_CTX_TRY_NUMBER='1' AIRFLOW_CTX_DAG_RUN_ID='manual__2024-10-01T23:07:25.632463+00:00'
[2024-10-01T23:07:58.889+0000] {logging_mixin.py:190} INFO - Task instance is in running state
[2024-10-01T23:07:58.889+0000] {logging_mixin.py:190} INFO -  Previous state of the Task instance: queued
[2024-10-01T23:07:58.889+0000] {logging_mixin.py:190} INFO - Current task name:create_table state:running start_date:2024-10-01 23:07:58.625770+00:00
[2024-10-01T23:07:58.890+0000] {logging_mixin.py:190} INFO - Dag name:fetch_and_store_amazon_books and current dag run status:running
[2024-10-01T23:07:58.890+0000] {taskinstance.py:731} INFO - ::endgroup::
[2024-10-01T23:07:58.891+0000] {sql.py:266} INFO - Executing: 
    CREATE TABLE IF NOT EXISTS books (
        id SERIAL PRIMARY KEY,
        title TEXT NOT NULL,
        authors TEXT,
        price TEXT,
        rating TEXT
    );
    
[2024-10-01T23:07:58.899+0000] {base.py:84} INFO - Retrieving connection 'books_connection'
[2024-10-01T23:07:58.909+0000] {base.py:84} INFO - Retrieving connection 'books_connection'
[2024-10-01T23:07:58.913+0000] {sql.py:509} INFO - Running statement: 
    CREATE TABLE IF NOT EXISTS books (
        id SERIAL PRIMARY KEY,
        title TEXT NOT NULL,
        authors TEXT,
        price TEXT,
        rating TEXT
    );
    , parameters: None
[2024-10-01T23:07:58.964+0000] {taskinstance.py:340} INFO - ::group::Post task execution logs
[2024-10-01T23:07:58.965+0000] {taskinstance.py:352} INFO - Marking task as SUCCESS. dag_id=fetch_and_store_amazon_books, task_id=create_table, run_id=manual__2024-10-01T23:07:25.632463+00:00, execution_date=20241001T230725, start_date=20241001T230758, end_date=20241001T230758
[2024-10-01T23:07:58.972+0000] {logging_mixin.py:190} INFO - Task instance in success state
[2024-10-01T23:07:58.973+0000] {logging_mixin.py:190} INFO -  Previous state of the Task instance: running
[2024-10-01T23:07:58.973+0000] {logging_mixin.py:190} INFO - Dag name:fetch_and_store_amazon_books queued_at:2024-10-01 23:07:25.706274+00:00
[2024-10-01T23:07:58.973+0000] {logging_mixin.py:190} INFO - Task hostname:20b0475cd5d1 operator:PostgresOperator
[2024-10-01T23:07:58.985+0000] {local_task_job_runner.py:266} INFO - Task exited with return code 0
[2024-10-01T23:07:59.003+0000] {warnings.py:112} WARNING - /home/***/.local/lib/python3.12/site-packages/***/models/baseoperator.py:1378: AirflowProviderDeprecationWarning: Call to deprecated class PostgresOperator. (Please use `***.providers.common.sql.operators.sql.SQLExecuteQueryOperator`.Also, you can provide `hook_params={'schema': <database>}`.)
  result = cls.__new__(cls)

[2024-10-01T23:07:59.022+0000] {taskinstance.py:3900} INFO - 1 downstream tasks scheduled from follow-on schedule check
[2024-10-01T23:07:59.025+0000] {local_task_job_runner.py:245} INFO - ::endgroup::
