[2024-10-02T00:00:07.879+0000] {processor.py:186} INFO - Started process (PID=35160) to work on /home/airflow/.local/lib/python3.12/site-packages/airflow/example_dags/example_nested_branch_dag.py
[2024-10-02T00:00:07.879+0000] {processor.py:914} INFO - Processing file /home/airflow/.local/lib/python3.12/site-packages/airflow/example_dags/example_nested_branch_dag.py for tasks to queue
[2024-10-02T00:00:07.881+0000] {logging_mixin.py:190} INFO - [2024-10-02T00:00:07.881+0000] {dagbag.py:588} INFO - Filling up the DagBag from /home/airflow/.local/lib/python3.12/site-packages/airflow/example_dags/example_nested_branch_dag.py
[2024-10-02T00:00:07.887+0000] {processor.py:925} INFO - DAG(s) 'example_nested_branch_dag' retrieved from /home/airflow/.local/lib/python3.12/site-packages/airflow/example_dags/example_nested_branch_dag.py
[2024-10-02T00:00:07.896+0000] {logging_mixin.py:190} INFO - [2024-10-02T00:00:07.896+0000] {dag.py:3239} INFO - Sync 1 DAGs
[2024-10-02T00:00:07.906+0000] {logging_mixin.py:190} INFO - [2024-10-02T00:00:07.906+0000] {dag.py:4180} INFO - Setting next_dagrun for example_nested_branch_dag to 2024-10-01 00:00:00+00:00, run_after=2024-10-02 00:00:00+00:00
[2024-10-02T00:00:07.913+0000] {processor.py:208} INFO - Processing /home/airflow/.local/lib/python3.12/site-packages/airflow/example_dags/example_nested_branch_dag.py took 0.037 seconds
[2024-10-02T00:00:38.608+0000] {processor.py:186} INFO - Started process (PID=35223) to work on /home/airflow/.local/lib/python3.12/site-packages/airflow/example_dags/example_nested_branch_dag.py
[2024-10-02T00:00:38.608+0000] {processor.py:914} INFO - Processing file /home/airflow/.local/lib/python3.12/site-packages/airflow/example_dags/example_nested_branch_dag.py for tasks to queue
[2024-10-02T00:00:38.610+0000] {logging_mixin.py:190} INFO - [2024-10-02T00:00:38.609+0000] {dagbag.py:588} INFO - Filling up the DagBag from /home/airflow/.local/lib/python3.12/site-packages/airflow/example_dags/example_nested_branch_dag.py
[2024-10-02T00:00:38.615+0000] {processor.py:925} INFO - DAG(s) 'example_nested_branch_dag' retrieved from /home/airflow/.local/lib/python3.12/site-packages/airflow/example_dags/example_nested_branch_dag.py
[2024-10-02T00:00:38.627+0000] {logging_mixin.py:190} INFO - [2024-10-02T00:00:38.627+0000] {dag.py:3239} INFO - Sync 1 DAGs
[2024-10-02T00:00:38.640+0000] {logging_mixin.py:190} INFO - [2024-10-02T00:00:38.640+0000] {dag.py:4180} INFO - Setting next_dagrun for example_nested_branch_dag to 2024-10-01 00:00:00+00:00, run_after=2024-10-02 00:00:00+00:00
[2024-10-02T00:00:38.651+0000] {processor.py:208} INFO - Processing /home/airflow/.local/lib/python3.12/site-packages/airflow/example_dags/example_nested_branch_dag.py took 0.047 seconds
[2024-10-02T00:01:09.686+0000] {processor.py:186} INFO - Started process (PID=35286) to work on /home/airflow/.local/lib/python3.12/site-packages/airflow/example_dags/example_nested_branch_dag.py
[2024-10-02T00:01:09.686+0000] {processor.py:914} INFO - Processing file /home/airflow/.local/lib/python3.12/site-packages/airflow/example_dags/example_nested_branch_dag.py for tasks to queue
[2024-10-02T00:01:09.687+0000] {logging_mixin.py:190} INFO - [2024-10-02T00:01:09.687+0000] {dagbag.py:588} INFO - Filling up the DagBag from /home/airflow/.local/lib/python3.12/site-packages/airflow/example_dags/example_nested_branch_dag.py
[2024-10-02T00:01:09.692+0000] {processor.py:925} INFO - DAG(s) 'example_nested_branch_dag' retrieved from /home/airflow/.local/lib/python3.12/site-packages/airflow/example_dags/example_nested_branch_dag.py
[2024-10-02T00:01:09.701+0000] {logging_mixin.py:190} INFO - [2024-10-02T00:01:09.701+0000] {dag.py:3239} INFO - Sync 1 DAGs
[2024-10-02T00:01:09.711+0000] {logging_mixin.py:190} INFO - [2024-10-02T00:01:09.711+0000] {dag.py:4180} INFO - Setting next_dagrun for example_nested_branch_dag to 2024-10-01 00:00:00+00:00, run_after=2024-10-02 00:00:00+00:00
[2024-10-02T00:01:09.718+0000] {processor.py:208} INFO - Processing /home/airflow/.local/lib/python3.12/site-packages/airflow/example_dags/example_nested_branch_dag.py took 0.035 seconds
[2024-10-02T00:01:40.682+0000] {processor.py:186} INFO - Started process (PID=35349) to work on /home/airflow/.local/lib/python3.12/site-packages/airflow/example_dags/example_nested_branch_dag.py
[2024-10-02T00:01:40.683+0000] {processor.py:914} INFO - Processing file /home/airflow/.local/lib/python3.12/site-packages/airflow/example_dags/example_nested_branch_dag.py for tasks to queue
[2024-10-02T00:01:40.684+0000] {logging_mixin.py:190} INFO - [2024-10-02T00:01:40.684+0000] {dagbag.py:588} INFO - Filling up the DagBag from /home/airflow/.local/lib/python3.12/site-packages/airflow/example_dags/example_nested_branch_dag.py
[2024-10-02T00:01:40.693+0000] {processor.py:925} INFO - DAG(s) 'example_nested_branch_dag' retrieved from /home/airflow/.local/lib/python3.12/site-packages/airflow/example_dags/example_nested_branch_dag.py
[2024-10-02T00:01:40.711+0000] {logging_mixin.py:190} INFO - [2024-10-02T00:01:40.710+0000] {dag.py:3239} INFO - Sync 1 DAGs
[2024-10-02T00:01:40.723+0000] {logging_mixin.py:190} INFO - [2024-10-02T00:01:40.723+0000] {dag.py:4180} INFO - Setting next_dagrun for example_nested_branch_dag to 2024-10-01 00:00:00+00:00, run_after=2024-10-02 00:00:00+00:00
[2024-10-02T00:01:40.730+0000] {processor.py:208} INFO - Processing /home/airflow/.local/lib/python3.12/site-packages/airflow/example_dags/example_nested_branch_dag.py took 0.051 seconds
[2024-10-02T00:02:11.590+0000] {processor.py:186} INFO - Started process (PID=35412) to work on /home/airflow/.local/lib/python3.12/site-packages/airflow/example_dags/example_nested_branch_dag.py
[2024-10-02T00:02:11.590+0000] {processor.py:914} INFO - Processing file /home/airflow/.local/lib/python3.12/site-packages/airflow/example_dags/example_nested_branch_dag.py for tasks to queue
[2024-10-02T00:02:11.593+0000] {logging_mixin.py:190} INFO - [2024-10-02T00:02:11.593+0000] {dagbag.py:588} INFO - Filling up the DagBag from /home/airflow/.local/lib/python3.12/site-packages/airflow/example_dags/example_nested_branch_dag.py
[2024-10-02T00:02:11.602+0000] {processor.py:925} INFO - DAG(s) 'example_nested_branch_dag' retrieved from /home/airflow/.local/lib/python3.12/site-packages/airflow/example_dags/example_nested_branch_dag.py
[2024-10-02T00:02:11.615+0000] {logging_mixin.py:190} INFO - [2024-10-02T00:02:11.615+0000] {dag.py:3239} INFO - Sync 1 DAGs
[2024-10-02T00:02:11.626+0000] {logging_mixin.py:190} INFO - [2024-10-02T00:02:11.626+0000] {dag.py:4180} INFO - Setting next_dagrun for example_nested_branch_dag to 2024-10-01 00:00:00+00:00, run_after=2024-10-02 00:00:00+00:00
[2024-10-02T00:02:11.637+0000] {processor.py:208} INFO - Processing /home/airflow/.local/lib/python3.12/site-packages/airflow/example_dags/example_nested_branch_dag.py took 0.050 seconds
[2024-10-02T00:02:42.202+0000] {processor.py:186} INFO - Started process (PID=35475) to work on /home/airflow/.local/lib/python3.12/site-packages/airflow/example_dags/example_nested_branch_dag.py
[2024-10-02T00:02:42.203+0000] {processor.py:914} INFO - Processing file /home/airflow/.local/lib/python3.12/site-packages/airflow/example_dags/example_nested_branch_dag.py for tasks to queue
[2024-10-02T00:02:42.204+0000] {logging_mixin.py:190} INFO - [2024-10-02T00:02:42.204+0000] {dagbag.py:588} INFO - Filling up the DagBag from /home/airflow/.local/lib/python3.12/site-packages/airflow/example_dags/example_nested_branch_dag.py
[2024-10-02T00:02:42.210+0000] {processor.py:925} INFO - DAG(s) 'example_nested_branch_dag' retrieved from /home/airflow/.local/lib/python3.12/site-packages/airflow/example_dags/example_nested_branch_dag.py
[2024-10-02T00:02:42.223+0000] {logging_mixin.py:190} INFO - [2024-10-02T00:02:42.223+0000] {dag.py:3239} INFO - Sync 1 DAGs
[2024-10-02T00:02:42.238+0000] {logging_mixin.py:190} INFO - [2024-10-02T00:02:42.238+0000] {dag.py:4180} INFO - Setting next_dagrun for example_nested_branch_dag to 2024-10-01 00:00:00+00:00, run_after=2024-10-02 00:00:00+00:00
[2024-10-02T00:02:42.248+0000] {processor.py:208} INFO - Processing /home/airflow/.local/lib/python3.12/site-packages/airflow/example_dags/example_nested_branch_dag.py took 0.049 seconds
[2024-10-02T00:03:13.150+0000] {processor.py:186} INFO - Started process (PID=35538) to work on /home/airflow/.local/lib/python3.12/site-packages/airflow/example_dags/example_nested_branch_dag.py
[2024-10-02T00:03:13.151+0000] {processor.py:914} INFO - Processing file /home/airflow/.local/lib/python3.12/site-packages/airflow/example_dags/example_nested_branch_dag.py for tasks to queue
[2024-10-02T00:03:13.152+0000] {logging_mixin.py:190} INFO - [2024-10-02T00:03:13.152+0000] {dagbag.py:588} INFO - Filling up the DagBag from /home/airflow/.local/lib/python3.12/site-packages/airflow/example_dags/example_nested_branch_dag.py
[2024-10-02T00:03:13.161+0000] {processor.py:925} INFO - DAG(s) 'example_nested_branch_dag' retrieved from /home/airflow/.local/lib/python3.12/site-packages/airflow/example_dags/example_nested_branch_dag.py
[2024-10-02T00:03:13.171+0000] {logging_mixin.py:190} INFO - [2024-10-02T00:03:13.171+0000] {dag.py:3239} INFO - Sync 1 DAGs
[2024-10-02T00:03:13.182+0000] {logging_mixin.py:190} INFO - [2024-10-02T00:03:13.181+0000] {dag.py:4180} INFO - Setting next_dagrun for example_nested_branch_dag to 2024-10-01 00:00:00+00:00, run_after=2024-10-02 00:00:00+00:00
[2024-10-02T00:03:13.188+0000] {processor.py:208} INFO - Processing /home/airflow/.local/lib/python3.12/site-packages/airflow/example_dags/example_nested_branch_dag.py took 0.041 seconds
[2024-10-02T00:03:43.899+0000] {processor.py:186} INFO - Started process (PID=35602) to work on /home/airflow/.local/lib/python3.12/site-packages/airflow/example_dags/example_nested_branch_dag.py
[2024-10-02T00:03:43.900+0000] {processor.py:914} INFO - Processing file /home/airflow/.local/lib/python3.12/site-packages/airflow/example_dags/example_nested_branch_dag.py for tasks to queue
[2024-10-02T00:03:43.902+0000] {logging_mixin.py:190} INFO - [2024-10-02T00:03:43.902+0000] {dagbag.py:588} INFO - Filling up the DagBag from /home/airflow/.local/lib/python3.12/site-packages/airflow/example_dags/example_nested_branch_dag.py
[2024-10-02T00:03:43.909+0000] {processor.py:925} INFO - DAG(s) 'example_nested_branch_dag' retrieved from /home/airflow/.local/lib/python3.12/site-packages/airflow/example_dags/example_nested_branch_dag.py
[2024-10-02T00:03:43.919+0000] {logging_mixin.py:190} INFO - [2024-10-02T00:03:43.919+0000] {dag.py:3239} INFO - Sync 1 DAGs
[2024-10-02T00:03:43.931+0000] {logging_mixin.py:190} INFO - [2024-10-02T00:03:43.931+0000] {dag.py:4180} INFO - Setting next_dagrun for example_nested_branch_dag to 2024-10-01 00:00:00+00:00, run_after=2024-10-02 00:00:00+00:00
[2024-10-02T00:03:43.942+0000] {processor.py:208} INFO - Processing /home/airflow/.local/lib/python3.12/site-packages/airflow/example_dags/example_nested_branch_dag.py took 0.048 seconds
[2024-10-02T00:04:14.594+0000] {processor.py:186} INFO - Started process (PID=35665) to work on /home/airflow/.local/lib/python3.12/site-packages/airflow/example_dags/example_nested_branch_dag.py
[2024-10-02T00:04:14.594+0000] {processor.py:914} INFO - Processing file /home/airflow/.local/lib/python3.12/site-packages/airflow/example_dags/example_nested_branch_dag.py for tasks to queue
[2024-10-02T00:04:14.595+0000] {logging_mixin.py:190} INFO - [2024-10-02T00:04:14.595+0000] {dagbag.py:588} INFO - Filling up the DagBag from /home/airflow/.local/lib/python3.12/site-packages/airflow/example_dags/example_nested_branch_dag.py
[2024-10-02T00:04:14.600+0000] {processor.py:925} INFO - DAG(s) 'example_nested_branch_dag' retrieved from /home/airflow/.local/lib/python3.12/site-packages/airflow/example_dags/example_nested_branch_dag.py
[2024-10-02T00:04:14.609+0000] {logging_mixin.py:190} INFO - [2024-10-02T00:04:14.609+0000] {dag.py:3239} INFO - Sync 1 DAGs
[2024-10-02T00:04:14.617+0000] {logging_mixin.py:190} INFO - [2024-10-02T00:04:14.617+0000] {dag.py:4180} INFO - Setting next_dagrun for example_nested_branch_dag to 2024-10-01 00:00:00+00:00, run_after=2024-10-02 00:00:00+00:00
[2024-10-02T00:04:14.623+0000] {processor.py:208} INFO - Processing /home/airflow/.local/lib/python3.12/site-packages/airflow/example_dags/example_nested_branch_dag.py took 0.032 seconds
