[2024-10-02T00:00:07.822+0000] {processor.py:186} INFO - Started process (PID=35159) to work on /home/airflow/.local/lib/python3.12/site-packages/airflow/example_dags/example_kubernetes_executor.py
[2024-10-02T00:00:07.823+0000] {processor.py:914} INFO - Processing file /home/airflow/.local/lib/python3.12/site-packages/airflow/example_dags/example_kubernetes_executor.py for tasks to queue
[2024-10-02T00:00:07.824+0000] {logging_mixin.py:190} INFO - [2024-10-02T00:00:07.824+0000] {dagbag.py:588} INFO - Filling up the DagBag from /home/airflow/.local/lib/python3.12/site-packages/airflow/example_dags/example_kubernetes_executor.py
[2024-10-02T00:00:07.844+0000] {processor.py:925} INFO - DAG(s) 'example_kubernetes_executor' retrieved from /home/airflow/.local/lib/python3.12/site-packages/airflow/example_dags/example_kubernetes_executor.py
[2024-10-02T00:00:07.865+0000] {logging_mixin.py:190} INFO - [2024-10-02T00:00:07.865+0000] {dag.py:3239} INFO - Sync 1 DAGs
[2024-10-02T00:00:07.872+0000] {logging_mixin.py:190} INFO - [2024-10-02T00:00:07.871+0000] {dag.py:4180} INFO - Setting next_dagrun for example_kubernetes_executor to None, run_after=None
[2024-10-02T00:00:07.879+0000] {processor.py:208} INFO - Processing /home/airflow/.local/lib/python3.12/site-packages/airflow/example_dags/example_kubernetes_executor.py took 0.060 seconds
[2024-10-02T00:00:38.533+0000] {processor.py:186} INFO - Started process (PID=35222) to work on /home/airflow/.local/lib/python3.12/site-packages/airflow/example_dags/example_kubernetes_executor.py
[2024-10-02T00:00:38.534+0000] {processor.py:914} INFO - Processing file /home/airflow/.local/lib/python3.12/site-packages/airflow/example_dags/example_kubernetes_executor.py for tasks to queue
[2024-10-02T00:00:38.535+0000] {logging_mixin.py:190} INFO - [2024-10-02T00:00:38.535+0000] {dagbag.py:588} INFO - Filling up the DagBag from /home/airflow/.local/lib/python3.12/site-packages/airflow/example_dags/example_kubernetes_executor.py
[2024-10-02T00:00:38.552+0000] {processor.py:925} INFO - DAG(s) 'example_kubernetes_executor' retrieved from /home/airflow/.local/lib/python3.12/site-packages/airflow/example_dags/example_kubernetes_executor.py
[2024-10-02T00:00:38.572+0000] {logging_mixin.py:190} INFO - [2024-10-02T00:00:38.572+0000] {dag.py:3239} INFO - Sync 1 DAGs
[2024-10-02T00:00:38.580+0000] {logging_mixin.py:190} INFO - [2024-10-02T00:00:38.579+0000] {dag.py:4180} INFO - Setting next_dagrun for example_kubernetes_executor to None, run_after=None
[2024-10-02T00:00:38.592+0000] {processor.py:208} INFO - Processing /home/airflow/.local/lib/python3.12/site-packages/airflow/example_dags/example_kubernetes_executor.py took 0.061 seconds
[2024-10-02T00:01:09.608+0000] {processor.py:186} INFO - Started process (PID=35285) to work on /home/airflow/.local/lib/python3.12/site-packages/airflow/example_dags/example_kubernetes_executor.py
[2024-10-02T00:01:09.609+0000] {processor.py:914} INFO - Processing file /home/airflow/.local/lib/python3.12/site-packages/airflow/example_dags/example_kubernetes_executor.py for tasks to queue
[2024-10-02T00:01:09.612+0000] {logging_mixin.py:190} INFO - [2024-10-02T00:01:09.611+0000] {dagbag.py:588} INFO - Filling up the DagBag from /home/airflow/.local/lib/python3.12/site-packages/airflow/example_dags/example_kubernetes_executor.py
[2024-10-02T00:01:09.631+0000] {processor.py:925} INFO - DAG(s) 'example_kubernetes_executor' retrieved from /home/airflow/.local/lib/python3.12/site-packages/airflow/example_dags/example_kubernetes_executor.py
[2024-10-02T00:01:09.652+0000] {logging_mixin.py:190} INFO - [2024-10-02T00:01:09.652+0000] {dag.py:3239} INFO - Sync 1 DAGs
[2024-10-02T00:01:09.659+0000] {logging_mixin.py:190} INFO - [2024-10-02T00:01:09.659+0000] {dag.py:4180} INFO - Setting next_dagrun for example_kubernetes_executor to None, run_after=None
[2024-10-02T00:01:09.670+0000] {processor.py:208} INFO - Processing /home/airflow/.local/lib/python3.12/site-packages/airflow/example_dags/example_kubernetes_executor.py took 0.065 seconds
[2024-10-02T00:01:40.625+0000] {processor.py:186} INFO - Started process (PID=35348) to work on /home/airflow/.local/lib/python3.12/site-packages/airflow/example_dags/example_kubernetes_executor.py
[2024-10-02T00:01:40.625+0000] {processor.py:914} INFO - Processing file /home/airflow/.local/lib/python3.12/site-packages/airflow/example_dags/example_kubernetes_executor.py for tasks to queue
[2024-10-02T00:01:40.630+0000] {logging_mixin.py:190} INFO - [2024-10-02T00:01:40.630+0000] {dagbag.py:588} INFO - Filling up the DagBag from /home/airflow/.local/lib/python3.12/site-packages/airflow/example_dags/example_kubernetes_executor.py
[2024-10-02T00:01:40.637+0000] {processor.py:925} INFO - DAG(s) 'example_kubernetes_executor' retrieved from /home/airflow/.local/lib/python3.12/site-packages/airflow/example_dags/example_kubernetes_executor.py
[2024-10-02T00:01:40.655+0000] {logging_mixin.py:190} INFO - [2024-10-02T00:01:40.655+0000] {dag.py:3239} INFO - Sync 1 DAGs
[2024-10-02T00:01:40.661+0000] {logging_mixin.py:190} INFO - [2024-10-02T00:01:40.661+0000] {dag.py:4180} INFO - Setting next_dagrun for example_kubernetes_executor to None, run_after=None
[2024-10-02T00:01:40.669+0000] {processor.py:208} INFO - Processing /home/airflow/.local/lib/python3.12/site-packages/airflow/example_dags/example_kubernetes_executor.py took 0.047 seconds
[2024-10-02T00:02:11.547+0000] {processor.py:186} INFO - Started process (PID=35411) to work on /home/airflow/.local/lib/python3.12/site-packages/airflow/example_dags/example_kubernetes_executor.py
[2024-10-02T00:02:11.548+0000] {processor.py:914} INFO - Processing file /home/airflow/.local/lib/python3.12/site-packages/airflow/example_dags/example_kubernetes_executor.py for tasks to queue
[2024-10-02T00:02:11.550+0000] {logging_mixin.py:190} INFO - [2024-10-02T00:02:11.550+0000] {dagbag.py:588} INFO - Filling up the DagBag from /home/airflow/.local/lib/python3.12/site-packages/airflow/example_dags/example_kubernetes_executor.py
[2024-10-02T00:02:11.557+0000] {processor.py:925} INFO - DAG(s) 'example_kubernetes_executor' retrieved from /home/airflow/.local/lib/python3.12/site-packages/airflow/example_dags/example_kubernetes_executor.py
[2024-10-02T00:02:11.577+0000] {logging_mixin.py:190} INFO - [2024-10-02T00:02:11.577+0000] {dag.py:3239} INFO - Sync 1 DAGs
[2024-10-02T00:02:11.584+0000] {logging_mixin.py:190} INFO - [2024-10-02T00:02:11.584+0000] {dag.py:4180} INFO - Setting next_dagrun for example_kubernetes_executor to None, run_after=None
[2024-10-02T00:02:11.591+0000] {processor.py:208} INFO - Processing /home/airflow/.local/lib/python3.12/site-packages/airflow/example_dags/example_kubernetes_executor.py took 0.046 seconds
[2024-10-02T00:02:42.137+0000] {processor.py:186} INFO - Started process (PID=35474) to work on /home/airflow/.local/lib/python3.12/site-packages/airflow/example_dags/example_kubernetes_executor.py
[2024-10-02T00:02:42.137+0000] {processor.py:914} INFO - Processing file /home/airflow/.local/lib/python3.12/site-packages/airflow/example_dags/example_kubernetes_executor.py for tasks to queue
[2024-10-02T00:02:42.139+0000] {logging_mixin.py:190} INFO - [2024-10-02T00:02:42.139+0000] {dagbag.py:588} INFO - Filling up the DagBag from /home/airflow/.local/lib/python3.12/site-packages/airflow/example_dags/example_kubernetes_executor.py
[2024-10-02T00:02:42.148+0000] {processor.py:925} INFO - DAG(s) 'example_kubernetes_executor' retrieved from /home/airflow/.local/lib/python3.12/site-packages/airflow/example_dags/example_kubernetes_executor.py
[2024-10-02T00:02:42.171+0000] {logging_mixin.py:190} INFO - [2024-10-02T00:02:42.170+0000] {dag.py:3239} INFO - Sync 1 DAGs
[2024-10-02T00:02:42.179+0000] {logging_mixin.py:190} INFO - [2024-10-02T00:02:42.179+0000] {dag.py:4180} INFO - Setting next_dagrun for example_kubernetes_executor to None, run_after=None
[2024-10-02T00:02:42.187+0000] {processor.py:208} INFO - Processing /home/airflow/.local/lib/python3.12/site-packages/airflow/example_dags/example_kubernetes_executor.py took 0.053 seconds
[2024-10-02T00:03:13.093+0000] {processor.py:186} INFO - Started process (PID=35537) to work on /home/airflow/.local/lib/python3.12/site-packages/airflow/example_dags/example_kubernetes_executor.py
[2024-10-02T00:03:13.095+0000] {processor.py:914} INFO - Processing file /home/airflow/.local/lib/python3.12/site-packages/airflow/example_dags/example_kubernetes_executor.py for tasks to queue
[2024-10-02T00:03:13.096+0000] {logging_mixin.py:190} INFO - [2024-10-02T00:03:13.096+0000] {dagbag.py:588} INFO - Filling up the DagBag from /home/airflow/.local/lib/python3.12/site-packages/airflow/example_dags/example_kubernetes_executor.py
[2024-10-02T00:03:13.104+0000] {processor.py:925} INFO - DAG(s) 'example_kubernetes_executor' retrieved from /home/airflow/.local/lib/python3.12/site-packages/airflow/example_dags/example_kubernetes_executor.py
[2024-10-02T00:03:13.122+0000] {logging_mixin.py:190} INFO - [2024-10-02T00:03:13.122+0000] {dag.py:3239} INFO - Sync 1 DAGs
[2024-10-02T00:03:13.129+0000] {logging_mixin.py:190} INFO - [2024-10-02T00:03:13.129+0000] {dag.py:4180} INFO - Setting next_dagrun for example_kubernetes_executor to None, run_after=None
[2024-10-02T00:03:13.136+0000] {processor.py:208} INFO - Processing /home/airflow/.local/lib/python3.12/site-packages/airflow/example_dags/example_kubernetes_executor.py took 0.047 seconds
[2024-10-02T00:03:43.829+0000] {processor.py:186} INFO - Started process (PID=35601) to work on /home/airflow/.local/lib/python3.12/site-packages/airflow/example_dags/example_kubernetes_executor.py
[2024-10-02T00:03:43.829+0000] {processor.py:914} INFO - Processing file /home/airflow/.local/lib/python3.12/site-packages/airflow/example_dags/example_kubernetes_executor.py for tasks to queue
[2024-10-02T00:03:43.831+0000] {logging_mixin.py:190} INFO - [2024-10-02T00:03:43.831+0000] {dagbag.py:588} INFO - Filling up the DagBag from /home/airflow/.local/lib/python3.12/site-packages/airflow/example_dags/example_kubernetes_executor.py
[2024-10-02T00:03:43.839+0000] {processor.py:925} INFO - DAG(s) 'example_kubernetes_executor' retrieved from /home/airflow/.local/lib/python3.12/site-packages/airflow/example_dags/example_kubernetes_executor.py
[2024-10-02T00:03:43.863+0000] {logging_mixin.py:190} INFO - [2024-10-02T00:03:43.862+0000] {dag.py:3239} INFO - Sync 1 DAGs
[2024-10-02T00:03:43.871+0000] {logging_mixin.py:190} INFO - [2024-10-02T00:03:43.871+0000] {dag.py:4180} INFO - Setting next_dagrun for example_kubernetes_executor to None, run_after=None
[2024-10-02T00:03:43.879+0000] {processor.py:208} INFO - Processing /home/airflow/.local/lib/python3.12/site-packages/airflow/example_dags/example_kubernetes_executor.py took 0.053 seconds
[2024-10-02T00:04:14.540+0000] {processor.py:186} INFO - Started process (PID=35664) to work on /home/airflow/.local/lib/python3.12/site-packages/airflow/example_dags/example_kubernetes_executor.py
[2024-10-02T00:04:14.540+0000] {processor.py:914} INFO - Processing file /home/airflow/.local/lib/python3.12/site-packages/airflow/example_dags/example_kubernetes_executor.py for tasks to queue
[2024-10-02T00:04:14.541+0000] {logging_mixin.py:190} INFO - [2024-10-02T00:04:14.541+0000] {dagbag.py:588} INFO - Filling up the DagBag from /home/airflow/.local/lib/python3.12/site-packages/airflow/example_dags/example_kubernetes_executor.py
[2024-10-02T00:04:14.549+0000] {processor.py:925} INFO - DAG(s) 'example_kubernetes_executor' retrieved from /home/airflow/.local/lib/python3.12/site-packages/airflow/example_dags/example_kubernetes_executor.py
[2024-10-02T00:04:14.566+0000] {logging_mixin.py:190} INFO - [2024-10-02T00:04:14.566+0000] {dag.py:3239} INFO - Sync 1 DAGs
[2024-10-02T00:04:14.572+0000] {logging_mixin.py:190} INFO - [2024-10-02T00:04:14.572+0000] {dag.py:4180} INFO - Setting next_dagrun for example_kubernetes_executor to None, run_after=None
[2024-10-02T00:04:14.582+0000] {processor.py:208} INFO - Processing /home/airflow/.local/lib/python3.12/site-packages/airflow/example_dags/example_kubernetes_executor.py took 0.046 seconds
