[2024-10-02T00:00:08.620+0000] {processor.py:186} INFO - Started process (PID=35173) to work on /home/airflow/.local/lib/python3.12/site-packages/airflow/example_dags/example_sensor_decorator.py
[2024-10-02T00:00:08.621+0000] {processor.py:914} INFO - Processing file /home/airflow/.local/lib/python3.12/site-packages/airflow/example_dags/example_sensor_decorator.py for tasks to queue
[2024-10-02T00:00:08.623+0000] {logging_mixin.py:190} INFO - [2024-10-02T00:00:08.623+0000] {dagbag.py:588} INFO - Filling up the DagBag from /home/airflow/.local/lib/python3.12/site-packages/airflow/example_dags/example_sensor_decorator.py
[2024-10-02T00:00:08.627+0000] {processor.py:925} INFO - DAG(s) 'example_sensor_decorator' retrieved from /home/airflow/.local/lib/python3.12/site-packages/airflow/example_dags/example_sensor_decorator.py
[2024-10-02T00:00:08.643+0000] {logging_mixin.py:190} INFO - [2024-10-02T00:00:08.643+0000] {dag.py:3239} INFO - Sync 1 DAGs
[2024-10-02T00:00:08.652+0000] {logging_mixin.py:190} INFO - [2024-10-02T00:00:08.652+0000] {dag.py:4180} INFO - Setting next_dagrun for example_sensor_decorator to None, run_after=None
[2024-10-02T00:00:08.664+0000] {processor.py:208} INFO - Processing /home/airflow/.local/lib/python3.12/site-packages/airflow/example_dags/example_sensor_decorator.py took 0.048 seconds
[2024-10-02T00:00:39.057+0000] {processor.py:186} INFO - Started process (PID=35236) to work on /home/airflow/.local/lib/python3.12/site-packages/airflow/example_dags/example_sensor_decorator.py
[2024-10-02T00:00:39.058+0000] {processor.py:914} INFO - Processing file /home/airflow/.local/lib/python3.12/site-packages/airflow/example_dags/example_sensor_decorator.py for tasks to queue
[2024-10-02T00:00:39.060+0000] {logging_mixin.py:190} INFO - [2024-10-02T00:00:39.060+0000] {dagbag.py:588} INFO - Filling up the DagBag from /home/airflow/.local/lib/python3.12/site-packages/airflow/example_dags/example_sensor_decorator.py
[2024-10-02T00:00:39.066+0000] {processor.py:925} INFO - DAG(s) 'example_sensor_decorator' retrieved from /home/airflow/.local/lib/python3.12/site-packages/airflow/example_dags/example_sensor_decorator.py
[2024-10-02T00:00:39.087+0000] {logging_mixin.py:190} INFO - [2024-10-02T00:00:39.087+0000] {dag.py:3239} INFO - Sync 1 DAGs
[2024-10-02T00:00:39.098+0000] {logging_mixin.py:190} INFO - [2024-10-02T00:00:39.098+0000] {dag.py:4180} INFO - Setting next_dagrun for example_sensor_decorator to None, run_after=None
[2024-10-02T00:00:39.112+0000] {processor.py:208} INFO - Processing /home/airflow/.local/lib/python3.12/site-packages/airflow/example_dags/example_sensor_decorator.py took 0.060 seconds
[2024-10-02T00:01:10.151+0000] {processor.py:186} INFO - Started process (PID=35299) to work on /home/airflow/.local/lib/python3.12/site-packages/airflow/example_dags/example_sensor_decorator.py
[2024-10-02T00:01:10.152+0000] {processor.py:914} INFO - Processing file /home/airflow/.local/lib/python3.12/site-packages/airflow/example_dags/example_sensor_decorator.py for tasks to queue
[2024-10-02T00:01:10.154+0000] {logging_mixin.py:190} INFO - [2024-10-02T00:01:10.154+0000] {dagbag.py:588} INFO - Filling up the DagBag from /home/airflow/.local/lib/python3.12/site-packages/airflow/example_dags/example_sensor_decorator.py
[2024-10-02T00:01:10.159+0000] {processor.py:925} INFO - DAG(s) 'example_sensor_decorator' retrieved from /home/airflow/.local/lib/python3.12/site-packages/airflow/example_dags/example_sensor_decorator.py
[2024-10-02T00:01:10.171+0000] {logging_mixin.py:190} INFO - [2024-10-02T00:01:10.170+0000] {dag.py:3239} INFO - Sync 1 DAGs
[2024-10-02T00:01:10.178+0000] {logging_mixin.py:190} INFO - [2024-10-02T00:01:10.178+0000] {dag.py:4180} INFO - Setting next_dagrun for example_sensor_decorator to None, run_after=None
[2024-10-02T00:01:10.189+0000] {processor.py:208} INFO - Processing /home/airflow/.local/lib/python3.12/site-packages/airflow/example_dags/example_sensor_decorator.py took 0.049 seconds
[2024-10-02T00:01:41.213+0000] {processor.py:186} INFO - Started process (PID=35362) to work on /home/airflow/.local/lib/python3.12/site-packages/airflow/example_dags/example_sensor_decorator.py
[2024-10-02T00:01:41.216+0000] {processor.py:914} INFO - Processing file /home/airflow/.local/lib/python3.12/site-packages/airflow/example_dags/example_sensor_decorator.py for tasks to queue
[2024-10-02T00:01:41.217+0000] {logging_mixin.py:190} INFO - [2024-10-02T00:01:41.217+0000] {dagbag.py:588} INFO - Filling up the DagBag from /home/airflow/.local/lib/python3.12/site-packages/airflow/example_dags/example_sensor_decorator.py
[2024-10-02T00:01:41.223+0000] {processor.py:925} INFO - DAG(s) 'example_sensor_decorator' retrieved from /home/airflow/.local/lib/python3.12/site-packages/airflow/example_dags/example_sensor_decorator.py
[2024-10-02T00:01:41.256+0000] {logging_mixin.py:190} INFO - [2024-10-02T00:01:41.256+0000] {dag.py:3239} INFO - Sync 1 DAGs
[2024-10-02T00:01:41.279+0000] {logging_mixin.py:190} INFO - [2024-10-02T00:01:41.279+0000] {dag.py:4180} INFO - Setting next_dagrun for example_sensor_decorator to None, run_after=None
[2024-10-02T00:01:41.299+0000] {processor.py:208} INFO - Processing /home/airflow/.local/lib/python3.12/site-packages/airflow/example_dags/example_sensor_decorator.py took 0.090 seconds
[2024-10-02T00:02:11.960+0000] {processor.py:186} INFO - Started process (PID=35425) to work on /home/airflow/.local/lib/python3.12/site-packages/airflow/example_dags/example_sensor_decorator.py
[2024-10-02T00:02:11.962+0000] {processor.py:914} INFO - Processing file /home/airflow/.local/lib/python3.12/site-packages/airflow/example_dags/example_sensor_decorator.py for tasks to queue
[2024-10-02T00:02:11.963+0000] {logging_mixin.py:190} INFO - [2024-10-02T00:02:11.963+0000] {dagbag.py:588} INFO - Filling up the DagBag from /home/airflow/.local/lib/python3.12/site-packages/airflow/example_dags/example_sensor_decorator.py
[2024-10-02T00:02:11.967+0000] {processor.py:925} INFO - DAG(s) 'example_sensor_decorator' retrieved from /home/airflow/.local/lib/python3.12/site-packages/airflow/example_dags/example_sensor_decorator.py
[2024-10-02T00:02:11.982+0000] {logging_mixin.py:190} INFO - [2024-10-02T00:02:11.982+0000] {dag.py:3239} INFO - Sync 1 DAGs
[2024-10-02T00:02:11.992+0000] {logging_mixin.py:190} INFO - [2024-10-02T00:02:11.992+0000] {dag.py:4180} INFO - Setting next_dagrun for example_sensor_decorator to None, run_after=None
[2024-10-02T00:02:12.000+0000] {processor.py:208} INFO - Processing /home/airflow/.local/lib/python3.12/site-packages/airflow/example_dags/example_sensor_decorator.py took 0.044 seconds
[2024-10-02T00:02:42.632+0000] {processor.py:186} INFO - Started process (PID=35488) to work on /home/airflow/.local/lib/python3.12/site-packages/airflow/example_dags/example_sensor_decorator.py
[2024-10-02T00:02:42.635+0000] {processor.py:914} INFO - Processing file /home/airflow/.local/lib/python3.12/site-packages/airflow/example_dags/example_sensor_decorator.py for tasks to queue
[2024-10-02T00:02:42.638+0000] {logging_mixin.py:190} INFO - [2024-10-02T00:02:42.637+0000] {dagbag.py:588} INFO - Filling up the DagBag from /home/airflow/.local/lib/python3.12/site-packages/airflow/example_dags/example_sensor_decorator.py
[2024-10-02T00:02:42.643+0000] {processor.py:925} INFO - DAG(s) 'example_sensor_decorator' retrieved from /home/airflow/.local/lib/python3.12/site-packages/airflow/example_dags/example_sensor_decorator.py
[2024-10-02T00:02:42.659+0000] {logging_mixin.py:190} INFO - [2024-10-02T00:02:42.658+0000] {dag.py:3239} INFO - Sync 1 DAGs
[2024-10-02T00:02:42.667+0000] {logging_mixin.py:190} INFO - [2024-10-02T00:02:42.667+0000] {dag.py:4180} INFO - Setting next_dagrun for example_sensor_decorator to None, run_after=None
[2024-10-02T00:02:42.676+0000] {processor.py:208} INFO - Processing /home/airflow/.local/lib/python3.12/site-packages/airflow/example_dags/example_sensor_decorator.py took 0.047 seconds
[2024-10-02T00:03:13.533+0000] {processor.py:186} INFO - Started process (PID=35551) to work on /home/airflow/.local/lib/python3.12/site-packages/airflow/example_dags/example_sensor_decorator.py
[2024-10-02T00:03:13.534+0000] {processor.py:914} INFO - Processing file /home/airflow/.local/lib/python3.12/site-packages/airflow/example_dags/example_sensor_decorator.py for tasks to queue
[2024-10-02T00:03:13.537+0000] {logging_mixin.py:190} INFO - [2024-10-02T00:03:13.537+0000] {dagbag.py:588} INFO - Filling up the DagBag from /home/airflow/.local/lib/python3.12/site-packages/airflow/example_dags/example_sensor_decorator.py
[2024-10-02T00:03:13.541+0000] {processor.py:925} INFO - DAG(s) 'example_sensor_decorator' retrieved from /home/airflow/.local/lib/python3.12/site-packages/airflow/example_dags/example_sensor_decorator.py
[2024-10-02T00:03:13.552+0000] {logging_mixin.py:190} INFO - [2024-10-02T00:03:13.552+0000] {dag.py:3239} INFO - Sync 1 DAGs
[2024-10-02T00:03:13.559+0000] {logging_mixin.py:190} INFO - [2024-10-02T00:03:13.559+0000] {dag.py:4180} INFO - Setting next_dagrun for example_sensor_decorator to None, run_after=None
[2024-10-02T00:03:13.570+0000] {processor.py:208} INFO - Processing /home/airflow/.local/lib/python3.12/site-packages/airflow/example_dags/example_sensor_decorator.py took 0.040 seconds
[2024-10-02T00:03:44.293+0000] {processor.py:186} INFO - Started process (PID=35615) to work on /home/airflow/.local/lib/python3.12/site-packages/airflow/example_dags/example_sensor_decorator.py
[2024-10-02T00:03:44.294+0000] {processor.py:914} INFO - Processing file /home/airflow/.local/lib/python3.12/site-packages/airflow/example_dags/example_sensor_decorator.py for tasks to queue
[2024-10-02T00:03:44.295+0000] {logging_mixin.py:190} INFO - [2024-10-02T00:03:44.294+0000] {dagbag.py:588} INFO - Filling up the DagBag from /home/airflow/.local/lib/python3.12/site-packages/airflow/example_dags/example_sensor_decorator.py
[2024-10-02T00:03:44.298+0000] {processor.py:925} INFO - DAG(s) 'example_sensor_decorator' retrieved from /home/airflow/.local/lib/python3.12/site-packages/airflow/example_dags/example_sensor_decorator.py
[2024-10-02T00:03:44.309+0000] {logging_mixin.py:190} INFO - [2024-10-02T00:03:44.308+0000] {dag.py:3239} INFO - Sync 1 DAGs
[2024-10-02T00:03:44.316+0000] {logging_mixin.py:190} INFO - [2024-10-02T00:03:44.316+0000] {dag.py:4180} INFO - Setting next_dagrun for example_sensor_decorator to None, run_after=None
[2024-10-02T00:03:44.324+0000] {processor.py:208} INFO - Processing /home/airflow/.local/lib/python3.12/site-packages/airflow/example_dags/example_sensor_decorator.py took 0.034 seconds
[2024-10-02T00:04:14.966+0000] {processor.py:186} INFO - Started process (PID=35678) to work on /home/airflow/.local/lib/python3.12/site-packages/airflow/example_dags/example_sensor_decorator.py
[2024-10-02T00:04:14.967+0000] {processor.py:914} INFO - Processing file /home/airflow/.local/lib/python3.12/site-packages/airflow/example_dags/example_sensor_decorator.py for tasks to queue
[2024-10-02T00:04:14.968+0000] {logging_mixin.py:190} INFO - [2024-10-02T00:04:14.968+0000] {dagbag.py:588} INFO - Filling up the DagBag from /home/airflow/.local/lib/python3.12/site-packages/airflow/example_dags/example_sensor_decorator.py
[2024-10-02T00:04:14.972+0000] {processor.py:925} INFO - DAG(s) 'example_sensor_decorator' retrieved from /home/airflow/.local/lib/python3.12/site-packages/airflow/example_dags/example_sensor_decorator.py
[2024-10-02T00:04:14.982+0000] {logging_mixin.py:190} INFO - [2024-10-02T00:04:14.982+0000] {dag.py:3239} INFO - Sync 1 DAGs
[2024-10-02T00:04:14.989+0000] {logging_mixin.py:190} INFO - [2024-10-02T00:04:14.989+0000] {dag.py:4180} INFO - Setting next_dagrun for example_sensor_decorator to None, run_after=None
[2024-10-02T00:04:14.997+0000] {processor.py:208} INFO - Processing /home/airflow/.local/lib/python3.12/site-packages/airflow/example_dags/example_sensor_decorator.py took 0.034 seconds
