[2024-10-02T00:00:10.105+0000] {processor.py:186} INFO - Started process (PID=35184) to work on /home/airflow/.local/lib/python3.12/site-packages/airflow/example_dags/example_latest_only.py
[2024-10-02T00:00:10.105+0000] {processor.py:914} INFO - Processing file /home/airflow/.local/lib/python3.12/site-packages/airflow/example_dags/example_latest_only.py for tasks to queue
[2024-10-02T00:00:10.107+0000] {logging_mixin.py:190} INFO - [2024-10-02T00:00:10.107+0000] {dagbag.py:588} INFO - Filling up the DagBag from /home/airflow/.local/lib/python3.12/site-packages/airflow/example_dags/example_latest_only.py
[2024-10-02T00:00:10.114+0000] {processor.py:925} INFO - DAG(s) 'latest_only' retrieved from /home/airflow/.local/lib/python3.12/site-packages/airflow/example_dags/example_latest_only.py
[2024-10-02T00:00:10.137+0000] {logging_mixin.py:190} INFO - [2024-10-02T00:00:10.136+0000] {dag.py:3239} INFO - Sync 1 DAGs
[2024-10-02T00:00:10.155+0000] {logging_mixin.py:190} INFO - [2024-10-02T00:00:10.154+0000] {dag.py:4180} INFO - Setting next_dagrun for latest_only to 2024-10-01 20:00:00+00:00, run_after=2024-10-02 00:00:00+00:00
[2024-10-02T00:00:10.177+0000] {processor.py:208} INFO - Processing /home/airflow/.local/lib/python3.12/site-packages/airflow/example_dags/example_latest_only.py took 0.077 seconds
[2024-10-02T00:00:40.634+0000] {processor.py:186} INFO - Started process (PID=35247) to work on /home/airflow/.local/lib/python3.12/site-packages/airflow/example_dags/example_latest_only.py
[2024-10-02T00:00:40.635+0000] {processor.py:914} INFO - Processing file /home/airflow/.local/lib/python3.12/site-packages/airflow/example_dags/example_latest_only.py for tasks to queue
[2024-10-02T00:00:40.640+0000] {logging_mixin.py:190} INFO - [2024-10-02T00:00:40.639+0000] {dagbag.py:588} INFO - Filling up the DagBag from /home/airflow/.local/lib/python3.12/site-packages/airflow/example_dags/example_latest_only.py
[2024-10-02T00:00:40.649+0000] {processor.py:925} INFO - DAG(s) 'latest_only' retrieved from /home/airflow/.local/lib/python3.12/site-packages/airflow/example_dags/example_latest_only.py
[2024-10-02T00:00:40.665+0000] {logging_mixin.py:190} INFO - [2024-10-02T00:00:40.665+0000] {dag.py:3239} INFO - Sync 1 DAGs
[2024-10-02T00:00:40.676+0000] {logging_mixin.py:190} INFO - [2024-10-02T00:00:40.676+0000] {dag.py:4180} INFO - Setting next_dagrun for latest_only to 2024-10-01 20:00:00+00:00, run_after=2024-10-02 00:00:00+00:00
[2024-10-02T00:00:40.685+0000] {processor.py:208} INFO - Processing /home/airflow/.local/lib/python3.12/site-packages/airflow/example_dags/example_latest_only.py took 0.062 seconds
[2024-10-02T00:01:11.627+0000] {processor.py:186} INFO - Started process (PID=35310) to work on /home/airflow/.local/lib/python3.12/site-packages/airflow/example_dags/example_latest_only.py
[2024-10-02T00:01:11.629+0000] {processor.py:914} INFO - Processing file /home/airflow/.local/lib/python3.12/site-packages/airflow/example_dags/example_latest_only.py for tasks to queue
[2024-10-02T00:01:11.634+0000] {logging_mixin.py:190} INFO - [2024-10-02T00:01:11.633+0000] {dagbag.py:588} INFO - Filling up the DagBag from /home/airflow/.local/lib/python3.12/site-packages/airflow/example_dags/example_latest_only.py
[2024-10-02T00:01:11.642+0000] {processor.py:925} INFO - DAG(s) 'latest_only' retrieved from /home/airflow/.local/lib/python3.12/site-packages/airflow/example_dags/example_latest_only.py
[2024-10-02T00:01:11.657+0000] {logging_mixin.py:190} INFO - [2024-10-02T00:01:11.657+0000] {dag.py:3239} INFO - Sync 1 DAGs
[2024-10-02T00:01:11.671+0000] {logging_mixin.py:190} INFO - [2024-10-02T00:01:11.671+0000] {dag.py:4180} INFO - Setting next_dagrun for latest_only to 2024-10-01 20:00:00+00:00, run_after=2024-10-02 00:00:00+00:00
[2024-10-02T00:01:11.680+0000] {processor.py:208} INFO - Processing /home/airflow/.local/lib/python3.12/site-packages/airflow/example_dags/example_latest_only.py took 0.067 seconds
[2024-10-02T00:01:42.599+0000] {processor.py:186} INFO - Started process (PID=35373) to work on /home/airflow/.local/lib/python3.12/site-packages/airflow/example_dags/example_latest_only.py
[2024-10-02T00:01:42.603+0000] {processor.py:914} INFO - Processing file /home/airflow/.local/lib/python3.12/site-packages/airflow/example_dags/example_latest_only.py for tasks to queue
[2024-10-02T00:01:42.608+0000] {logging_mixin.py:190} INFO - [2024-10-02T00:01:42.607+0000] {dagbag.py:588} INFO - Filling up the DagBag from /home/airflow/.local/lib/python3.12/site-packages/airflow/example_dags/example_latest_only.py
[2024-10-02T00:01:42.612+0000] {processor.py:925} INFO - DAG(s) 'latest_only' retrieved from /home/airflow/.local/lib/python3.12/site-packages/airflow/example_dags/example_latest_only.py
[2024-10-02T00:01:42.641+0000] {logging_mixin.py:190} INFO - [2024-10-02T00:01:42.641+0000] {dag.py:3239} INFO - Sync 1 DAGs
[2024-10-02T00:01:42.656+0000] {logging_mixin.py:190} INFO - [2024-10-02T00:01:42.656+0000] {dag.py:4180} INFO - Setting next_dagrun for latest_only to 2024-10-01 20:00:00+00:00, run_after=2024-10-02 00:00:00+00:00
[2024-10-02T00:01:42.666+0000] {processor.py:208} INFO - Processing /home/airflow/.local/lib/python3.12/site-packages/airflow/example_dags/example_latest_only.py took 0.073 seconds
[2024-10-02T00:02:13.260+0000] {processor.py:186} INFO - Started process (PID=35436) to work on /home/airflow/.local/lib/python3.12/site-packages/airflow/example_dags/example_latest_only.py
[2024-10-02T00:02:13.260+0000] {processor.py:914} INFO - Processing file /home/airflow/.local/lib/python3.12/site-packages/airflow/example_dags/example_latest_only.py for tasks to queue
[2024-10-02T00:02:13.263+0000] {logging_mixin.py:190} INFO - [2024-10-02T00:02:13.262+0000] {dagbag.py:588} INFO - Filling up the DagBag from /home/airflow/.local/lib/python3.12/site-packages/airflow/example_dags/example_latest_only.py
[2024-10-02T00:02:13.270+0000] {processor.py:925} INFO - DAG(s) 'latest_only' retrieved from /home/airflow/.local/lib/python3.12/site-packages/airflow/example_dags/example_latest_only.py
[2024-10-02T00:02:13.284+0000] {logging_mixin.py:190} INFO - [2024-10-02T00:02:13.284+0000] {dag.py:3239} INFO - Sync 1 DAGs
[2024-10-02T00:02:13.297+0000] {logging_mixin.py:190} INFO - [2024-10-02T00:02:13.297+0000] {dag.py:4180} INFO - Setting next_dagrun for latest_only to 2024-10-01 20:00:00+00:00, run_after=2024-10-02 00:00:00+00:00
[2024-10-02T00:02:13.308+0000] {processor.py:208} INFO - Processing /home/airflow/.local/lib/python3.12/site-packages/airflow/example_dags/example_latest_only.py took 0.052 seconds
[2024-10-02T00:02:44.020+0000] {processor.py:186} INFO - Started process (PID=35499) to work on /home/airflow/.local/lib/python3.12/site-packages/airflow/example_dags/example_latest_only.py
[2024-10-02T00:02:44.022+0000] {processor.py:914} INFO - Processing file /home/airflow/.local/lib/python3.12/site-packages/airflow/example_dags/example_latest_only.py for tasks to queue
[2024-10-02T00:02:44.025+0000] {logging_mixin.py:190} INFO - [2024-10-02T00:02:44.024+0000] {dagbag.py:588} INFO - Filling up the DagBag from /home/airflow/.local/lib/python3.12/site-packages/airflow/example_dags/example_latest_only.py
[2024-10-02T00:02:44.039+0000] {processor.py:925} INFO - DAG(s) 'latest_only' retrieved from /home/airflow/.local/lib/python3.12/site-packages/airflow/example_dags/example_latest_only.py
[2024-10-02T00:02:44.061+0000] {logging_mixin.py:190} INFO - [2024-10-02T00:02:44.061+0000] {dag.py:3239} INFO - Sync 1 DAGs
[2024-10-02T00:02:44.080+0000] {logging_mixin.py:190} INFO - [2024-10-02T00:02:44.080+0000] {dag.py:4180} INFO - Setting next_dagrun for latest_only to 2024-10-01 20:00:00+00:00, run_after=2024-10-02 00:00:00+00:00
[2024-10-02T00:02:44.092+0000] {processor.py:208} INFO - Processing /home/airflow/.local/lib/python3.12/site-packages/airflow/example_dags/example_latest_only.py took 0.079 seconds
[2024-10-02T00:03:14.859+0000] {processor.py:186} INFO - Started process (PID=35562) to work on /home/airflow/.local/lib/python3.12/site-packages/airflow/example_dags/example_latest_only.py
[2024-10-02T00:03:14.862+0000] {processor.py:914} INFO - Processing file /home/airflow/.local/lib/python3.12/site-packages/airflow/example_dags/example_latest_only.py for tasks to queue
[2024-10-02T00:03:14.865+0000] {logging_mixin.py:190} INFO - [2024-10-02T00:03:14.864+0000] {dagbag.py:588} INFO - Filling up the DagBag from /home/airflow/.local/lib/python3.12/site-packages/airflow/example_dags/example_latest_only.py
[2024-10-02T00:03:14.875+0000] {processor.py:925} INFO - DAG(s) 'latest_only' retrieved from /home/airflow/.local/lib/python3.12/site-packages/airflow/example_dags/example_latest_only.py
[2024-10-02T00:03:14.888+0000] {logging_mixin.py:190} INFO - [2024-10-02T00:03:14.888+0000] {dag.py:3239} INFO - Sync 1 DAGs
[2024-10-02T00:03:14.903+0000] {logging_mixin.py:190} INFO - [2024-10-02T00:03:14.903+0000] {dag.py:4180} INFO - Setting next_dagrun for latest_only to 2024-10-01 20:00:00+00:00, run_after=2024-10-02 00:00:00+00:00
[2024-10-02T00:03:14.913+0000] {processor.py:208} INFO - Processing /home/airflow/.local/lib/python3.12/site-packages/airflow/example_dags/example_latest_only.py took 0.066 seconds
[2024-10-02T00:03:45.644+0000] {processor.py:186} INFO - Started process (PID=35626) to work on /home/airflow/.local/lib/python3.12/site-packages/airflow/example_dags/example_latest_only.py
[2024-10-02T00:03:45.647+0000] {processor.py:914} INFO - Processing file /home/airflow/.local/lib/python3.12/site-packages/airflow/example_dags/example_latest_only.py for tasks to queue
[2024-10-02T00:03:45.653+0000] {logging_mixin.py:190} INFO - [2024-10-02T00:03:45.653+0000] {dagbag.py:588} INFO - Filling up the DagBag from /home/airflow/.local/lib/python3.12/site-packages/airflow/example_dags/example_latest_only.py
[2024-10-02T00:03:45.666+0000] {processor.py:925} INFO - DAG(s) 'latest_only' retrieved from /home/airflow/.local/lib/python3.12/site-packages/airflow/example_dags/example_latest_only.py
[2024-10-02T00:03:45.685+0000] {logging_mixin.py:190} INFO - [2024-10-02T00:03:45.684+0000] {dag.py:3239} INFO - Sync 1 DAGs
[2024-10-02T00:03:45.697+0000] {logging_mixin.py:190} INFO - [2024-10-02T00:03:45.697+0000] {dag.py:4180} INFO - Setting next_dagrun for latest_only to 2024-10-01 20:00:00+00:00, run_after=2024-10-02 00:00:00+00:00
[2024-10-02T00:03:45.708+0000] {processor.py:208} INFO - Processing /home/airflow/.local/lib/python3.12/site-packages/airflow/example_dags/example_latest_only.py took 0.076 seconds
[2024-10-02T00:04:16.297+0000] {processor.py:186} INFO - Started process (PID=35689) to work on /home/airflow/.local/lib/python3.12/site-packages/airflow/example_dags/example_latest_only.py
[2024-10-02T00:04:16.300+0000] {processor.py:914} INFO - Processing file /home/airflow/.local/lib/python3.12/site-packages/airflow/example_dags/example_latest_only.py for tasks to queue
[2024-10-02T00:04:16.303+0000] {logging_mixin.py:190} INFO - [2024-10-02T00:04:16.302+0000] {dagbag.py:588} INFO - Filling up the DagBag from /home/airflow/.local/lib/python3.12/site-packages/airflow/example_dags/example_latest_only.py
[2024-10-02T00:04:16.313+0000] {processor.py:925} INFO - DAG(s) 'latest_only' retrieved from /home/airflow/.local/lib/python3.12/site-packages/airflow/example_dags/example_latest_only.py
[2024-10-02T00:04:16.335+0000] {logging_mixin.py:190} INFO - [2024-10-02T00:04:16.335+0000] {dag.py:3239} INFO - Sync 1 DAGs
[2024-10-02T00:04:16.351+0000] {logging_mixin.py:190} INFO - [2024-10-02T00:04:16.351+0000] {dag.py:4180} INFO - Setting next_dagrun for latest_only to 2024-10-01 20:00:00+00:00, run_after=2024-10-02 00:00:00+00:00
[2024-10-02T00:04:16.358+0000] {processor.py:208} INFO - Processing /home/airflow/.local/lib/python3.12/site-packages/airflow/example_dags/example_latest_only.py took 0.071 seconds
