[2024-10-02T00:00:08.403+0000] {processor.py:186} INFO - Started process (PID=35169) to work on /home/airflow/.local/lib/python3.12/site-packages/airflow/example_dags/example_external_task_marker_dag.py
[2024-10-02T00:00:08.405+0000] {processor.py:914} INFO - Processing file /home/airflow/.local/lib/python3.12/site-packages/airflow/example_dags/example_external_task_marker_dag.py for tasks to queue
[2024-10-02T00:00:08.407+0000] {logging_mixin.py:190} INFO - [2024-10-02T00:00:08.407+0000] {dagbag.py:588} INFO - Filling up the DagBag from /home/airflow/.local/lib/python3.12/site-packages/airflow/example_dags/example_external_task_marker_dag.py
[2024-10-02T00:00:08.417+0000] {processor.py:925} INFO - DAG(s) 'example_external_task_marker_child', 'example_external_task_marker_parent' retrieved from /home/airflow/.local/lib/python3.12/site-packages/airflow/example_dags/example_external_task_marker_dag.py
[2024-10-02T00:00:08.451+0000] {logging_mixin.py:190} INFO - [2024-10-02T00:00:08.451+0000] {dag.py:3239} INFO - Sync 2 DAGs
[2024-10-02T00:00:08.469+0000] {logging_mixin.py:190} INFO - [2024-10-02T00:00:08.469+0000] {dag.py:4180} INFO - Setting next_dagrun for example_external_task_marker_child to None, run_after=None
[2024-10-02T00:00:08.473+0000] {logging_mixin.py:190} INFO - [2024-10-02T00:00:08.473+0000] {dag.py:4180} INFO - Setting next_dagrun for example_external_task_marker_parent to None, run_after=None
[2024-10-02T00:00:08.490+0000] {processor.py:208} INFO - Processing /home/airflow/.local/lib/python3.12/site-packages/airflow/example_dags/example_external_task_marker_dag.py took 0.108 seconds
[2024-10-02T00:00:38.893+0000] {processor.py:186} INFO - Started process (PID=35232) to work on /home/airflow/.local/lib/python3.12/site-packages/airflow/example_dags/example_external_task_marker_dag.py
[2024-10-02T00:00:38.894+0000] {processor.py:914} INFO - Processing file /home/airflow/.local/lib/python3.12/site-packages/airflow/example_dags/example_external_task_marker_dag.py for tasks to queue
[2024-10-02T00:00:38.896+0000] {logging_mixin.py:190} INFO - [2024-10-02T00:00:38.896+0000] {dagbag.py:588} INFO - Filling up the DagBag from /home/airflow/.local/lib/python3.12/site-packages/airflow/example_dags/example_external_task_marker_dag.py
[2024-10-02T00:00:38.903+0000] {processor.py:925} INFO - DAG(s) 'example_external_task_marker_child', 'example_external_task_marker_parent' retrieved from /home/airflow/.local/lib/python3.12/site-packages/airflow/example_dags/example_external_task_marker_dag.py
[2024-10-02T00:00:38.919+0000] {logging_mixin.py:190} INFO - [2024-10-02T00:00:38.919+0000] {dag.py:3239} INFO - Sync 2 DAGs
[2024-10-02T00:00:38.927+0000] {logging_mixin.py:190} INFO - [2024-10-02T00:00:38.927+0000] {dag.py:4180} INFO - Setting next_dagrun for example_external_task_marker_child to None, run_after=None
[2024-10-02T00:00:38.931+0000] {logging_mixin.py:190} INFO - [2024-10-02T00:00:38.931+0000] {dag.py:4180} INFO - Setting next_dagrun for example_external_task_marker_parent to None, run_after=None
[2024-10-02T00:00:38.945+0000] {processor.py:208} INFO - Processing /home/airflow/.local/lib/python3.12/site-packages/airflow/example_dags/example_external_task_marker_dag.py took 0.056 seconds
[2024-10-02T00:01:09.974+0000] {processor.py:186} INFO - Started process (PID=35295) to work on /home/airflow/.local/lib/python3.12/site-packages/airflow/example_dags/example_external_task_marker_dag.py
[2024-10-02T00:01:09.975+0000] {processor.py:914} INFO - Processing file /home/airflow/.local/lib/python3.12/site-packages/airflow/example_dags/example_external_task_marker_dag.py for tasks to queue
[2024-10-02T00:01:09.977+0000] {logging_mixin.py:190} INFO - [2024-10-02T00:01:09.977+0000] {dagbag.py:588} INFO - Filling up the DagBag from /home/airflow/.local/lib/python3.12/site-packages/airflow/example_dags/example_external_task_marker_dag.py
[2024-10-02T00:01:09.984+0000] {processor.py:925} INFO - DAG(s) 'example_external_task_marker_child', 'example_external_task_marker_parent' retrieved from /home/airflow/.local/lib/python3.12/site-packages/airflow/example_dags/example_external_task_marker_dag.py
[2024-10-02T00:01:10.003+0000] {logging_mixin.py:190} INFO - [2024-10-02T00:01:10.002+0000] {dag.py:3239} INFO - Sync 2 DAGs
[2024-10-02T00:01:10.011+0000] {logging_mixin.py:190} INFO - [2024-10-02T00:01:10.011+0000] {dag.py:4180} INFO - Setting next_dagrun for example_external_task_marker_child to None, run_after=None
[2024-10-02T00:01:10.013+0000] {logging_mixin.py:190} INFO - [2024-10-02T00:01:10.013+0000] {dag.py:4180} INFO - Setting next_dagrun for example_external_task_marker_parent to None, run_after=None
[2024-10-02T00:01:10.022+0000] {processor.py:208} INFO - Processing /home/airflow/.local/lib/python3.12/site-packages/airflow/example_dags/example_external_task_marker_dag.py took 0.057 seconds
[2024-10-02T00:01:41.007+0000] {processor.py:186} INFO - Started process (PID=35358) to work on /home/airflow/.local/lib/python3.12/site-packages/airflow/example_dags/example_external_task_marker_dag.py
[2024-10-02T00:01:41.008+0000] {processor.py:914} INFO - Processing file /home/airflow/.local/lib/python3.12/site-packages/airflow/example_dags/example_external_task_marker_dag.py for tasks to queue
[2024-10-02T00:01:41.009+0000] {logging_mixin.py:190} INFO - [2024-10-02T00:01:41.009+0000] {dagbag.py:588} INFO - Filling up the DagBag from /home/airflow/.local/lib/python3.12/site-packages/airflow/example_dags/example_external_task_marker_dag.py
[2024-10-02T00:01:41.015+0000] {processor.py:925} INFO - DAG(s) 'example_external_task_marker_child', 'example_external_task_marker_parent' retrieved from /home/airflow/.local/lib/python3.12/site-packages/airflow/example_dags/example_external_task_marker_dag.py
[2024-10-02T00:01:41.035+0000] {logging_mixin.py:190} INFO - [2024-10-02T00:01:41.035+0000] {dag.py:3239} INFO - Sync 2 DAGs
[2024-10-02T00:01:41.043+0000] {logging_mixin.py:190} INFO - [2024-10-02T00:01:41.043+0000] {dag.py:4180} INFO - Setting next_dagrun for example_external_task_marker_child to None, run_after=None
[2024-10-02T00:01:41.046+0000] {logging_mixin.py:190} INFO - [2024-10-02T00:01:41.046+0000] {dag.py:4180} INFO - Setting next_dagrun for example_external_task_marker_parent to None, run_after=None
[2024-10-02T00:01:41.056+0000] {processor.py:208} INFO - Processing /home/airflow/.local/lib/python3.12/site-packages/airflow/example_dags/example_external_task_marker_dag.py took 0.053 seconds
[2024-10-02T00:02:11.833+0000] {processor.py:186} INFO - Started process (PID=35421) to work on /home/airflow/.local/lib/python3.12/site-packages/airflow/example_dags/example_external_task_marker_dag.py
[2024-10-02T00:02:11.834+0000] {processor.py:914} INFO - Processing file /home/airflow/.local/lib/python3.12/site-packages/airflow/example_dags/example_external_task_marker_dag.py for tasks to queue
[2024-10-02T00:02:11.835+0000] {logging_mixin.py:190} INFO - [2024-10-02T00:02:11.835+0000] {dagbag.py:588} INFO - Filling up the DagBag from /home/airflow/.local/lib/python3.12/site-packages/airflow/example_dags/example_external_task_marker_dag.py
[2024-10-02T00:02:11.839+0000] {processor.py:925} INFO - DAG(s) 'example_external_task_marker_child', 'example_external_task_marker_parent' retrieved from /home/airflow/.local/lib/python3.12/site-packages/airflow/example_dags/example_external_task_marker_dag.py
[2024-10-02T00:02:11.849+0000] {logging_mixin.py:190} INFO - [2024-10-02T00:02:11.848+0000] {dag.py:3239} INFO - Sync 2 DAGs
[2024-10-02T00:02:11.856+0000] {logging_mixin.py:190} INFO - [2024-10-02T00:02:11.856+0000] {dag.py:4180} INFO - Setting next_dagrun for example_external_task_marker_child to None, run_after=None
[2024-10-02T00:02:11.859+0000] {logging_mixin.py:190} INFO - [2024-10-02T00:02:11.859+0000] {dag.py:4180} INFO - Setting next_dagrun for example_external_task_marker_parent to None, run_after=None
[2024-10-02T00:02:11.868+0000] {processor.py:208} INFO - Processing /home/airflow/.local/lib/python3.12/site-packages/airflow/example_dags/example_external_task_marker_dag.py took 0.038 seconds
[2024-10-02T00:02:42.506+0000] {processor.py:186} INFO - Started process (PID=35484) to work on /home/airflow/.local/lib/python3.12/site-packages/airflow/example_dags/example_external_task_marker_dag.py
[2024-10-02T00:02:42.506+0000] {processor.py:914} INFO - Processing file /home/airflow/.local/lib/python3.12/site-packages/airflow/example_dags/example_external_task_marker_dag.py for tasks to queue
[2024-10-02T00:02:42.507+0000] {logging_mixin.py:190} INFO - [2024-10-02T00:02:42.507+0000] {dagbag.py:588} INFO - Filling up the DagBag from /home/airflow/.local/lib/python3.12/site-packages/airflow/example_dags/example_external_task_marker_dag.py
[2024-10-02T00:02:42.511+0000] {processor.py:925} INFO - DAG(s) 'example_external_task_marker_child', 'example_external_task_marker_parent' retrieved from /home/airflow/.local/lib/python3.12/site-packages/airflow/example_dags/example_external_task_marker_dag.py
[2024-10-02T00:02:42.521+0000] {logging_mixin.py:190} INFO - [2024-10-02T00:02:42.521+0000] {dag.py:3239} INFO - Sync 2 DAGs
[2024-10-02T00:02:42.527+0000] {logging_mixin.py:190} INFO - [2024-10-02T00:02:42.527+0000] {dag.py:4180} INFO - Setting next_dagrun for example_external_task_marker_child to None, run_after=None
[2024-10-02T00:02:42.529+0000] {logging_mixin.py:190} INFO - [2024-10-02T00:02:42.529+0000] {dag.py:4180} INFO - Setting next_dagrun for example_external_task_marker_parent to None, run_after=None
[2024-10-02T00:02:42.534+0000] {processor.py:208} INFO - Processing /home/airflow/.local/lib/python3.12/site-packages/airflow/example_dags/example_external_task_marker_dag.py took 0.031 seconds
[2024-10-02T00:03:13.406+0000] {processor.py:186} INFO - Started process (PID=35547) to work on /home/airflow/.local/lib/python3.12/site-packages/airflow/example_dags/example_external_task_marker_dag.py
[2024-10-02T00:03:13.407+0000] {processor.py:914} INFO - Processing file /home/airflow/.local/lib/python3.12/site-packages/airflow/example_dags/example_external_task_marker_dag.py for tasks to queue
[2024-10-02T00:03:13.409+0000] {logging_mixin.py:190} INFO - [2024-10-02T00:03:13.408+0000] {dagbag.py:588} INFO - Filling up the DagBag from /home/airflow/.local/lib/python3.12/site-packages/airflow/example_dags/example_external_task_marker_dag.py
[2024-10-02T00:03:13.413+0000] {processor.py:925} INFO - DAG(s) 'example_external_task_marker_parent', 'example_external_task_marker_child' retrieved from /home/airflow/.local/lib/python3.12/site-packages/airflow/example_dags/example_external_task_marker_dag.py
[2024-10-02T00:03:13.425+0000] {logging_mixin.py:190} INFO - [2024-10-02T00:03:13.425+0000] {dag.py:3239} INFO - Sync 2 DAGs
[2024-10-02T00:03:13.431+0000] {logging_mixin.py:190} INFO - [2024-10-02T00:03:13.431+0000] {dag.py:4180} INFO - Setting next_dagrun for example_external_task_marker_child to None, run_after=None
[2024-10-02T00:03:13.433+0000] {logging_mixin.py:190} INFO - [2024-10-02T00:03:13.433+0000] {dag.py:4180} INFO - Setting next_dagrun for example_external_task_marker_parent to None, run_after=None
[2024-10-02T00:03:13.444+0000] {processor.py:208} INFO - Processing /home/airflow/.local/lib/python3.12/site-packages/airflow/example_dags/example_external_task_marker_dag.py took 0.040 seconds
[2024-10-02T00:03:44.170+0000] {processor.py:186} INFO - Started process (PID=35611) to work on /home/airflow/.local/lib/python3.12/site-packages/airflow/example_dags/example_external_task_marker_dag.py
[2024-10-02T00:03:44.172+0000] {processor.py:914} INFO - Processing file /home/airflow/.local/lib/python3.12/site-packages/airflow/example_dags/example_external_task_marker_dag.py for tasks to queue
[2024-10-02T00:03:44.174+0000] {logging_mixin.py:190} INFO - [2024-10-02T00:03:44.174+0000] {dagbag.py:588} INFO - Filling up the DagBag from /home/airflow/.local/lib/python3.12/site-packages/airflow/example_dags/example_external_task_marker_dag.py
[2024-10-02T00:03:44.179+0000] {processor.py:925} INFO - DAG(s) 'example_external_task_marker_parent', 'example_external_task_marker_child' retrieved from /home/airflow/.local/lib/python3.12/site-packages/airflow/example_dags/example_external_task_marker_dag.py
[2024-10-02T00:03:44.194+0000] {logging_mixin.py:190} INFO - [2024-10-02T00:03:44.194+0000] {dag.py:3239} INFO - Sync 2 DAGs
[2024-10-02T00:03:44.201+0000] {logging_mixin.py:190} INFO - [2024-10-02T00:03:44.201+0000] {dag.py:4180} INFO - Setting next_dagrun for example_external_task_marker_child to None, run_after=None
[2024-10-02T00:03:44.203+0000] {logging_mixin.py:190} INFO - [2024-10-02T00:03:44.203+0000] {dag.py:4180} INFO - Setting next_dagrun for example_external_task_marker_parent to None, run_after=None
[2024-10-02T00:03:44.211+0000] {processor.py:208} INFO - Processing /home/airflow/.local/lib/python3.12/site-packages/airflow/example_dags/example_external_task_marker_dag.py took 0.049 seconds
[2024-10-02T00:04:14.834+0000] {processor.py:186} INFO - Started process (PID=35674) to work on /home/airflow/.local/lib/python3.12/site-packages/airflow/example_dags/example_external_task_marker_dag.py
[2024-10-02T00:04:14.836+0000] {processor.py:914} INFO - Processing file /home/airflow/.local/lib/python3.12/site-packages/airflow/example_dags/example_external_task_marker_dag.py for tasks to queue
[2024-10-02T00:04:14.838+0000] {logging_mixin.py:190} INFO - [2024-10-02T00:04:14.837+0000] {dagbag.py:588} INFO - Filling up the DagBag from /home/airflow/.local/lib/python3.12/site-packages/airflow/example_dags/example_external_task_marker_dag.py
[2024-10-02T00:04:14.841+0000] {processor.py:925} INFO - DAG(s) 'example_external_task_marker_parent', 'example_external_task_marker_child' retrieved from /home/airflow/.local/lib/python3.12/site-packages/airflow/example_dags/example_external_task_marker_dag.py
[2024-10-02T00:04:14.857+0000] {logging_mixin.py:190} INFO - [2024-10-02T00:04:14.857+0000] {dag.py:3239} INFO - Sync 2 DAGs
[2024-10-02T00:04:14.864+0000] {logging_mixin.py:190} INFO - [2024-10-02T00:04:14.864+0000] {dag.py:4180} INFO - Setting next_dagrun for example_external_task_marker_child to None, run_after=None
[2024-10-02T00:04:14.866+0000] {logging_mixin.py:190} INFO - [2024-10-02T00:04:14.866+0000] {dag.py:4180} INFO - Setting next_dagrun for example_external_task_marker_parent to None, run_after=None
[2024-10-02T00:04:14.875+0000] {processor.py:208} INFO - Processing /home/airflow/.local/lib/python3.12/site-packages/airflow/example_dags/example_external_task_marker_dag.py took 0.044 seconds
