[2024-10-02T00:00:10.189+0000] {processor.py:186} INFO - Started process (PID=35186) to work on /home/airflow/.local/lib/python3.12/site-packages/airflow/example_dags/example_time_delta_sensor_async.py
[2024-10-02T00:00:10.190+0000] {processor.py:914} INFO - Processing file /home/airflow/.local/lib/python3.12/site-packages/airflow/example_dags/example_time_delta_sensor_async.py for tasks to queue
[2024-10-02T00:00:10.192+0000] {logging_mixin.py:190} INFO - [2024-10-02T00:00:10.192+0000] {dagbag.py:588} INFO - Filling up the DagBag from /home/airflow/.local/lib/python3.12/site-packages/airflow/example_dags/example_time_delta_sensor_async.py
[2024-10-02T00:00:10.196+0000] {processor.py:925} INFO - DAG(s) 'example_time_delta_sensor_async' retrieved from /home/airflow/.local/lib/python3.12/site-packages/airflow/example_dags/example_time_delta_sensor_async.py
[2024-10-02T00:00:10.207+0000] {logging_mixin.py:190} INFO - [2024-10-02T00:00:10.207+0000] {dag.py:3239} INFO - Sync 1 DAGs
[2024-10-02T00:00:10.214+0000] {logging_mixin.py:190} INFO - [2024-10-02T00:00:10.214+0000] {dag.py:4180} INFO - Setting next_dagrun for example_time_delta_sensor_async to None, run_after=None
[2024-10-02T00:00:10.225+0000] {processor.py:208} INFO - Processing /home/airflow/.local/lib/python3.12/site-packages/airflow/example_dags/example_time_delta_sensor_async.py took 0.040 seconds
[2024-10-02T00:00:40.694+0000] {processor.py:186} INFO - Started process (PID=35249) to work on /home/airflow/.local/lib/python3.12/site-packages/airflow/example_dags/example_time_delta_sensor_async.py
[2024-10-02T00:00:40.695+0000] {processor.py:914} INFO - Processing file /home/airflow/.local/lib/python3.12/site-packages/airflow/example_dags/example_time_delta_sensor_async.py for tasks to queue
[2024-10-02T00:00:40.696+0000] {logging_mixin.py:190} INFO - [2024-10-02T00:00:40.696+0000] {dagbag.py:588} INFO - Filling up the DagBag from /home/airflow/.local/lib/python3.12/site-packages/airflow/example_dags/example_time_delta_sensor_async.py
[2024-10-02T00:00:40.701+0000] {processor.py:925} INFO - DAG(s) 'example_time_delta_sensor_async' retrieved from /home/airflow/.local/lib/python3.12/site-packages/airflow/example_dags/example_time_delta_sensor_async.py
[2024-10-02T00:00:40.716+0000] {logging_mixin.py:190} INFO - [2024-10-02T00:00:40.716+0000] {dag.py:3239} INFO - Sync 1 DAGs
[2024-10-02T00:00:40.725+0000] {logging_mixin.py:190} INFO - [2024-10-02T00:00:40.725+0000] {dag.py:4180} INFO - Setting next_dagrun for example_time_delta_sensor_async to None, run_after=None
[2024-10-02T00:00:40.732+0000] {processor.py:208} INFO - Processing /home/airflow/.local/lib/python3.12/site-packages/airflow/example_dags/example_time_delta_sensor_async.py took 0.041 seconds
[2024-10-02T00:01:11.688+0000] {processor.py:186} INFO - Started process (PID=35312) to work on /home/airflow/.local/lib/python3.12/site-packages/airflow/example_dags/example_time_delta_sensor_async.py
[2024-10-02T00:01:11.689+0000] {processor.py:914} INFO - Processing file /home/airflow/.local/lib/python3.12/site-packages/airflow/example_dags/example_time_delta_sensor_async.py for tasks to queue
[2024-10-02T00:01:11.690+0000] {logging_mixin.py:190} INFO - [2024-10-02T00:01:11.690+0000] {dagbag.py:588} INFO - Filling up the DagBag from /home/airflow/.local/lib/python3.12/site-packages/airflow/example_dags/example_time_delta_sensor_async.py
[2024-10-02T00:01:11.694+0000] {processor.py:925} INFO - DAG(s) 'example_time_delta_sensor_async' retrieved from /home/airflow/.local/lib/python3.12/site-packages/airflow/example_dags/example_time_delta_sensor_async.py
[2024-10-02T00:01:11.707+0000] {logging_mixin.py:190} INFO - [2024-10-02T00:01:11.707+0000] {dag.py:3239} INFO - Sync 1 DAGs
[2024-10-02T00:01:11.715+0000] {logging_mixin.py:190} INFO - [2024-10-02T00:01:11.715+0000] {dag.py:4180} INFO - Setting next_dagrun for example_time_delta_sensor_async to None, run_after=None
[2024-10-02T00:01:11.724+0000] {processor.py:208} INFO - Processing /home/airflow/.local/lib/python3.12/site-packages/airflow/example_dags/example_time_delta_sensor_async.py took 0.039 seconds
[2024-10-02T00:01:42.673+0000] {processor.py:186} INFO - Started process (PID=35375) to work on /home/airflow/.local/lib/python3.12/site-packages/airflow/example_dags/example_time_delta_sensor_async.py
[2024-10-02T00:01:42.673+0000] {processor.py:914} INFO - Processing file /home/airflow/.local/lib/python3.12/site-packages/airflow/example_dags/example_time_delta_sensor_async.py for tasks to queue
[2024-10-02T00:01:42.675+0000] {logging_mixin.py:190} INFO - [2024-10-02T00:01:42.674+0000] {dagbag.py:588} INFO - Filling up the DagBag from /home/airflow/.local/lib/python3.12/site-packages/airflow/example_dags/example_time_delta_sensor_async.py
[2024-10-02T00:01:42.680+0000] {processor.py:925} INFO - DAG(s) 'example_time_delta_sensor_async' retrieved from /home/airflow/.local/lib/python3.12/site-packages/airflow/example_dags/example_time_delta_sensor_async.py
[2024-10-02T00:01:42.695+0000] {logging_mixin.py:190} INFO - [2024-10-02T00:01:42.695+0000] {dag.py:3239} INFO - Sync 1 DAGs
[2024-10-02T00:01:42.703+0000] {logging_mixin.py:190} INFO - [2024-10-02T00:01:42.703+0000] {dag.py:4180} INFO - Setting next_dagrun for example_time_delta_sensor_async to None, run_after=None
[2024-10-02T00:01:42.719+0000] {processor.py:208} INFO - Processing /home/airflow/.local/lib/python3.12/site-packages/airflow/example_dags/example_time_delta_sensor_async.py took 0.049 seconds
[2024-10-02T00:02:13.315+0000] {processor.py:186} INFO - Started process (PID=35438) to work on /home/airflow/.local/lib/python3.12/site-packages/airflow/example_dags/example_time_delta_sensor_async.py
[2024-10-02T00:02:13.316+0000] {processor.py:914} INFO - Processing file /home/airflow/.local/lib/python3.12/site-packages/airflow/example_dags/example_time_delta_sensor_async.py for tasks to queue
[2024-10-02T00:02:13.317+0000] {logging_mixin.py:190} INFO - [2024-10-02T00:02:13.317+0000] {dagbag.py:588} INFO - Filling up the DagBag from /home/airflow/.local/lib/python3.12/site-packages/airflow/example_dags/example_time_delta_sensor_async.py
[2024-10-02T00:02:13.321+0000] {processor.py:925} INFO - DAG(s) 'example_time_delta_sensor_async' retrieved from /home/airflow/.local/lib/python3.12/site-packages/airflow/example_dags/example_time_delta_sensor_async.py
[2024-10-02T00:02:13.335+0000] {logging_mixin.py:190} INFO - [2024-10-02T00:02:13.335+0000] {dag.py:3239} INFO - Sync 1 DAGs
[2024-10-02T00:02:13.345+0000] {logging_mixin.py:190} INFO - [2024-10-02T00:02:13.345+0000] {dag.py:4180} INFO - Setting next_dagrun for example_time_delta_sensor_async to None, run_after=None
[2024-10-02T00:02:13.353+0000] {processor.py:208} INFO - Processing /home/airflow/.local/lib/python3.12/site-packages/airflow/example_dags/example_time_delta_sensor_async.py took 0.041 seconds
[2024-10-02T00:02:44.101+0000] {processor.py:186} INFO - Started process (PID=35501) to work on /home/airflow/.local/lib/python3.12/site-packages/airflow/example_dags/example_time_delta_sensor_async.py
[2024-10-02T00:02:44.102+0000] {processor.py:914} INFO - Processing file /home/airflow/.local/lib/python3.12/site-packages/airflow/example_dags/example_time_delta_sensor_async.py for tasks to queue
[2024-10-02T00:02:44.104+0000] {logging_mixin.py:190} INFO - [2024-10-02T00:02:44.104+0000] {dagbag.py:588} INFO - Filling up the DagBag from /home/airflow/.local/lib/python3.12/site-packages/airflow/example_dags/example_time_delta_sensor_async.py
[2024-10-02T00:02:44.108+0000] {processor.py:925} INFO - DAG(s) 'example_time_delta_sensor_async' retrieved from /home/airflow/.local/lib/python3.12/site-packages/airflow/example_dags/example_time_delta_sensor_async.py
[2024-10-02T00:02:44.130+0000] {logging_mixin.py:190} INFO - [2024-10-02T00:02:44.130+0000] {dag.py:3239} INFO - Sync 1 DAGs
[2024-10-02T00:02:44.138+0000] {logging_mixin.py:190} INFO - [2024-10-02T00:02:44.138+0000] {dag.py:4180} INFO - Setting next_dagrun for example_time_delta_sensor_async to None, run_after=None
[2024-10-02T00:02:44.148+0000] {processor.py:208} INFO - Processing /home/airflow/.local/lib/python3.12/site-packages/airflow/example_dags/example_time_delta_sensor_async.py took 0.051 seconds
[2024-10-02T00:03:14.920+0000] {processor.py:186} INFO - Started process (PID=35564) to work on /home/airflow/.local/lib/python3.12/site-packages/airflow/example_dags/example_time_delta_sensor_async.py
[2024-10-02T00:03:14.921+0000] {processor.py:914} INFO - Processing file /home/airflow/.local/lib/python3.12/site-packages/airflow/example_dags/example_time_delta_sensor_async.py for tasks to queue
[2024-10-02T00:03:14.922+0000] {logging_mixin.py:190} INFO - [2024-10-02T00:03:14.922+0000] {dagbag.py:588} INFO - Filling up the DagBag from /home/airflow/.local/lib/python3.12/site-packages/airflow/example_dags/example_time_delta_sensor_async.py
[2024-10-02T00:03:14.925+0000] {processor.py:925} INFO - DAG(s) 'example_time_delta_sensor_async' retrieved from /home/airflow/.local/lib/python3.12/site-packages/airflow/example_dags/example_time_delta_sensor_async.py
[2024-10-02T00:03:14.940+0000] {logging_mixin.py:190} INFO - [2024-10-02T00:03:14.940+0000] {dag.py:3239} INFO - Sync 1 DAGs
[2024-10-02T00:03:14.951+0000] {logging_mixin.py:190} INFO - [2024-10-02T00:03:14.951+0000] {dag.py:4180} INFO - Setting next_dagrun for example_time_delta_sensor_async to None, run_after=None
[2024-10-02T00:03:14.962+0000] {processor.py:208} INFO - Processing /home/airflow/.local/lib/python3.12/site-packages/airflow/example_dags/example_time_delta_sensor_async.py took 0.045 seconds
[2024-10-02T00:03:45.715+0000] {processor.py:186} INFO - Started process (PID=35628) to work on /home/airflow/.local/lib/python3.12/site-packages/airflow/example_dags/example_time_delta_sensor_async.py
[2024-10-02T00:03:45.716+0000] {processor.py:914} INFO - Processing file /home/airflow/.local/lib/python3.12/site-packages/airflow/example_dags/example_time_delta_sensor_async.py for tasks to queue
[2024-10-02T00:03:45.717+0000] {logging_mixin.py:190} INFO - [2024-10-02T00:03:45.717+0000] {dagbag.py:588} INFO - Filling up the DagBag from /home/airflow/.local/lib/python3.12/site-packages/airflow/example_dags/example_time_delta_sensor_async.py
[2024-10-02T00:03:45.722+0000] {processor.py:925} INFO - DAG(s) 'example_time_delta_sensor_async' retrieved from /home/airflow/.local/lib/python3.12/site-packages/airflow/example_dags/example_time_delta_sensor_async.py
[2024-10-02T00:03:45.735+0000] {logging_mixin.py:190} INFO - [2024-10-02T00:03:45.735+0000] {dag.py:3239} INFO - Sync 1 DAGs
[2024-10-02T00:03:45.741+0000] {logging_mixin.py:190} INFO - [2024-10-02T00:03:45.741+0000] {dag.py:4180} INFO - Setting next_dagrun for example_time_delta_sensor_async to None, run_after=None
[2024-10-02T00:03:45.755+0000] {processor.py:208} INFO - Processing /home/airflow/.local/lib/python3.12/site-packages/airflow/example_dags/example_time_delta_sensor_async.py took 0.043 seconds
[2024-10-02T00:04:16.365+0000] {processor.py:186} INFO - Started process (PID=35691) to work on /home/airflow/.local/lib/python3.12/site-packages/airflow/example_dags/example_time_delta_sensor_async.py
[2024-10-02T00:04:16.366+0000] {processor.py:914} INFO - Processing file /home/airflow/.local/lib/python3.12/site-packages/airflow/example_dags/example_time_delta_sensor_async.py for tasks to queue
[2024-10-02T00:04:16.370+0000] {logging_mixin.py:190} INFO - [2024-10-02T00:04:16.369+0000] {dagbag.py:588} INFO - Filling up the DagBag from /home/airflow/.local/lib/python3.12/site-packages/airflow/example_dags/example_time_delta_sensor_async.py
[2024-10-02T00:04:16.373+0000] {processor.py:925} INFO - DAG(s) 'example_time_delta_sensor_async' retrieved from /home/airflow/.local/lib/python3.12/site-packages/airflow/example_dags/example_time_delta_sensor_async.py
[2024-10-02T00:04:16.385+0000] {logging_mixin.py:190} INFO - [2024-10-02T00:04:16.385+0000] {dag.py:3239} INFO - Sync 1 DAGs
[2024-10-02T00:04:16.393+0000] {logging_mixin.py:190} INFO - [2024-10-02T00:04:16.393+0000] {dag.py:4180} INFO - Setting next_dagrun for example_time_delta_sensor_async to None, run_after=None
[2024-10-02T00:04:16.407+0000] {processor.py:208} INFO - Processing /home/airflow/.local/lib/python3.12/site-packages/airflow/example_dags/example_time_delta_sensor_async.py took 0.045 seconds
