[2024-10-02T00:00:28.778+0000] {processor.py:186} INFO - Started process (PID=35206) to work on /home/airflow/.local/lib/python3.12/site-packages/airflow/example_dags/example_subdag_operator.py
[2024-10-02T00:00:28.784+0000] {processor.py:914} INFO - Processing file /home/airflow/.local/lib/python3.12/site-packages/airflow/example_dags/example_subdag_operator.py for tasks to queue
[2024-10-02T00:00:28.791+0000] {logging_mixin.py:190} INFO - [2024-10-02T00:00:28.790+0000] {dagbag.py:588} INFO - Filling up the DagBag from /home/airflow/.local/lib/python3.12/site-packages/airflow/example_dags/example_subdag_operator.py
[2024-10-02T00:00:28.845+0000] {processor.py:925} INFO - DAG(s) 'example_subdag_operator.section-1', 'example_subdag_operator.section-2', 'example_subdag_operator' retrieved from /home/airflow/.local/lib/python3.12/site-packages/airflow/example_dags/example_subdag_operator.py
[2024-10-02T00:00:28.860+0000] {logging_mixin.py:190} INFO - [2024-10-02T00:00:28.860+0000] {dag.py:3239} INFO - Sync 3 DAGs
[2024-10-02T00:00:28.895+0000] {logging_mixin.py:190} INFO - [2024-10-02T00:00:28.894+0000] {dag.py:4180} INFO - Setting next_dagrun for example_subdag_operator to 2022-01-01 00:00:00+00:00, run_after=2022-01-01 00:00:00+00:00
[2024-10-02T00:00:28.897+0000] {logging_mixin.py:190} INFO - [2024-10-02T00:00:28.897+0000] {dag.py:4180} INFO - Setting next_dagrun for example_subdag_operator.section-1 to None, run_after=None
[2024-10-02T00:00:28.901+0000] {logging_mixin.py:190} INFO - [2024-10-02T00:00:28.901+0000] {dag.py:4180} INFO - Setting next_dagrun for example_subdag_operator.section-2 to None, run_after=None
[2024-10-02T00:00:28.909+0000] {logging_mixin.py:190} INFO - [2024-10-02T00:00:28.909+0000] {dag.py:3239} INFO - Sync 2 DAGs
[2024-10-02T00:00:28.913+0000] {logging_mixin.py:190} INFO - [2024-10-02T00:00:28.913+0000] {dag.py:4180} INFO - Setting next_dagrun for example_subdag_operator.section-1 to None, run_after=None
[2024-10-02T00:00:28.913+0000] {logging_mixin.py:190} INFO - [2024-10-02T00:00:28.913+0000] {dag.py:4180} INFO - Setting next_dagrun for example_subdag_operator.section-2 to None, run_after=None
[2024-10-02T00:00:28.921+0000] {processor.py:208} INFO - Processing /home/airflow/.local/lib/python3.12/site-packages/airflow/example_dags/example_subdag_operator.py took 0.153 seconds
[2024-10-02T00:00:59.763+0000] {processor.py:186} INFO - Started process (PID=35269) to work on /home/airflow/.local/lib/python3.12/site-packages/airflow/example_dags/example_subdag_operator.py
[2024-10-02T00:00:59.765+0000] {processor.py:914} INFO - Processing file /home/airflow/.local/lib/python3.12/site-packages/airflow/example_dags/example_subdag_operator.py for tasks to queue
[2024-10-02T00:00:59.770+0000] {logging_mixin.py:190} INFO - [2024-10-02T00:00:59.769+0000] {dagbag.py:588} INFO - Filling up the DagBag from /home/airflow/.local/lib/python3.12/site-packages/airflow/example_dags/example_subdag_operator.py
[2024-10-02T00:00:59.820+0000] {processor.py:925} INFO - DAG(s) 'example_subdag_operator.section-1', 'example_subdag_operator.section-2', 'example_subdag_operator' retrieved from /home/airflow/.local/lib/python3.12/site-packages/airflow/example_dags/example_subdag_operator.py
[2024-10-02T00:00:59.838+0000] {logging_mixin.py:190} INFO - [2024-10-02T00:00:59.837+0000] {dag.py:3239} INFO - Sync 3 DAGs
[2024-10-02T00:00:59.861+0000] {logging_mixin.py:190} INFO - [2024-10-02T00:00:59.861+0000] {dag.py:4180} INFO - Setting next_dagrun for example_subdag_operator to 2022-01-01 00:00:00+00:00, run_after=2022-01-01 00:00:00+00:00
[2024-10-02T00:00:59.863+0000] {logging_mixin.py:190} INFO - [2024-10-02T00:00:59.863+0000] {dag.py:4180} INFO - Setting next_dagrun for example_subdag_operator.section-1 to None, run_after=None
[2024-10-02T00:00:59.863+0000] {logging_mixin.py:190} INFO - [2024-10-02T00:00:59.863+0000] {dag.py:4180} INFO - Setting next_dagrun for example_subdag_operator.section-2 to None, run_after=None
[2024-10-02T00:00:59.868+0000] {logging_mixin.py:190} INFO - [2024-10-02T00:00:59.868+0000] {dag.py:3239} INFO - Sync 2 DAGs
[2024-10-02T00:00:59.871+0000] {logging_mixin.py:190} INFO - [2024-10-02T00:00:59.871+0000] {dag.py:4180} INFO - Setting next_dagrun for example_subdag_operator.section-1 to None, run_after=None
[2024-10-02T00:00:59.871+0000] {logging_mixin.py:190} INFO - [2024-10-02T00:00:59.871+0000] {dag.py:4180} INFO - Setting next_dagrun for example_subdag_operator.section-2 to None, run_after=None
[2024-10-02T00:00:59.883+0000] {processor.py:208} INFO - Processing /home/airflow/.local/lib/python3.12/site-packages/airflow/example_dags/example_subdag_operator.py took 0.130 seconds
[2024-10-02T00:01:30.745+0000] {processor.py:186} INFO - Started process (PID=35332) to work on /home/airflow/.local/lib/python3.12/site-packages/airflow/example_dags/example_subdag_operator.py
[2024-10-02T00:01:30.748+0000] {processor.py:914} INFO - Processing file /home/airflow/.local/lib/python3.12/site-packages/airflow/example_dags/example_subdag_operator.py for tasks to queue
[2024-10-02T00:01:30.755+0000] {logging_mixin.py:190} INFO - [2024-10-02T00:01:30.753+0000] {dagbag.py:588} INFO - Filling up the DagBag from /home/airflow/.local/lib/python3.12/site-packages/airflow/example_dags/example_subdag_operator.py
[2024-10-02T00:01:30.810+0000] {processor.py:925} INFO - DAG(s) 'example_subdag_operator.section-1', 'example_subdag_operator.section-2', 'example_subdag_operator' retrieved from /home/airflow/.local/lib/python3.12/site-packages/airflow/example_dags/example_subdag_operator.py
[2024-10-02T00:01:30.839+0000] {logging_mixin.py:190} INFO - [2024-10-02T00:01:30.839+0000] {dag.py:3239} INFO - Sync 3 DAGs
[2024-10-02T00:01:30.863+0000] {logging_mixin.py:190} INFO - [2024-10-02T00:01:30.863+0000] {dag.py:4180} INFO - Setting next_dagrun for example_subdag_operator to 2022-01-01 00:00:00+00:00, run_after=2022-01-01 00:00:00+00:00
[2024-10-02T00:01:30.866+0000] {logging_mixin.py:190} INFO - [2024-10-02T00:01:30.866+0000] {dag.py:4180} INFO - Setting next_dagrun for example_subdag_operator.section-1 to None, run_after=None
[2024-10-02T00:01:30.867+0000] {logging_mixin.py:190} INFO - [2024-10-02T00:01:30.867+0000] {dag.py:4180} INFO - Setting next_dagrun for example_subdag_operator.section-2 to None, run_after=None
[2024-10-02T00:01:30.874+0000] {logging_mixin.py:190} INFO - [2024-10-02T00:01:30.874+0000] {dag.py:3239} INFO - Sync 2 DAGs
[2024-10-02T00:01:30.880+0000] {logging_mixin.py:190} INFO - [2024-10-02T00:01:30.879+0000] {dag.py:4180} INFO - Setting next_dagrun for example_subdag_operator.section-1 to None, run_after=None
[2024-10-02T00:01:30.880+0000] {logging_mixin.py:190} INFO - [2024-10-02T00:01:30.880+0000] {dag.py:4180} INFO - Setting next_dagrun for example_subdag_operator.section-2 to None, run_after=None
[2024-10-02T00:01:30.896+0000] {processor.py:208} INFO - Processing /home/airflow/.local/lib/python3.12/site-packages/airflow/example_dags/example_subdag_operator.py took 0.159 seconds
[2024-10-02T00:02:01.738+0000] {processor.py:186} INFO - Started process (PID=35395) to work on /home/airflow/.local/lib/python3.12/site-packages/airflow/example_dags/example_subdag_operator.py
[2024-10-02T00:02:01.744+0000] {processor.py:914} INFO - Processing file /home/airflow/.local/lib/python3.12/site-packages/airflow/example_dags/example_subdag_operator.py for tasks to queue
[2024-10-02T00:02:01.748+0000] {logging_mixin.py:190} INFO - [2024-10-02T00:02:01.748+0000] {dagbag.py:588} INFO - Filling up the DagBag from /home/airflow/.local/lib/python3.12/site-packages/airflow/example_dags/example_subdag_operator.py
[2024-10-02T00:02:01.802+0000] {processor.py:925} INFO - DAG(s) 'example_subdag_operator.section-1', 'example_subdag_operator.section-2', 'example_subdag_operator' retrieved from /home/airflow/.local/lib/python3.12/site-packages/airflow/example_dags/example_subdag_operator.py
[2024-10-02T00:02:01.817+0000] {logging_mixin.py:190} INFO - [2024-10-02T00:02:01.817+0000] {dag.py:3239} INFO - Sync 3 DAGs
[2024-10-02T00:02:01.840+0000] {logging_mixin.py:190} INFO - [2024-10-02T00:02:01.840+0000] {dag.py:4180} INFO - Setting next_dagrun for example_subdag_operator to 2022-01-01 00:00:00+00:00, run_after=2022-01-01 00:00:00+00:00
[2024-10-02T00:02:01.843+0000] {logging_mixin.py:190} INFO - [2024-10-02T00:02:01.843+0000] {dag.py:4180} INFO - Setting next_dagrun for example_subdag_operator.section-1 to None, run_after=None
[2024-10-02T00:02:01.843+0000] {logging_mixin.py:190} INFO - [2024-10-02T00:02:01.843+0000] {dag.py:4180} INFO - Setting next_dagrun for example_subdag_operator.section-2 to None, run_after=None
[2024-10-02T00:02:01.850+0000] {logging_mixin.py:190} INFO - [2024-10-02T00:02:01.850+0000] {dag.py:3239} INFO - Sync 2 DAGs
[2024-10-02T00:02:01.860+0000] {logging_mixin.py:190} INFO - [2024-10-02T00:02:01.859+0000] {dag.py:4180} INFO - Setting next_dagrun for example_subdag_operator.section-1 to None, run_after=None
[2024-10-02T00:02:01.860+0000] {logging_mixin.py:190} INFO - [2024-10-02T00:02:01.860+0000] {dag.py:4180} INFO - Setting next_dagrun for example_subdag_operator.section-2 to None, run_after=None
[2024-10-02T00:02:01.868+0000] {processor.py:208} INFO - Processing /home/airflow/.local/lib/python3.12/site-packages/airflow/example_dags/example_subdag_operator.py took 0.158 seconds
[2024-10-02T00:02:32.295+0000] {processor.py:186} INFO - Started process (PID=35464) to work on /home/airflow/.local/lib/python3.12/site-packages/airflow/example_dags/example_subdag_operator.py
[2024-10-02T00:02:32.297+0000] {processor.py:914} INFO - Processing file /home/airflow/.local/lib/python3.12/site-packages/airflow/example_dags/example_subdag_operator.py for tasks to queue
[2024-10-02T00:02:32.302+0000] {logging_mixin.py:190} INFO - [2024-10-02T00:02:32.301+0000] {dagbag.py:588} INFO - Filling up the DagBag from /home/airflow/.local/lib/python3.12/site-packages/airflow/example_dags/example_subdag_operator.py
[2024-10-02T00:02:32.348+0000] {processor.py:925} INFO - DAG(s) 'example_subdag_operator.section-1', 'example_subdag_operator.section-2', 'example_subdag_operator' retrieved from /home/airflow/.local/lib/python3.12/site-packages/airflow/example_dags/example_subdag_operator.py
[2024-10-02T00:02:32.361+0000] {logging_mixin.py:190} INFO - [2024-10-02T00:02:32.361+0000] {dag.py:3239} INFO - Sync 3 DAGs
[2024-10-02T00:02:32.380+0000] {logging_mixin.py:190} INFO - [2024-10-02T00:02:32.379+0000] {dag.py:4180} INFO - Setting next_dagrun for example_subdag_operator to 2022-01-01 00:00:00+00:00, run_after=2022-01-01 00:00:00+00:00
[2024-10-02T00:02:32.382+0000] {logging_mixin.py:190} INFO - [2024-10-02T00:02:32.382+0000] {dag.py:4180} INFO - Setting next_dagrun for example_subdag_operator.section-1 to None, run_after=None
[2024-10-02T00:02:32.382+0000] {logging_mixin.py:190} INFO - [2024-10-02T00:02:32.382+0000] {dag.py:4180} INFO - Setting next_dagrun for example_subdag_operator.section-2 to None, run_after=None
[2024-10-02T00:02:32.389+0000] {logging_mixin.py:190} INFO - [2024-10-02T00:02:32.389+0000] {dag.py:3239} INFO - Sync 2 DAGs
[2024-10-02T00:02:32.394+0000] {logging_mixin.py:190} INFO - [2024-10-02T00:02:32.394+0000] {dag.py:4180} INFO - Setting next_dagrun for example_subdag_operator.section-1 to None, run_after=None
[2024-10-02T00:02:32.394+0000] {logging_mixin.py:190} INFO - [2024-10-02T00:02:32.394+0000] {dag.py:4180} INFO - Setting next_dagrun for example_subdag_operator.section-2 to None, run_after=None
[2024-10-02T00:02:32.403+0000] {processor.py:208} INFO - Processing /home/airflow/.local/lib/python3.12/site-packages/airflow/example_dags/example_subdag_operator.py took 0.118 seconds
[2024-10-02T00:03:03.322+0000] {processor.py:186} INFO - Started process (PID=35527) to work on /home/airflow/.local/lib/python3.12/site-packages/airflow/example_dags/example_subdag_operator.py
[2024-10-02T00:03:03.325+0000] {processor.py:914} INFO - Processing file /home/airflow/.local/lib/python3.12/site-packages/airflow/example_dags/example_subdag_operator.py for tasks to queue
[2024-10-02T00:03:03.328+0000] {logging_mixin.py:190} INFO - [2024-10-02T00:03:03.328+0000] {dagbag.py:588} INFO - Filling up the DagBag from /home/airflow/.local/lib/python3.12/site-packages/airflow/example_dags/example_subdag_operator.py
[2024-10-02T00:03:03.373+0000] {processor.py:925} INFO - DAG(s) 'example_subdag_operator.section-1', 'example_subdag_operator.section-2', 'example_subdag_operator' retrieved from /home/airflow/.local/lib/python3.12/site-packages/airflow/example_dags/example_subdag_operator.py
[2024-10-02T00:03:03.383+0000] {logging_mixin.py:190} INFO - [2024-10-02T00:03:03.383+0000] {dag.py:3239} INFO - Sync 3 DAGs
[2024-10-02T00:03:03.401+0000] {logging_mixin.py:190} INFO - [2024-10-02T00:03:03.400+0000] {dag.py:4180} INFO - Setting next_dagrun for example_subdag_operator to 2022-01-01 00:00:00+00:00, run_after=2022-01-01 00:00:00+00:00
[2024-10-02T00:03:03.404+0000] {logging_mixin.py:190} INFO - [2024-10-02T00:03:03.404+0000] {dag.py:4180} INFO - Setting next_dagrun for example_subdag_operator.section-1 to None, run_after=None
[2024-10-02T00:03:03.408+0000] {logging_mixin.py:190} INFO - [2024-10-02T00:03:03.408+0000] {dag.py:4180} INFO - Setting next_dagrun for example_subdag_operator.section-2 to None, run_after=None
[2024-10-02T00:03:03.413+0000] {logging_mixin.py:190} INFO - [2024-10-02T00:03:03.413+0000] {dag.py:3239} INFO - Sync 2 DAGs
[2024-10-02T00:03:03.416+0000] {logging_mixin.py:190} INFO - [2024-10-02T00:03:03.416+0000] {dag.py:4180} INFO - Setting next_dagrun for example_subdag_operator.section-1 to None, run_after=None
[2024-10-02T00:03:03.416+0000] {logging_mixin.py:190} INFO - [2024-10-02T00:03:03.416+0000] {dag.py:4180} INFO - Setting next_dagrun for example_subdag_operator.section-2 to None, run_after=None
[2024-10-02T00:03:03.426+0000] {processor.py:208} INFO - Processing /home/airflow/.local/lib/python3.12/site-packages/airflow/example_dags/example_subdag_operator.py took 0.112 seconds
[2024-10-02T00:03:34.059+0000] {processor.py:186} INFO - Started process (PID=35591) to work on /home/airflow/.local/lib/python3.12/site-packages/airflow/example_dags/example_subdag_operator.py
[2024-10-02T00:03:34.062+0000] {processor.py:914} INFO - Processing file /home/airflow/.local/lib/python3.12/site-packages/airflow/example_dags/example_subdag_operator.py for tasks to queue
[2024-10-02T00:03:34.066+0000] {logging_mixin.py:190} INFO - [2024-10-02T00:03:34.066+0000] {dagbag.py:588} INFO - Filling up the DagBag from /home/airflow/.local/lib/python3.12/site-packages/airflow/example_dags/example_subdag_operator.py
[2024-10-02T00:03:34.115+0000] {processor.py:925} INFO - DAG(s) 'example_subdag_operator.section-1', 'example_subdag_operator.section-2', 'example_subdag_operator' retrieved from /home/airflow/.local/lib/python3.12/site-packages/airflow/example_dags/example_subdag_operator.py
[2024-10-02T00:03:34.129+0000] {logging_mixin.py:190} INFO - [2024-10-02T00:03:34.128+0000] {dag.py:3239} INFO - Sync 3 DAGs
[2024-10-02T00:03:34.149+0000] {logging_mixin.py:190} INFO - [2024-10-02T00:03:34.149+0000] {dag.py:4180} INFO - Setting next_dagrun for example_subdag_operator to 2022-01-01 00:00:00+00:00, run_after=2022-01-01 00:00:00+00:00
[2024-10-02T00:03:34.154+0000] {logging_mixin.py:190} INFO - [2024-10-02T00:03:34.154+0000] {dag.py:4180} INFO - Setting next_dagrun for example_subdag_operator.section-1 to None, run_after=None
[2024-10-02T00:03:34.155+0000] {logging_mixin.py:190} INFO - [2024-10-02T00:03:34.155+0000] {dag.py:4180} INFO - Setting next_dagrun for example_subdag_operator.section-2 to None, run_after=None
[2024-10-02T00:03:34.164+0000] {logging_mixin.py:190} INFO - [2024-10-02T00:03:34.164+0000] {dag.py:3239} INFO - Sync 2 DAGs
[2024-10-02T00:03:34.170+0000] {logging_mixin.py:190} INFO - [2024-10-02T00:03:34.170+0000] {dag.py:4180} INFO - Setting next_dagrun for example_subdag_operator.section-1 to None, run_after=None
[2024-10-02T00:03:34.174+0000] {logging_mixin.py:190} INFO - [2024-10-02T00:03:34.174+0000] {dag.py:4180} INFO - Setting next_dagrun for example_subdag_operator.section-2 to None, run_after=None
[2024-10-02T00:03:34.181+0000] {processor.py:208} INFO - Processing /home/airflow/.local/lib/python3.12/site-packages/airflow/example_dags/example_subdag_operator.py took 0.139 seconds
[2024-10-02T00:04:04.831+0000] {processor.py:186} INFO - Started process (PID=35654) to work on /home/airflow/.local/lib/python3.12/site-packages/airflow/example_dags/example_subdag_operator.py
[2024-10-02T00:04:04.834+0000] {processor.py:914} INFO - Processing file /home/airflow/.local/lib/python3.12/site-packages/airflow/example_dags/example_subdag_operator.py for tasks to queue
[2024-10-02T00:04:04.837+0000] {logging_mixin.py:190} INFO - [2024-10-02T00:04:04.837+0000] {dagbag.py:588} INFO - Filling up the DagBag from /home/airflow/.local/lib/python3.12/site-packages/airflow/example_dags/example_subdag_operator.py
[2024-10-02T00:04:04.888+0000] {processor.py:925} INFO - DAG(s) 'example_subdag_operator.section-1', 'example_subdag_operator.section-2', 'example_subdag_operator' retrieved from /home/airflow/.local/lib/python3.12/site-packages/airflow/example_dags/example_subdag_operator.py
[2024-10-02T00:04:04.901+0000] {logging_mixin.py:190} INFO - [2024-10-02T00:04:04.901+0000] {dag.py:3239} INFO - Sync 3 DAGs
[2024-10-02T00:04:04.928+0000] {logging_mixin.py:190} INFO - [2024-10-02T00:04:04.928+0000] {dag.py:4180} INFO - Setting next_dagrun for example_subdag_operator to 2022-01-01 00:00:00+00:00, run_after=2022-01-01 00:00:00+00:00
[2024-10-02T00:04:04.931+0000] {logging_mixin.py:190} INFO - [2024-10-02T00:04:04.931+0000] {dag.py:4180} INFO - Setting next_dagrun for example_subdag_operator.section-1 to None, run_after=None
[2024-10-02T00:04:04.933+0000] {logging_mixin.py:190} INFO - [2024-10-02T00:04:04.933+0000] {dag.py:4180} INFO - Setting next_dagrun for example_subdag_operator.section-2 to None, run_after=None
[2024-10-02T00:04:04.939+0000] {logging_mixin.py:190} INFO - [2024-10-02T00:04:04.939+0000] {dag.py:3239} INFO - Sync 2 DAGs
[2024-10-02T00:04:04.942+0000] {logging_mixin.py:190} INFO - [2024-10-02T00:04:04.942+0000] {dag.py:4180} INFO - Setting next_dagrun for example_subdag_operator.section-1 to None, run_after=None
[2024-10-02T00:04:04.942+0000] {logging_mixin.py:190} INFO - [2024-10-02T00:04:04.942+0000] {dag.py:4180} INFO - Setting next_dagrun for example_subdag_operator.section-2 to None, run_after=None
[2024-10-02T00:04:04.949+0000] {processor.py:208} INFO - Processing /home/airflow/.local/lib/python3.12/site-packages/airflow/example_dags/example_subdag_operator.py took 0.137 seconds
