[2024-10-02T00:00:08.999+0000] {processor.py:186} INFO - Started process (PID=35182) to work on /home/airflow/.local/lib/python3.12/site-packages/airflow/example_dags/example_local_kubernetes_executor.py
[2024-10-02T00:00:09.000+0000] {processor.py:914} INFO - Processing file /home/airflow/.local/lib/python3.12/site-packages/airflow/example_dags/example_local_kubernetes_executor.py for tasks to queue
[2024-10-02T00:00:09.002+0000] {logging_mixin.py:190} INFO - [2024-10-02T00:00:09.002+0000] {dagbag.py:588} INFO - Filling up the DagBag from /home/airflow/.local/lib/python3.12/site-packages/airflow/example_dags/example_local_kubernetes_executor.py
[2024-10-02T00:00:09.010+0000] {processor.py:925} INFO - DAG(s) 'example_local_kubernetes_executor' retrieved from /home/airflow/.local/lib/python3.12/site-packages/airflow/example_dags/example_local_kubernetes_executor.py
[2024-10-02T00:00:09.045+0000] {logging_mixin.py:190} INFO - [2024-10-02T00:00:09.045+0000] {dag.py:3239} INFO - Sync 1 DAGs
[2024-10-02T00:00:09.055+0000] {logging_mixin.py:190} INFO - [2024-10-02T00:00:09.055+0000] {dag.py:4180} INFO - Setting next_dagrun for example_local_kubernetes_executor to None, run_after=None
[2024-10-02T00:00:09.066+0000] {processor.py:208} INFO - Processing /home/airflow/.local/lib/python3.12/site-packages/airflow/example_dags/example_local_kubernetes_executor.py took 0.072 seconds
[2024-10-02T00:00:39.522+0000] {processor.py:186} INFO - Started process (PID=35245) to work on /home/airflow/.local/lib/python3.12/site-packages/airflow/example_dags/example_local_kubernetes_executor.py
[2024-10-02T00:00:39.522+0000] {processor.py:914} INFO - Processing file /home/airflow/.local/lib/python3.12/site-packages/airflow/example_dags/example_local_kubernetes_executor.py for tasks to queue
[2024-10-02T00:00:39.525+0000] {logging_mixin.py:190} INFO - [2024-10-02T00:00:39.525+0000] {dagbag.py:588} INFO - Filling up the DagBag from /home/airflow/.local/lib/python3.12/site-packages/airflow/example_dags/example_local_kubernetes_executor.py
[2024-10-02T00:00:39.530+0000] {processor.py:925} INFO - DAG(s) 'example_local_kubernetes_executor' retrieved from /home/airflow/.local/lib/python3.12/site-packages/airflow/example_dags/example_local_kubernetes_executor.py
[2024-10-02T00:00:39.551+0000] {logging_mixin.py:190} INFO - [2024-10-02T00:00:39.551+0000] {dag.py:3239} INFO - Sync 1 DAGs
[2024-10-02T00:00:39.557+0000] {logging_mixin.py:190} INFO - [2024-10-02T00:00:39.557+0000] {dag.py:4180} INFO - Setting next_dagrun for example_local_kubernetes_executor to None, run_after=None
[2024-10-02T00:00:39.567+0000] {processor.py:208} INFO - Processing /home/airflow/.local/lib/python3.12/site-packages/airflow/example_dags/example_local_kubernetes_executor.py took 0.047 seconds
[2024-10-02T00:01:10.482+0000] {processor.py:186} INFO - Started process (PID=35308) to work on /home/airflow/.local/lib/python3.12/site-packages/airflow/example_dags/example_local_kubernetes_executor.py
[2024-10-02T00:01:10.483+0000] {processor.py:914} INFO - Processing file /home/airflow/.local/lib/python3.12/site-packages/airflow/example_dags/example_local_kubernetes_executor.py for tasks to queue
[2024-10-02T00:01:10.484+0000] {logging_mixin.py:190} INFO - [2024-10-02T00:01:10.484+0000] {dagbag.py:588} INFO - Filling up the DagBag from /home/airflow/.local/lib/python3.12/site-packages/airflow/example_dags/example_local_kubernetes_executor.py
[2024-10-02T00:01:10.493+0000] {processor.py:925} INFO - DAG(s) 'example_local_kubernetes_executor' retrieved from /home/airflow/.local/lib/python3.12/site-packages/airflow/example_dags/example_local_kubernetes_executor.py
[2024-10-02T00:01:10.531+0000] {logging_mixin.py:190} INFO - [2024-10-02T00:01:10.531+0000] {dag.py:3239} INFO - Sync 1 DAGs
[2024-10-02T00:01:10.541+0000] {logging_mixin.py:190} INFO - [2024-10-02T00:01:10.541+0000] {dag.py:4180} INFO - Setting next_dagrun for example_local_kubernetes_executor to None, run_after=None
[2024-10-02T00:01:10.555+0000] {processor.py:208} INFO - Processing /home/airflow/.local/lib/python3.12/site-packages/airflow/example_dags/example_local_kubernetes_executor.py took 0.076 seconds
[2024-10-02T00:01:41.570+0000] {processor.py:186} INFO - Started process (PID=35371) to work on /home/airflow/.local/lib/python3.12/site-packages/airflow/example_dags/example_local_kubernetes_executor.py
[2024-10-02T00:01:41.570+0000] {processor.py:914} INFO - Processing file /home/airflow/.local/lib/python3.12/site-packages/airflow/example_dags/example_local_kubernetes_executor.py for tasks to queue
[2024-10-02T00:01:41.572+0000] {logging_mixin.py:190} INFO - [2024-10-02T00:01:41.571+0000] {dagbag.py:588} INFO - Filling up the DagBag from /home/airflow/.local/lib/python3.12/site-packages/airflow/example_dags/example_local_kubernetes_executor.py
[2024-10-02T00:01:41.578+0000] {processor.py:925} INFO - DAG(s) 'example_local_kubernetes_executor' retrieved from /home/airflow/.local/lib/python3.12/site-packages/airflow/example_dags/example_local_kubernetes_executor.py
[2024-10-02T00:01:41.619+0000] {logging_mixin.py:190} INFO - [2024-10-02T00:01:41.619+0000] {dag.py:3239} INFO - Sync 1 DAGs
[2024-10-02T00:01:41.627+0000] {logging_mixin.py:190} INFO - [2024-10-02T00:01:41.627+0000] {dag.py:4180} INFO - Setting next_dagrun for example_local_kubernetes_executor to None, run_after=None
[2024-10-02T00:01:41.638+0000] {processor.py:208} INFO - Processing /home/airflow/.local/lib/python3.12/site-packages/airflow/example_dags/example_local_kubernetes_executor.py took 0.071 seconds
[2024-10-02T00:02:12.195+0000] {processor.py:186} INFO - Started process (PID=35434) to work on /home/airflow/.local/lib/python3.12/site-packages/airflow/example_dags/example_local_kubernetes_executor.py
[2024-10-02T00:02:12.196+0000] {processor.py:914} INFO - Processing file /home/airflow/.local/lib/python3.12/site-packages/airflow/example_dags/example_local_kubernetes_executor.py for tasks to queue
[2024-10-02T00:02:12.197+0000] {logging_mixin.py:190} INFO - [2024-10-02T00:02:12.197+0000] {dagbag.py:588} INFO - Filling up the DagBag from /home/airflow/.local/lib/python3.12/site-packages/airflow/example_dags/example_local_kubernetes_executor.py
[2024-10-02T00:02:12.202+0000] {processor.py:925} INFO - DAG(s) 'example_local_kubernetes_executor' retrieved from /home/airflow/.local/lib/python3.12/site-packages/airflow/example_dags/example_local_kubernetes_executor.py
[2024-10-02T00:02:12.222+0000] {logging_mixin.py:190} INFO - [2024-10-02T00:02:12.221+0000] {dag.py:3239} INFO - Sync 1 DAGs
[2024-10-02T00:02:12.227+0000] {logging_mixin.py:190} INFO - [2024-10-02T00:02:12.227+0000] {dag.py:4180} INFO - Setting next_dagrun for example_local_kubernetes_executor to None, run_after=None
[2024-10-02T00:02:12.234+0000] {processor.py:208} INFO - Processing /home/airflow/.local/lib/python3.12/site-packages/airflow/example_dags/example_local_kubernetes_executor.py took 0.041 seconds
[2024-10-02T00:02:42.919+0000] {processor.py:186} INFO - Started process (PID=35497) to work on /home/airflow/.local/lib/python3.12/site-packages/airflow/example_dags/example_local_kubernetes_executor.py
[2024-10-02T00:02:42.920+0000] {processor.py:914} INFO - Processing file /home/airflow/.local/lib/python3.12/site-packages/airflow/example_dags/example_local_kubernetes_executor.py for tasks to queue
[2024-10-02T00:02:42.921+0000] {logging_mixin.py:190} INFO - [2024-10-02T00:02:42.921+0000] {dagbag.py:588} INFO - Filling up the DagBag from /home/airflow/.local/lib/python3.12/site-packages/airflow/example_dags/example_local_kubernetes_executor.py
[2024-10-02T00:02:42.927+0000] {processor.py:925} INFO - DAG(s) 'example_local_kubernetes_executor' retrieved from /home/airflow/.local/lib/python3.12/site-packages/airflow/example_dags/example_local_kubernetes_executor.py
[2024-10-02T00:02:42.945+0000] {logging_mixin.py:190} INFO - [2024-10-02T00:02:42.945+0000] {dag.py:3239} INFO - Sync 1 DAGs
[2024-10-02T00:02:42.953+0000] {logging_mixin.py:190} INFO - [2024-10-02T00:02:42.953+0000] {dag.py:4180} INFO - Setting next_dagrun for example_local_kubernetes_executor to None, run_after=None
[2024-10-02T00:02:42.966+0000] {processor.py:208} INFO - Processing /home/airflow/.local/lib/python3.12/site-packages/airflow/example_dags/example_local_kubernetes_executor.py took 0.050 seconds
[2024-10-02T00:03:13.757+0000] {processor.py:186} INFO - Started process (PID=35560) to work on /home/airflow/.local/lib/python3.12/site-packages/airflow/example_dags/example_local_kubernetes_executor.py
[2024-10-02T00:03:13.758+0000] {processor.py:914} INFO - Processing file /home/airflow/.local/lib/python3.12/site-packages/airflow/example_dags/example_local_kubernetes_executor.py for tasks to queue
[2024-10-02T00:03:13.759+0000] {logging_mixin.py:190} INFO - [2024-10-02T00:03:13.758+0000] {dagbag.py:588} INFO - Filling up the DagBag from /home/airflow/.local/lib/python3.12/site-packages/airflow/example_dags/example_local_kubernetes_executor.py
[2024-10-02T00:03:13.764+0000] {processor.py:925} INFO - DAG(s) 'example_local_kubernetes_executor' retrieved from /home/airflow/.local/lib/python3.12/site-packages/airflow/example_dags/example_local_kubernetes_executor.py
[2024-10-02T00:03:13.784+0000] {logging_mixin.py:190} INFO - [2024-10-02T00:03:13.784+0000] {dag.py:3239} INFO - Sync 1 DAGs
[2024-10-02T00:03:13.792+0000] {logging_mixin.py:190} INFO - [2024-10-02T00:03:13.792+0000] {dag.py:4180} INFO - Setting next_dagrun for example_local_kubernetes_executor to None, run_after=None
[2024-10-02T00:03:13.801+0000] {processor.py:208} INFO - Processing /home/airflow/.local/lib/python3.12/site-packages/airflow/example_dags/example_local_kubernetes_executor.py took 0.046 seconds
[2024-10-02T00:03:44.554+0000] {processor.py:186} INFO - Started process (PID=35624) to work on /home/airflow/.local/lib/python3.12/site-packages/airflow/example_dags/example_local_kubernetes_executor.py
[2024-10-02T00:03:44.556+0000] {processor.py:914} INFO - Processing file /home/airflow/.local/lib/python3.12/site-packages/airflow/example_dags/example_local_kubernetes_executor.py for tasks to queue
[2024-10-02T00:03:44.558+0000] {logging_mixin.py:190} INFO - [2024-10-02T00:03:44.558+0000] {dagbag.py:588} INFO - Filling up the DagBag from /home/airflow/.local/lib/python3.12/site-packages/airflow/example_dags/example_local_kubernetes_executor.py
[2024-10-02T00:03:44.564+0000] {processor.py:925} INFO - DAG(s) 'example_local_kubernetes_executor' retrieved from /home/airflow/.local/lib/python3.12/site-packages/airflow/example_dags/example_local_kubernetes_executor.py
[2024-10-02T00:03:44.578+0000] {logging_mixin.py:190} INFO - [2024-10-02T00:03:44.578+0000] {dag.py:3239} INFO - Sync 1 DAGs
[2024-10-02T00:03:44.584+0000] {logging_mixin.py:190} INFO - [2024-10-02T00:03:44.584+0000] {dag.py:4180} INFO - Setting next_dagrun for example_local_kubernetes_executor to None, run_after=None
[2024-10-02T00:03:44.592+0000] {processor.py:208} INFO - Processing /home/airflow/.local/lib/python3.12/site-packages/airflow/example_dags/example_local_kubernetes_executor.py took 0.041 seconds
[2024-10-02T00:04:15.200+0000] {processor.py:186} INFO - Started process (PID=35687) to work on /home/airflow/.local/lib/python3.12/site-packages/airflow/example_dags/example_local_kubernetes_executor.py
[2024-10-02T00:04:15.201+0000] {processor.py:914} INFO - Processing file /home/airflow/.local/lib/python3.12/site-packages/airflow/example_dags/example_local_kubernetes_executor.py for tasks to queue
[2024-10-02T00:04:15.202+0000] {logging_mixin.py:190} INFO - [2024-10-02T00:04:15.202+0000] {dagbag.py:588} INFO - Filling up the DagBag from /home/airflow/.local/lib/python3.12/site-packages/airflow/example_dags/example_local_kubernetes_executor.py
[2024-10-02T00:04:15.207+0000] {processor.py:925} INFO - DAG(s) 'example_local_kubernetes_executor' retrieved from /home/airflow/.local/lib/python3.12/site-packages/airflow/example_dags/example_local_kubernetes_executor.py
[2024-10-02T00:04:15.225+0000] {logging_mixin.py:190} INFO - [2024-10-02T00:04:15.225+0000] {dag.py:3239} INFO - Sync 1 DAGs
[2024-10-02T00:04:15.231+0000] {logging_mixin.py:190} INFO - [2024-10-02T00:04:15.231+0000] {dag.py:4180} INFO - Setting next_dagrun for example_local_kubernetes_executor to None, run_after=None
[2024-10-02T00:04:15.244+0000] {processor.py:208} INFO - Processing /home/airflow/.local/lib/python3.12/site-packages/airflow/example_dags/example_local_kubernetes_executor.py took 0.047 seconds
