[2024-10-02T00:00:10.244+0000] {processor.py:186} INFO - Started process (PID=35187) to work on /home/airflow/.local/lib/python3.12/site-packages/airflow/example_dags/example_python_decorator.py
[2024-10-02T00:00:10.245+0000] {processor.py:914} INFO - Processing file /home/airflow/.local/lib/python3.12/site-packages/airflow/example_dags/example_python_decorator.py for tasks to queue
[2024-10-02T00:00:10.246+0000] {logging_mixin.py:190} INFO - [2024-10-02T00:00:10.246+0000] {dagbag.py:588} INFO - Filling up the DagBag from /home/airflow/.local/lib/python3.12/site-packages/airflow/example_dags/example_python_decorator.py
[2024-10-02T00:00:10.257+0000] {processor.py:925} INFO - DAG(s) 'example_python_decorator' retrieved from /home/airflow/.local/lib/python3.12/site-packages/airflow/example_dags/example_python_decorator.py
[2024-10-02T00:00:10.275+0000] {logging_mixin.py:190} INFO - [2024-10-02T00:00:10.274+0000] {dag.py:3239} INFO - Sync 1 DAGs
[2024-10-02T00:00:10.293+0000] {logging_mixin.py:190} INFO - [2024-10-02T00:00:10.293+0000] {dag.py:4180} INFO - Setting next_dagrun for example_python_decorator to None, run_after=None
[2024-10-02T00:00:10.306+0000] {processor.py:208} INFO - Processing /home/airflow/.local/lib/python3.12/site-packages/airflow/example_dags/example_python_decorator.py took 0.066 seconds
[2024-10-02T00:00:40.746+0000] {processor.py:186} INFO - Started process (PID=35250) to work on /home/airflow/.local/lib/python3.12/site-packages/airflow/example_dags/example_python_decorator.py
[2024-10-02T00:00:40.749+0000] {processor.py:914} INFO - Processing file /home/airflow/.local/lib/python3.12/site-packages/airflow/example_dags/example_python_decorator.py for tasks to queue
[2024-10-02T00:00:40.750+0000] {logging_mixin.py:190} INFO - [2024-10-02T00:00:40.750+0000] {dagbag.py:588} INFO - Filling up the DagBag from /home/airflow/.local/lib/python3.12/site-packages/airflow/example_dags/example_python_decorator.py
[2024-10-02T00:00:40.764+0000] {processor.py:925} INFO - DAG(s) 'example_python_decorator' retrieved from /home/airflow/.local/lib/python3.12/site-packages/airflow/example_dags/example_python_decorator.py
[2024-10-02T00:00:40.778+0000] {logging_mixin.py:190} INFO - [2024-10-02T00:00:40.778+0000] {dag.py:3239} INFO - Sync 1 DAGs
[2024-10-02T00:00:40.785+0000] {logging_mixin.py:190} INFO - [2024-10-02T00:00:40.785+0000] {dag.py:4180} INFO - Setting next_dagrun for example_python_decorator to None, run_after=None
[2024-10-02T00:00:40.797+0000] {processor.py:208} INFO - Processing /home/airflow/.local/lib/python3.12/site-packages/airflow/example_dags/example_python_decorator.py took 0.054 seconds
[2024-10-02T00:01:11.694+0000] {processor.py:186} INFO - Started process (PID=35313) to work on /home/airflow/.local/lib/python3.12/site-packages/airflow/example_dags/example_python_decorator.py
[2024-10-02T00:01:11.695+0000] {processor.py:914} INFO - Processing file /home/airflow/.local/lib/python3.12/site-packages/airflow/example_dags/example_python_decorator.py for tasks to queue
[2024-10-02T00:01:11.696+0000] {logging_mixin.py:190} INFO - [2024-10-02T00:01:11.696+0000] {dagbag.py:588} INFO - Filling up the DagBag from /home/airflow/.local/lib/python3.12/site-packages/airflow/example_dags/example_python_decorator.py
[2024-10-02T00:01:11.705+0000] {processor.py:925} INFO - DAG(s) 'example_python_decorator' retrieved from /home/airflow/.local/lib/python3.12/site-packages/airflow/example_dags/example_python_decorator.py
[2024-10-02T00:01:11.716+0000] {logging_mixin.py:190} INFO - [2024-10-02T00:01:11.716+0000] {dag.py:3239} INFO - Sync 1 DAGs
[2024-10-02T00:01:11.723+0000] {logging_mixin.py:190} INFO - [2024-10-02T00:01:11.723+0000] {dag.py:4180} INFO - Setting next_dagrun for example_python_decorator to None, run_after=None
[2024-10-02T00:01:11.731+0000] {processor.py:208} INFO - Processing /home/airflow/.local/lib/python3.12/site-packages/airflow/example_dags/example_python_decorator.py took 0.040 seconds
[2024-10-02T00:01:42.683+0000] {processor.py:186} INFO - Started process (PID=35376) to work on /home/airflow/.local/lib/python3.12/site-packages/airflow/example_dags/example_python_decorator.py
[2024-10-02T00:01:42.684+0000] {processor.py:914} INFO - Processing file /home/airflow/.local/lib/python3.12/site-packages/airflow/example_dags/example_python_decorator.py for tasks to queue
[2024-10-02T00:01:42.685+0000] {logging_mixin.py:190} INFO - [2024-10-02T00:01:42.685+0000] {dagbag.py:588} INFO - Filling up the DagBag from /home/airflow/.local/lib/python3.12/site-packages/airflow/example_dags/example_python_decorator.py
[2024-10-02T00:01:42.696+0000] {processor.py:925} INFO - DAG(s) 'example_python_decorator' retrieved from /home/airflow/.local/lib/python3.12/site-packages/airflow/example_dags/example_python_decorator.py
[2024-10-02T00:01:42.715+0000] {logging_mixin.py:190} INFO - [2024-10-02T00:01:42.715+0000] {dag.py:3239} INFO - Sync 1 DAGs
[2024-10-02T00:01:42.726+0000] {logging_mixin.py:190} INFO - [2024-10-02T00:01:42.726+0000] {dag.py:4180} INFO - Setting next_dagrun for example_python_decorator to None, run_after=None
[2024-10-02T00:01:42.737+0000] {processor.py:208} INFO - Processing /home/airflow/.local/lib/python3.12/site-packages/airflow/example_dags/example_python_decorator.py took 0.058 seconds
[2024-10-02T00:02:13.326+0000] {processor.py:186} INFO - Started process (PID=35439) to work on /home/airflow/.local/lib/python3.12/site-packages/airflow/example_dags/example_python_decorator.py
[2024-10-02T00:02:13.327+0000] {processor.py:914} INFO - Processing file /home/airflow/.local/lib/python3.12/site-packages/airflow/example_dags/example_python_decorator.py for tasks to queue
[2024-10-02T00:02:13.333+0000] {logging_mixin.py:190} INFO - [2024-10-02T00:02:13.332+0000] {dagbag.py:588} INFO - Filling up the DagBag from /home/airflow/.local/lib/python3.12/site-packages/airflow/example_dags/example_python_decorator.py
[2024-10-02T00:02:13.343+0000] {processor.py:925} INFO - DAG(s) 'example_python_decorator' retrieved from /home/airflow/.local/lib/python3.12/site-packages/airflow/example_dags/example_python_decorator.py
[2024-10-02T00:02:13.354+0000] {logging_mixin.py:190} INFO - [2024-10-02T00:02:13.354+0000] {dag.py:3239} INFO - Sync 1 DAGs
[2024-10-02T00:02:13.365+0000] {logging_mixin.py:190} INFO - [2024-10-02T00:02:13.365+0000] {dag.py:4180} INFO - Setting next_dagrun for example_python_decorator to None, run_after=None
[2024-10-02T00:02:13.376+0000] {processor.py:208} INFO - Processing /home/airflow/.local/lib/python3.12/site-packages/airflow/example_dags/example_python_decorator.py took 0.053 seconds
[2024-10-02T00:02:44.109+0000] {processor.py:186} INFO - Started process (PID=35502) to work on /home/airflow/.local/lib/python3.12/site-packages/airflow/example_dags/example_python_decorator.py
[2024-10-02T00:02:44.110+0000] {processor.py:914} INFO - Processing file /home/airflow/.local/lib/python3.12/site-packages/airflow/example_dags/example_python_decorator.py for tasks to queue
[2024-10-02T00:02:44.112+0000] {logging_mixin.py:190} INFO - [2024-10-02T00:02:44.111+0000] {dagbag.py:588} INFO - Filling up the DagBag from /home/airflow/.local/lib/python3.12/site-packages/airflow/example_dags/example_python_decorator.py
[2024-10-02T00:02:44.130+0000] {processor.py:925} INFO - DAG(s) 'example_python_decorator' retrieved from /home/airflow/.local/lib/python3.12/site-packages/airflow/example_dags/example_python_decorator.py
[2024-10-02T00:02:44.148+0000] {logging_mixin.py:190} INFO - [2024-10-02T00:02:44.148+0000] {dag.py:3239} INFO - Sync 1 DAGs
[2024-10-02T00:02:44.173+0000] {logging_mixin.py:190} INFO - [2024-10-02T00:02:44.172+0000] {dag.py:4180} INFO - Setting next_dagrun for example_python_decorator to None, run_after=None
[2024-10-02T00:02:44.187+0000] {processor.py:208} INFO - Processing /home/airflow/.local/lib/python3.12/site-packages/airflow/example_dags/example_python_decorator.py took 0.082 seconds
[2024-10-02T00:03:14.929+0000] {processor.py:186} INFO - Started process (PID=35565) to work on /home/airflow/.local/lib/python3.12/site-packages/airflow/example_dags/example_python_decorator.py
[2024-10-02T00:03:14.930+0000] {processor.py:914} INFO - Processing file /home/airflow/.local/lib/python3.12/site-packages/airflow/example_dags/example_python_decorator.py for tasks to queue
[2024-10-02T00:03:14.931+0000] {logging_mixin.py:190} INFO - [2024-10-02T00:03:14.931+0000] {dagbag.py:588} INFO - Filling up the DagBag from /home/airflow/.local/lib/python3.12/site-packages/airflow/example_dags/example_python_decorator.py
[2024-10-02T00:03:14.940+0000] {processor.py:925} INFO - DAG(s) 'example_python_decorator' retrieved from /home/airflow/.local/lib/python3.12/site-packages/airflow/example_dags/example_python_decorator.py
[2024-10-02T00:03:14.955+0000] {logging_mixin.py:190} INFO - [2024-10-02T00:03:14.954+0000] {dag.py:3239} INFO - Sync 1 DAGs
[2024-10-02T00:03:14.960+0000] {logging_mixin.py:190} INFO - [2024-10-02T00:03:14.960+0000] {dag.py:4180} INFO - Setting next_dagrun for example_python_decorator to None, run_after=None
[2024-10-02T00:03:14.969+0000] {processor.py:208} INFO - Processing /home/airflow/.local/lib/python3.12/site-packages/airflow/example_dags/example_python_decorator.py took 0.043 seconds
[2024-10-02T00:03:45.723+0000] {processor.py:186} INFO - Started process (PID=35629) to work on /home/airflow/.local/lib/python3.12/site-packages/airflow/example_dags/example_python_decorator.py
[2024-10-02T00:03:45.724+0000] {processor.py:914} INFO - Processing file /home/airflow/.local/lib/python3.12/site-packages/airflow/example_dags/example_python_decorator.py for tasks to queue
[2024-10-02T00:03:45.725+0000] {logging_mixin.py:190} INFO - [2024-10-02T00:03:45.725+0000] {dagbag.py:588} INFO - Filling up the DagBag from /home/airflow/.local/lib/python3.12/site-packages/airflow/example_dags/example_python_decorator.py
[2024-10-02T00:03:45.736+0000] {processor.py:925} INFO - DAG(s) 'example_python_decorator' retrieved from /home/airflow/.local/lib/python3.12/site-packages/airflow/example_dags/example_python_decorator.py
[2024-10-02T00:03:45.755+0000] {logging_mixin.py:190} INFO - [2024-10-02T00:03:45.755+0000] {dag.py:3239} INFO - Sync 1 DAGs
[2024-10-02T00:03:45.765+0000] {logging_mixin.py:190} INFO - [2024-10-02T00:03:45.765+0000] {dag.py:4180} INFO - Setting next_dagrun for example_python_decorator to None, run_after=None
[2024-10-02T00:03:45.776+0000] {processor.py:208} INFO - Processing /home/airflow/.local/lib/python3.12/site-packages/airflow/example_dags/example_python_decorator.py took 0.057 seconds
[2024-10-02T00:04:16.372+0000] {processor.py:186} INFO - Started process (PID=35692) to work on /home/airflow/.local/lib/python3.12/site-packages/airflow/example_dags/example_python_decorator.py
[2024-10-02T00:04:16.373+0000] {processor.py:914} INFO - Processing file /home/airflow/.local/lib/python3.12/site-packages/airflow/example_dags/example_python_decorator.py for tasks to queue
[2024-10-02T00:04:16.375+0000] {logging_mixin.py:190} INFO - [2024-10-02T00:04:16.375+0000] {dagbag.py:588} INFO - Filling up the DagBag from /home/airflow/.local/lib/python3.12/site-packages/airflow/example_dags/example_python_decorator.py
[2024-10-02T00:04:16.383+0000] {processor.py:925} INFO - DAG(s) 'example_python_decorator' retrieved from /home/airflow/.local/lib/python3.12/site-packages/airflow/example_dags/example_python_decorator.py
[2024-10-02T00:04:16.400+0000] {logging_mixin.py:190} INFO - [2024-10-02T00:04:16.400+0000] {dag.py:3239} INFO - Sync 1 DAGs
[2024-10-02T00:04:16.408+0000] {logging_mixin.py:190} INFO - [2024-10-02T00:04:16.408+0000] {dag.py:4180} INFO - Setting next_dagrun for example_python_decorator to None, run_after=None
[2024-10-02T00:04:16.418+0000] {processor.py:208} INFO - Processing /home/airflow/.local/lib/python3.12/site-packages/airflow/example_dags/example_python_decorator.py took 0.049 seconds
