[2024-10-02T00:00:08.516+0000] {processor.py:186} INFO - Started process (PID=35171) to work on /home/airflow/.local/lib/python3.12/site-packages/airflow/example_dags/example_workday_timetable.py
[2024-10-02T00:00:08.518+0000] {processor.py:914} INFO - Processing file /home/airflow/.local/lib/python3.12/site-packages/airflow/example_dags/example_workday_timetable.py for tasks to queue
[2024-10-02T00:00:08.519+0000] {logging_mixin.py:190} INFO - [2024-10-02T00:00:08.519+0000] {dagbag.py:588} INFO - Filling up the DagBag from /home/airflow/.local/lib/python3.12/site-packages/airflow/example_dags/example_workday_timetable.py
[2024-10-02T00:00:08.524+0000] {processor.py:925} INFO - DAG(s) 'example_workday_timetable' retrieved from /home/airflow/.local/lib/python3.12/site-packages/airflow/example_dags/example_workday_timetable.py
[2024-10-02T00:00:08.547+0000] {logging_mixin.py:190} INFO - [2024-10-02T00:00:08.546+0000] {dag.py:3239} INFO - Sync 1 DAGs
[2024-10-02T00:00:08.612+0000] {logging_mixin.py:190} INFO - [2024-10-02T00:00:08.612+0000] {dag.py:4180} INFO - Setting next_dagrun for example_workday_timetable to 2021-01-04 00:00:00+00:00, run_after=2021-01-05 00:00:00+00:00
[2024-10-02T00:00:08.624+0000] {processor.py:208} INFO - Processing /home/airflow/.local/lib/python3.12/site-packages/airflow/example_dags/example_workday_timetable.py took 0.113 seconds
[2024-10-02T00:00:38.960+0000] {processor.py:186} INFO - Started process (PID=35234) to work on /home/airflow/.local/lib/python3.12/site-packages/airflow/example_dags/example_workday_timetable.py
[2024-10-02T00:00:38.961+0000] {processor.py:914} INFO - Processing file /home/airflow/.local/lib/python3.12/site-packages/airflow/example_dags/example_workday_timetable.py for tasks to queue
[2024-10-02T00:00:38.962+0000] {logging_mixin.py:190} INFO - [2024-10-02T00:00:38.962+0000] {dagbag.py:588} INFO - Filling up the DagBag from /home/airflow/.local/lib/python3.12/site-packages/airflow/example_dags/example_workday_timetable.py
[2024-10-02T00:00:38.965+0000] {processor.py:925} INFO - DAG(s) 'example_workday_timetable' retrieved from /home/airflow/.local/lib/python3.12/site-packages/airflow/example_dags/example_workday_timetable.py
[2024-10-02T00:00:38.976+0000] {logging_mixin.py:190} INFO - [2024-10-02T00:00:38.975+0000] {dag.py:3239} INFO - Sync 1 DAGs
[2024-10-02T00:00:39.008+0000] {logging_mixin.py:190} INFO - [2024-10-02T00:00:39.008+0000] {dag.py:4180} INFO - Setting next_dagrun for example_workday_timetable to 2021-01-04 00:00:00+00:00, run_after=2021-01-05 00:00:00+00:00
[2024-10-02T00:00:39.027+0000] {processor.py:208} INFO - Processing /home/airflow/.local/lib/python3.12/site-packages/airflow/example_dags/example_workday_timetable.py took 0.070 seconds
[2024-10-02T00:01:10.048+0000] {processor.py:186} INFO - Started process (PID=35297) to work on /home/airflow/.local/lib/python3.12/site-packages/airflow/example_dags/example_workday_timetable.py
[2024-10-02T00:01:10.049+0000] {processor.py:914} INFO - Processing file /home/airflow/.local/lib/python3.12/site-packages/airflow/example_dags/example_workday_timetable.py for tasks to queue
[2024-10-02T00:01:10.055+0000] {logging_mixin.py:190} INFO - [2024-10-02T00:01:10.054+0000] {dagbag.py:588} INFO - Filling up the DagBag from /home/airflow/.local/lib/python3.12/site-packages/airflow/example_dags/example_workday_timetable.py
[2024-10-02T00:01:10.057+0000] {processor.py:925} INFO - DAG(s) 'example_workday_timetable' retrieved from /home/airflow/.local/lib/python3.12/site-packages/airflow/example_dags/example_workday_timetable.py
[2024-10-02T00:01:10.069+0000] {logging_mixin.py:190} INFO - [2024-10-02T00:01:10.069+0000] {dag.py:3239} INFO - Sync 1 DAGs
[2024-10-02T00:01:10.111+0000] {logging_mixin.py:190} INFO - [2024-10-02T00:01:10.111+0000] {dag.py:4180} INFO - Setting next_dagrun for example_workday_timetable to 2021-01-04 00:00:00+00:00, run_after=2021-01-05 00:00:00+00:00
[2024-10-02T00:01:10.120+0000] {processor.py:208} INFO - Processing /home/airflow/.local/lib/python3.12/site-packages/airflow/example_dags/example_workday_timetable.py took 0.077 seconds
[2024-10-02T00:01:41.073+0000] {processor.py:186} INFO - Started process (PID=35360) to work on /home/airflow/.local/lib/python3.12/site-packages/airflow/example_dags/example_workday_timetable.py
[2024-10-02T00:01:41.074+0000] {processor.py:914} INFO - Processing file /home/airflow/.local/lib/python3.12/site-packages/airflow/example_dags/example_workday_timetable.py for tasks to queue
[2024-10-02T00:01:41.075+0000] {logging_mixin.py:190} INFO - [2024-10-02T00:01:41.075+0000] {dagbag.py:588} INFO - Filling up the DagBag from /home/airflow/.local/lib/python3.12/site-packages/airflow/example_dags/example_workday_timetable.py
[2024-10-02T00:01:41.078+0000] {processor.py:925} INFO - DAG(s) 'example_workday_timetable' retrieved from /home/airflow/.local/lib/python3.12/site-packages/airflow/example_dags/example_workday_timetable.py
[2024-10-02T00:01:41.091+0000] {logging_mixin.py:190} INFO - [2024-10-02T00:01:41.090+0000] {dag.py:3239} INFO - Sync 1 DAGs
[2024-10-02T00:01:41.134+0000] {logging_mixin.py:190} INFO - [2024-10-02T00:01:41.133+0000] {dag.py:4180} INFO - Setting next_dagrun for example_workday_timetable to 2021-01-04 00:00:00+00:00, run_after=2021-01-05 00:00:00+00:00
[2024-10-02T00:01:41.168+0000] {processor.py:208} INFO - Processing /home/airflow/.local/lib/python3.12/site-packages/airflow/example_dags/example_workday_timetable.py took 0.097 seconds
[2024-10-02T00:02:11.882+0000] {processor.py:186} INFO - Started process (PID=35423) to work on /home/airflow/.local/lib/python3.12/site-packages/airflow/example_dags/example_workday_timetable.py
[2024-10-02T00:02:11.883+0000] {processor.py:914} INFO - Processing file /home/airflow/.local/lib/python3.12/site-packages/airflow/example_dags/example_workday_timetable.py for tasks to queue
[2024-10-02T00:02:11.884+0000] {logging_mixin.py:190} INFO - [2024-10-02T00:02:11.884+0000] {dagbag.py:588} INFO - Filling up the DagBag from /home/airflow/.local/lib/python3.12/site-packages/airflow/example_dags/example_workday_timetable.py
[2024-10-02T00:02:11.887+0000] {processor.py:925} INFO - DAG(s) 'example_workday_timetable' retrieved from /home/airflow/.local/lib/python3.12/site-packages/airflow/example_dags/example_workday_timetable.py
[2024-10-02T00:02:11.895+0000] {logging_mixin.py:190} INFO - [2024-10-02T00:02:11.895+0000] {dag.py:3239} INFO - Sync 1 DAGs
[2024-10-02T00:02:11.929+0000] {logging_mixin.py:190} INFO - [2024-10-02T00:02:11.929+0000] {dag.py:4180} INFO - Setting next_dagrun for example_workday_timetable to 2021-01-04 00:00:00+00:00, run_after=2021-01-05 00:00:00+00:00
[2024-10-02T00:02:11.940+0000] {processor.py:208} INFO - Processing /home/airflow/.local/lib/python3.12/site-packages/airflow/example_dags/example_workday_timetable.py took 0.060 seconds
[2024-10-02T00:02:42.551+0000] {processor.py:186} INFO - Started process (PID=35486) to work on /home/airflow/.local/lib/python3.12/site-packages/airflow/example_dags/example_workday_timetable.py
[2024-10-02T00:02:42.552+0000] {processor.py:914} INFO - Processing file /home/airflow/.local/lib/python3.12/site-packages/airflow/example_dags/example_workday_timetable.py for tasks to queue
[2024-10-02T00:02:42.553+0000] {logging_mixin.py:190} INFO - [2024-10-02T00:02:42.553+0000] {dagbag.py:588} INFO - Filling up the DagBag from /home/airflow/.local/lib/python3.12/site-packages/airflow/example_dags/example_workday_timetable.py
[2024-10-02T00:02:42.556+0000] {processor.py:925} INFO - DAG(s) 'example_workday_timetable' retrieved from /home/airflow/.local/lib/python3.12/site-packages/airflow/example_dags/example_workday_timetable.py
[2024-10-02T00:02:42.568+0000] {logging_mixin.py:190} INFO - [2024-10-02T00:02:42.568+0000] {dag.py:3239} INFO - Sync 1 DAGs
[2024-10-02T00:02:42.600+0000] {logging_mixin.py:190} INFO - [2024-10-02T00:02:42.600+0000] {dag.py:4180} INFO - Setting next_dagrun for example_workday_timetable to 2021-01-04 00:00:00+00:00, run_after=2021-01-05 00:00:00+00:00
[2024-10-02T00:02:42.608+0000] {processor.py:208} INFO - Processing /home/airflow/.local/lib/python3.12/site-packages/airflow/example_dags/example_workday_timetable.py took 0.061 seconds
[2024-10-02T00:03:13.460+0000] {processor.py:186} INFO - Started process (PID=35549) to work on /home/airflow/.local/lib/python3.12/site-packages/airflow/example_dags/example_workday_timetable.py
[2024-10-02T00:03:13.460+0000] {processor.py:914} INFO - Processing file /home/airflow/.local/lib/python3.12/site-packages/airflow/example_dags/example_workday_timetable.py for tasks to queue
[2024-10-02T00:03:13.461+0000] {logging_mixin.py:190} INFO - [2024-10-02T00:03:13.461+0000] {dagbag.py:588} INFO - Filling up the DagBag from /home/airflow/.local/lib/python3.12/site-packages/airflow/example_dags/example_workday_timetable.py
[2024-10-02T00:03:13.464+0000] {processor.py:925} INFO - DAG(s) 'example_workday_timetable' retrieved from /home/airflow/.local/lib/python3.12/site-packages/airflow/example_dags/example_workday_timetable.py
[2024-10-02T00:03:13.473+0000] {logging_mixin.py:190} INFO - [2024-10-02T00:03:13.473+0000] {dag.py:3239} INFO - Sync 1 DAGs
[2024-10-02T00:03:13.517+0000] {logging_mixin.py:190} INFO - [2024-10-02T00:03:13.517+0000] {dag.py:4180} INFO - Setting next_dagrun for example_workday_timetable to 2021-01-04 00:00:00+00:00, run_after=2021-01-05 00:00:00+00:00
[2024-10-02T00:03:13.526+0000] {processor.py:208} INFO - Processing /home/airflow/.local/lib/python3.12/site-packages/airflow/example_dags/example_workday_timetable.py took 0.069 seconds
[2024-10-02T00:03:44.226+0000] {processor.py:186} INFO - Started process (PID=35613) to work on /home/airflow/.local/lib/python3.12/site-packages/airflow/example_dags/example_workday_timetable.py
[2024-10-02T00:03:44.227+0000] {processor.py:914} INFO - Processing file /home/airflow/.local/lib/python3.12/site-packages/airflow/example_dags/example_workday_timetable.py for tasks to queue
[2024-10-02T00:03:44.229+0000] {logging_mixin.py:190} INFO - [2024-10-02T00:03:44.229+0000] {dagbag.py:588} INFO - Filling up the DagBag from /home/airflow/.local/lib/python3.12/site-packages/airflow/example_dags/example_workday_timetable.py
[2024-10-02T00:03:44.232+0000] {processor.py:925} INFO - DAG(s) 'example_workday_timetable' retrieved from /home/airflow/.local/lib/python3.12/site-packages/airflow/example_dags/example_workday_timetable.py
[2024-10-02T00:03:44.243+0000] {logging_mixin.py:190} INFO - [2024-10-02T00:03:44.243+0000] {dag.py:3239} INFO - Sync 1 DAGs
[2024-10-02T00:03:44.273+0000] {logging_mixin.py:190} INFO - [2024-10-02T00:03:44.273+0000] {dag.py:4180} INFO - Setting next_dagrun for example_workday_timetable to 2021-01-04 00:00:00+00:00, run_after=2021-01-05 00:00:00+00:00
[2024-10-02T00:03:44.280+0000] {processor.py:208} INFO - Processing /home/airflow/.local/lib/python3.12/site-packages/airflow/example_dags/example_workday_timetable.py took 0.057 seconds
[2024-10-02T00:04:14.887+0000] {processor.py:186} INFO - Started process (PID=35676) to work on /home/airflow/.local/lib/python3.12/site-packages/airflow/example_dags/example_workday_timetable.py
[2024-10-02T00:04:14.888+0000] {processor.py:914} INFO - Processing file /home/airflow/.local/lib/python3.12/site-packages/airflow/example_dags/example_workday_timetable.py for tasks to queue
[2024-10-02T00:04:14.889+0000] {logging_mixin.py:190} INFO - [2024-10-02T00:04:14.889+0000] {dagbag.py:588} INFO - Filling up the DagBag from /home/airflow/.local/lib/python3.12/site-packages/airflow/example_dags/example_workday_timetable.py
[2024-10-02T00:04:14.891+0000] {processor.py:925} INFO - DAG(s) 'example_workday_timetable' retrieved from /home/airflow/.local/lib/python3.12/site-packages/airflow/example_dags/example_workday_timetable.py
[2024-10-02T00:04:14.900+0000] {logging_mixin.py:190} INFO - [2024-10-02T00:04:14.900+0000] {dag.py:3239} INFO - Sync 1 DAGs
[2024-10-02T00:04:14.934+0000] {logging_mixin.py:190} INFO - [2024-10-02T00:04:14.934+0000] {dag.py:4180} INFO - Setting next_dagrun for example_workday_timetable to 2021-01-04 00:00:00+00:00, run_after=2021-01-05 00:00:00+00:00
[2024-10-02T00:04:14.949+0000] {processor.py:208} INFO - Processing /home/airflow/.local/lib/python3.12/site-packages/airflow/example_dags/example_workday_timetable.py took 0.064 seconds
