[2024-10-02T00:00:08.841+0000] {processor.py:186} INFO - Started process (PID=35178) to work on /home/airflow/.local/lib/python3.12/site-packages/airflow/example_dags/example_sla_dag.py
[2024-10-02T00:00:08.841+0000] {processor.py:914} INFO - Processing file /home/airflow/.local/lib/python3.12/site-packages/airflow/example_dags/example_sla_dag.py for tasks to queue
[2024-10-02T00:00:08.843+0000] {logging_mixin.py:190} INFO - [2024-10-02T00:00:08.843+0000] {dagbag.py:588} INFO - Filling up the DagBag from /home/airflow/.local/lib/python3.12/site-packages/airflow/example_dags/example_sla_dag.py
[2024-10-02T00:00:08.853+0000] {processor.py:925} INFO - DAG(s) 'example_sla_dag' retrieved from /home/airflow/.local/lib/python3.12/site-packages/airflow/example_dags/example_sla_dag.py
[2024-10-02T00:00:08.862+0000] {logging_mixin.py:190} INFO - [2024-10-02T00:00:08.862+0000] {dag.py:3239} INFO - Sync 1 DAGs
[2024-10-02T00:00:08.876+0000] {logging_mixin.py:190} INFO - [2024-10-02T00:00:08.876+0000] {dag.py:4180} INFO - Setting next_dagrun for example_sla_dag to 2024-10-01 23:58:00+00:00, run_after=2024-10-02 00:00:00+00:00
[2024-10-02T00:00:08.883+0000] {processor.py:208} INFO - Processing /home/airflow/.local/lib/python3.12/site-packages/airflow/example_dags/example_sla_dag.py took 0.047 seconds
[2024-10-02T00:00:39.382+0000] {processor.py:186} INFO - Started process (PID=35241) to work on /home/airflow/.local/lib/python3.12/site-packages/airflow/example_dags/example_sla_dag.py
[2024-10-02T00:00:39.385+0000] {processor.py:914} INFO - Processing file /home/airflow/.local/lib/python3.12/site-packages/airflow/example_dags/example_sla_dag.py for tasks to queue
[2024-10-02T00:00:39.391+0000] {logging_mixin.py:190} INFO - [2024-10-02T00:00:39.390+0000] {dagbag.py:588} INFO - Filling up the DagBag from /home/airflow/.local/lib/python3.12/site-packages/airflow/example_dags/example_sla_dag.py
[2024-10-02T00:00:39.401+0000] {processor.py:925} INFO - DAG(s) 'example_sla_dag' retrieved from /home/airflow/.local/lib/python3.12/site-packages/airflow/example_dags/example_sla_dag.py
[2024-10-02T00:00:39.420+0000] {logging_mixin.py:190} INFO - [2024-10-02T00:00:39.420+0000] {dag.py:3239} INFO - Sync 1 DAGs
[2024-10-02T00:00:39.453+0000] {logging_mixin.py:190} INFO - [2024-10-02T00:00:39.453+0000] {dag.py:4180} INFO - Setting next_dagrun for example_sla_dag to 2024-10-01 23:58:00+00:00, run_after=2024-10-02 00:00:00+00:00
[2024-10-02T00:00:39.466+0000] {processor.py:208} INFO - Processing /home/airflow/.local/lib/python3.12/site-packages/airflow/example_dags/example_sla_dag.py took 0.093 seconds
[2024-10-02T00:01:10.338+0000] {processor.py:186} INFO - Started process (PID=35304) to work on /home/airflow/.local/lib/python3.12/site-packages/airflow/example_dags/example_sla_dag.py
[2024-10-02T00:01:10.339+0000] {processor.py:914} INFO - Processing file /home/airflow/.local/lib/python3.12/site-packages/airflow/example_dags/example_sla_dag.py for tasks to queue
[2024-10-02T00:01:10.341+0000] {logging_mixin.py:190} INFO - [2024-10-02T00:01:10.341+0000] {dagbag.py:588} INFO - Filling up the DagBag from /home/airflow/.local/lib/python3.12/site-packages/airflow/example_dags/example_sla_dag.py
[2024-10-02T00:01:10.350+0000] {processor.py:925} INFO - DAG(s) 'example_sla_dag' retrieved from /home/airflow/.local/lib/python3.12/site-packages/airflow/example_dags/example_sla_dag.py
[2024-10-02T00:01:10.371+0000] {logging_mixin.py:190} INFO - [2024-10-02T00:01:10.371+0000] {dag.py:3239} INFO - Sync 1 DAGs
[2024-10-02T00:01:10.394+0000] {logging_mixin.py:190} INFO - [2024-10-02T00:01:10.394+0000] {dag.py:4180} INFO - Setting next_dagrun for example_sla_dag to 2024-10-01 23:58:00+00:00, run_after=2024-10-02 00:00:00+00:00
[2024-10-02T00:01:10.405+0000] {processor.py:208} INFO - Processing /home/airflow/.local/lib/python3.12/site-packages/airflow/example_dags/example_sla_dag.py took 0.074 seconds
[2024-10-02T00:01:41.443+0000] {processor.py:186} INFO - Started process (PID=35367) to work on /home/airflow/.local/lib/python3.12/site-packages/airflow/example_dags/example_sla_dag.py
[2024-10-02T00:01:41.444+0000] {processor.py:914} INFO - Processing file /home/airflow/.local/lib/python3.12/site-packages/airflow/example_dags/example_sla_dag.py for tasks to queue
[2024-10-02T00:01:41.445+0000] {logging_mixin.py:190} INFO - [2024-10-02T00:01:41.445+0000] {dagbag.py:588} INFO - Filling up the DagBag from /home/airflow/.local/lib/python3.12/site-packages/airflow/example_dags/example_sla_dag.py
[2024-10-02T00:01:41.451+0000] {processor.py:925} INFO - DAG(s) 'example_sla_dag' retrieved from /home/airflow/.local/lib/python3.12/site-packages/airflow/example_dags/example_sla_dag.py
[2024-10-02T00:01:41.462+0000] {logging_mixin.py:190} INFO - [2024-10-02T00:01:41.462+0000] {dag.py:3239} INFO - Sync 1 DAGs
[2024-10-02T00:01:41.475+0000] {logging_mixin.py:190} INFO - [2024-10-02T00:01:41.475+0000] {dag.py:4180} INFO - Setting next_dagrun for example_sla_dag to 2024-10-01 23:58:00+00:00, run_after=2024-10-02 00:00:00+00:00
[2024-10-02T00:01:41.488+0000] {processor.py:208} INFO - Processing /home/airflow/.local/lib/python3.12/site-packages/airflow/example_dags/example_sla_dag.py took 0.049 seconds
[2024-10-02T00:02:12.096+0000] {processor.py:186} INFO - Started process (PID=35430) to work on /home/airflow/.local/lib/python3.12/site-packages/airflow/example_dags/example_sla_dag.py
[2024-10-02T00:02:12.096+0000] {processor.py:914} INFO - Processing file /home/airflow/.local/lib/python3.12/site-packages/airflow/example_dags/example_sla_dag.py for tasks to queue
[2024-10-02T00:02:12.097+0000] {logging_mixin.py:190} INFO - [2024-10-02T00:02:12.097+0000] {dagbag.py:588} INFO - Filling up the DagBag from /home/airflow/.local/lib/python3.12/site-packages/airflow/example_dags/example_sla_dag.py
[2024-10-02T00:02:12.102+0000] {processor.py:925} INFO - DAG(s) 'example_sla_dag' retrieved from /home/airflow/.local/lib/python3.12/site-packages/airflow/example_dags/example_sla_dag.py
[2024-10-02T00:02:12.114+0000] {logging_mixin.py:190} INFO - [2024-10-02T00:02:12.114+0000] {dag.py:3239} INFO - Sync 1 DAGs
[2024-10-02T00:02:12.123+0000] {logging_mixin.py:190} INFO - [2024-10-02T00:02:12.123+0000] {dag.py:4180} INFO - Setting next_dagrun for example_sla_dag to 2024-10-02 00:00:00+00:00, run_after=2024-10-02 00:02:00+00:00
[2024-10-02T00:02:12.129+0000] {processor.py:208} INFO - Processing /home/airflow/.local/lib/python3.12/site-packages/airflow/example_dags/example_sla_dag.py took 0.035 seconds
[2024-10-02T00:02:42.812+0000] {processor.py:186} INFO - Started process (PID=35493) to work on /home/airflow/.local/lib/python3.12/site-packages/airflow/example_dags/example_sla_dag.py
[2024-10-02T00:02:42.812+0000] {processor.py:914} INFO - Processing file /home/airflow/.local/lib/python3.12/site-packages/airflow/example_dags/example_sla_dag.py for tasks to queue
[2024-10-02T00:02:42.813+0000] {logging_mixin.py:190} INFO - [2024-10-02T00:02:42.813+0000] {dagbag.py:588} INFO - Filling up the DagBag from /home/airflow/.local/lib/python3.12/site-packages/airflow/example_dags/example_sla_dag.py
[2024-10-02T00:02:42.818+0000] {processor.py:925} INFO - DAG(s) 'example_sla_dag' retrieved from /home/airflow/.local/lib/python3.12/site-packages/airflow/example_dags/example_sla_dag.py
[2024-10-02T00:02:42.827+0000] {logging_mixin.py:190} INFO - [2024-10-02T00:02:42.827+0000] {dag.py:3239} INFO - Sync 1 DAGs
[2024-10-02T00:02:42.839+0000] {logging_mixin.py:190} INFO - [2024-10-02T00:02:42.839+0000] {dag.py:4180} INFO - Setting next_dagrun for example_sla_dag to 2024-10-02 00:00:00+00:00, run_after=2024-10-02 00:02:00+00:00
[2024-10-02T00:02:42.851+0000] {processor.py:208} INFO - Processing /home/airflow/.local/lib/python3.12/site-packages/airflow/example_dags/example_sla_dag.py took 0.042 seconds
[2024-10-02T00:03:13.650+0000] {processor.py:186} INFO - Started process (PID=35556) to work on /home/airflow/.local/lib/python3.12/site-packages/airflow/example_dags/example_sla_dag.py
[2024-10-02T00:03:13.651+0000] {processor.py:914} INFO - Processing file /home/airflow/.local/lib/python3.12/site-packages/airflow/example_dags/example_sla_dag.py for tasks to queue
[2024-10-02T00:03:13.652+0000] {logging_mixin.py:190} INFO - [2024-10-02T00:03:13.652+0000] {dagbag.py:588} INFO - Filling up the DagBag from /home/airflow/.local/lib/python3.12/site-packages/airflow/example_dags/example_sla_dag.py
[2024-10-02T00:03:13.657+0000] {processor.py:925} INFO - DAG(s) 'example_sla_dag' retrieved from /home/airflow/.local/lib/python3.12/site-packages/airflow/example_dags/example_sla_dag.py
[2024-10-02T00:03:13.670+0000] {logging_mixin.py:190} INFO - [2024-10-02T00:03:13.670+0000] {dag.py:3239} INFO - Sync 1 DAGs
[2024-10-02T00:03:13.680+0000] {logging_mixin.py:190} INFO - [2024-10-02T00:03:13.680+0000] {dag.py:4180} INFO - Setting next_dagrun for example_sla_dag to 2024-10-02 00:00:00+00:00, run_after=2024-10-02 00:02:00+00:00
[2024-10-02T00:03:13.690+0000] {processor.py:208} INFO - Processing /home/airflow/.local/lib/python3.12/site-packages/airflow/example_dags/example_sla_dag.py took 0.042 seconds
[2024-10-02T00:03:44.432+0000] {processor.py:186} INFO - Started process (PID=35620) to work on /home/airflow/.local/lib/python3.12/site-packages/airflow/example_dags/example_sla_dag.py
[2024-10-02T00:03:44.433+0000] {processor.py:914} INFO - Processing file /home/airflow/.local/lib/python3.12/site-packages/airflow/example_dags/example_sla_dag.py for tasks to queue
[2024-10-02T00:03:44.435+0000] {logging_mixin.py:190} INFO - [2024-10-02T00:03:44.435+0000] {dagbag.py:588} INFO - Filling up the DagBag from /home/airflow/.local/lib/python3.12/site-packages/airflow/example_dags/example_sla_dag.py
[2024-10-02T00:03:44.440+0000] {processor.py:925} INFO - DAG(s) 'example_sla_dag' retrieved from /home/airflow/.local/lib/python3.12/site-packages/airflow/example_dags/example_sla_dag.py
[2024-10-02T00:03:44.450+0000] {logging_mixin.py:190} INFO - [2024-10-02T00:03:44.450+0000] {dag.py:3239} INFO - Sync 1 DAGs
[2024-10-02T00:03:44.460+0000] {logging_mixin.py:190} INFO - [2024-10-02T00:03:44.460+0000] {dag.py:4180} INFO - Setting next_dagrun for example_sla_dag to 2024-10-02 00:00:00+00:00, run_after=2024-10-02 00:02:00+00:00
[2024-10-02T00:03:44.469+0000] {processor.py:208} INFO - Processing /home/airflow/.local/lib/python3.12/site-packages/airflow/example_dags/example_sla_dag.py took 0.039 seconds
[2024-10-02T00:04:15.085+0000] {processor.py:186} INFO - Started process (PID=35683) to work on /home/airflow/.local/lib/python3.12/site-packages/airflow/example_dags/example_sla_dag.py
[2024-10-02T00:04:15.086+0000] {processor.py:914} INFO - Processing file /home/airflow/.local/lib/python3.12/site-packages/airflow/example_dags/example_sla_dag.py for tasks to queue
[2024-10-02T00:04:15.088+0000] {logging_mixin.py:190} INFO - [2024-10-02T00:04:15.088+0000] {dagbag.py:588} INFO - Filling up the DagBag from /home/airflow/.local/lib/python3.12/site-packages/airflow/example_dags/example_sla_dag.py
[2024-10-02T00:04:15.092+0000] {processor.py:925} INFO - DAG(s) 'example_sla_dag' retrieved from /home/airflow/.local/lib/python3.12/site-packages/airflow/example_dags/example_sla_dag.py
[2024-10-02T00:04:15.104+0000] {logging_mixin.py:190} INFO - [2024-10-02T00:04:15.102+0000] {dag.py:3239} INFO - Sync 1 DAGs
[2024-10-02T00:04:15.115+0000] {logging_mixin.py:190} INFO - [2024-10-02T00:04:15.115+0000] {dag.py:4180} INFO - Setting next_dagrun for example_sla_dag to 2024-10-02 00:02:00+00:00, run_after=2024-10-02 00:04:00+00:00
[2024-10-02T00:04:15.127+0000] {processor.py:208} INFO - Processing /home/airflow/.local/lib/python3.12/site-packages/airflow/example_dags/example_sla_dag.py took 0.045 seconds
