[2024-10-02T00:00:07.426+0000] {processor.py:186} INFO - Started process (PID=35151) to work on /home/airflow/.local/lib/python3.12/site-packages/airflow/example_dags/example_datasets.py
[2024-10-02T00:00:07.430+0000] {processor.py:914} INFO - Processing file /home/airflow/.local/lib/python3.12/site-packages/airflow/example_dags/example_datasets.py for tasks to queue
[2024-10-02T00:00:07.444+0000] {logging_mixin.py:190} INFO - [2024-10-02T00:00:07.442+0000] {dagbag.py:588} INFO - Filling up the DagBag from /home/airflow/.local/lib/python3.12/site-packages/airflow/example_dags/example_datasets.py
[2024-10-02T00:00:07.583+0000] {processor.py:925} INFO - DAG(s) 'conditional_dataset_and_time_based_timetable', 'consume_1_and_2_with_dataset_expressions', 'dataset_consumes_1', 'consume_1_or_both_2_and_3_with_dataset_expressions', 'dataset_produces_1', 'dataset_consumes_1_never_scheduled', 'consume_1_or_2_with_dataset_expressions', 'dataset_consumes_unknown_never_scheduled', 'dataset_consumes_1_and_2', 'dataset_produces_2' retrieved from /home/airflow/.local/lib/python3.12/site-packages/airflow/example_dags/example_datasets.py
[2024-10-02T00:00:07.605+0000] {logging_mixin.py:190} INFO - [2024-10-02T00:00:07.605+0000] {dag.py:3239} INFO - Sync 10 DAGs
[2024-10-02T00:00:07.626+0000] {logging_mixin.py:190} INFO - [2024-10-02T00:00:07.626+0000] {dag.py:4180} INFO - Setting next_dagrun for conditional_dataset_and_time_based_timetable to 2024-09-25 01:00:00+00:00, run_after=2024-09-25 01:00:00+00:00
[2024-10-02T00:00:07.628+0000] {logging_mixin.py:190} INFO - [2024-10-02T00:00:07.628+0000] {dag.py:4180} INFO - Setting next_dagrun for consume_1_and_2_with_dataset_expressions to None, run_after=None
[2024-10-02T00:00:07.629+0000] {logging_mixin.py:190} INFO - [2024-10-02T00:00:07.629+0000] {dag.py:4180} INFO - Setting next_dagrun for consume_1_or_2_with_dataset_expressions to None, run_after=None
[2024-10-02T00:00:07.629+0000] {logging_mixin.py:190} INFO - [2024-10-02T00:00:07.629+0000] {dag.py:4180} INFO - Setting next_dagrun for consume_1_or_both_2_and_3_with_dataset_expressions to None, run_after=None
[2024-10-02T00:00:07.630+0000] {logging_mixin.py:190} INFO - [2024-10-02T00:00:07.629+0000] {dag.py:4180} INFO - Setting next_dagrun for dataset_consumes_1 to None, run_after=None
[2024-10-02T00:00:07.630+0000] {logging_mixin.py:190} INFO - [2024-10-02T00:00:07.630+0000] {dag.py:4180} INFO - Setting next_dagrun for dataset_consumes_1_and_2 to None, run_after=None
[2024-10-02T00:00:07.631+0000] {logging_mixin.py:190} INFO - [2024-10-02T00:00:07.630+0000] {dag.py:4180} INFO - Setting next_dagrun for dataset_consumes_1_never_scheduled to None, run_after=None
[2024-10-02T00:00:07.631+0000] {logging_mixin.py:190} INFO - [2024-10-02T00:00:07.631+0000] {dag.py:4180} INFO - Setting next_dagrun for dataset_consumes_unknown_never_scheduled to None, run_after=None
[2024-10-02T00:00:07.632+0000] {logging_mixin.py:190} INFO - [2024-10-02T00:00:07.632+0000] {dag.py:4180} INFO - Setting next_dagrun for dataset_produces_1 to 2024-10-01 00:00:00+00:00, run_after=2024-10-02 00:00:00+00:00
[2024-10-02T00:00:07.632+0000] {logging_mixin.py:190} INFO - [2024-10-02T00:00:07.632+0000] {dag.py:4180} INFO - Setting next_dagrun for dataset_produces_2 to None, run_after=None
[2024-10-02T00:00:07.648+0000] {processor.py:208} INFO - Processing /home/airflow/.local/lib/python3.12/site-packages/airflow/example_dags/example_datasets.py took 0.249 seconds
[2024-10-02T00:00:38.109+0000] {processor.py:186} INFO - Started process (PID=35214) to work on /home/airflow/.local/lib/python3.12/site-packages/airflow/example_dags/example_datasets.py
[2024-10-02T00:00:38.111+0000] {processor.py:914} INFO - Processing file /home/airflow/.local/lib/python3.12/site-packages/airflow/example_dags/example_datasets.py for tasks to queue
[2024-10-02T00:00:38.115+0000] {logging_mixin.py:190} INFO - [2024-10-02T00:00:38.115+0000] {dagbag.py:588} INFO - Filling up the DagBag from /home/airflow/.local/lib/python3.12/site-packages/airflow/example_dags/example_datasets.py
[2024-10-02T00:00:38.254+0000] {processor.py:925} INFO - DAG(s) 'dataset_consumes_1_never_scheduled', 'consume_1_and_2_with_dataset_expressions', 'dataset_produces_1', 'dataset_produces_2', 'dataset_consumes_unknown_never_scheduled', 'consume_1_or_both_2_and_3_with_dataset_expressions', 'dataset_consumes_1', 'conditional_dataset_and_time_based_timetable', 'dataset_consumes_1_and_2', 'consume_1_or_2_with_dataset_expressions' retrieved from /home/airflow/.local/lib/python3.12/site-packages/airflow/example_dags/example_datasets.py
[2024-10-02T00:00:38.293+0000] {logging_mixin.py:190} INFO - [2024-10-02T00:00:38.293+0000] {dag.py:3239} INFO - Sync 10 DAGs
[2024-10-02T00:00:38.316+0000] {logging_mixin.py:190} INFO - [2024-10-02T00:00:38.316+0000] {dag.py:4180} INFO - Setting next_dagrun for conditional_dataset_and_time_based_timetable to 2024-09-25 01:00:00+00:00, run_after=2024-09-25 01:00:00+00:00
[2024-10-02T00:00:38.318+0000] {logging_mixin.py:190} INFO - [2024-10-02T00:00:38.318+0000] {dag.py:4180} INFO - Setting next_dagrun for consume_1_and_2_with_dataset_expressions to None, run_after=None
[2024-10-02T00:00:38.320+0000] {logging_mixin.py:190} INFO - [2024-10-02T00:00:38.320+0000] {dag.py:4180} INFO - Setting next_dagrun for consume_1_or_2_with_dataset_expressions to None, run_after=None
[2024-10-02T00:00:38.322+0000] {logging_mixin.py:190} INFO - [2024-10-02T00:00:38.321+0000] {dag.py:4180} INFO - Setting next_dagrun for consume_1_or_both_2_and_3_with_dataset_expressions to None, run_after=None
[2024-10-02T00:00:38.323+0000] {logging_mixin.py:190} INFO - [2024-10-02T00:00:38.323+0000] {dag.py:4180} INFO - Setting next_dagrun for dataset_consumes_1 to None, run_after=None
[2024-10-02T00:00:38.323+0000] {logging_mixin.py:190} INFO - [2024-10-02T00:00:38.323+0000] {dag.py:4180} INFO - Setting next_dagrun for dataset_consumes_1_and_2 to None, run_after=None
[2024-10-02T00:00:38.324+0000] {logging_mixin.py:190} INFO - [2024-10-02T00:00:38.324+0000] {dag.py:4180} INFO - Setting next_dagrun for dataset_consumes_1_never_scheduled to None, run_after=None
[2024-10-02T00:00:38.325+0000] {logging_mixin.py:190} INFO - [2024-10-02T00:00:38.325+0000] {dag.py:4180} INFO - Setting next_dagrun for dataset_consumes_unknown_never_scheduled to None, run_after=None
[2024-10-02T00:00:38.325+0000] {logging_mixin.py:190} INFO - [2024-10-02T00:00:38.325+0000] {dag.py:4180} INFO - Setting next_dagrun for dataset_produces_1 to 2024-10-01 00:00:00+00:00, run_after=2024-10-02 00:00:00+00:00
[2024-10-02T00:00:38.326+0000] {logging_mixin.py:190} INFO - [2024-10-02T00:00:38.326+0000] {dag.py:4180} INFO - Setting next_dagrun for dataset_produces_2 to None, run_after=None
[2024-10-02T00:00:38.344+0000] {processor.py:208} INFO - Processing /home/airflow/.local/lib/python3.12/site-packages/airflow/example_dags/example_datasets.py took 0.245 seconds
[2024-10-02T00:01:09.143+0000] {processor.py:186} INFO - Started process (PID=35277) to work on /home/airflow/.local/lib/python3.12/site-packages/airflow/example_dags/example_datasets.py
[2024-10-02T00:01:09.150+0000] {processor.py:914} INFO - Processing file /home/airflow/.local/lib/python3.12/site-packages/airflow/example_dags/example_datasets.py for tasks to queue
[2024-10-02T00:01:09.161+0000] {logging_mixin.py:190} INFO - [2024-10-02T00:01:09.160+0000] {dagbag.py:588} INFO - Filling up the DagBag from /home/airflow/.local/lib/python3.12/site-packages/airflow/example_dags/example_datasets.py
[2024-10-02T00:01:09.312+0000] {processor.py:925} INFO - DAG(s) 'dataset_produces_1', 'dataset_consumes_1', 'consume_1_or_both_2_and_3_with_dataset_expressions', 'consume_1_and_2_with_dataset_expressions', 'conditional_dataset_and_time_based_timetable', 'dataset_produces_2', 'dataset_consumes_1_never_scheduled', 'consume_1_or_2_with_dataset_expressions', 'dataset_consumes_unknown_never_scheduled', 'dataset_consumes_1_and_2' retrieved from /home/airflow/.local/lib/python3.12/site-packages/airflow/example_dags/example_datasets.py
[2024-10-02T00:01:09.357+0000] {logging_mixin.py:190} INFO - [2024-10-02T00:01:09.357+0000] {dag.py:3239} INFO - Sync 10 DAGs
[2024-10-02T00:01:09.370+0000] {logging_mixin.py:190} INFO - [2024-10-02T00:01:09.370+0000] {dag.py:4180} INFO - Setting next_dagrun for conditional_dataset_and_time_based_timetable to 2024-09-25 01:00:00+00:00, run_after=2024-09-25 01:00:00+00:00
[2024-10-02T00:01:09.372+0000] {logging_mixin.py:190} INFO - [2024-10-02T00:01:09.372+0000] {dag.py:4180} INFO - Setting next_dagrun for consume_1_and_2_with_dataset_expressions to None, run_after=None
[2024-10-02T00:01:09.372+0000] {logging_mixin.py:190} INFO - [2024-10-02T00:01:09.372+0000] {dag.py:4180} INFO - Setting next_dagrun for consume_1_or_2_with_dataset_expressions to None, run_after=None
[2024-10-02T00:01:09.373+0000] {logging_mixin.py:190} INFO - [2024-10-02T00:01:09.373+0000] {dag.py:4180} INFO - Setting next_dagrun for consume_1_or_both_2_and_3_with_dataset_expressions to None, run_after=None
[2024-10-02T00:01:09.373+0000] {logging_mixin.py:190} INFO - [2024-10-02T00:01:09.373+0000] {dag.py:4180} INFO - Setting next_dagrun for dataset_consumes_1 to None, run_after=None
[2024-10-02T00:01:09.374+0000] {logging_mixin.py:190} INFO - [2024-10-02T00:01:09.374+0000] {dag.py:4180} INFO - Setting next_dagrun for dataset_consumes_1_and_2 to None, run_after=None
[2024-10-02T00:01:09.374+0000] {logging_mixin.py:190} INFO - [2024-10-02T00:01:09.374+0000] {dag.py:4180} INFO - Setting next_dagrun for dataset_consumes_1_never_scheduled to None, run_after=None
[2024-10-02T00:01:09.375+0000] {logging_mixin.py:190} INFO - [2024-10-02T00:01:09.375+0000] {dag.py:4180} INFO - Setting next_dagrun for dataset_consumes_unknown_never_scheduled to None, run_after=None
[2024-10-02T00:01:09.376+0000] {logging_mixin.py:190} INFO - [2024-10-02T00:01:09.376+0000] {dag.py:4180} INFO - Setting next_dagrun for dataset_produces_1 to 2024-10-01 00:00:00+00:00, run_after=2024-10-02 00:00:00+00:00
[2024-10-02T00:01:09.377+0000] {logging_mixin.py:190} INFO - [2024-10-02T00:01:09.376+0000] {dag.py:4180} INFO - Setting next_dagrun for dataset_produces_2 to None, run_after=None
[2024-10-02T00:01:09.391+0000] {processor.py:208} INFO - Processing /home/airflow/.local/lib/python3.12/site-packages/airflow/example_dags/example_datasets.py took 0.265 seconds
[2024-10-02T00:01:40.183+0000] {processor.py:186} INFO - Started process (PID=35340) to work on /home/airflow/.local/lib/python3.12/site-packages/airflow/example_dags/example_datasets.py
[2024-10-02T00:01:40.185+0000] {processor.py:914} INFO - Processing file /home/airflow/.local/lib/python3.12/site-packages/airflow/example_dags/example_datasets.py for tasks to queue
[2024-10-02T00:01:40.200+0000] {logging_mixin.py:190} INFO - [2024-10-02T00:01:40.200+0000] {dagbag.py:588} INFO - Filling up the DagBag from /home/airflow/.local/lib/python3.12/site-packages/airflow/example_dags/example_datasets.py
[2024-10-02T00:01:40.337+0000] {processor.py:925} INFO - DAG(s) 'consume_1_and_2_with_dataset_expressions', 'dataset_produces_1', 'dataset_consumes_1', 'dataset_consumes_unknown_never_scheduled', 'dataset_produces_2', 'consume_1_or_2_with_dataset_expressions', 'consume_1_or_both_2_and_3_with_dataset_expressions', 'conditional_dataset_and_time_based_timetable', 'dataset_consumes_1_never_scheduled', 'dataset_consumes_1_and_2' retrieved from /home/airflow/.local/lib/python3.12/site-packages/airflow/example_dags/example_datasets.py
[2024-10-02T00:01:40.389+0000] {logging_mixin.py:190} INFO - [2024-10-02T00:01:40.389+0000] {dag.py:3239} INFO - Sync 10 DAGs
[2024-10-02T00:01:40.404+0000] {logging_mixin.py:190} INFO - [2024-10-02T00:01:40.404+0000] {dag.py:4180} INFO - Setting next_dagrun for conditional_dataset_and_time_based_timetable to 2024-09-25 01:00:00+00:00, run_after=2024-09-25 01:00:00+00:00
[2024-10-02T00:01:40.407+0000] {logging_mixin.py:190} INFO - [2024-10-02T00:01:40.407+0000] {dag.py:4180} INFO - Setting next_dagrun for consume_1_and_2_with_dataset_expressions to None, run_after=None
[2024-10-02T00:01:40.408+0000] {logging_mixin.py:190} INFO - [2024-10-02T00:01:40.408+0000] {dag.py:4180} INFO - Setting next_dagrun for consume_1_or_2_with_dataset_expressions to None, run_after=None
[2024-10-02T00:01:40.409+0000] {logging_mixin.py:190} INFO - [2024-10-02T00:01:40.409+0000] {dag.py:4180} INFO - Setting next_dagrun for consume_1_or_both_2_and_3_with_dataset_expressions to None, run_after=None
[2024-10-02T00:01:40.410+0000] {logging_mixin.py:190} INFO - [2024-10-02T00:01:40.410+0000] {dag.py:4180} INFO - Setting next_dagrun for dataset_consumes_1 to None, run_after=None
[2024-10-02T00:01:40.411+0000] {logging_mixin.py:190} INFO - [2024-10-02T00:01:40.411+0000] {dag.py:4180} INFO - Setting next_dagrun for dataset_consumes_1_and_2 to None, run_after=None
[2024-10-02T00:01:40.412+0000] {logging_mixin.py:190} INFO - [2024-10-02T00:01:40.412+0000] {dag.py:4180} INFO - Setting next_dagrun for dataset_consumes_1_never_scheduled to None, run_after=None
[2024-10-02T00:01:40.413+0000] {logging_mixin.py:190} INFO - [2024-10-02T00:01:40.413+0000] {dag.py:4180} INFO - Setting next_dagrun for dataset_consumes_unknown_never_scheduled to None, run_after=None
[2024-10-02T00:01:40.414+0000] {logging_mixin.py:190} INFO - [2024-10-02T00:01:40.414+0000] {dag.py:4180} INFO - Setting next_dagrun for dataset_produces_1 to 2024-10-01 00:00:00+00:00, run_after=2024-10-02 00:00:00+00:00
[2024-10-02T00:01:40.415+0000] {logging_mixin.py:190} INFO - [2024-10-02T00:01:40.415+0000] {dag.py:4180} INFO - Setting next_dagrun for dataset_produces_2 to None, run_after=None
[2024-10-02T00:01:40.435+0000] {processor.py:208} INFO - Processing /home/airflow/.local/lib/python3.12/site-packages/airflow/example_dags/example_datasets.py took 0.264 seconds
[2024-10-02T00:02:11.128+0000] {processor.py:186} INFO - Started process (PID=35403) to work on /home/airflow/.local/lib/python3.12/site-packages/airflow/example_dags/example_datasets.py
[2024-10-02T00:02:11.131+0000] {processor.py:914} INFO - Processing file /home/airflow/.local/lib/python3.12/site-packages/airflow/example_dags/example_datasets.py for tasks to queue
[2024-10-02T00:02:11.136+0000] {logging_mixin.py:190} INFO - [2024-10-02T00:02:11.135+0000] {dagbag.py:588} INFO - Filling up the DagBag from /home/airflow/.local/lib/python3.12/site-packages/airflow/example_dags/example_datasets.py
[2024-10-02T00:02:11.283+0000] {processor.py:925} INFO - DAG(s) 'dataset_consumes_1_and_2', 'consume_1_or_both_2_and_3_with_dataset_expressions', 'dataset_consumes_unknown_never_scheduled', 'dataset_consumes_1_never_scheduled', 'dataset_produces_2', 'consume_1_and_2_with_dataset_expressions', 'conditional_dataset_and_time_based_timetable', 'dataset_produces_1', 'dataset_consumes_1', 'consume_1_or_2_with_dataset_expressions' retrieved from /home/airflow/.local/lib/python3.12/site-packages/airflow/example_dags/example_datasets.py
[2024-10-02T00:02:11.321+0000] {logging_mixin.py:190} INFO - [2024-10-02T00:02:11.321+0000] {dag.py:3239} INFO - Sync 10 DAGs
[2024-10-02T00:02:11.342+0000] {logging_mixin.py:190} INFO - [2024-10-02T00:02:11.342+0000] {dag.py:4180} INFO - Setting next_dagrun for conditional_dataset_and_time_based_timetable to 2024-09-25 01:00:00+00:00, run_after=2024-09-25 01:00:00+00:00
[2024-10-02T00:02:11.344+0000] {logging_mixin.py:190} INFO - [2024-10-02T00:02:11.344+0000] {dag.py:4180} INFO - Setting next_dagrun for consume_1_and_2_with_dataset_expressions to None, run_after=None
[2024-10-02T00:02:11.346+0000] {logging_mixin.py:190} INFO - [2024-10-02T00:02:11.346+0000] {dag.py:4180} INFO - Setting next_dagrun for consume_1_or_2_with_dataset_expressions to None, run_after=None
[2024-10-02T00:02:11.347+0000] {logging_mixin.py:190} INFO - [2024-10-02T00:02:11.347+0000] {dag.py:4180} INFO - Setting next_dagrun for consume_1_or_both_2_and_3_with_dataset_expressions to None, run_after=None
[2024-10-02T00:02:11.347+0000] {logging_mixin.py:190} INFO - [2024-10-02T00:02:11.347+0000] {dag.py:4180} INFO - Setting next_dagrun for dataset_consumes_1 to None, run_after=None
[2024-10-02T00:02:11.348+0000] {logging_mixin.py:190} INFO - [2024-10-02T00:02:11.348+0000] {dag.py:4180} INFO - Setting next_dagrun for dataset_consumes_1_and_2 to None, run_after=None
[2024-10-02T00:02:11.349+0000] {logging_mixin.py:190} INFO - [2024-10-02T00:02:11.349+0000] {dag.py:4180} INFO - Setting next_dagrun for dataset_consumes_1_never_scheduled to None, run_after=None
[2024-10-02T00:02:11.350+0000] {logging_mixin.py:190} INFO - [2024-10-02T00:02:11.350+0000] {dag.py:4180} INFO - Setting next_dagrun for dataset_consumes_unknown_never_scheduled to None, run_after=None
[2024-10-02T00:02:11.351+0000] {logging_mixin.py:190} INFO - [2024-10-02T00:02:11.351+0000] {dag.py:4180} INFO - Setting next_dagrun for dataset_produces_1 to 2024-10-01 00:00:00+00:00, run_after=2024-10-02 00:00:00+00:00
[2024-10-02T00:02:11.352+0000] {logging_mixin.py:190} INFO - [2024-10-02T00:02:11.352+0000] {dag.py:4180} INFO - Setting next_dagrun for dataset_produces_2 to None, run_after=None
[2024-10-02T00:02:11.369+0000] {processor.py:208} INFO - Processing /home/airflow/.local/lib/python3.12/site-packages/airflow/example_dags/example_datasets.py took 0.267 seconds
[2024-10-02T00:02:41.690+0000] {processor.py:186} INFO - Started process (PID=35466) to work on /home/airflow/.local/lib/python3.12/site-packages/airflow/example_dags/example_datasets.py
[2024-10-02T00:02:41.696+0000] {processor.py:914} INFO - Processing file /home/airflow/.local/lib/python3.12/site-packages/airflow/example_dags/example_datasets.py for tasks to queue
[2024-10-02T00:02:41.703+0000] {logging_mixin.py:190} INFO - [2024-10-02T00:02:41.702+0000] {dagbag.py:588} INFO - Filling up the DagBag from /home/airflow/.local/lib/python3.12/site-packages/airflow/example_dags/example_datasets.py
[2024-10-02T00:02:41.854+0000] {processor.py:925} INFO - DAG(s) 'dataset_consumes_1_and_2', 'conditional_dataset_and_time_based_timetable', 'dataset_produces_1', 'dataset_consumes_unknown_never_scheduled', 'consume_1_or_2_with_dataset_expressions', 'dataset_consumes_1', 'consume_1_and_2_with_dataset_expressions', 'consume_1_or_both_2_and_3_with_dataset_expressions', 'dataset_produces_2', 'dataset_consumes_1_never_scheduled' retrieved from /home/airflow/.local/lib/python3.12/site-packages/airflow/example_dags/example_datasets.py
[2024-10-02T00:02:41.894+0000] {logging_mixin.py:190} INFO - [2024-10-02T00:02:41.894+0000] {dag.py:3239} INFO - Sync 10 DAGs
[2024-10-02T00:02:41.914+0000] {logging_mixin.py:190} INFO - [2024-10-02T00:02:41.914+0000] {dag.py:4180} INFO - Setting next_dagrun for conditional_dataset_and_time_based_timetable to 2024-09-25 01:00:00+00:00, run_after=2024-09-25 01:00:00+00:00
[2024-10-02T00:02:41.916+0000] {logging_mixin.py:190} INFO - [2024-10-02T00:02:41.916+0000] {dag.py:4180} INFO - Setting next_dagrun for consume_1_and_2_with_dataset_expressions to None, run_after=None
[2024-10-02T00:02:41.918+0000] {logging_mixin.py:190} INFO - [2024-10-02T00:02:41.918+0000] {dag.py:4180} INFO - Setting next_dagrun for consume_1_or_2_with_dataset_expressions to None, run_after=None
[2024-10-02T00:02:41.918+0000] {logging_mixin.py:190} INFO - [2024-10-02T00:02:41.918+0000] {dag.py:4180} INFO - Setting next_dagrun for consume_1_or_both_2_and_3_with_dataset_expressions to None, run_after=None
[2024-10-02T00:02:41.919+0000] {logging_mixin.py:190} INFO - [2024-10-02T00:02:41.919+0000] {dag.py:4180} INFO - Setting next_dagrun for dataset_consumes_1 to None, run_after=None
[2024-10-02T00:02:41.921+0000] {logging_mixin.py:190} INFO - [2024-10-02T00:02:41.921+0000] {dag.py:4180} INFO - Setting next_dagrun for dataset_consumes_1_and_2 to None, run_after=None
[2024-10-02T00:02:41.923+0000] {logging_mixin.py:190} INFO - [2024-10-02T00:02:41.923+0000] {dag.py:4180} INFO - Setting next_dagrun for dataset_consumes_1_never_scheduled to None, run_after=None
[2024-10-02T00:02:41.924+0000] {logging_mixin.py:190} INFO - [2024-10-02T00:02:41.924+0000] {dag.py:4180} INFO - Setting next_dagrun for dataset_consumes_unknown_never_scheduled to None, run_after=None
[2024-10-02T00:02:41.925+0000] {logging_mixin.py:190} INFO - [2024-10-02T00:02:41.925+0000] {dag.py:4180} INFO - Setting next_dagrun for dataset_produces_1 to 2024-10-01 00:00:00+00:00, run_after=2024-10-02 00:00:00+00:00
[2024-10-02T00:02:41.926+0000] {logging_mixin.py:190} INFO - [2024-10-02T00:02:41.926+0000] {dag.py:4180} INFO - Setting next_dagrun for dataset_produces_2 to None, run_after=None
[2024-10-02T00:02:41.946+0000] {processor.py:208} INFO - Processing /home/airflow/.local/lib/python3.12/site-packages/airflow/example_dags/example_datasets.py took 0.288 seconds
[2024-10-02T00:03:12.668+0000] {processor.py:186} INFO - Started process (PID=35529) to work on /home/airflow/.local/lib/python3.12/site-packages/airflow/example_dags/example_datasets.py
[2024-10-02T00:03:12.673+0000] {processor.py:914} INFO - Processing file /home/airflow/.local/lib/python3.12/site-packages/airflow/example_dags/example_datasets.py for tasks to queue
[2024-10-02T00:03:12.683+0000] {logging_mixin.py:190} INFO - [2024-10-02T00:03:12.682+0000] {dagbag.py:588} INFO - Filling up the DagBag from /home/airflow/.local/lib/python3.12/site-packages/airflow/example_dags/example_datasets.py
[2024-10-02T00:03:12.807+0000] {processor.py:925} INFO - DAG(s) 'conditional_dataset_and_time_based_timetable', 'consume_1_or_2_with_dataset_expressions', 'dataset_consumes_1', 'consume_1_or_both_2_and_3_with_dataset_expressions', 'dataset_produces_2', 'dataset_consumes_1_and_2', 'dataset_consumes_1_never_scheduled', 'dataset_consumes_unknown_never_scheduled', 'consume_1_and_2_with_dataset_expressions', 'dataset_produces_1' retrieved from /home/airflow/.local/lib/python3.12/site-packages/airflow/example_dags/example_datasets.py
[2024-10-02T00:03:12.839+0000] {logging_mixin.py:190} INFO - [2024-10-02T00:03:12.839+0000] {dag.py:3239} INFO - Sync 10 DAGs
[2024-10-02T00:03:12.852+0000] {logging_mixin.py:190} INFO - [2024-10-02T00:03:12.852+0000] {dag.py:4180} INFO - Setting next_dagrun for conditional_dataset_and_time_based_timetable to 2024-09-25 01:00:00+00:00, run_after=2024-09-25 01:00:00+00:00
[2024-10-02T00:03:12.854+0000] {logging_mixin.py:190} INFO - [2024-10-02T00:03:12.854+0000] {dag.py:4180} INFO - Setting next_dagrun for consume_1_and_2_with_dataset_expressions to None, run_after=None
[2024-10-02T00:03:12.855+0000] {logging_mixin.py:190} INFO - [2024-10-02T00:03:12.855+0000] {dag.py:4180} INFO - Setting next_dagrun for consume_1_or_2_with_dataset_expressions to None, run_after=None
[2024-10-02T00:03:12.855+0000] {logging_mixin.py:190} INFO - [2024-10-02T00:03:12.855+0000] {dag.py:4180} INFO - Setting next_dagrun for consume_1_or_both_2_and_3_with_dataset_expressions to None, run_after=None
[2024-10-02T00:03:12.856+0000] {logging_mixin.py:190} INFO - [2024-10-02T00:03:12.856+0000] {dag.py:4180} INFO - Setting next_dagrun for dataset_consumes_1 to None, run_after=None
[2024-10-02T00:03:12.857+0000] {logging_mixin.py:190} INFO - [2024-10-02T00:03:12.857+0000] {dag.py:4180} INFO - Setting next_dagrun for dataset_consumes_1_and_2 to None, run_after=None
[2024-10-02T00:03:12.858+0000] {logging_mixin.py:190} INFO - [2024-10-02T00:03:12.858+0000] {dag.py:4180} INFO - Setting next_dagrun for dataset_consumes_1_never_scheduled to None, run_after=None
[2024-10-02T00:03:12.859+0000] {logging_mixin.py:190} INFO - [2024-10-02T00:03:12.859+0000] {dag.py:4180} INFO - Setting next_dagrun for dataset_consumes_unknown_never_scheduled to None, run_after=None
[2024-10-02T00:03:12.860+0000] {logging_mixin.py:190} INFO - [2024-10-02T00:03:12.860+0000] {dag.py:4180} INFO - Setting next_dagrun for dataset_produces_1 to 2024-10-01 00:00:00+00:00, run_after=2024-10-02 00:00:00+00:00
[2024-10-02T00:03:12.861+0000] {logging_mixin.py:190} INFO - [2024-10-02T00:03:12.861+0000] {dag.py:4180} INFO - Setting next_dagrun for dataset_produces_2 to None, run_after=None
[2024-10-02T00:03:12.883+0000] {processor.py:208} INFO - Processing /home/airflow/.local/lib/python3.12/site-packages/airflow/example_dags/example_datasets.py took 0.227 seconds
[2024-10-02T00:03:43.400+0000] {processor.py:186} INFO - Started process (PID=35593) to work on /home/airflow/.local/lib/python3.12/site-packages/airflow/example_dags/example_datasets.py
[2024-10-02T00:03:43.403+0000] {processor.py:914} INFO - Processing file /home/airflow/.local/lib/python3.12/site-packages/airflow/example_dags/example_datasets.py for tasks to queue
[2024-10-02T00:03:43.410+0000] {logging_mixin.py:190} INFO - [2024-10-02T00:03:43.409+0000] {dagbag.py:588} INFO - Filling up the DagBag from /home/airflow/.local/lib/python3.12/site-packages/airflow/example_dags/example_datasets.py
[2024-10-02T00:03:43.542+0000] {processor.py:925} INFO - DAG(s) 'dataset_consumes_1', 'dataset_consumes_1_never_scheduled', 'dataset_consumes_unknown_never_scheduled', 'dataset_produces_2', 'dataset_consumes_1_and_2', 'consume_1_or_2_with_dataset_expressions', 'dataset_produces_1', 'conditional_dataset_and_time_based_timetable', 'consume_1_or_both_2_and_3_with_dataset_expressions', 'consume_1_and_2_with_dataset_expressions' retrieved from /home/airflow/.local/lib/python3.12/site-packages/airflow/example_dags/example_datasets.py
[2024-10-02T00:03:43.589+0000] {logging_mixin.py:190} INFO - [2024-10-02T00:03:43.589+0000] {dag.py:3239} INFO - Sync 10 DAGs
[2024-10-02T00:03:43.605+0000] {logging_mixin.py:190} INFO - [2024-10-02T00:03:43.605+0000] {dag.py:4180} INFO - Setting next_dagrun for conditional_dataset_and_time_based_timetable to 2024-09-25 01:00:00+00:00, run_after=2024-09-25 01:00:00+00:00
[2024-10-02T00:03:43.607+0000] {logging_mixin.py:190} INFO - [2024-10-02T00:03:43.607+0000] {dag.py:4180} INFO - Setting next_dagrun for consume_1_and_2_with_dataset_expressions to None, run_after=None
[2024-10-02T00:03:43.610+0000] {logging_mixin.py:190} INFO - [2024-10-02T00:03:43.610+0000] {dag.py:4180} INFO - Setting next_dagrun for consume_1_or_2_with_dataset_expressions to None, run_after=None
[2024-10-02T00:03:43.610+0000] {logging_mixin.py:190} INFO - [2024-10-02T00:03:43.610+0000] {dag.py:4180} INFO - Setting next_dagrun for consume_1_or_both_2_and_3_with_dataset_expressions to None, run_after=None
[2024-10-02T00:03:43.611+0000] {logging_mixin.py:190} INFO - [2024-10-02T00:03:43.611+0000] {dag.py:4180} INFO - Setting next_dagrun for dataset_consumes_1 to None, run_after=None
[2024-10-02T00:03:43.611+0000] {logging_mixin.py:190} INFO - [2024-10-02T00:03:43.611+0000] {dag.py:4180} INFO - Setting next_dagrun for dataset_consumes_1_and_2 to None, run_after=None
[2024-10-02T00:03:43.611+0000] {logging_mixin.py:190} INFO - [2024-10-02T00:03:43.611+0000] {dag.py:4180} INFO - Setting next_dagrun for dataset_consumes_1_never_scheduled to None, run_after=None
[2024-10-02T00:03:43.612+0000] {logging_mixin.py:190} INFO - [2024-10-02T00:03:43.612+0000] {dag.py:4180} INFO - Setting next_dagrun for dataset_consumes_unknown_never_scheduled to None, run_after=None
[2024-10-02T00:03:43.612+0000] {logging_mixin.py:190} INFO - [2024-10-02T00:03:43.612+0000] {dag.py:4180} INFO - Setting next_dagrun for dataset_produces_1 to 2024-10-01 00:00:00+00:00, run_after=2024-10-02 00:00:00+00:00
[2024-10-02T00:03:43.613+0000] {logging_mixin.py:190} INFO - [2024-10-02T00:03:43.613+0000] {dag.py:4180} INFO - Setting next_dagrun for dataset_produces_2 to None, run_after=None
[2024-10-02T00:03:43.631+0000] {processor.py:208} INFO - Processing /home/airflow/.local/lib/python3.12/site-packages/airflow/example_dags/example_datasets.py took 0.249 seconds
[2024-10-02T00:04:14.181+0000] {processor.py:186} INFO - Started process (PID=35656) to work on /home/airflow/.local/lib/python3.12/site-packages/airflow/example_dags/example_datasets.py
[2024-10-02T00:04:14.184+0000] {processor.py:914} INFO - Processing file /home/airflow/.local/lib/python3.12/site-packages/airflow/example_dags/example_datasets.py for tasks to queue
[2024-10-02T00:04:14.189+0000] {logging_mixin.py:190} INFO - [2024-10-02T00:04:14.188+0000] {dagbag.py:588} INFO - Filling up the DagBag from /home/airflow/.local/lib/python3.12/site-packages/airflow/example_dags/example_datasets.py
[2024-10-02T00:04:14.300+0000] {processor.py:925} INFO - DAG(s) 'dataset_consumes_1', 'dataset_produces_2', 'dataset_consumes_unknown_never_scheduled', 'consume_1_or_both_2_and_3_with_dataset_expressions', 'dataset_consumes_1_and_2', 'consume_1_and_2_with_dataset_expressions', 'conditional_dataset_and_time_based_timetable', 'dataset_produces_1', 'consume_1_or_2_with_dataset_expressions', 'dataset_consumes_1_never_scheduled' retrieved from /home/airflow/.local/lib/python3.12/site-packages/airflow/example_dags/example_datasets.py
[2024-10-02T00:04:14.328+0000] {logging_mixin.py:190} INFO - [2024-10-02T00:04:14.328+0000] {dag.py:3239} INFO - Sync 10 DAGs
[2024-10-02T00:04:14.340+0000] {logging_mixin.py:190} INFO - [2024-10-02T00:04:14.340+0000] {dag.py:4180} INFO - Setting next_dagrun for conditional_dataset_and_time_based_timetable to 2024-09-25 01:00:00+00:00, run_after=2024-09-25 01:00:00+00:00
[2024-10-02T00:04:14.341+0000] {logging_mixin.py:190} INFO - [2024-10-02T00:04:14.341+0000] {dag.py:4180} INFO - Setting next_dagrun for consume_1_and_2_with_dataset_expressions to None, run_after=None
[2024-10-02T00:04:14.342+0000] {logging_mixin.py:190} INFO - [2024-10-02T00:04:14.342+0000] {dag.py:4180} INFO - Setting next_dagrun for consume_1_or_2_with_dataset_expressions to None, run_after=None
[2024-10-02T00:04:14.342+0000] {logging_mixin.py:190} INFO - [2024-10-02T00:04:14.342+0000] {dag.py:4180} INFO - Setting next_dagrun for consume_1_or_both_2_and_3_with_dataset_expressions to None, run_after=None
[2024-10-02T00:04:14.344+0000] {logging_mixin.py:190} INFO - [2024-10-02T00:04:14.343+0000] {dag.py:4180} INFO - Setting next_dagrun for dataset_consumes_1 to None, run_after=None
[2024-10-02T00:04:14.344+0000] {logging_mixin.py:190} INFO - [2024-10-02T00:04:14.344+0000] {dag.py:4180} INFO - Setting next_dagrun for dataset_consumes_1_and_2 to None, run_after=None
[2024-10-02T00:04:14.345+0000] {logging_mixin.py:190} INFO - [2024-10-02T00:04:14.345+0000] {dag.py:4180} INFO - Setting next_dagrun for dataset_consumes_1_never_scheduled to None, run_after=None
[2024-10-02T00:04:14.346+0000] {logging_mixin.py:190} INFO - [2024-10-02T00:04:14.346+0000] {dag.py:4180} INFO - Setting next_dagrun for dataset_consumes_unknown_never_scheduled to None, run_after=None
[2024-10-02T00:04:14.347+0000] {logging_mixin.py:190} INFO - [2024-10-02T00:04:14.347+0000] {dag.py:4180} INFO - Setting next_dagrun for dataset_produces_1 to 2024-10-01 00:00:00+00:00, run_after=2024-10-02 00:00:00+00:00
[2024-10-02T00:04:14.348+0000] {logging_mixin.py:190} INFO - [2024-10-02T00:04:14.348+0000] {dag.py:4180} INFO - Setting next_dagrun for dataset_produces_2 to None, run_after=None
[2024-10-02T00:04:14.363+0000] {processor.py:208} INFO - Processing /home/airflow/.local/lib/python3.12/site-packages/airflow/example_dags/example_datasets.py took 0.192 seconds
