[2024-10-02T00:00:12.214+0000] {processor.py:186} INFO - Started process (PID=35198) to work on /home/airflow/.local/lib/python3.12/site-packages/airflow/example_dags/example_branch_python_dop_operator_3.py
[2024-10-02T00:00:12.216+0000] {processor.py:914} INFO - Processing file /home/airflow/.local/lib/python3.12/site-packages/airflow/example_dags/example_branch_python_dop_operator_3.py for tasks to queue
[2024-10-02T00:00:12.217+0000] {logging_mixin.py:190} INFO - [2024-10-02T00:00:12.217+0000] {dagbag.py:588} INFO - Filling up the DagBag from /home/airflow/.local/lib/python3.12/site-packages/airflow/example_dags/example_branch_python_dop_operator_3.py
[2024-10-02T00:00:12.226+0000] {processor.py:925} INFO - DAG(s) 'example_branch_dop_operator_v3' retrieved from /home/airflow/.local/lib/python3.12/site-packages/airflow/example_dags/example_branch_python_dop_operator_3.py
[2024-10-02T00:00:12.244+0000] {logging_mixin.py:190} INFO - [2024-10-02T00:00:12.244+0000] {dag.py:3239} INFO - Sync 1 DAGs
[2024-10-02T00:00:12.259+0000] {logging_mixin.py:190} INFO - [2024-10-02T00:00:12.259+0000] {dag.py:4180} INFO - Setting next_dagrun for example_branch_dop_operator_v3 to 2024-10-01 23:59:00+00:00, run_after=2024-10-02 00:00:00+00:00
[2024-10-02T00:00:12.276+0000] {processor.py:208} INFO - Processing /home/airflow/.local/lib/python3.12/site-packages/airflow/example_dags/example_branch_python_dop_operator_3.py took 0.066 seconds
[2024-10-02T00:00:43.237+0000] {processor.py:186} INFO - Started process (PID=35261) to work on /home/airflow/.local/lib/python3.12/site-packages/airflow/example_dags/example_branch_python_dop_operator_3.py
[2024-10-02T00:00:43.237+0000] {processor.py:914} INFO - Processing file /home/airflow/.local/lib/python3.12/site-packages/airflow/example_dags/example_branch_python_dop_operator_3.py for tasks to queue
[2024-10-02T00:00:43.238+0000] {logging_mixin.py:190} INFO - [2024-10-02T00:00:43.238+0000] {dagbag.py:588} INFO - Filling up the DagBag from /home/airflow/.local/lib/python3.12/site-packages/airflow/example_dags/example_branch_python_dop_operator_3.py
[2024-10-02T00:00:43.243+0000] {processor.py:925} INFO - DAG(s) 'example_branch_dop_operator_v3' retrieved from /home/airflow/.local/lib/python3.12/site-packages/airflow/example_dags/example_branch_python_dop_operator_3.py
[2024-10-02T00:00:43.252+0000] {logging_mixin.py:190} INFO - [2024-10-02T00:00:43.252+0000] {dag.py:3239} INFO - Sync 1 DAGs
[2024-10-02T00:00:43.264+0000] {logging_mixin.py:190} INFO - [2024-10-02T00:00:43.264+0000] {dag.py:4180} INFO - Setting next_dagrun for example_branch_dop_operator_v3 to 2024-10-01 23:59:00+00:00, run_after=2024-10-02 00:00:00+00:00
[2024-10-02T00:00:43.273+0000] {processor.py:208} INFO - Processing /home/airflow/.local/lib/python3.12/site-packages/airflow/example_dags/example_branch_python_dop_operator_3.py took 0.040 seconds
[2024-10-02T00:01:14.202+0000] {processor.py:186} INFO - Started process (PID=35324) to work on /home/airflow/.local/lib/python3.12/site-packages/airflow/example_dags/example_branch_python_dop_operator_3.py
[2024-10-02T00:01:14.203+0000] {processor.py:914} INFO - Processing file /home/airflow/.local/lib/python3.12/site-packages/airflow/example_dags/example_branch_python_dop_operator_3.py for tasks to queue
[2024-10-02T00:01:14.204+0000] {logging_mixin.py:190} INFO - [2024-10-02T00:01:14.203+0000] {dagbag.py:588} INFO - Filling up the DagBag from /home/airflow/.local/lib/python3.12/site-packages/airflow/example_dags/example_branch_python_dop_operator_3.py
[2024-10-02T00:01:14.210+0000] {processor.py:925} INFO - DAG(s) 'example_branch_dop_operator_v3' retrieved from /home/airflow/.local/lib/python3.12/site-packages/airflow/example_dags/example_branch_python_dop_operator_3.py
[2024-10-02T00:01:14.225+0000] {logging_mixin.py:190} INFO - [2024-10-02T00:01:14.225+0000] {dag.py:3239} INFO - Sync 1 DAGs
[2024-10-02T00:01:14.237+0000] {logging_mixin.py:190} INFO - [2024-10-02T00:01:14.237+0000] {dag.py:4180} INFO - Setting next_dagrun for example_branch_dop_operator_v3 to 2024-10-02 00:00:00+00:00, run_after=2024-10-02 00:01:00+00:00
[2024-10-02T00:01:14.246+0000] {processor.py:208} INFO - Processing /home/airflow/.local/lib/python3.12/site-packages/airflow/example_dags/example_branch_python_dop_operator_3.py took 0.047 seconds
[2024-10-02T00:01:45.245+0000] {processor.py:186} INFO - Started process (PID=35387) to work on /home/airflow/.local/lib/python3.12/site-packages/airflow/example_dags/example_branch_python_dop_operator_3.py
[2024-10-02T00:01:45.245+0000] {processor.py:914} INFO - Processing file /home/airflow/.local/lib/python3.12/site-packages/airflow/example_dags/example_branch_python_dop_operator_3.py for tasks to queue
[2024-10-02T00:01:45.247+0000] {logging_mixin.py:190} INFO - [2024-10-02T00:01:45.246+0000] {dagbag.py:588} INFO - Filling up the DagBag from /home/airflow/.local/lib/python3.12/site-packages/airflow/example_dags/example_branch_python_dop_operator_3.py
[2024-10-02T00:01:45.252+0000] {processor.py:925} INFO - DAG(s) 'example_branch_dop_operator_v3' retrieved from /home/airflow/.local/lib/python3.12/site-packages/airflow/example_dags/example_branch_python_dop_operator_3.py
[2024-10-02T00:01:45.261+0000] {logging_mixin.py:190} INFO - [2024-10-02T00:01:45.261+0000] {dag.py:3239} INFO - Sync 1 DAGs
[2024-10-02T00:01:45.275+0000] {logging_mixin.py:190} INFO - [2024-10-02T00:01:45.275+0000] {dag.py:4180} INFO - Setting next_dagrun for example_branch_dop_operator_v3 to 2024-10-02 00:00:00+00:00, run_after=2024-10-02 00:01:00+00:00
[2024-10-02T00:01:45.290+0000] {processor.py:208} INFO - Processing /home/airflow/.local/lib/python3.12/site-packages/airflow/example_dags/example_branch_python_dop_operator_3.py took 0.048 seconds
[2024-10-02T00:02:15.835+0000] {processor.py:186} INFO - Started process (PID=35450) to work on /home/airflow/.local/lib/python3.12/site-packages/airflow/example_dags/example_branch_python_dop_operator_3.py
[2024-10-02T00:02:15.836+0000] {processor.py:914} INFO - Processing file /home/airflow/.local/lib/python3.12/site-packages/airflow/example_dags/example_branch_python_dop_operator_3.py for tasks to queue
[2024-10-02T00:02:15.838+0000] {logging_mixin.py:190} INFO - [2024-10-02T00:02:15.838+0000] {dagbag.py:588} INFO - Filling up the DagBag from /home/airflow/.local/lib/python3.12/site-packages/airflow/example_dags/example_branch_python_dop_operator_3.py
[2024-10-02T00:02:15.844+0000] {processor.py:925} INFO - DAG(s) 'example_branch_dop_operator_v3' retrieved from /home/airflow/.local/lib/python3.12/site-packages/airflow/example_dags/example_branch_python_dop_operator_3.py
[2024-10-02T00:02:15.859+0000] {logging_mixin.py:190} INFO - [2024-10-02T00:02:15.859+0000] {dag.py:3239} INFO - Sync 1 DAGs
[2024-10-02T00:02:15.874+0000] {logging_mixin.py:190} INFO - [2024-10-02T00:02:15.873+0000] {dag.py:4180} INFO - Setting next_dagrun for example_branch_dop_operator_v3 to 2024-10-02 00:01:00+00:00, run_after=2024-10-02 00:02:00+00:00
[2024-10-02T00:02:15.884+0000] {processor.py:208} INFO - Processing /home/airflow/.local/lib/python3.12/site-packages/airflow/example_dags/example_branch_python_dop_operator_3.py took 0.052 seconds
[2024-10-02T00:02:46.726+0000] {processor.py:186} INFO - Started process (PID=35513) to work on /home/airflow/.local/lib/python3.12/site-packages/airflow/example_dags/example_branch_python_dop_operator_3.py
[2024-10-02T00:02:46.727+0000] {processor.py:914} INFO - Processing file /home/airflow/.local/lib/python3.12/site-packages/airflow/example_dags/example_branch_python_dop_operator_3.py for tasks to queue
[2024-10-02T00:02:46.728+0000] {logging_mixin.py:190} INFO - [2024-10-02T00:02:46.728+0000] {dagbag.py:588} INFO - Filling up the DagBag from /home/airflow/.local/lib/python3.12/site-packages/airflow/example_dags/example_branch_python_dop_operator_3.py
[2024-10-02T00:02:46.744+0000] {processor.py:925} INFO - DAG(s) 'example_branch_dop_operator_v3' retrieved from /home/airflow/.local/lib/python3.12/site-packages/airflow/example_dags/example_branch_python_dop_operator_3.py
[2024-10-02T00:02:46.770+0000] {logging_mixin.py:190} INFO - [2024-10-02T00:02:46.770+0000] {dag.py:3239} INFO - Sync 1 DAGs
[2024-10-02T00:02:46.788+0000] {logging_mixin.py:190} INFO - [2024-10-02T00:02:46.788+0000] {dag.py:4180} INFO - Setting next_dagrun for example_branch_dop_operator_v3 to 2024-10-02 00:01:00+00:00, run_after=2024-10-02 00:02:00+00:00
[2024-10-02T00:02:46.800+0000] {processor.py:208} INFO - Processing /home/airflow/.local/lib/python3.12/site-packages/airflow/example_dags/example_branch_python_dop_operator_3.py took 0.080 seconds
[2024-10-02T00:03:17.423+0000] {processor.py:186} INFO - Started process (PID=35576) to work on /home/airflow/.local/lib/python3.12/site-packages/airflow/example_dags/example_branch_python_dop_operator_3.py
[2024-10-02T00:03:17.424+0000] {processor.py:914} INFO - Processing file /home/airflow/.local/lib/python3.12/site-packages/airflow/example_dags/example_branch_python_dop_operator_3.py for tasks to queue
[2024-10-02T00:03:17.426+0000] {logging_mixin.py:190} INFO - [2024-10-02T00:03:17.426+0000] {dagbag.py:588} INFO - Filling up the DagBag from /home/airflow/.local/lib/python3.12/site-packages/airflow/example_dags/example_branch_python_dop_operator_3.py
[2024-10-02T00:03:17.436+0000] {processor.py:925} INFO - DAG(s) 'example_branch_dop_operator_v3' retrieved from /home/airflow/.local/lib/python3.12/site-packages/airflow/example_dags/example_branch_python_dop_operator_3.py
[2024-10-02T00:03:17.472+0000] {logging_mixin.py:190} INFO - [2024-10-02T00:03:17.471+0000] {dag.py:3239} INFO - Sync 1 DAGs
[2024-10-02T00:03:17.504+0000] {logging_mixin.py:190} INFO - [2024-10-02T00:03:17.504+0000] {dag.py:4180} INFO - Setting next_dagrun for example_branch_dop_operator_v3 to 2024-10-02 00:02:00+00:00, run_after=2024-10-02 00:03:00+00:00
[2024-10-02T00:03:17.524+0000] {processor.py:208} INFO - Processing /home/airflow/.local/lib/python3.12/site-packages/airflow/example_dags/example_branch_python_dop_operator_3.py took 0.105 seconds
[2024-10-02T00:03:48.299+0000] {processor.py:186} INFO - Started process (PID=35640) to work on /home/airflow/.local/lib/python3.12/site-packages/airflow/example_dags/example_branch_python_dop_operator_3.py
[2024-10-02T00:03:48.300+0000] {processor.py:914} INFO - Processing file /home/airflow/.local/lib/python3.12/site-packages/airflow/example_dags/example_branch_python_dop_operator_3.py for tasks to queue
[2024-10-02T00:03:48.302+0000] {logging_mixin.py:190} INFO - [2024-10-02T00:03:48.301+0000] {dagbag.py:588} INFO - Filling up the DagBag from /home/airflow/.local/lib/python3.12/site-packages/airflow/example_dags/example_branch_python_dop_operator_3.py
[2024-10-02T00:03:48.311+0000] {processor.py:925} INFO - DAG(s) 'example_branch_dop_operator_v3' retrieved from /home/airflow/.local/lib/python3.12/site-packages/airflow/example_dags/example_branch_python_dop_operator_3.py
[2024-10-02T00:03:48.332+0000] {logging_mixin.py:190} INFO - [2024-10-02T00:03:48.332+0000] {dag.py:3239} INFO - Sync 1 DAGs
[2024-10-02T00:03:48.349+0000] {logging_mixin.py:190} INFO - [2024-10-02T00:03:48.348+0000] {dag.py:4180} INFO - Setting next_dagrun for example_branch_dop_operator_v3 to 2024-10-02 00:02:00+00:00, run_after=2024-10-02 00:03:00+00:00
[2024-10-02T00:03:48.360+0000] {processor.py:208} INFO - Processing /home/airflow/.local/lib/python3.12/site-packages/airflow/example_dags/example_branch_python_dop_operator_3.py took 0.064 seconds
[2024-10-02T00:04:18.899+0000] {processor.py:186} INFO - Started process (PID=35703) to work on /home/airflow/.local/lib/python3.12/site-packages/airflow/example_dags/example_branch_python_dop_operator_3.py
[2024-10-02T00:04:18.899+0000] {processor.py:914} INFO - Processing file /home/airflow/.local/lib/python3.12/site-packages/airflow/example_dags/example_branch_python_dop_operator_3.py for tasks to queue
[2024-10-02T00:04:18.901+0000] {logging_mixin.py:190} INFO - [2024-10-02T00:04:18.900+0000] {dagbag.py:588} INFO - Filling up the DagBag from /home/airflow/.local/lib/python3.12/site-packages/airflow/example_dags/example_branch_python_dop_operator_3.py
[2024-10-02T00:04:18.906+0000] {processor.py:925} INFO - DAG(s) 'example_branch_dop_operator_v3' retrieved from /home/airflow/.local/lib/python3.12/site-packages/airflow/example_dags/example_branch_python_dop_operator_3.py
[2024-10-02T00:04:18.915+0000] {logging_mixin.py:190} INFO - [2024-10-02T00:04:18.915+0000] {dag.py:3239} INFO - Sync 1 DAGs
[2024-10-02T00:04:18.926+0000] {logging_mixin.py:190} INFO - [2024-10-02T00:04:18.926+0000] {dag.py:4180} INFO - Setting next_dagrun for example_branch_dop_operator_v3 to 2024-10-02 00:03:00+00:00, run_after=2024-10-02 00:04:00+00:00
[2024-10-02T00:04:18.938+0000] {processor.py:208} INFO - Processing /home/airflow/.local/lib/python3.12/site-packages/airflow/example_dags/example_branch_python_dop_operator_3.py took 0.042 seconds
