[2024-10-02T00:00:07.718+0000] {processor.py:186} INFO - Started process (PID=35156) to work on /home/airflow/.local/lib/python3.12/site-packages/airflow/example_dags/example_setup_teardown.py
[2024-10-02T00:00:07.718+0000] {processor.py:914} INFO - Processing file /home/airflow/.local/lib/python3.12/site-packages/airflow/example_dags/example_setup_teardown.py for tasks to queue
[2024-10-02T00:00:07.719+0000] {logging_mixin.py:190} INFO - [2024-10-02T00:00:07.719+0000] {dagbag.py:588} INFO - Filling up the DagBag from /home/airflow/.local/lib/python3.12/site-packages/airflow/example_dags/example_setup_teardown.py
[2024-10-02T00:00:07.723+0000] {processor.py:925} INFO - DAG(s) 'example_setup_teardown' retrieved from /home/airflow/.local/lib/python3.12/site-packages/airflow/example_dags/example_setup_teardown.py
[2024-10-02T00:00:07.736+0000] {logging_mixin.py:190} INFO - [2024-10-02T00:00:07.736+0000] {dag.py:3239} INFO - Sync 1 DAGs
[2024-10-02T00:00:07.746+0000] {logging_mixin.py:190} INFO - [2024-10-02T00:00:07.746+0000] {dag.py:4180} INFO - Setting next_dagrun for example_setup_teardown to None, run_after=None
[2024-10-02T00:00:07.754+0000] {processor.py:208} INFO - Processing /home/airflow/.local/lib/python3.12/site-packages/airflow/example_dags/example_setup_teardown.py took 0.038 seconds
[2024-10-02T00:00:38.446+0000] {processor.py:186} INFO - Started process (PID=35219) to work on /home/airflow/.local/lib/python3.12/site-packages/airflow/example_dags/example_setup_teardown.py
[2024-10-02T00:00:38.450+0000] {processor.py:914} INFO - Processing file /home/airflow/.local/lib/python3.12/site-packages/airflow/example_dags/example_setup_teardown.py for tasks to queue
[2024-10-02T00:00:38.451+0000] {logging_mixin.py:190} INFO - [2024-10-02T00:00:38.451+0000] {dagbag.py:588} INFO - Filling up the DagBag from /home/airflow/.local/lib/python3.12/site-packages/airflow/example_dags/example_setup_teardown.py
[2024-10-02T00:00:38.455+0000] {processor.py:925} INFO - DAG(s) 'example_setup_teardown' retrieved from /home/airflow/.local/lib/python3.12/site-packages/airflow/example_dags/example_setup_teardown.py
[2024-10-02T00:00:38.465+0000] {logging_mixin.py:190} INFO - [2024-10-02T00:00:38.465+0000] {dag.py:3239} INFO - Sync 1 DAGs
[2024-10-02T00:00:38.474+0000] {logging_mixin.py:190} INFO - [2024-10-02T00:00:38.474+0000] {dag.py:4180} INFO - Setting next_dagrun for example_setup_teardown to None, run_after=None
[2024-10-02T00:00:38.482+0000] {processor.py:208} INFO - Processing /home/airflow/.local/lib/python3.12/site-packages/airflow/example_dags/example_setup_teardown.py took 0.038 seconds
[2024-10-02T00:01:09.496+0000] {processor.py:186} INFO - Started process (PID=35282) to work on /home/airflow/.local/lib/python3.12/site-packages/airflow/example_dags/example_setup_teardown.py
[2024-10-02T00:01:09.499+0000] {processor.py:914} INFO - Processing file /home/airflow/.local/lib/python3.12/site-packages/airflow/example_dags/example_setup_teardown.py for tasks to queue
[2024-10-02T00:01:09.503+0000] {logging_mixin.py:190} INFO - [2024-10-02T00:01:09.503+0000] {dagbag.py:588} INFO - Filling up the DagBag from /home/airflow/.local/lib/python3.12/site-packages/airflow/example_dags/example_setup_teardown.py
[2024-10-02T00:01:09.507+0000] {processor.py:925} INFO - DAG(s) 'example_setup_teardown' retrieved from /home/airflow/.local/lib/python3.12/site-packages/airflow/example_dags/example_setup_teardown.py
[2024-10-02T00:01:09.529+0000] {logging_mixin.py:190} INFO - [2024-10-02T00:01:09.528+0000] {dag.py:3239} INFO - Sync 1 DAGs
[2024-10-02T00:01:09.540+0000] {logging_mixin.py:190} INFO - [2024-10-02T00:01:09.539+0000] {dag.py:4180} INFO - Setting next_dagrun for example_setup_teardown to None, run_after=None
[2024-10-02T00:01:09.552+0000] {processor.py:208} INFO - Processing /home/airflow/.local/lib/python3.12/site-packages/airflow/example_dags/example_setup_teardown.py took 0.059 seconds
[2024-10-02T00:01:40.526+0000] {processor.py:186} INFO - Started process (PID=35345) to work on /home/airflow/.local/lib/python3.12/site-packages/airflow/example_dags/example_setup_teardown.py
[2024-10-02T00:01:40.526+0000] {processor.py:914} INFO - Processing file /home/airflow/.local/lib/python3.12/site-packages/airflow/example_dags/example_setup_teardown.py for tasks to queue
[2024-10-02T00:01:40.528+0000] {logging_mixin.py:190} INFO - [2024-10-02T00:01:40.527+0000] {dagbag.py:588} INFO - Filling up the DagBag from /home/airflow/.local/lib/python3.12/site-packages/airflow/example_dags/example_setup_teardown.py
[2024-10-02T00:01:40.534+0000] {processor.py:925} INFO - DAG(s) 'example_setup_teardown' retrieved from /home/airflow/.local/lib/python3.12/site-packages/airflow/example_dags/example_setup_teardown.py
[2024-10-02T00:01:40.551+0000] {logging_mixin.py:190} INFO - [2024-10-02T00:01:40.551+0000] {dag.py:3239} INFO - Sync 1 DAGs
[2024-10-02T00:01:40.559+0000] {logging_mixin.py:190} INFO - [2024-10-02T00:01:40.559+0000] {dag.py:4180} INFO - Setting next_dagrun for example_setup_teardown to None, run_after=None
[2024-10-02T00:01:40.569+0000] {processor.py:208} INFO - Processing /home/airflow/.local/lib/python3.12/site-packages/airflow/example_dags/example_setup_teardown.py took 0.046 seconds
[2024-10-02T00:02:11.451+0000] {processor.py:186} INFO - Started process (PID=35408) to work on /home/airflow/.local/lib/python3.12/site-packages/airflow/example_dags/example_setup_teardown.py
[2024-10-02T00:02:11.451+0000] {processor.py:914} INFO - Processing file /home/airflow/.local/lib/python3.12/site-packages/airflow/example_dags/example_setup_teardown.py for tasks to queue
[2024-10-02T00:02:11.453+0000] {logging_mixin.py:190} INFO - [2024-10-02T00:02:11.453+0000] {dagbag.py:588} INFO - Filling up the DagBag from /home/airflow/.local/lib/python3.12/site-packages/airflow/example_dags/example_setup_teardown.py
[2024-10-02T00:02:11.458+0000] {processor.py:925} INFO - DAG(s) 'example_setup_teardown' retrieved from /home/airflow/.local/lib/python3.12/site-packages/airflow/example_dags/example_setup_teardown.py
[2024-10-02T00:02:11.472+0000] {logging_mixin.py:190} INFO - [2024-10-02T00:02:11.472+0000] {dag.py:3239} INFO - Sync 1 DAGs
[2024-10-02T00:02:11.479+0000] {logging_mixin.py:190} INFO - [2024-10-02T00:02:11.479+0000] {dag.py:4180} INFO - Setting next_dagrun for example_setup_teardown to None, run_after=None
[2024-10-02T00:02:11.491+0000] {processor.py:208} INFO - Processing /home/airflow/.local/lib/python3.12/site-packages/airflow/example_dags/example_setup_teardown.py took 0.042 seconds
[2024-10-02T00:02:42.044+0000] {processor.py:186} INFO - Started process (PID=35471) to work on /home/airflow/.local/lib/python3.12/site-packages/airflow/example_dags/example_setup_teardown.py
[2024-10-02T00:02:42.045+0000] {processor.py:914} INFO - Processing file /home/airflow/.local/lib/python3.12/site-packages/airflow/example_dags/example_setup_teardown.py for tasks to queue
[2024-10-02T00:02:42.047+0000] {logging_mixin.py:190} INFO - [2024-10-02T00:02:42.046+0000] {dagbag.py:588} INFO - Filling up the DagBag from /home/airflow/.local/lib/python3.12/site-packages/airflow/example_dags/example_setup_teardown.py
[2024-10-02T00:02:42.051+0000] {processor.py:925} INFO - DAG(s) 'example_setup_teardown' retrieved from /home/airflow/.local/lib/python3.12/site-packages/airflow/example_dags/example_setup_teardown.py
[2024-10-02T00:02:42.061+0000] {logging_mixin.py:190} INFO - [2024-10-02T00:02:42.061+0000] {dag.py:3239} INFO - Sync 1 DAGs
[2024-10-02T00:02:42.068+0000] {logging_mixin.py:190} INFO - [2024-10-02T00:02:42.068+0000] {dag.py:4180} INFO - Setting next_dagrun for example_setup_teardown to None, run_after=None
[2024-10-02T00:02:42.080+0000] {processor.py:208} INFO - Processing /home/airflow/.local/lib/python3.12/site-packages/airflow/example_dags/example_setup_teardown.py took 0.039 seconds
[2024-10-02T00:03:13.016+0000] {processor.py:186} INFO - Started process (PID=35534) to work on /home/airflow/.local/lib/python3.12/site-packages/airflow/example_dags/example_setup_teardown.py
[2024-10-02T00:03:13.017+0000] {processor.py:914} INFO - Processing file /home/airflow/.local/lib/python3.12/site-packages/airflow/example_dags/example_setup_teardown.py for tasks to queue
[2024-10-02T00:03:13.018+0000] {logging_mixin.py:190} INFO - [2024-10-02T00:03:13.018+0000] {dagbag.py:588} INFO - Filling up the DagBag from /home/airflow/.local/lib/python3.12/site-packages/airflow/example_dags/example_setup_teardown.py
[2024-10-02T00:03:13.022+0000] {processor.py:925} INFO - DAG(s) 'example_setup_teardown' retrieved from /home/airflow/.local/lib/python3.12/site-packages/airflow/example_dags/example_setup_teardown.py
[2024-10-02T00:03:13.035+0000] {logging_mixin.py:190} INFO - [2024-10-02T00:03:13.035+0000] {dag.py:3239} INFO - Sync 1 DAGs
[2024-10-02T00:03:13.042+0000] {logging_mixin.py:190} INFO - [2024-10-02T00:03:13.042+0000] {dag.py:4180} INFO - Setting next_dagrun for example_setup_teardown to None, run_after=None
[2024-10-02T00:03:13.055+0000] {processor.py:208} INFO - Processing /home/airflow/.local/lib/python3.12/site-packages/airflow/example_dags/example_setup_teardown.py took 0.042 seconds
[2024-10-02T00:03:43.723+0000] {processor.py:186} INFO - Started process (PID=35598) to work on /home/airflow/.local/lib/python3.12/site-packages/airflow/example_dags/example_setup_teardown.py
[2024-10-02T00:03:43.724+0000] {processor.py:914} INFO - Processing file /home/airflow/.local/lib/python3.12/site-packages/airflow/example_dags/example_setup_teardown.py for tasks to queue
[2024-10-02T00:03:43.726+0000] {logging_mixin.py:190} INFO - [2024-10-02T00:03:43.726+0000] {dagbag.py:588} INFO - Filling up the DagBag from /home/airflow/.local/lib/python3.12/site-packages/airflow/example_dags/example_setup_teardown.py
[2024-10-02T00:03:43.730+0000] {processor.py:925} INFO - DAG(s) 'example_setup_teardown' retrieved from /home/airflow/.local/lib/python3.12/site-packages/airflow/example_dags/example_setup_teardown.py
[2024-10-02T00:03:43.740+0000] {logging_mixin.py:190} INFO - [2024-10-02T00:03:43.740+0000] {dag.py:3239} INFO - Sync 1 DAGs
[2024-10-02T00:03:43.747+0000] {logging_mixin.py:190} INFO - [2024-10-02T00:03:43.746+0000] {dag.py:4180} INFO - Setting next_dagrun for example_setup_teardown to None, run_after=None
[2024-10-02T00:03:43.757+0000] {processor.py:208} INFO - Processing /home/airflow/.local/lib/python3.12/site-packages/airflow/example_dags/example_setup_teardown.py took 0.036 seconds
[2024-10-02T00:04:14.452+0000] {processor.py:186} INFO - Started process (PID=35661) to work on /home/airflow/.local/lib/python3.12/site-packages/airflow/example_dags/example_setup_teardown.py
[2024-10-02T00:04:14.453+0000] {processor.py:914} INFO - Processing file /home/airflow/.local/lib/python3.12/site-packages/airflow/example_dags/example_setup_teardown.py for tasks to queue
[2024-10-02T00:04:14.454+0000] {logging_mixin.py:190} INFO - [2024-10-02T00:04:14.454+0000] {dagbag.py:588} INFO - Filling up the DagBag from /home/airflow/.local/lib/python3.12/site-packages/airflow/example_dags/example_setup_teardown.py
[2024-10-02T00:04:14.459+0000] {processor.py:925} INFO - DAG(s) 'example_setup_teardown' retrieved from /home/airflow/.local/lib/python3.12/site-packages/airflow/example_dags/example_setup_teardown.py
[2024-10-02T00:04:14.471+0000] {logging_mixin.py:190} INFO - [2024-10-02T00:04:14.471+0000] {dag.py:3239} INFO - Sync 1 DAGs
[2024-10-02T00:04:14.479+0000] {logging_mixin.py:190} INFO - [2024-10-02T00:04:14.479+0000] {dag.py:4180} INFO - Setting next_dagrun for example_setup_teardown to None, run_after=None
[2024-10-02T00:04:14.487+0000] {processor.py:208} INFO - Processing /home/airflow/.local/lib/python3.12/site-packages/airflow/example_dags/example_setup_teardown.py took 0.040 seconds
