[2024-10-02T00:00:07.925+0000] {processor.py:186} INFO - Started process (PID=35162) to work on /home/airflow/.local/lib/python3.12/site-packages/airflow/example_dags/example_trigger_target_dag.py
[2024-10-02T00:00:07.926+0000] {processor.py:914} INFO - Processing file /home/airflow/.local/lib/python3.12/site-packages/airflow/example_dags/example_trigger_target_dag.py for tasks to queue
[2024-10-02T00:00:07.927+0000] {logging_mixin.py:190} INFO - [2024-10-02T00:00:07.927+0000] {dagbag.py:588} INFO - Filling up the DagBag from /home/airflow/.local/lib/python3.12/site-packages/airflow/example_dags/example_trigger_target_dag.py
[2024-10-02T00:00:07.931+0000] {processor.py:925} INFO - DAG(s) 'example_trigger_target_dag' retrieved from /home/airflow/.local/lib/python3.12/site-packages/airflow/example_dags/example_trigger_target_dag.py
[2024-10-02T00:00:07.941+0000] {logging_mixin.py:190} INFO - [2024-10-02T00:00:07.940+0000] {dag.py:3239} INFO - Sync 1 DAGs
[2024-10-02T00:00:07.960+0000] {logging_mixin.py:190} INFO - [2024-10-02T00:00:07.960+0000] {dag.py:4180} INFO - Setting next_dagrun for example_trigger_target_dag to None, run_after=None
[2024-10-02T00:00:07.970+0000] {processor.py:208} INFO - Processing /home/airflow/.local/lib/python3.12/site-packages/airflow/example_dags/example_trigger_target_dag.py took 0.047 seconds
[2024-10-02T00:00:38.660+0000] {processor.py:186} INFO - Started process (PID=35225) to work on /home/airflow/.local/lib/python3.12/site-packages/airflow/example_dags/example_trigger_target_dag.py
[2024-10-02T00:00:38.660+0000] {processor.py:914} INFO - Processing file /home/airflow/.local/lib/python3.12/site-packages/airflow/example_dags/example_trigger_target_dag.py for tasks to queue
[2024-10-02T00:00:38.661+0000] {logging_mixin.py:190} INFO - [2024-10-02T00:00:38.661+0000] {dagbag.py:588} INFO - Filling up the DagBag from /home/airflow/.local/lib/python3.12/site-packages/airflow/example_dags/example_trigger_target_dag.py
[2024-10-02T00:00:38.666+0000] {processor.py:925} INFO - DAG(s) 'example_trigger_target_dag' retrieved from /home/airflow/.local/lib/python3.12/site-packages/airflow/example_dags/example_trigger_target_dag.py
[2024-10-02T00:00:38.677+0000] {logging_mixin.py:190} INFO - [2024-10-02T00:00:38.677+0000] {dag.py:3239} INFO - Sync 1 DAGs
[2024-10-02T00:00:38.684+0000] {logging_mixin.py:190} INFO - [2024-10-02T00:00:38.684+0000] {dag.py:4180} INFO - Setting next_dagrun for example_trigger_target_dag to None, run_after=None
[2024-10-02T00:00:38.692+0000] {processor.py:208} INFO - Processing /home/airflow/.local/lib/python3.12/site-packages/airflow/example_dags/example_trigger_target_dag.py took 0.035 seconds
[2024-10-02T00:01:09.732+0000] {processor.py:186} INFO - Started process (PID=35288) to work on /home/airflow/.local/lib/python3.12/site-packages/airflow/example_dags/example_trigger_target_dag.py
[2024-10-02T00:01:09.733+0000] {processor.py:914} INFO - Processing file /home/airflow/.local/lib/python3.12/site-packages/airflow/example_dags/example_trigger_target_dag.py for tasks to queue
[2024-10-02T00:01:09.735+0000] {logging_mixin.py:190} INFO - [2024-10-02T00:01:09.735+0000] {dagbag.py:588} INFO - Filling up the DagBag from /home/airflow/.local/lib/python3.12/site-packages/airflow/example_dags/example_trigger_target_dag.py
[2024-10-02T00:01:09.740+0000] {processor.py:925} INFO - DAG(s) 'example_trigger_target_dag' retrieved from /home/airflow/.local/lib/python3.12/site-packages/airflow/example_dags/example_trigger_target_dag.py
[2024-10-02T00:01:09.755+0000] {logging_mixin.py:190} INFO - [2024-10-02T00:01:09.754+0000] {dag.py:3239} INFO - Sync 1 DAGs
[2024-10-02T00:01:09.761+0000] {logging_mixin.py:190} INFO - [2024-10-02T00:01:09.761+0000] {dag.py:4180} INFO - Setting next_dagrun for example_trigger_target_dag to None, run_after=None
[2024-10-02T00:01:09.771+0000] {processor.py:208} INFO - Processing /home/airflow/.local/lib/python3.12/site-packages/airflow/example_dags/example_trigger_target_dag.py took 0.041 seconds
[2024-10-02T00:01:40.743+0000] {processor.py:186} INFO - Started process (PID=35351) to work on /home/airflow/.local/lib/python3.12/site-packages/airflow/example_dags/example_trigger_target_dag.py
[2024-10-02T00:01:40.746+0000] {processor.py:914} INFO - Processing file /home/airflow/.local/lib/python3.12/site-packages/airflow/example_dags/example_trigger_target_dag.py for tasks to queue
[2024-10-02T00:01:40.749+0000] {logging_mixin.py:190} INFO - [2024-10-02T00:01:40.749+0000] {dagbag.py:588} INFO - Filling up the DagBag from /home/airflow/.local/lib/python3.12/site-packages/airflow/example_dags/example_trigger_target_dag.py
[2024-10-02T00:01:40.753+0000] {processor.py:925} INFO - DAG(s) 'example_trigger_target_dag' retrieved from /home/airflow/.local/lib/python3.12/site-packages/airflow/example_dags/example_trigger_target_dag.py
[2024-10-02T00:01:40.765+0000] {logging_mixin.py:190} INFO - [2024-10-02T00:01:40.765+0000] {dag.py:3239} INFO - Sync 1 DAGs
[2024-10-02T00:01:40.774+0000] {logging_mixin.py:190} INFO - [2024-10-02T00:01:40.773+0000] {dag.py:4180} INFO - Setting next_dagrun for example_trigger_target_dag to None, run_after=None
[2024-10-02T00:01:40.782+0000] {processor.py:208} INFO - Processing /home/airflow/.local/lib/python3.12/site-packages/airflow/example_dags/example_trigger_target_dag.py took 0.041 seconds
[2024-10-02T00:02:11.645+0000] {processor.py:186} INFO - Started process (PID=35414) to work on /home/airflow/.local/lib/python3.12/site-packages/airflow/example_dags/example_trigger_target_dag.py
[2024-10-02T00:02:11.645+0000] {processor.py:914} INFO - Processing file /home/airflow/.local/lib/python3.12/site-packages/airflow/example_dags/example_trigger_target_dag.py for tasks to queue
[2024-10-02T00:02:11.646+0000] {logging_mixin.py:190} INFO - [2024-10-02T00:02:11.646+0000] {dagbag.py:588} INFO - Filling up the DagBag from /home/airflow/.local/lib/python3.12/site-packages/airflow/example_dags/example_trigger_target_dag.py
[2024-10-02T00:02:11.649+0000] {processor.py:925} INFO - DAG(s) 'example_trigger_target_dag' retrieved from /home/airflow/.local/lib/python3.12/site-packages/airflow/example_dags/example_trigger_target_dag.py
[2024-10-02T00:02:11.659+0000] {logging_mixin.py:190} INFO - [2024-10-02T00:02:11.659+0000] {dag.py:3239} INFO - Sync 1 DAGs
[2024-10-02T00:02:11.666+0000] {logging_mixin.py:190} INFO - [2024-10-02T00:02:11.666+0000] {dag.py:4180} INFO - Setting next_dagrun for example_trigger_target_dag to None, run_after=None
[2024-10-02T00:02:11.674+0000] {processor.py:208} INFO - Processing /home/airflow/.local/lib/python3.12/site-packages/airflow/example_dags/example_trigger_target_dag.py took 0.032 seconds
[2024-10-02T00:02:42.269+0000] {processor.py:186} INFO - Started process (PID=35477) to work on /home/airflow/.local/lib/python3.12/site-packages/airflow/example_dags/example_trigger_target_dag.py
[2024-10-02T00:02:42.272+0000] {processor.py:914} INFO - Processing file /home/airflow/.local/lib/python3.12/site-packages/airflow/example_dags/example_trigger_target_dag.py for tasks to queue
[2024-10-02T00:02:42.276+0000] {logging_mixin.py:190} INFO - [2024-10-02T00:02:42.276+0000] {dagbag.py:588} INFO - Filling up the DagBag from /home/airflow/.local/lib/python3.12/site-packages/airflow/example_dags/example_trigger_target_dag.py
[2024-10-02T00:02:42.283+0000] {processor.py:925} INFO - DAG(s) 'example_trigger_target_dag' retrieved from /home/airflow/.local/lib/python3.12/site-packages/airflow/example_dags/example_trigger_target_dag.py
[2024-10-02T00:02:42.296+0000] {logging_mixin.py:190} INFO - [2024-10-02T00:02:42.296+0000] {dag.py:3239} INFO - Sync 1 DAGs
[2024-10-02T00:02:42.303+0000] {logging_mixin.py:190} INFO - [2024-10-02T00:02:42.303+0000] {dag.py:4180} INFO - Setting next_dagrun for example_trigger_target_dag to None, run_after=None
[2024-10-02T00:02:42.311+0000] {processor.py:208} INFO - Processing /home/airflow/.local/lib/python3.12/site-packages/airflow/example_dags/example_trigger_target_dag.py took 0.045 seconds
[2024-10-02T00:03:13.202+0000] {processor.py:186} INFO - Started process (PID=35540) to work on /home/airflow/.local/lib/python3.12/site-packages/airflow/example_dags/example_trigger_target_dag.py
[2024-10-02T00:03:13.204+0000] {processor.py:914} INFO - Processing file /home/airflow/.local/lib/python3.12/site-packages/airflow/example_dags/example_trigger_target_dag.py for tasks to queue
[2024-10-02T00:03:13.206+0000] {logging_mixin.py:190} INFO - [2024-10-02T00:03:13.206+0000] {dagbag.py:588} INFO - Filling up the DagBag from /home/airflow/.local/lib/python3.12/site-packages/airflow/example_dags/example_trigger_target_dag.py
[2024-10-02T00:03:13.211+0000] {processor.py:925} INFO - DAG(s) 'example_trigger_target_dag' retrieved from /home/airflow/.local/lib/python3.12/site-packages/airflow/example_dags/example_trigger_target_dag.py
[2024-10-02T00:03:13.224+0000] {logging_mixin.py:190} INFO - [2024-10-02T00:03:13.224+0000] {dag.py:3239} INFO - Sync 1 DAGs
[2024-10-02T00:03:13.232+0000] {logging_mixin.py:190} INFO - [2024-10-02T00:03:13.232+0000] {dag.py:4180} INFO - Setting next_dagrun for example_trigger_target_dag to None, run_after=None
[2024-10-02T00:03:13.246+0000] {processor.py:208} INFO - Processing /home/airflow/.local/lib/python3.12/site-packages/airflow/example_dags/example_trigger_target_dag.py took 0.047 seconds
[2024-10-02T00:03:43.988+0000] {processor.py:186} INFO - Started process (PID=35604) to work on /home/airflow/.local/lib/python3.12/site-packages/airflow/example_dags/example_trigger_target_dag.py
[2024-10-02T00:03:43.988+0000] {processor.py:914} INFO - Processing file /home/airflow/.local/lib/python3.12/site-packages/airflow/example_dags/example_trigger_target_dag.py for tasks to queue
[2024-10-02T00:03:43.989+0000] {logging_mixin.py:190} INFO - [2024-10-02T00:03:43.989+0000] {dagbag.py:588} INFO - Filling up the DagBag from /home/airflow/.local/lib/python3.12/site-packages/airflow/example_dags/example_trigger_target_dag.py
[2024-10-02T00:03:43.993+0000] {processor.py:925} INFO - DAG(s) 'example_trigger_target_dag' retrieved from /home/airflow/.local/lib/python3.12/site-packages/airflow/example_dags/example_trigger_target_dag.py
[2024-10-02T00:03:44.005+0000] {logging_mixin.py:190} INFO - [2024-10-02T00:03:44.005+0000] {dag.py:3239} INFO - Sync 1 DAGs
[2024-10-02T00:03:44.012+0000] {logging_mixin.py:190} INFO - [2024-10-02T00:03:44.012+0000] {dag.py:4180} INFO - Setting next_dagrun for example_trigger_target_dag to None, run_after=None
[2024-10-02T00:03:44.024+0000] {processor.py:208} INFO - Processing /home/airflow/.local/lib/python3.12/site-packages/airflow/example_dags/example_trigger_target_dag.py took 0.039 seconds
[2024-10-02T00:04:14.636+0000] {processor.py:186} INFO - Started process (PID=35667) to work on /home/airflow/.local/lib/python3.12/site-packages/airflow/example_dags/example_trigger_target_dag.py
[2024-10-02T00:04:14.637+0000] {processor.py:914} INFO - Processing file /home/airflow/.local/lib/python3.12/site-packages/airflow/example_dags/example_trigger_target_dag.py for tasks to queue
[2024-10-02T00:04:14.638+0000] {logging_mixin.py:190} INFO - [2024-10-02T00:04:14.637+0000] {dagbag.py:588} INFO - Filling up the DagBag from /home/airflow/.local/lib/python3.12/site-packages/airflow/example_dags/example_trigger_target_dag.py
[2024-10-02T00:04:14.642+0000] {processor.py:925} INFO - DAG(s) 'example_trigger_target_dag' retrieved from /home/airflow/.local/lib/python3.12/site-packages/airflow/example_dags/example_trigger_target_dag.py
[2024-10-02T00:04:14.651+0000] {logging_mixin.py:190} INFO - [2024-10-02T00:04:14.651+0000] {dag.py:3239} INFO - Sync 1 DAGs
[2024-10-02T00:04:14.657+0000] {logging_mixin.py:190} INFO - [2024-10-02T00:04:14.657+0000] {dag.py:4180} INFO - Setting next_dagrun for example_trigger_target_dag to None, run_after=None
[2024-10-02T00:04:14.665+0000] {processor.py:208} INFO - Processing /home/airflow/.local/lib/python3.12/site-packages/airflow/example_dags/example_trigger_target_dag.py took 0.031 seconds
