[2024-10-02T00:00:12.264+0000] {processor.py:186} INFO - Started process (PID=35199) to work on /home/airflow/.local/lib/python3.12/site-packages/airflow/example_dags/example_branch_datetime_operator.py
[2024-10-02T00:00:12.264+0000] {processor.py:914} INFO - Processing file /home/airflow/.local/lib/python3.12/site-packages/airflow/example_dags/example_branch_datetime_operator.py for tasks to queue
[2024-10-02T00:00:12.266+0000] {logging_mixin.py:190} INFO - [2024-10-02T00:00:12.266+0000] {dagbag.py:588} INFO - Filling up the DagBag from /home/airflow/.local/lib/python3.12/site-packages/airflow/example_dags/example_branch_datetime_operator.py
[2024-10-02T00:00:12.273+0000] {processor.py:925} INFO - DAG(s) 'example_branch_datetime_operator', 'example_branch_datetime_operator_2', 'example_branch_datetime_operator_3' retrieved from /home/airflow/.local/lib/python3.12/site-packages/airflow/example_dags/example_branch_datetime_operator.py
[2024-10-02T00:00:12.291+0000] {logging_mixin.py:190} INFO - [2024-10-02T00:00:12.291+0000] {dag.py:3239} INFO - Sync 3 DAGs
[2024-10-02T00:00:12.304+0000] {logging_mixin.py:190} INFO - [2024-10-02T00:00:12.304+0000] {dag.py:4180} INFO - Setting next_dagrun for example_branch_datetime_operator to 2024-10-01 00:00:00+00:00, run_after=2024-10-02 00:00:00+00:00
[2024-10-02T00:00:12.307+0000] {logging_mixin.py:190} INFO - [2024-10-02T00:00:12.307+0000] {dag.py:4180} INFO - Setting next_dagrun for example_branch_datetime_operator_2 to 2024-10-01 00:00:00+00:00, run_after=2024-10-02 00:00:00+00:00
[2024-10-02T00:00:12.310+0000] {logging_mixin.py:190} INFO - [2024-10-02T00:00:12.310+0000] {dag.py:4180} INFO - Setting next_dagrun for example_branch_datetime_operator_3 to 2024-10-01 00:00:00+00:00, run_after=2024-10-02 00:00:00+00:00
[2024-10-02T00:00:12.323+0000] {processor.py:208} INFO - Processing /home/airflow/.local/lib/python3.12/site-packages/airflow/example_dags/example_branch_datetime_operator.py took 0.063 seconds
[2024-10-02T00:00:43.285+0000] {processor.py:186} INFO - Started process (PID=35262) to work on /home/airflow/.local/lib/python3.12/site-packages/airflow/example_dags/example_branch_datetime_operator.py
[2024-10-02T00:00:43.288+0000] {processor.py:914} INFO - Processing file /home/airflow/.local/lib/python3.12/site-packages/airflow/example_dags/example_branch_datetime_operator.py for tasks to queue
[2024-10-02T00:00:43.289+0000] {logging_mixin.py:190} INFO - [2024-10-02T00:00:43.289+0000] {dagbag.py:588} INFO - Filling up the DagBag from /home/airflow/.local/lib/python3.12/site-packages/airflow/example_dags/example_branch_datetime_operator.py
[2024-10-02T00:00:43.297+0000] {processor.py:925} INFO - DAG(s) 'example_branch_datetime_operator_2', 'example_branch_datetime_operator', 'example_branch_datetime_operator_3' retrieved from /home/airflow/.local/lib/python3.12/site-packages/airflow/example_dags/example_branch_datetime_operator.py
[2024-10-02T00:00:43.313+0000] {logging_mixin.py:190} INFO - [2024-10-02T00:00:43.313+0000] {dag.py:3239} INFO - Sync 3 DAGs
[2024-10-02T00:00:43.325+0000] {logging_mixin.py:190} INFO - [2024-10-02T00:00:43.324+0000] {dag.py:4180} INFO - Setting next_dagrun for example_branch_datetime_operator to 2024-10-01 00:00:00+00:00, run_after=2024-10-02 00:00:00+00:00
[2024-10-02T00:00:43.326+0000] {logging_mixin.py:190} INFO - [2024-10-02T00:00:43.326+0000] {dag.py:4180} INFO - Setting next_dagrun for example_branch_datetime_operator_2 to 2024-10-01 00:00:00+00:00, run_after=2024-10-02 00:00:00+00:00
[2024-10-02T00:00:43.327+0000] {logging_mixin.py:190} INFO - [2024-10-02T00:00:43.327+0000] {dag.py:4180} INFO - Setting next_dagrun for example_branch_datetime_operator_3 to 2024-10-01 00:00:00+00:00, run_after=2024-10-02 00:00:00+00:00
[2024-10-02T00:00:43.334+0000] {processor.py:208} INFO - Processing /home/airflow/.local/lib/python3.12/site-packages/airflow/example_dags/example_branch_datetime_operator.py took 0.052 seconds
[2024-10-02T00:01:14.264+0000] {processor.py:186} INFO - Started process (PID=35325) to work on /home/airflow/.local/lib/python3.12/site-packages/airflow/example_dags/example_branch_datetime_operator.py
[2024-10-02T00:01:14.265+0000] {processor.py:914} INFO - Processing file /home/airflow/.local/lib/python3.12/site-packages/airflow/example_dags/example_branch_datetime_operator.py for tasks to queue
[2024-10-02T00:01:14.266+0000] {logging_mixin.py:190} INFO - [2024-10-02T00:01:14.266+0000] {dagbag.py:588} INFO - Filling up the DagBag from /home/airflow/.local/lib/python3.12/site-packages/airflow/example_dags/example_branch_datetime_operator.py
[2024-10-02T00:01:14.272+0000] {processor.py:925} INFO - DAG(s) 'example_branch_datetime_operator_2', 'example_branch_datetime_operator', 'example_branch_datetime_operator_3' retrieved from /home/airflow/.local/lib/python3.12/site-packages/airflow/example_dags/example_branch_datetime_operator.py
[2024-10-02T00:01:14.286+0000] {logging_mixin.py:190} INFO - [2024-10-02T00:01:14.285+0000] {dag.py:3239} INFO - Sync 3 DAGs
[2024-10-02T00:01:14.301+0000] {logging_mixin.py:190} INFO - [2024-10-02T00:01:14.301+0000] {dag.py:4180} INFO - Setting next_dagrun for example_branch_datetime_operator to 2024-10-01 00:00:00+00:00, run_after=2024-10-02 00:00:00+00:00
[2024-10-02T00:01:14.305+0000] {logging_mixin.py:190} INFO - [2024-10-02T00:01:14.305+0000] {dag.py:4180} INFO - Setting next_dagrun for example_branch_datetime_operator_2 to 2024-10-01 00:00:00+00:00, run_after=2024-10-02 00:00:00+00:00
[2024-10-02T00:01:14.307+0000] {logging_mixin.py:190} INFO - [2024-10-02T00:01:14.307+0000] {dag.py:4180} INFO - Setting next_dagrun for example_branch_datetime_operator_3 to 2024-10-01 00:00:00+00:00, run_after=2024-10-02 00:00:00+00:00
[2024-10-02T00:01:14.316+0000] {processor.py:208} INFO - Processing /home/airflow/.local/lib/python3.12/site-packages/airflow/example_dags/example_branch_datetime_operator.py took 0.055 seconds
[2024-10-02T00:01:45.306+0000] {processor.py:186} INFO - Started process (PID=35388) to work on /home/airflow/.local/lib/python3.12/site-packages/airflow/example_dags/example_branch_datetime_operator.py
[2024-10-02T00:01:45.308+0000] {processor.py:914} INFO - Processing file /home/airflow/.local/lib/python3.12/site-packages/airflow/example_dags/example_branch_datetime_operator.py for tasks to queue
[2024-10-02T00:01:45.309+0000] {logging_mixin.py:190} INFO - [2024-10-02T00:01:45.309+0000] {dagbag.py:588} INFO - Filling up the DagBag from /home/airflow/.local/lib/python3.12/site-packages/airflow/example_dags/example_branch_datetime_operator.py
[2024-10-02T00:01:45.315+0000] {processor.py:925} INFO - DAG(s) 'example_branch_datetime_operator_3', 'example_branch_datetime_operator', 'example_branch_datetime_operator_2' retrieved from /home/airflow/.local/lib/python3.12/site-packages/airflow/example_dags/example_branch_datetime_operator.py
[2024-10-02T00:01:45.326+0000] {logging_mixin.py:190} INFO - [2024-10-02T00:01:45.326+0000] {dag.py:3239} INFO - Sync 3 DAGs
[2024-10-02T00:01:45.337+0000] {logging_mixin.py:190} INFO - [2024-10-02T00:01:45.337+0000] {dag.py:4180} INFO - Setting next_dagrun for example_branch_datetime_operator to 2024-10-01 00:00:00+00:00, run_after=2024-10-02 00:00:00+00:00
[2024-10-02T00:01:45.339+0000] {logging_mixin.py:190} INFO - [2024-10-02T00:01:45.339+0000] {dag.py:4180} INFO - Setting next_dagrun for example_branch_datetime_operator_2 to 2024-10-01 00:00:00+00:00, run_after=2024-10-02 00:00:00+00:00
[2024-10-02T00:01:45.340+0000] {logging_mixin.py:190} INFO - [2024-10-02T00:01:45.340+0000] {dag.py:4180} INFO - Setting next_dagrun for example_branch_datetime_operator_3 to 2024-10-01 00:00:00+00:00, run_after=2024-10-02 00:00:00+00:00
[2024-10-02T00:01:45.346+0000] {processor.py:208} INFO - Processing /home/airflow/.local/lib/python3.12/site-packages/airflow/example_dags/example_branch_datetime_operator.py took 0.045 seconds
[2024-10-02T00:02:15.898+0000] {processor.py:186} INFO - Started process (PID=35451) to work on /home/airflow/.local/lib/python3.12/site-packages/airflow/example_dags/example_branch_datetime_operator.py
[2024-10-02T00:02:15.898+0000] {processor.py:914} INFO - Processing file /home/airflow/.local/lib/python3.12/site-packages/airflow/example_dags/example_branch_datetime_operator.py for tasks to queue
[2024-10-02T00:02:15.900+0000] {logging_mixin.py:190} INFO - [2024-10-02T00:02:15.899+0000] {dagbag.py:588} INFO - Filling up the DagBag from /home/airflow/.local/lib/python3.12/site-packages/airflow/example_dags/example_branch_datetime_operator.py
[2024-10-02T00:02:15.905+0000] {processor.py:925} INFO - DAG(s) 'example_branch_datetime_operator_3', 'example_branch_datetime_operator_2', 'example_branch_datetime_operator' retrieved from /home/airflow/.local/lib/python3.12/site-packages/airflow/example_dags/example_branch_datetime_operator.py
[2024-10-02T00:02:15.919+0000] {logging_mixin.py:190} INFO - [2024-10-02T00:02:15.919+0000] {dag.py:3239} INFO - Sync 3 DAGs
[2024-10-02T00:02:15.933+0000] {logging_mixin.py:190} INFO - [2024-10-02T00:02:15.933+0000] {dag.py:4180} INFO - Setting next_dagrun for example_branch_datetime_operator to 2024-10-01 00:00:00+00:00, run_after=2024-10-02 00:00:00+00:00
[2024-10-02T00:02:15.935+0000] {logging_mixin.py:190} INFO - [2024-10-02T00:02:15.935+0000] {dag.py:4180} INFO - Setting next_dagrun for example_branch_datetime_operator_2 to 2024-10-01 00:00:00+00:00, run_after=2024-10-02 00:00:00+00:00
[2024-10-02T00:02:15.936+0000] {logging_mixin.py:190} INFO - [2024-10-02T00:02:15.936+0000] {dag.py:4180} INFO - Setting next_dagrun for example_branch_datetime_operator_3 to 2024-10-01 00:00:00+00:00, run_after=2024-10-02 00:00:00+00:00
[2024-10-02T00:02:15.945+0000] {processor.py:208} INFO - Processing /home/airflow/.local/lib/python3.12/site-packages/airflow/example_dags/example_branch_datetime_operator.py took 0.051 seconds
[2024-10-02T00:02:46.821+0000] {processor.py:186} INFO - Started process (PID=35514) to work on /home/airflow/.local/lib/python3.12/site-packages/airflow/example_dags/example_branch_datetime_operator.py
[2024-10-02T00:02:46.822+0000] {processor.py:914} INFO - Processing file /home/airflow/.local/lib/python3.12/site-packages/airflow/example_dags/example_branch_datetime_operator.py for tasks to queue
[2024-10-02T00:02:46.824+0000] {logging_mixin.py:190} INFO - [2024-10-02T00:02:46.824+0000] {dagbag.py:588} INFO - Filling up the DagBag from /home/airflow/.local/lib/python3.12/site-packages/airflow/example_dags/example_branch_datetime_operator.py
[2024-10-02T00:02:46.835+0000] {processor.py:925} INFO - DAG(s) 'example_branch_datetime_operator_3', 'example_branch_datetime_operator', 'example_branch_datetime_operator_2' retrieved from /home/airflow/.local/lib/python3.12/site-packages/airflow/example_dags/example_branch_datetime_operator.py
[2024-10-02T00:02:46.855+0000] {logging_mixin.py:190} INFO - [2024-10-02T00:02:46.855+0000] {dag.py:3239} INFO - Sync 3 DAGs
[2024-10-02T00:02:46.866+0000] {logging_mixin.py:190} INFO - [2024-10-02T00:02:46.866+0000] {dag.py:4180} INFO - Setting next_dagrun for example_branch_datetime_operator to 2024-10-01 00:00:00+00:00, run_after=2024-10-02 00:00:00+00:00
[2024-10-02T00:02:46.868+0000] {logging_mixin.py:190} INFO - [2024-10-02T00:02:46.868+0000] {dag.py:4180} INFO - Setting next_dagrun for example_branch_datetime_operator_2 to 2024-10-01 00:00:00+00:00, run_after=2024-10-02 00:00:00+00:00
[2024-10-02T00:02:46.869+0000] {logging_mixin.py:190} INFO - [2024-10-02T00:02:46.869+0000] {dag.py:4180} INFO - Setting next_dagrun for example_branch_datetime_operator_3 to 2024-10-01 00:00:00+00:00, run_after=2024-10-02 00:00:00+00:00
[2024-10-02T00:02:46.877+0000] {processor.py:208} INFO - Processing /home/airflow/.local/lib/python3.12/site-packages/airflow/example_dags/example_branch_datetime_operator.py took 0.060 seconds
[2024-10-02T00:03:17.564+0000] {processor.py:186} INFO - Started process (PID=35577) to work on /home/airflow/.local/lib/python3.12/site-packages/airflow/example_dags/example_branch_datetime_operator.py
[2024-10-02T00:03:17.565+0000] {processor.py:914} INFO - Processing file /home/airflow/.local/lib/python3.12/site-packages/airflow/example_dags/example_branch_datetime_operator.py for tasks to queue
[2024-10-02T00:03:17.568+0000] {logging_mixin.py:190} INFO - [2024-10-02T00:03:17.568+0000] {dagbag.py:588} INFO - Filling up the DagBag from /home/airflow/.local/lib/python3.12/site-packages/airflow/example_dags/example_branch_datetime_operator.py
[2024-10-02T00:03:17.582+0000] {processor.py:925} INFO - DAG(s) 'example_branch_datetime_operator', 'example_branch_datetime_operator_3', 'example_branch_datetime_operator_2' retrieved from /home/airflow/.local/lib/python3.12/site-packages/airflow/example_dags/example_branch_datetime_operator.py
[2024-10-02T00:03:17.612+0000] {logging_mixin.py:190} INFO - [2024-10-02T00:03:17.612+0000] {dag.py:3239} INFO - Sync 3 DAGs
[2024-10-02T00:03:17.629+0000] {logging_mixin.py:190} INFO - [2024-10-02T00:03:17.629+0000] {dag.py:4180} INFO - Setting next_dagrun for example_branch_datetime_operator to 2024-10-01 00:00:00+00:00, run_after=2024-10-02 00:00:00+00:00
[2024-10-02T00:03:17.631+0000] {logging_mixin.py:190} INFO - [2024-10-02T00:03:17.631+0000] {dag.py:4180} INFO - Setting next_dagrun for example_branch_datetime_operator_2 to 2024-10-01 00:00:00+00:00, run_after=2024-10-02 00:00:00+00:00
[2024-10-02T00:03:17.633+0000] {logging_mixin.py:190} INFO - [2024-10-02T00:03:17.633+0000] {dag.py:4180} INFO - Setting next_dagrun for example_branch_datetime_operator_3 to 2024-10-01 00:00:00+00:00, run_after=2024-10-02 00:00:00+00:00
[2024-10-02T00:03:17.650+0000] {processor.py:208} INFO - Processing /home/airflow/.local/lib/python3.12/site-packages/airflow/example_dags/example_branch_datetime_operator.py took 0.098 seconds
[2024-10-02T00:03:48.377+0000] {processor.py:186} INFO - Started process (PID=35641) to work on /home/airflow/.local/lib/python3.12/site-packages/airflow/example_dags/example_branch_datetime_operator.py
[2024-10-02T00:03:48.379+0000] {processor.py:914} INFO - Processing file /home/airflow/.local/lib/python3.12/site-packages/airflow/example_dags/example_branch_datetime_operator.py for tasks to queue
[2024-10-02T00:03:48.381+0000] {logging_mixin.py:190} INFO - [2024-10-02T00:03:48.381+0000] {dagbag.py:588} INFO - Filling up the DagBag from /home/airflow/.local/lib/python3.12/site-packages/airflow/example_dags/example_branch_datetime_operator.py
[2024-10-02T00:03:48.398+0000] {processor.py:925} INFO - DAG(s) 'example_branch_datetime_operator_3', 'example_branch_datetime_operator', 'example_branch_datetime_operator_2' retrieved from /home/airflow/.local/lib/python3.12/site-packages/airflow/example_dags/example_branch_datetime_operator.py
[2024-10-02T00:03:48.419+0000] {logging_mixin.py:190} INFO - [2024-10-02T00:03:48.419+0000] {dag.py:3239} INFO - Sync 3 DAGs
[2024-10-02T00:03:48.434+0000] {logging_mixin.py:190} INFO - [2024-10-02T00:03:48.434+0000] {dag.py:4180} INFO - Setting next_dagrun for example_branch_datetime_operator to 2024-10-01 00:00:00+00:00, run_after=2024-10-02 00:00:00+00:00
[2024-10-02T00:03:48.438+0000] {logging_mixin.py:190} INFO - [2024-10-02T00:03:48.438+0000] {dag.py:4180} INFO - Setting next_dagrun for example_branch_datetime_operator_2 to 2024-10-01 00:00:00+00:00, run_after=2024-10-02 00:00:00+00:00
[2024-10-02T00:03:48.439+0000] {logging_mixin.py:190} INFO - [2024-10-02T00:03:48.439+0000] {dag.py:4180} INFO - Setting next_dagrun for example_branch_datetime_operator_3 to 2024-10-01 00:00:00+00:00, run_after=2024-10-02 00:00:00+00:00
[2024-10-02T00:03:48.447+0000] {processor.py:208} INFO - Processing /home/airflow/.local/lib/python3.12/site-packages/airflow/example_dags/example_branch_datetime_operator.py took 0.074 seconds
[2024-10-02T00:04:18.956+0000] {processor.py:186} INFO - Started process (PID=35704) to work on /home/airflow/.local/lib/python3.12/site-packages/airflow/example_dags/example_branch_datetime_operator.py
[2024-10-02T00:04:18.958+0000] {processor.py:914} INFO - Processing file /home/airflow/.local/lib/python3.12/site-packages/airflow/example_dags/example_branch_datetime_operator.py for tasks to queue
[2024-10-02T00:04:18.959+0000] {logging_mixin.py:190} INFO - [2024-10-02T00:04:18.959+0000] {dagbag.py:588} INFO - Filling up the DagBag from /home/airflow/.local/lib/python3.12/site-packages/airflow/example_dags/example_branch_datetime_operator.py
[2024-10-02T00:04:18.965+0000] {processor.py:925} INFO - DAG(s) 'example_branch_datetime_operator', 'example_branch_datetime_operator_3', 'example_branch_datetime_operator_2' retrieved from /home/airflow/.local/lib/python3.12/site-packages/airflow/example_dags/example_branch_datetime_operator.py
[2024-10-02T00:04:18.980+0000] {logging_mixin.py:190} INFO - [2024-10-02T00:04:18.980+0000] {dag.py:3239} INFO - Sync 3 DAGs
[2024-10-02T00:04:18.998+0000] {logging_mixin.py:190} INFO - [2024-10-02T00:04:18.997+0000] {dag.py:4180} INFO - Setting next_dagrun for example_branch_datetime_operator to 2024-10-01 00:00:00+00:00, run_after=2024-10-02 00:00:00+00:00
[2024-10-02T00:04:19.000+0000] {logging_mixin.py:190} INFO - [2024-10-02T00:04:19.000+0000] {dag.py:4180} INFO - Setting next_dagrun for example_branch_datetime_operator_2 to 2024-10-01 00:00:00+00:00, run_after=2024-10-02 00:00:00+00:00
[2024-10-02T00:04:19.001+0000] {logging_mixin.py:190} INFO - [2024-10-02T00:04:19.001+0000] {dag.py:4180} INFO - Setting next_dagrun for example_branch_datetime_operator_3 to 2024-10-01 00:00:00+00:00, run_after=2024-10-02 00:00:00+00:00
[2024-10-02T00:04:19.008+0000] {processor.py:208} INFO - Processing /home/airflow/.local/lib/python3.12/site-packages/airflow/example_dags/example_branch_datetime_operator.py took 0.057 seconds
