[2024-10-02T00:00:28.953+0000] {processor.py:186} INFO - Started process (PID=35207) to work on /home/airflow/.local/lib/python3.12/site-packages/airflow/example_dags/example_bash_decorator.py
[2024-10-02T00:00:28.954+0000] {processor.py:914} INFO - Processing file /home/airflow/.local/lib/python3.12/site-packages/airflow/example_dags/example_bash_decorator.py for tasks to queue
[2024-10-02T00:00:28.955+0000] {logging_mixin.py:190} INFO - [2024-10-02T00:00:28.955+0000] {dagbag.py:588} INFO - Filling up the DagBag from /home/airflow/.local/lib/python3.12/site-packages/airflow/example_dags/example_bash_decorator.py
[2024-10-02T00:00:28.964+0000] {processor.py:925} INFO - DAG(s) 'example_bash_decorator' retrieved from /home/airflow/.local/lib/python3.12/site-packages/airflow/example_dags/example_bash_decorator.py
[2024-10-02T00:00:28.975+0000] {logging_mixin.py:190} INFO - [2024-10-02T00:00:28.975+0000] {dag.py:3239} INFO - Sync 1 DAGs
[2024-10-02T00:00:28.981+0000] {logging_mixin.py:190} INFO - [2024-10-02T00:00:28.981+0000] {dag.py:4180} INFO - Setting next_dagrun for example_bash_decorator to None, run_after=None
[2024-10-02T00:00:28.989+0000] {processor.py:208} INFO - Processing /home/airflow/.local/lib/python3.12/site-packages/airflow/example_dags/example_bash_decorator.py took 0.045 seconds
[2024-10-02T00:00:59.905+0000] {processor.py:186} INFO - Started process (PID=35270) to work on /home/airflow/.local/lib/python3.12/site-packages/airflow/example_dags/example_bash_decorator.py
[2024-10-02T00:00:59.906+0000] {processor.py:914} INFO - Processing file /home/airflow/.local/lib/python3.12/site-packages/airflow/example_dags/example_bash_decorator.py for tasks to queue
[2024-10-02T00:00:59.908+0000] {logging_mixin.py:190} INFO - [2024-10-02T00:00:59.908+0000] {dagbag.py:588} INFO - Filling up the DagBag from /home/airflow/.local/lib/python3.12/site-packages/airflow/example_dags/example_bash_decorator.py
[2024-10-02T00:00:59.918+0000] {processor.py:925} INFO - DAG(s) 'example_bash_decorator' retrieved from /home/airflow/.local/lib/python3.12/site-packages/airflow/example_dags/example_bash_decorator.py
[2024-10-02T00:00:59.928+0000] {logging_mixin.py:190} INFO - [2024-10-02T00:00:59.928+0000] {dag.py:3239} INFO - Sync 1 DAGs
[2024-10-02T00:00:59.934+0000] {logging_mixin.py:190} INFO - [2024-10-02T00:00:59.934+0000] {dag.py:4180} INFO - Setting next_dagrun for example_bash_decorator to None, run_after=None
[2024-10-02T00:00:59.941+0000] {processor.py:208} INFO - Processing /home/airflow/.local/lib/python3.12/site-packages/airflow/example_dags/example_bash_decorator.py took 0.040 seconds
[2024-10-02T00:01:30.915+0000] {processor.py:186} INFO - Started process (PID=35333) to work on /home/airflow/.local/lib/python3.12/site-packages/airflow/example_dags/example_bash_decorator.py
[2024-10-02T00:01:30.916+0000] {processor.py:914} INFO - Processing file /home/airflow/.local/lib/python3.12/site-packages/airflow/example_dags/example_bash_decorator.py for tasks to queue
[2024-10-02T00:01:30.919+0000] {logging_mixin.py:190} INFO - [2024-10-02T00:01:30.919+0000] {dagbag.py:588} INFO - Filling up the DagBag from /home/airflow/.local/lib/python3.12/site-packages/airflow/example_dags/example_bash_decorator.py
[2024-10-02T00:01:30.931+0000] {processor.py:925} INFO - DAG(s) 'example_bash_decorator' retrieved from /home/airflow/.local/lib/python3.12/site-packages/airflow/example_dags/example_bash_decorator.py
[2024-10-02T00:01:30.942+0000] {logging_mixin.py:190} INFO - [2024-10-02T00:01:30.942+0000] {dag.py:3239} INFO - Sync 1 DAGs
[2024-10-02T00:01:30.949+0000] {logging_mixin.py:190} INFO - [2024-10-02T00:01:30.949+0000] {dag.py:4180} INFO - Setting next_dagrun for example_bash_decorator to None, run_after=None
[2024-10-02T00:01:30.956+0000] {processor.py:208} INFO - Processing /home/airflow/.local/lib/python3.12/site-packages/airflow/example_dags/example_bash_decorator.py took 0.046 seconds
[2024-10-02T00:02:01.890+0000] {processor.py:186} INFO - Started process (PID=35396) to work on /home/airflow/.local/lib/python3.12/site-packages/airflow/example_dags/example_bash_decorator.py
[2024-10-02T00:02:01.890+0000] {processor.py:914} INFO - Processing file /home/airflow/.local/lib/python3.12/site-packages/airflow/example_dags/example_bash_decorator.py for tasks to queue
[2024-10-02T00:02:01.892+0000] {logging_mixin.py:190} INFO - [2024-10-02T00:02:01.892+0000] {dagbag.py:588} INFO - Filling up the DagBag from /home/airflow/.local/lib/python3.12/site-packages/airflow/example_dags/example_bash_decorator.py
[2024-10-02T00:02:01.903+0000] {processor.py:925} INFO - DAG(s) 'example_bash_decorator' retrieved from /home/airflow/.local/lib/python3.12/site-packages/airflow/example_dags/example_bash_decorator.py
[2024-10-02T00:02:01.916+0000] {logging_mixin.py:190} INFO - [2024-10-02T00:02:01.916+0000] {dag.py:3239} INFO - Sync 1 DAGs
[2024-10-02T00:02:01.926+0000] {logging_mixin.py:190} INFO - [2024-10-02T00:02:01.926+0000] {dag.py:4180} INFO - Setting next_dagrun for example_bash_decorator to None, run_after=None
[2024-10-02T00:02:01.935+0000] {processor.py:208} INFO - Processing /home/airflow/.local/lib/python3.12/site-packages/airflow/example_dags/example_bash_decorator.py took 0.051 seconds
[2024-10-02T00:02:32.424+0000] {processor.py:186} INFO - Started process (PID=35465) to work on /home/airflow/.local/lib/python3.12/site-packages/airflow/example_dags/example_bash_decorator.py
[2024-10-02T00:02:32.425+0000] {processor.py:914} INFO - Processing file /home/airflow/.local/lib/python3.12/site-packages/airflow/example_dags/example_bash_decorator.py for tasks to queue
[2024-10-02T00:02:32.426+0000] {logging_mixin.py:190} INFO - [2024-10-02T00:02:32.426+0000] {dagbag.py:588} INFO - Filling up the DagBag from /home/airflow/.local/lib/python3.12/site-packages/airflow/example_dags/example_bash_decorator.py
[2024-10-02T00:02:32.435+0000] {processor.py:925} INFO - DAG(s) 'example_bash_decorator' retrieved from /home/airflow/.local/lib/python3.12/site-packages/airflow/example_dags/example_bash_decorator.py
[2024-10-02T00:02:32.447+0000] {logging_mixin.py:190} INFO - [2024-10-02T00:02:32.447+0000] {dag.py:3239} INFO - Sync 1 DAGs
[2024-10-02T00:02:32.455+0000] {logging_mixin.py:190} INFO - [2024-10-02T00:02:32.455+0000] {dag.py:4180} INFO - Setting next_dagrun for example_bash_decorator to None, run_after=None
[2024-10-02T00:02:32.461+0000] {processor.py:208} INFO - Processing /home/airflow/.local/lib/python3.12/site-packages/airflow/example_dags/example_bash_decorator.py took 0.042 seconds
[2024-10-02T00:03:03.447+0000] {processor.py:186} INFO - Started process (PID=35528) to work on /home/airflow/.local/lib/python3.12/site-packages/airflow/example_dags/example_bash_decorator.py
[2024-10-02T00:03:03.448+0000] {processor.py:914} INFO - Processing file /home/airflow/.local/lib/python3.12/site-packages/airflow/example_dags/example_bash_decorator.py for tasks to queue
[2024-10-02T00:03:03.450+0000] {logging_mixin.py:190} INFO - [2024-10-02T00:03:03.450+0000] {dagbag.py:588} INFO - Filling up the DagBag from /home/airflow/.local/lib/python3.12/site-packages/airflow/example_dags/example_bash_decorator.py
[2024-10-02T00:03:03.459+0000] {processor.py:925} INFO - DAG(s) 'example_bash_decorator' retrieved from /home/airflow/.local/lib/python3.12/site-packages/airflow/example_dags/example_bash_decorator.py
[2024-10-02T00:03:03.474+0000] {logging_mixin.py:190} INFO - [2024-10-02T00:03:03.474+0000] {dag.py:3239} INFO - Sync 1 DAGs
[2024-10-02T00:03:03.480+0000] {logging_mixin.py:190} INFO - [2024-10-02T00:03:03.480+0000] {dag.py:4180} INFO - Setting next_dagrun for example_bash_decorator to None, run_after=None
[2024-10-02T00:03:03.487+0000] {processor.py:208} INFO - Processing /home/airflow/.local/lib/python3.12/site-packages/airflow/example_dags/example_bash_decorator.py took 0.045 seconds
[2024-10-02T00:03:34.202+0000] {processor.py:186} INFO - Started process (PID=35592) to work on /home/airflow/.local/lib/python3.12/site-packages/airflow/example_dags/example_bash_decorator.py
[2024-10-02T00:03:34.203+0000] {processor.py:914} INFO - Processing file /home/airflow/.local/lib/python3.12/site-packages/airflow/example_dags/example_bash_decorator.py for tasks to queue
[2024-10-02T00:03:34.204+0000] {logging_mixin.py:190} INFO - [2024-10-02T00:03:34.204+0000] {dagbag.py:588} INFO - Filling up the DagBag from /home/airflow/.local/lib/python3.12/site-packages/airflow/example_dags/example_bash_decorator.py
[2024-10-02T00:03:34.211+0000] {processor.py:925} INFO - DAG(s) 'example_bash_decorator' retrieved from /home/airflow/.local/lib/python3.12/site-packages/airflow/example_dags/example_bash_decorator.py
[2024-10-02T00:03:34.221+0000] {logging_mixin.py:190} INFO - [2024-10-02T00:03:34.221+0000] {dag.py:3239} INFO - Sync 1 DAGs
[2024-10-02T00:03:34.226+0000] {logging_mixin.py:190} INFO - [2024-10-02T00:03:34.226+0000] {dag.py:4180} INFO - Setting next_dagrun for example_bash_decorator to None, run_after=None
[2024-10-02T00:03:34.233+0000] {processor.py:208} INFO - Processing /home/airflow/.local/lib/python3.12/site-packages/airflow/example_dags/example_bash_decorator.py took 0.035 seconds
[2024-10-02T00:04:04.968+0000] {processor.py:186} INFO - Started process (PID=35655) to work on /home/airflow/.local/lib/python3.12/site-packages/airflow/example_dags/example_bash_decorator.py
[2024-10-02T00:04:04.969+0000] {processor.py:914} INFO - Processing file /home/airflow/.local/lib/python3.12/site-packages/airflow/example_dags/example_bash_decorator.py for tasks to queue
[2024-10-02T00:04:04.972+0000] {logging_mixin.py:190} INFO - [2024-10-02T00:04:04.972+0000] {dagbag.py:588} INFO - Filling up the DagBag from /home/airflow/.local/lib/python3.12/site-packages/airflow/example_dags/example_bash_decorator.py
[2024-10-02T00:04:04.982+0000] {processor.py:925} INFO - DAG(s) 'example_bash_decorator' retrieved from /home/airflow/.local/lib/python3.12/site-packages/airflow/example_dags/example_bash_decorator.py
[2024-10-02T00:04:04.993+0000] {logging_mixin.py:190} INFO - [2024-10-02T00:04:04.992+0000] {dag.py:3239} INFO - Sync 1 DAGs
[2024-10-02T00:04:04.998+0000] {logging_mixin.py:190} INFO - [2024-10-02T00:04:04.998+0000] {dag.py:4180} INFO - Setting next_dagrun for example_bash_decorator to None, run_after=None
[2024-10-02T00:04:05.005+0000] {processor.py:208} INFO - Processing /home/airflow/.local/lib/python3.12/site-packages/airflow/example_dags/example_bash_decorator.py took 0.039 seconds
