[2024-10-02T00:00:08.653+0000] {processor.py:186} INFO - Started process (PID=35174) to work on /home/airflow/.local/lib/python3.12/site-packages/airflow/example_dags/example_complex.py
[2024-10-02T00:00:08.654+0000] {processor.py:914} INFO - Processing file /home/airflow/.local/lib/python3.12/site-packages/airflow/example_dags/example_complex.py for tasks to queue
[2024-10-02T00:00:08.656+0000] {logging_mixin.py:190} INFO - [2024-10-02T00:00:08.656+0000] {dagbag.py:588} INFO - Filling up the DagBag from /home/airflow/.local/lib/python3.12/site-packages/airflow/example_dags/example_complex.py
[2024-10-02T00:00:08.668+0000] {processor.py:925} INFO - DAG(s) 'example_complex' retrieved from /home/airflow/.local/lib/python3.12/site-packages/airflow/example_dags/example_complex.py
[2024-10-02T00:00:08.691+0000] {logging_mixin.py:190} INFO - [2024-10-02T00:00:08.691+0000] {dag.py:3239} INFO - Sync 1 DAGs
[2024-10-02T00:00:08.701+0000] {logging_mixin.py:190} INFO - [2024-10-02T00:00:08.701+0000] {dag.py:4180} INFO - Setting next_dagrun for example_complex to None, run_after=None
[2024-10-02T00:00:08.716+0000] {processor.py:208} INFO - Processing /home/airflow/.local/lib/python3.12/site-packages/airflow/example_dags/example_complex.py took 0.068 seconds
[2024-10-02T00:00:39.080+0000] {processor.py:186} INFO - Started process (PID=35237) to work on /home/airflow/.local/lib/python3.12/site-packages/airflow/example_dags/example_complex.py
[2024-10-02T00:00:39.084+0000] {processor.py:914} INFO - Processing file /home/airflow/.local/lib/python3.12/site-packages/airflow/example_dags/example_complex.py for tasks to queue
[2024-10-02T00:00:39.087+0000] {logging_mixin.py:190} INFO - [2024-10-02T00:00:39.086+0000] {dagbag.py:588} INFO - Filling up the DagBag from /home/airflow/.local/lib/python3.12/site-packages/airflow/example_dags/example_complex.py
[2024-10-02T00:00:39.094+0000] {processor.py:925} INFO - DAG(s) 'example_complex' retrieved from /home/airflow/.local/lib/python3.12/site-packages/airflow/example_dags/example_complex.py
[2024-10-02T00:00:39.118+0000] {logging_mixin.py:190} INFO - [2024-10-02T00:00:39.118+0000] {dag.py:3239} INFO - Sync 1 DAGs
[2024-10-02T00:00:39.126+0000] {logging_mixin.py:190} INFO - [2024-10-02T00:00:39.126+0000] {dag.py:4180} INFO - Setting next_dagrun for example_complex to None, run_after=None
[2024-10-02T00:00:39.145+0000] {processor.py:208} INFO - Processing /home/airflow/.local/lib/python3.12/site-packages/airflow/example_dags/example_complex.py took 0.073 seconds
[2024-10-02T00:01:10.155+0000] {processor.py:186} INFO - Started process (PID=35300) to work on /home/airflow/.local/lib/python3.12/site-packages/airflow/example_dags/example_complex.py
[2024-10-02T00:01:10.158+0000] {processor.py:914} INFO - Processing file /home/airflow/.local/lib/python3.12/site-packages/airflow/example_dags/example_complex.py for tasks to queue
[2024-10-02T00:01:10.160+0000] {logging_mixin.py:190} INFO - [2024-10-02T00:01:10.160+0000] {dagbag.py:588} INFO - Filling up the DagBag from /home/airflow/.local/lib/python3.12/site-packages/airflow/example_dags/example_complex.py
[2024-10-02T00:01:10.168+0000] {processor.py:925} INFO - DAG(s) 'example_complex' retrieved from /home/airflow/.local/lib/python3.12/site-packages/airflow/example_dags/example_complex.py
[2024-10-02T00:01:10.184+0000] {logging_mixin.py:190} INFO - [2024-10-02T00:01:10.183+0000] {dag.py:3239} INFO - Sync 1 DAGs
[2024-10-02T00:01:10.191+0000] {logging_mixin.py:190} INFO - [2024-10-02T00:01:10.191+0000] {dag.py:4180} INFO - Setting next_dagrun for example_complex to None, run_after=None
[2024-10-02T00:01:10.200+0000] {processor.py:208} INFO - Processing /home/airflow/.local/lib/python3.12/site-packages/airflow/example_dags/example_complex.py took 0.049 seconds
[2024-10-02T00:01:41.274+0000] {processor.py:186} INFO - Started process (PID=35363) to work on /home/airflow/.local/lib/python3.12/site-packages/airflow/example_dags/example_complex.py
[2024-10-02T00:01:41.275+0000] {processor.py:914} INFO - Processing file /home/airflow/.local/lib/python3.12/site-packages/airflow/example_dags/example_complex.py for tasks to queue
[2024-10-02T00:01:41.278+0000] {logging_mixin.py:190} INFO - [2024-10-02T00:01:41.278+0000] {dagbag.py:588} INFO - Filling up the DagBag from /home/airflow/.local/lib/python3.12/site-packages/airflow/example_dags/example_complex.py
[2024-10-02T00:01:41.290+0000] {processor.py:925} INFO - DAG(s) 'example_complex' retrieved from /home/airflow/.local/lib/python3.12/site-packages/airflow/example_dags/example_complex.py
[2024-10-02T00:01:41.316+0000] {logging_mixin.py:190} INFO - [2024-10-02T00:01:41.316+0000] {dag.py:3239} INFO - Sync 1 DAGs
[2024-10-02T00:01:41.336+0000] {logging_mixin.py:190} INFO - [2024-10-02T00:01:41.336+0000] {dag.py:4180} INFO - Setting next_dagrun for example_complex to None, run_after=None
[2024-10-02T00:01:41.348+0000] {processor.py:208} INFO - Processing /home/airflow/.local/lib/python3.12/site-packages/airflow/example_dags/example_complex.py took 0.089 seconds
[2024-10-02T00:02:11.965+0000] {processor.py:186} INFO - Started process (PID=35426) to work on /home/airflow/.local/lib/python3.12/site-packages/airflow/example_dags/example_complex.py
[2024-10-02T00:02:11.967+0000] {processor.py:914} INFO - Processing file /home/airflow/.local/lib/python3.12/site-packages/airflow/example_dags/example_complex.py for tasks to queue
[2024-10-02T00:02:11.969+0000] {logging_mixin.py:190} INFO - [2024-10-02T00:02:11.969+0000] {dagbag.py:588} INFO - Filling up the DagBag from /home/airflow/.local/lib/python3.12/site-packages/airflow/example_dags/example_complex.py
[2024-10-02T00:02:11.974+0000] {processor.py:925} INFO - DAG(s) 'example_complex' retrieved from /home/airflow/.local/lib/python3.12/site-packages/airflow/example_dags/example_complex.py
[2024-10-02T00:02:11.988+0000] {logging_mixin.py:190} INFO - [2024-10-02T00:02:11.988+0000] {dag.py:3239} INFO - Sync 1 DAGs
[2024-10-02T00:02:11.994+0000] {logging_mixin.py:190} INFO - [2024-10-02T00:02:11.994+0000] {dag.py:4180} INFO - Setting next_dagrun for example_complex to None, run_after=None
[2024-10-02T00:02:12.002+0000] {processor.py:208} INFO - Processing /home/airflow/.local/lib/python3.12/site-packages/airflow/example_dags/example_complex.py took 0.039 seconds
[2024-10-02T00:02:42.676+0000] {processor.py:186} INFO - Started process (PID=35489) to work on /home/airflow/.local/lib/python3.12/site-packages/airflow/example_dags/example_complex.py
[2024-10-02T00:02:42.679+0000] {processor.py:914} INFO - Processing file /home/airflow/.local/lib/python3.12/site-packages/airflow/example_dags/example_complex.py for tasks to queue
[2024-10-02T00:02:42.681+0000] {logging_mixin.py:190} INFO - [2024-10-02T00:02:42.681+0000] {dagbag.py:588} INFO - Filling up the DagBag from /home/airflow/.local/lib/python3.12/site-packages/airflow/example_dags/example_complex.py
[2024-10-02T00:02:42.687+0000] {processor.py:925} INFO - DAG(s) 'example_complex' retrieved from /home/airflow/.local/lib/python3.12/site-packages/airflow/example_dags/example_complex.py
[2024-10-02T00:02:42.714+0000] {logging_mixin.py:190} INFO - [2024-10-02T00:02:42.714+0000] {dag.py:3239} INFO - Sync 1 DAGs
[2024-10-02T00:02:42.725+0000] {logging_mixin.py:190} INFO - [2024-10-02T00:02:42.725+0000] {dag.py:4180} INFO - Setting next_dagrun for example_complex to None, run_after=None
[2024-10-02T00:02:42.740+0000] {processor.py:208} INFO - Processing /home/airflow/.local/lib/python3.12/site-packages/airflow/example_dags/example_complex.py took 0.067 seconds
[2024-10-02T00:03:13.540+0000] {processor.py:186} INFO - Started process (PID=35552) to work on /home/airflow/.local/lib/python3.12/site-packages/airflow/example_dags/example_complex.py
[2024-10-02T00:03:13.541+0000] {processor.py:914} INFO - Processing file /home/airflow/.local/lib/python3.12/site-packages/airflow/example_dags/example_complex.py for tasks to queue
[2024-10-02T00:03:13.542+0000] {logging_mixin.py:190} INFO - [2024-10-02T00:03:13.542+0000] {dagbag.py:588} INFO - Filling up the DagBag from /home/airflow/.local/lib/python3.12/site-packages/airflow/example_dags/example_complex.py
[2024-10-02T00:03:13.548+0000] {processor.py:925} INFO - DAG(s) 'example_complex' retrieved from /home/airflow/.local/lib/python3.12/site-packages/airflow/example_dags/example_complex.py
[2024-10-02T00:03:13.564+0000] {logging_mixin.py:190} INFO - [2024-10-02T00:03:13.564+0000] {dag.py:3239} INFO - Sync 1 DAGs
[2024-10-02T00:03:13.575+0000] {logging_mixin.py:190} INFO - [2024-10-02T00:03:13.575+0000] {dag.py:4180} INFO - Setting next_dagrun for example_complex to None, run_after=None
[2024-10-02T00:03:13.584+0000] {processor.py:208} INFO - Processing /home/airflow/.local/lib/python3.12/site-packages/airflow/example_dags/example_complex.py took 0.047 seconds
[2024-10-02T00:03:44.337+0000] {processor.py:186} INFO - Started process (PID=35616) to work on /home/airflow/.local/lib/python3.12/site-packages/airflow/example_dags/example_complex.py
[2024-10-02T00:03:44.339+0000] {processor.py:914} INFO - Processing file /home/airflow/.local/lib/python3.12/site-packages/airflow/example_dags/example_complex.py for tasks to queue
[2024-10-02T00:03:44.341+0000] {logging_mixin.py:190} INFO - [2024-10-02T00:03:44.340+0000] {dagbag.py:588} INFO - Filling up the DagBag from /home/airflow/.local/lib/python3.12/site-packages/airflow/example_dags/example_complex.py
[2024-10-02T00:03:44.347+0000] {processor.py:925} INFO - DAG(s) 'example_complex' retrieved from /home/airflow/.local/lib/python3.12/site-packages/airflow/example_dags/example_complex.py
[2024-10-02T00:03:44.364+0000] {logging_mixin.py:190} INFO - [2024-10-02T00:03:44.364+0000] {dag.py:3239} INFO - Sync 1 DAGs
[2024-10-02T00:03:44.370+0000] {logging_mixin.py:190} INFO - [2024-10-02T00:03:44.370+0000] {dag.py:4180} INFO - Setting next_dagrun for example_complex to None, run_after=None
[2024-10-02T00:03:44.381+0000] {processor.py:208} INFO - Processing /home/airflow/.local/lib/python3.12/site-packages/airflow/example_dags/example_complex.py took 0.047 seconds
[2024-10-02T00:04:14.985+0000] {processor.py:186} INFO - Started process (PID=35679) to work on /home/airflow/.local/lib/python3.12/site-packages/airflow/example_dags/example_complex.py
[2024-10-02T00:04:14.986+0000] {processor.py:914} INFO - Processing file /home/airflow/.local/lib/python3.12/site-packages/airflow/example_dags/example_complex.py for tasks to queue
[2024-10-02T00:04:14.987+0000] {logging_mixin.py:190} INFO - [2024-10-02T00:04:14.987+0000] {dagbag.py:588} INFO - Filling up the DagBag from /home/airflow/.local/lib/python3.12/site-packages/airflow/example_dags/example_complex.py
[2024-10-02T00:04:14.992+0000] {processor.py:925} INFO - DAG(s) 'example_complex' retrieved from /home/airflow/.local/lib/python3.12/site-packages/airflow/example_dags/example_complex.py
[2024-10-02T00:04:15.008+0000] {logging_mixin.py:190} INFO - [2024-10-02T00:04:15.008+0000] {dag.py:3239} INFO - Sync 1 DAGs
[2024-10-02T00:04:15.017+0000] {logging_mixin.py:190} INFO - [2024-10-02T00:04:15.016+0000] {dag.py:4180} INFO - Setting next_dagrun for example_complex to None, run_after=None
[2024-10-02T00:04:15.024+0000] {processor.py:208} INFO - Processing /home/airflow/.local/lib/python3.12/site-packages/airflow/example_dags/example_complex.py took 0.042 seconds
