[2024-10-02T00:00:08.001+0000] {processor.py:186} INFO - Started process (PID=35164) to work on /home/airflow/.local/lib/python3.12/site-packages/airflow/example_dags/example_python_operator.py
[2024-10-02T00:00:08.002+0000] {processor.py:914} INFO - Processing file /home/airflow/.local/lib/python3.12/site-packages/airflow/example_dags/example_python_operator.py for tasks to queue
[2024-10-02T00:00:08.004+0000] {logging_mixin.py:190} INFO - [2024-10-02T00:00:08.004+0000] {dagbag.py:588} INFO - Filling up the DagBag from /home/airflow/.local/lib/python3.12/site-packages/airflow/example_dags/example_python_operator.py
[2024-10-02T00:00:08.012+0000] {processor.py:925} INFO - DAG(s) 'example_python_operator' retrieved from /home/airflow/.local/lib/python3.12/site-packages/airflow/example_dags/example_python_operator.py
[2024-10-02T00:00:08.025+0000] {logging_mixin.py:190} INFO - [2024-10-02T00:00:08.025+0000] {dag.py:3239} INFO - Sync 1 DAGs
[2024-10-02T00:00:08.032+0000] {logging_mixin.py:190} INFO - [2024-10-02T00:00:08.031+0000] {dag.py:4180} INFO - Setting next_dagrun for example_python_operator to None, run_after=None
[2024-10-02T00:00:08.041+0000] {processor.py:208} INFO - Processing /home/airflow/.local/lib/python3.12/site-packages/airflow/example_dags/example_python_operator.py took 0.048 seconds
[2024-10-02T00:00:38.707+0000] {processor.py:186} INFO - Started process (PID=35227) to work on /home/airflow/.local/lib/python3.12/site-packages/airflow/example_dags/example_python_operator.py
[2024-10-02T00:00:38.708+0000] {processor.py:914} INFO - Processing file /home/airflow/.local/lib/python3.12/site-packages/airflow/example_dags/example_python_operator.py for tasks to queue
[2024-10-02T00:00:38.709+0000] {logging_mixin.py:190} INFO - [2024-10-02T00:00:38.709+0000] {dagbag.py:588} INFO - Filling up the DagBag from /home/airflow/.local/lib/python3.12/site-packages/airflow/example_dags/example_python_operator.py
[2024-10-02T00:00:38.720+0000] {processor.py:925} INFO - DAG(s) 'example_python_operator' retrieved from /home/airflow/.local/lib/python3.12/site-packages/airflow/example_dags/example_python_operator.py
[2024-10-02T00:00:38.737+0000] {logging_mixin.py:190} INFO - [2024-10-02T00:00:38.737+0000] {dag.py:3239} INFO - Sync 1 DAGs
[2024-10-02T00:00:38.746+0000] {logging_mixin.py:190} INFO - [2024-10-02T00:00:38.746+0000] {dag.py:4180} INFO - Setting next_dagrun for example_python_operator to None, run_after=None
[2024-10-02T00:00:38.760+0000] {processor.py:208} INFO - Processing /home/airflow/.local/lib/python3.12/site-packages/airflow/example_dags/example_python_operator.py took 0.055 seconds
[2024-10-02T00:01:09.829+0000] {processor.py:186} INFO - Started process (PID=35290) to work on /home/airflow/.local/lib/python3.12/site-packages/airflow/example_dags/example_python_operator.py
[2024-10-02T00:01:09.829+0000] {processor.py:914} INFO - Processing file /home/airflow/.local/lib/python3.12/site-packages/airflow/example_dags/example_python_operator.py for tasks to queue
[2024-10-02T00:01:09.831+0000] {logging_mixin.py:190} INFO - [2024-10-02T00:01:09.830+0000] {dagbag.py:588} INFO - Filling up the DagBag from /home/airflow/.local/lib/python3.12/site-packages/airflow/example_dags/example_python_operator.py
[2024-10-02T00:01:09.837+0000] {processor.py:925} INFO - DAG(s) 'example_python_operator' retrieved from /home/airflow/.local/lib/python3.12/site-packages/airflow/example_dags/example_python_operator.py
[2024-10-02T00:01:09.849+0000] {logging_mixin.py:190} INFO - [2024-10-02T00:01:09.849+0000] {dag.py:3239} INFO - Sync 1 DAGs
[2024-10-02T00:01:09.855+0000] {logging_mixin.py:190} INFO - [2024-10-02T00:01:09.855+0000] {dag.py:4180} INFO - Setting next_dagrun for example_python_operator to None, run_after=None
[2024-10-02T00:01:09.865+0000] {processor.py:208} INFO - Processing /home/airflow/.local/lib/python3.12/site-packages/airflow/example_dags/example_python_operator.py took 0.039 seconds
[2024-10-02T00:01:40.803+0000] {processor.py:186} INFO - Started process (PID=35353) to work on /home/airflow/.local/lib/python3.12/site-packages/airflow/example_dags/example_python_operator.py
[2024-10-02T00:01:40.804+0000] {processor.py:914} INFO - Processing file /home/airflow/.local/lib/python3.12/site-packages/airflow/example_dags/example_python_operator.py for tasks to queue
[2024-10-02T00:01:40.806+0000] {logging_mixin.py:190} INFO - [2024-10-02T00:01:40.805+0000] {dagbag.py:588} INFO - Filling up the DagBag from /home/airflow/.local/lib/python3.12/site-packages/airflow/example_dags/example_python_operator.py
[2024-10-02T00:01:40.812+0000] {processor.py:925} INFO - DAG(s) 'example_python_operator' retrieved from /home/airflow/.local/lib/python3.12/site-packages/airflow/example_dags/example_python_operator.py
[2024-10-02T00:01:40.828+0000] {logging_mixin.py:190} INFO - [2024-10-02T00:01:40.828+0000] {dag.py:3239} INFO - Sync 1 DAGs
[2024-10-02T00:01:40.837+0000] {logging_mixin.py:190} INFO - [2024-10-02T00:01:40.837+0000] {dag.py:4180} INFO - Setting next_dagrun for example_python_operator to None, run_after=None
[2024-10-02T00:01:40.847+0000] {processor.py:208} INFO - Processing /home/airflow/.local/lib/python3.12/site-packages/airflow/example_dags/example_python_operator.py took 0.048 seconds
[2024-10-02T00:02:11.690+0000] {processor.py:186} INFO - Started process (PID=35416) to work on /home/airflow/.local/lib/python3.12/site-packages/airflow/example_dags/example_python_operator.py
[2024-10-02T00:02:11.693+0000] {processor.py:914} INFO - Processing file /home/airflow/.local/lib/python3.12/site-packages/airflow/example_dags/example_python_operator.py for tasks to queue
[2024-10-02T00:02:11.694+0000] {logging_mixin.py:190} INFO - [2024-10-02T00:02:11.694+0000] {dagbag.py:588} INFO - Filling up the DagBag from /home/airflow/.local/lib/python3.12/site-packages/airflow/example_dags/example_python_operator.py
[2024-10-02T00:02:11.705+0000] {processor.py:925} INFO - DAG(s) 'example_python_operator' retrieved from /home/airflow/.local/lib/python3.12/site-packages/airflow/example_dags/example_python_operator.py
[2024-10-02T00:02:11.720+0000] {logging_mixin.py:190} INFO - [2024-10-02T00:02:11.720+0000] {dag.py:3239} INFO - Sync 1 DAGs
[2024-10-02T00:02:11.728+0000] {logging_mixin.py:190} INFO - [2024-10-02T00:02:11.728+0000] {dag.py:4180} INFO - Setting next_dagrun for example_python_operator to None, run_after=None
[2024-10-02T00:02:11.743+0000] {processor.py:208} INFO - Processing /home/airflow/.local/lib/python3.12/site-packages/airflow/example_dags/example_python_operator.py took 0.056 seconds
[2024-10-02T00:02:42.336+0000] {processor.py:186} INFO - Started process (PID=35479) to work on /home/airflow/.local/lib/python3.12/site-packages/airflow/example_dags/example_python_operator.py
[2024-10-02T00:02:42.336+0000] {processor.py:914} INFO - Processing file /home/airflow/.local/lib/python3.12/site-packages/airflow/example_dags/example_python_operator.py for tasks to queue
[2024-10-02T00:02:42.338+0000] {logging_mixin.py:190} INFO - [2024-10-02T00:02:42.338+0000] {dagbag.py:588} INFO - Filling up the DagBag from /home/airflow/.local/lib/python3.12/site-packages/airflow/example_dags/example_python_operator.py
[2024-10-02T00:02:42.344+0000] {processor.py:925} INFO - DAG(s) 'example_python_operator' retrieved from /home/airflow/.local/lib/python3.12/site-packages/airflow/example_dags/example_python_operator.py
[2024-10-02T00:02:42.357+0000] {logging_mixin.py:190} INFO - [2024-10-02T00:02:42.357+0000] {dag.py:3239} INFO - Sync 1 DAGs
[2024-10-02T00:02:42.363+0000] {logging_mixin.py:190} INFO - [2024-10-02T00:02:42.363+0000] {dag.py:4180} INFO - Setting next_dagrun for example_python_operator to None, run_after=None
[2024-10-02T00:02:42.371+0000] {processor.py:208} INFO - Processing /home/airflow/.local/lib/python3.12/site-packages/airflow/example_dags/example_python_operator.py took 0.038 seconds
[2024-10-02T00:03:13.262+0000] {processor.py:186} INFO - Started process (PID=35542) to work on /home/airflow/.local/lib/python3.12/site-packages/airflow/example_dags/example_python_operator.py
[2024-10-02T00:03:13.262+0000] {processor.py:914} INFO - Processing file /home/airflow/.local/lib/python3.12/site-packages/airflow/example_dags/example_python_operator.py for tasks to queue
[2024-10-02T00:03:13.264+0000] {logging_mixin.py:190} INFO - [2024-10-02T00:03:13.264+0000] {dagbag.py:588} INFO - Filling up the DagBag from /home/airflow/.local/lib/python3.12/site-packages/airflow/example_dags/example_python_operator.py
[2024-10-02T00:03:13.271+0000] {processor.py:925} INFO - DAG(s) 'example_python_operator' retrieved from /home/airflow/.local/lib/python3.12/site-packages/airflow/example_dags/example_python_operator.py
[2024-10-02T00:03:13.283+0000] {logging_mixin.py:190} INFO - [2024-10-02T00:03:13.283+0000] {dag.py:3239} INFO - Sync 1 DAGs
[2024-10-02T00:03:13.290+0000] {logging_mixin.py:190} INFO - [2024-10-02T00:03:13.290+0000] {dag.py:4180} INFO - Setting next_dagrun for example_python_operator to None, run_after=None
[2024-10-02T00:03:13.301+0000] {processor.py:208} INFO - Processing /home/airflow/.local/lib/python3.12/site-packages/airflow/example_dags/example_python_operator.py took 0.042 seconds
[2024-10-02T00:03:44.037+0000] {processor.py:186} INFO - Started process (PID=35606) to work on /home/airflow/.local/lib/python3.12/site-packages/airflow/example_dags/example_python_operator.py
[2024-10-02T00:03:44.037+0000] {processor.py:914} INFO - Processing file /home/airflow/.local/lib/python3.12/site-packages/airflow/example_dags/example_python_operator.py for tasks to queue
[2024-10-02T00:03:44.038+0000] {logging_mixin.py:190} INFO - [2024-10-02T00:03:44.038+0000] {dagbag.py:588} INFO - Filling up the DagBag from /home/airflow/.local/lib/python3.12/site-packages/airflow/example_dags/example_python_operator.py
[2024-10-02T00:03:44.044+0000] {processor.py:925} INFO - DAG(s) 'example_python_operator' retrieved from /home/airflow/.local/lib/python3.12/site-packages/airflow/example_dags/example_python_operator.py
[2024-10-02T00:03:44.064+0000] {logging_mixin.py:190} INFO - [2024-10-02T00:03:44.063+0000] {dag.py:3239} INFO - Sync 1 DAGs
[2024-10-02T00:03:44.070+0000] {logging_mixin.py:190} INFO - [2024-10-02T00:03:44.070+0000] {dag.py:4180} INFO - Setting next_dagrun for example_python_operator to None, run_after=None
[2024-10-02T00:03:44.079+0000] {processor.py:208} INFO - Processing /home/airflow/.local/lib/python3.12/site-packages/airflow/example_dags/example_python_operator.py took 0.045 seconds
[2024-10-02T00:04:14.685+0000] {processor.py:186} INFO - Started process (PID=35669) to work on /home/airflow/.local/lib/python3.12/site-packages/airflow/example_dags/example_python_operator.py
[2024-10-02T00:04:14.686+0000] {processor.py:914} INFO - Processing file /home/airflow/.local/lib/python3.12/site-packages/airflow/example_dags/example_python_operator.py for tasks to queue
[2024-10-02T00:04:14.687+0000] {logging_mixin.py:190} INFO - [2024-10-02T00:04:14.687+0000] {dagbag.py:588} INFO - Filling up the DagBag from /home/airflow/.local/lib/python3.12/site-packages/airflow/example_dags/example_python_operator.py
[2024-10-02T00:04:14.692+0000] {processor.py:925} INFO - DAG(s) 'example_python_operator' retrieved from /home/airflow/.local/lib/python3.12/site-packages/airflow/example_dags/example_python_operator.py
[2024-10-02T00:04:14.704+0000] {logging_mixin.py:190} INFO - [2024-10-02T00:04:14.704+0000] {dag.py:3239} INFO - Sync 1 DAGs
[2024-10-02T00:04:14.709+0000] {logging_mixin.py:190} INFO - [2024-10-02T00:04:14.709+0000] {dag.py:4180} INFO - Setting next_dagrun for example_python_operator to None, run_after=None
[2024-10-02T00:04:14.719+0000] {processor.py:208} INFO - Processing /home/airflow/.local/lib/python3.12/site-packages/airflow/example_dags/example_python_operator.py took 0.036 seconds
