[2024-10-02T00:00:07.437+0000] {processor.py:186} INFO - Started process (PID=35152) to work on /home/airflow/.local/lib/python3.12/site-packages/airflow/example_dags/example_outlet_event_extra.py
[2024-10-02T00:00:07.443+0000] {processor.py:914} INFO - Processing file /home/airflow/.local/lib/python3.12/site-packages/airflow/example_dags/example_outlet_event_extra.py for tasks to queue
[2024-10-02T00:00:07.459+0000] {logging_mixin.py:190} INFO - [2024-10-02T00:00:07.458+0000] {dagbag.py:588} INFO - Filling up the DagBag from /home/airflow/.local/lib/python3.12/site-packages/airflow/example_dags/example_outlet_event_extra.py
[2024-10-02T00:00:07.583+0000] {processor.py:925} INFO - DAG(s) 'dataset_with_extra_from_classic_operator', 'dataset_with_extra_by_context', 'dataset_with_extra_by_yield' retrieved from /home/airflow/.local/lib/python3.12/site-packages/airflow/example_dags/example_outlet_event_extra.py
[2024-10-02T00:00:07.598+0000] {logging_mixin.py:190} INFO - [2024-10-02T00:00:07.598+0000] {dag.py:3239} INFO - Sync 3 DAGs
[2024-10-02T00:00:07.622+0000] {logging_mixin.py:190} INFO - [2024-10-02T00:00:07.621+0000] {dag.py:4180} INFO - Setting next_dagrun for dataset_with_extra_by_context to 2024-10-01 00:00:00+00:00, run_after=2024-10-02 00:00:00+00:00
[2024-10-02T00:00:07.626+0000] {logging_mixin.py:190} INFO - [2024-10-02T00:00:07.626+0000] {dag.py:4180} INFO - Setting next_dagrun for dataset_with_extra_by_yield to 2024-10-01 00:00:00+00:00, run_after=2024-10-02 00:00:00+00:00
[2024-10-02T00:00:07.627+0000] {logging_mixin.py:190} INFO - [2024-10-02T00:00:07.627+0000] {dag.py:4180} INFO - Setting next_dagrun for dataset_with_extra_from_classic_operator to 2024-10-01 00:00:00+00:00, run_after=2024-10-02 00:00:00+00:00
[2024-10-02T00:00:07.638+0000] {processor.py:208} INFO - Processing /home/airflow/.local/lib/python3.12/site-packages/airflow/example_dags/example_outlet_event_extra.py took 0.220 seconds
[2024-10-02T00:00:38.109+0000] {processor.py:186} INFO - Started process (PID=35215) to work on /home/airflow/.local/lib/python3.12/site-packages/airflow/example_dags/example_outlet_event_extra.py
[2024-10-02T00:00:38.112+0000] {processor.py:914} INFO - Processing file /home/airflow/.local/lib/python3.12/site-packages/airflow/example_dags/example_outlet_event_extra.py for tasks to queue
[2024-10-02T00:00:38.114+0000] {logging_mixin.py:190} INFO - [2024-10-02T00:00:38.114+0000] {dagbag.py:588} INFO - Filling up the DagBag from /home/airflow/.local/lib/python3.12/site-packages/airflow/example_dags/example_outlet_event_extra.py
[2024-10-02T00:00:38.253+0000] {processor.py:925} INFO - DAG(s) 'dataset_with_extra_from_classic_operator', 'dataset_with_extra_by_context', 'dataset_with_extra_by_yield' retrieved from /home/airflow/.local/lib/python3.12/site-packages/airflow/example_dags/example_outlet_event_extra.py
[2024-10-02T00:00:38.283+0000] {logging_mixin.py:190} INFO - [2024-10-02T00:00:38.283+0000] {dag.py:3239} INFO - Sync 3 DAGs
[2024-10-02T00:00:38.311+0000] {logging_mixin.py:190} INFO - [2024-10-02T00:00:38.311+0000] {dag.py:4180} INFO - Setting next_dagrun for dataset_with_extra_by_context to 2024-10-01 00:00:00+00:00, run_after=2024-10-02 00:00:00+00:00
[2024-10-02T00:00:38.313+0000] {logging_mixin.py:190} INFO - [2024-10-02T00:00:38.313+0000] {dag.py:4180} INFO - Setting next_dagrun for dataset_with_extra_by_yield to 2024-10-01 00:00:00+00:00, run_after=2024-10-02 00:00:00+00:00
[2024-10-02T00:00:38.314+0000] {logging_mixin.py:190} INFO - [2024-10-02T00:00:38.314+0000] {dag.py:4180} INFO - Setting next_dagrun for dataset_with_extra_from_classic_operator to 2024-10-01 00:00:00+00:00, run_after=2024-10-02 00:00:00+00:00
[2024-10-02T00:00:38.328+0000] {processor.py:208} INFO - Processing /home/airflow/.local/lib/python3.12/site-packages/airflow/example_dags/example_outlet_event_extra.py took 0.224 seconds
[2024-10-02T00:01:09.154+0000] {processor.py:186} INFO - Started process (PID=35278) to work on /home/airflow/.local/lib/python3.12/site-packages/airflow/example_dags/example_outlet_event_extra.py
[2024-10-02T00:01:09.156+0000] {processor.py:914} INFO - Processing file /home/airflow/.local/lib/python3.12/site-packages/airflow/example_dags/example_outlet_event_extra.py for tasks to queue
[2024-10-02T00:01:09.164+0000] {logging_mixin.py:190} INFO - [2024-10-02T00:01:09.164+0000] {dagbag.py:588} INFO - Filling up the DagBag from /home/airflow/.local/lib/python3.12/site-packages/airflow/example_dags/example_outlet_event_extra.py
[2024-10-02T00:01:09.312+0000] {processor.py:925} INFO - DAG(s) 'dataset_with_extra_by_context', 'dataset_with_extra_from_classic_operator', 'dataset_with_extra_by_yield' retrieved from /home/airflow/.local/lib/python3.12/site-packages/airflow/example_dags/example_outlet_event_extra.py
[2024-10-02T00:01:09.348+0000] {logging_mixin.py:190} INFO - [2024-10-02T00:01:09.348+0000] {dag.py:3239} INFO - Sync 3 DAGs
[2024-10-02T00:01:09.365+0000] {logging_mixin.py:190} INFO - [2024-10-02T00:01:09.365+0000] {dag.py:4180} INFO - Setting next_dagrun for dataset_with_extra_by_context to 2024-10-01 00:00:00+00:00, run_after=2024-10-02 00:00:00+00:00
[2024-10-02T00:01:09.367+0000] {logging_mixin.py:190} INFO - [2024-10-02T00:01:09.367+0000] {dag.py:4180} INFO - Setting next_dagrun for dataset_with_extra_by_yield to 2024-10-01 00:00:00+00:00, run_after=2024-10-02 00:00:00+00:00
[2024-10-02T00:01:09.368+0000] {logging_mixin.py:190} INFO - [2024-10-02T00:01:09.368+0000] {dag.py:4180} INFO - Setting next_dagrun for dataset_with_extra_from_classic_operator to 2024-10-01 00:00:00+00:00, run_after=2024-10-02 00:00:00+00:00
[2024-10-02T00:01:09.380+0000] {processor.py:208} INFO - Processing /home/airflow/.local/lib/python3.12/site-packages/airflow/example_dags/example_outlet_event_extra.py took 0.246 seconds
[2024-10-02T00:01:40.184+0000] {processor.py:186} INFO - Started process (PID=35341) to work on /home/airflow/.local/lib/python3.12/site-packages/airflow/example_dags/example_outlet_event_extra.py
[2024-10-02T00:01:40.187+0000] {processor.py:914} INFO - Processing file /home/airflow/.local/lib/python3.12/site-packages/airflow/example_dags/example_outlet_event_extra.py for tasks to queue
[2024-10-02T00:01:40.200+0000] {logging_mixin.py:190} INFO - [2024-10-02T00:01:40.199+0000] {dagbag.py:588} INFO - Filling up the DagBag from /home/airflow/.local/lib/python3.12/site-packages/airflow/example_dags/example_outlet_event_extra.py
[2024-10-02T00:01:40.337+0000] {processor.py:925} INFO - DAG(s) 'dataset_with_extra_by_context', 'dataset_with_extra_from_classic_operator', 'dataset_with_extra_by_yield' retrieved from /home/airflow/.local/lib/python3.12/site-packages/airflow/example_dags/example_outlet_event_extra.py
[2024-10-02T00:01:40.377+0000] {logging_mixin.py:190} INFO - [2024-10-02T00:01:40.377+0000] {dag.py:3239} INFO - Sync 3 DAGs
[2024-10-02T00:01:40.398+0000] {logging_mixin.py:190} INFO - [2024-10-02T00:01:40.398+0000] {dag.py:4180} INFO - Setting next_dagrun for dataset_with_extra_by_context to 2024-10-01 00:00:00+00:00, run_after=2024-10-02 00:00:00+00:00
[2024-10-02T00:01:40.402+0000] {logging_mixin.py:190} INFO - [2024-10-02T00:01:40.402+0000] {dag.py:4180} INFO - Setting next_dagrun for dataset_with_extra_by_yield to 2024-10-01 00:00:00+00:00, run_after=2024-10-02 00:00:00+00:00
[2024-10-02T00:01:40.404+0000] {logging_mixin.py:190} INFO - [2024-10-02T00:01:40.404+0000] {dag.py:4180} INFO - Setting next_dagrun for dataset_with_extra_from_classic_operator to 2024-10-01 00:00:00+00:00, run_after=2024-10-02 00:00:00+00:00
[2024-10-02T00:01:40.419+0000] {processor.py:208} INFO - Processing /home/airflow/.local/lib/python3.12/site-packages/airflow/example_dags/example_outlet_event_extra.py took 0.242 seconds
[2024-10-02T00:02:11.129+0000] {processor.py:186} INFO - Started process (PID=35404) to work on /home/airflow/.local/lib/python3.12/site-packages/airflow/example_dags/example_outlet_event_extra.py
[2024-10-02T00:02:11.132+0000] {processor.py:914} INFO - Processing file /home/airflow/.local/lib/python3.12/site-packages/airflow/example_dags/example_outlet_event_extra.py for tasks to queue
[2024-10-02T00:02:11.136+0000] {logging_mixin.py:190} INFO - [2024-10-02T00:02:11.135+0000] {dagbag.py:588} INFO - Filling up the DagBag from /home/airflow/.local/lib/python3.12/site-packages/airflow/example_dags/example_outlet_event_extra.py
[2024-10-02T00:02:11.282+0000] {processor.py:925} INFO - DAG(s) 'dataset_with_extra_by_context', 'dataset_with_extra_from_classic_operator', 'dataset_with_extra_by_yield' retrieved from /home/airflow/.local/lib/python3.12/site-packages/airflow/example_dags/example_outlet_event_extra.py
[2024-10-02T00:02:11.308+0000] {logging_mixin.py:190} INFO - [2024-10-02T00:02:11.308+0000] {dag.py:3239} INFO - Sync 3 DAGs
[2024-10-02T00:02:11.330+0000] {logging_mixin.py:190} INFO - [2024-10-02T00:02:11.330+0000] {dag.py:4180} INFO - Setting next_dagrun for dataset_with_extra_by_context to 2024-10-01 00:00:00+00:00, run_after=2024-10-02 00:00:00+00:00
[2024-10-02T00:02:11.334+0000] {logging_mixin.py:190} INFO - [2024-10-02T00:02:11.333+0000] {dag.py:4180} INFO - Setting next_dagrun for dataset_with_extra_by_yield to 2024-10-01 00:00:00+00:00, run_after=2024-10-02 00:00:00+00:00
[2024-10-02T00:02:11.337+0000] {logging_mixin.py:190} INFO - [2024-10-02T00:02:11.337+0000] {dag.py:4180} INFO - Setting next_dagrun for dataset_with_extra_from_classic_operator to 2024-10-01 00:00:00+00:00, run_after=2024-10-02 00:00:00+00:00
[2024-10-02T00:02:11.352+0000] {processor.py:208} INFO - Processing /home/airflow/.local/lib/python3.12/site-packages/airflow/example_dags/example_outlet_event_extra.py took 0.241 seconds
[2024-10-02T00:02:41.690+0000] {processor.py:186} INFO - Started process (PID=35467) to work on /home/airflow/.local/lib/python3.12/site-packages/airflow/example_dags/example_outlet_event_extra.py
[2024-10-02T00:02:41.696+0000] {processor.py:914} INFO - Processing file /home/airflow/.local/lib/python3.12/site-packages/airflow/example_dags/example_outlet_event_extra.py for tasks to queue
[2024-10-02T00:02:41.701+0000] {logging_mixin.py:190} INFO - [2024-10-02T00:02:41.701+0000] {dagbag.py:588} INFO - Filling up the DagBag from /home/airflow/.local/lib/python3.12/site-packages/airflow/example_dags/example_outlet_event_extra.py
[2024-10-02T00:02:41.854+0000] {processor.py:925} INFO - DAG(s) 'dataset_with_extra_by_yield', 'dataset_with_extra_by_context', 'dataset_with_extra_from_classic_operator' retrieved from /home/airflow/.local/lib/python3.12/site-packages/airflow/example_dags/example_outlet_event_extra.py
[2024-10-02T00:02:41.884+0000] {logging_mixin.py:190} INFO - [2024-10-02T00:02:41.884+0000] {dag.py:3239} INFO - Sync 3 DAGs
[2024-10-02T00:02:41.915+0000] {logging_mixin.py:190} INFO - [2024-10-02T00:02:41.914+0000] {dag.py:4180} INFO - Setting next_dagrun for dataset_with_extra_by_context to 2024-10-01 00:00:00+00:00, run_after=2024-10-02 00:00:00+00:00
[2024-10-02T00:02:41.917+0000] {logging_mixin.py:190} INFO - [2024-10-02T00:02:41.917+0000] {dag.py:4180} INFO - Setting next_dagrun for dataset_with_extra_by_yield to 2024-10-01 00:00:00+00:00, run_after=2024-10-02 00:00:00+00:00
[2024-10-02T00:02:41.919+0000] {logging_mixin.py:190} INFO - [2024-10-02T00:02:41.919+0000] {dag.py:4180} INFO - Setting next_dagrun for dataset_with_extra_from_classic_operator to 2024-10-01 00:00:00+00:00, run_after=2024-10-02 00:00:00+00:00
[2024-10-02T00:02:41.934+0000] {processor.py:208} INFO - Processing /home/airflow/.local/lib/python3.12/site-packages/airflow/example_dags/example_outlet_event_extra.py took 0.263 seconds
[2024-10-02T00:03:12.674+0000] {processor.py:186} INFO - Started process (PID=35530) to work on /home/airflow/.local/lib/python3.12/site-packages/airflow/example_dags/example_outlet_event_extra.py
[2024-10-02T00:03:12.675+0000] {processor.py:914} INFO - Processing file /home/airflow/.local/lib/python3.12/site-packages/airflow/example_dags/example_outlet_event_extra.py for tasks to queue
[2024-10-02T00:03:12.684+0000] {logging_mixin.py:190} INFO - [2024-10-02T00:03:12.684+0000] {dagbag.py:588} INFO - Filling up the DagBag from /home/airflow/.local/lib/python3.12/site-packages/airflow/example_dags/example_outlet_event_extra.py
[2024-10-02T00:03:12.806+0000] {processor.py:925} INFO - DAG(s) 'dataset_with_extra_by_context', 'dataset_with_extra_from_classic_operator', 'dataset_with_extra_by_yield' retrieved from /home/airflow/.local/lib/python3.12/site-packages/airflow/example_dags/example_outlet_event_extra.py
[2024-10-02T00:03:12.828+0000] {logging_mixin.py:190} INFO - [2024-10-02T00:03:12.828+0000] {dag.py:3239} INFO - Sync 3 DAGs
[2024-10-02T00:03:12.844+0000] {logging_mixin.py:190} INFO - [2024-10-02T00:03:12.844+0000] {dag.py:4180} INFO - Setting next_dagrun for dataset_with_extra_by_context to 2024-10-01 00:00:00+00:00, run_after=2024-10-02 00:00:00+00:00
[2024-10-02T00:03:12.846+0000] {logging_mixin.py:190} INFO - [2024-10-02T00:03:12.846+0000] {dag.py:4180} INFO - Setting next_dagrun for dataset_with_extra_by_yield to 2024-10-01 00:00:00+00:00, run_after=2024-10-02 00:00:00+00:00
[2024-10-02T00:03:12.847+0000] {logging_mixin.py:190} INFO - [2024-10-02T00:03:12.847+0000] {dag.py:4180} INFO - Setting next_dagrun for dataset_with_extra_from_classic_operator to 2024-10-01 00:00:00+00:00, run_after=2024-10-02 00:00:00+00:00
[2024-10-02T00:03:12.861+0000] {processor.py:208} INFO - Processing /home/airflow/.local/lib/python3.12/site-packages/airflow/example_dags/example_outlet_event_extra.py took 0.196 seconds
[2024-10-02T00:03:43.405+0000] {processor.py:186} INFO - Started process (PID=35594) to work on /home/airflow/.local/lib/python3.12/site-packages/airflow/example_dags/example_outlet_event_extra.py
[2024-10-02T00:03:43.407+0000] {processor.py:914} INFO - Processing file /home/airflow/.local/lib/python3.12/site-packages/airflow/example_dags/example_outlet_event_extra.py for tasks to queue
[2024-10-02T00:03:43.410+0000] {logging_mixin.py:190} INFO - [2024-10-02T00:03:43.410+0000] {dagbag.py:588} INFO - Filling up the DagBag from /home/airflow/.local/lib/python3.12/site-packages/airflow/example_dags/example_outlet_event_extra.py
[2024-10-02T00:03:43.542+0000] {processor.py:925} INFO - DAG(s) 'dataset_with_extra_by_yield', 'dataset_with_extra_from_classic_operator', 'dataset_with_extra_by_context' retrieved from /home/airflow/.local/lib/python3.12/site-packages/airflow/example_dags/example_outlet_event_extra.py
[2024-10-02T00:03:43.581+0000] {logging_mixin.py:190} INFO - [2024-10-02T00:03:43.581+0000] {dag.py:3239} INFO - Sync 3 DAGs
[2024-10-02T00:03:43.600+0000] {logging_mixin.py:190} INFO - [2024-10-02T00:03:43.600+0000] {dag.py:4180} INFO - Setting next_dagrun for dataset_with_extra_by_context to 2024-10-01 00:00:00+00:00, run_after=2024-10-02 00:00:00+00:00
[2024-10-02T00:03:43.603+0000] {logging_mixin.py:190} INFO - [2024-10-02T00:03:43.603+0000] {dag.py:4180} INFO - Setting next_dagrun for dataset_with_extra_by_yield to 2024-10-01 00:00:00+00:00, run_after=2024-10-02 00:00:00+00:00
[2024-10-02T00:03:43.604+0000] {logging_mixin.py:190} INFO - [2024-10-02T00:03:43.604+0000] {dag.py:4180} INFO - Setting next_dagrun for dataset_with_extra_from_classic_operator to 2024-10-01 00:00:00+00:00, run_after=2024-10-02 00:00:00+00:00
[2024-10-02T00:03:43.619+0000] {processor.py:208} INFO - Processing /home/airflow/.local/lib/python3.12/site-packages/airflow/example_dags/example_outlet_event_extra.py took 0.223 seconds
[2024-10-02T00:04:14.181+0000] {processor.py:186} INFO - Started process (PID=35657) to work on /home/airflow/.local/lib/python3.12/site-packages/airflow/example_dags/example_outlet_event_extra.py
[2024-10-02T00:04:14.186+0000] {processor.py:914} INFO - Processing file /home/airflow/.local/lib/python3.12/site-packages/airflow/example_dags/example_outlet_event_extra.py for tasks to queue
[2024-10-02T00:04:14.190+0000] {logging_mixin.py:190} INFO - [2024-10-02T00:04:14.190+0000] {dagbag.py:588} INFO - Filling up the DagBag from /home/airflow/.local/lib/python3.12/site-packages/airflow/example_dags/example_outlet_event_extra.py
[2024-10-02T00:04:14.300+0000] {processor.py:925} INFO - DAG(s) 'dataset_with_extra_from_classic_operator', 'dataset_with_extra_by_context', 'dataset_with_extra_by_yield' retrieved from /home/airflow/.local/lib/python3.12/site-packages/airflow/example_dags/example_outlet_event_extra.py
[2024-10-02T00:04:14.317+0000] {logging_mixin.py:190} INFO - [2024-10-02T00:04:14.317+0000] {dag.py:3239} INFO - Sync 3 DAGs
[2024-10-02T00:04:14.331+0000] {logging_mixin.py:190} INFO - [2024-10-02T00:04:14.331+0000] {dag.py:4180} INFO - Setting next_dagrun for dataset_with_extra_by_context to 2024-10-01 00:00:00+00:00, run_after=2024-10-02 00:00:00+00:00
[2024-10-02T00:04:14.333+0000] {logging_mixin.py:190} INFO - [2024-10-02T00:04:14.333+0000] {dag.py:4180} INFO - Setting next_dagrun for dataset_with_extra_by_yield to 2024-10-01 00:00:00+00:00, run_after=2024-10-02 00:00:00+00:00
[2024-10-02T00:04:14.334+0000] {logging_mixin.py:190} INFO - [2024-10-02T00:04:14.334+0000] {dag.py:4180} INFO - Setting next_dagrun for dataset_with_extra_from_classic_operator to 2024-10-01 00:00:00+00:00, run_after=2024-10-02 00:00:00+00:00
[2024-10-02T00:04:14.346+0000] {processor.py:208} INFO - Processing /home/airflow/.local/lib/python3.12/site-packages/airflow/example_dags/example_outlet_event_extra.py took 0.171 seconds
