[2024-10-02T00:00:11.470+0000] {processor.py:186} INFO - Started process (PID=35191) to work on /home/airflow/.local/lib/python3.12/site-packages/airflow/example_dags/example_inlet_event_extra.py
[2024-10-02T00:00:11.474+0000] {processor.py:914} INFO - Processing file /home/airflow/.local/lib/python3.12/site-packages/airflow/example_dags/example_inlet_event_extra.py for tasks to queue
[2024-10-02T00:00:11.488+0000] {logging_mixin.py:190} INFO - [2024-10-02T00:00:11.486+0000] {dagbag.py:588} INFO - Filling up the DagBag from /home/airflow/.local/lib/python3.12/site-packages/airflow/example_dags/example_inlet_event_extra.py
[2024-10-02T00:00:11.694+0000] {processor.py:925} INFO - DAG(s) 'read_dataset_event_from_classic', 'read_dataset_event' retrieved from /home/airflow/.local/lib/python3.12/site-packages/airflow/example_dags/example_inlet_event_extra.py
[2024-10-02T00:00:11.722+0000] {logging_mixin.py:190} INFO - [2024-10-02T00:00:11.722+0000] {dag.py:3239} INFO - Sync 2 DAGs
[2024-10-02T00:00:11.768+0000] {logging_mixin.py:190} INFO - [2024-10-02T00:00:11.768+0000] {dag.py:4180} INFO - Setting next_dagrun for read_dataset_event to 2024-10-01 00:00:00+00:00, run_after=2024-10-02 00:00:00+00:00
[2024-10-02T00:00:11.771+0000] {logging_mixin.py:190} INFO - [2024-10-02T00:00:11.771+0000] {dag.py:4180} INFO - Setting next_dagrun for read_dataset_event_from_classic to 2024-10-01 00:00:00+00:00, run_after=2024-10-02 00:00:00+00:00
[2024-10-02T00:00:11.797+0000] {processor.py:208} INFO - Processing /home/airflow/.local/lib/python3.12/site-packages/airflow/example_dags/example_inlet_event_extra.py took 0.336 seconds
[2024-10-02T00:00:41.895+0000] {processor.py:186} INFO - Started process (PID=35254) to work on /home/airflow/.local/lib/python3.12/site-packages/airflow/example_dags/example_inlet_event_extra.py
[2024-10-02T00:00:41.898+0000] {processor.py:914} INFO - Processing file /home/airflow/.local/lib/python3.12/site-packages/airflow/example_dags/example_inlet_event_extra.py for tasks to queue
[2024-10-02T00:00:41.902+0000] {logging_mixin.py:190} INFO - [2024-10-02T00:00:41.901+0000] {dagbag.py:588} INFO - Filling up the DagBag from /home/airflow/.local/lib/python3.12/site-packages/airflow/example_dags/example_inlet_event_extra.py
[2024-10-02T00:00:42.007+0000] {processor.py:925} INFO - DAG(s) 'read_dataset_event_from_classic', 'read_dataset_event' retrieved from /home/airflow/.local/lib/python3.12/site-packages/airflow/example_dags/example_inlet_event_extra.py
[2024-10-02T00:00:42.024+0000] {logging_mixin.py:190} INFO - [2024-10-02T00:00:42.024+0000] {dag.py:3239} INFO - Sync 2 DAGs
[2024-10-02T00:00:42.037+0000] {logging_mixin.py:190} INFO - [2024-10-02T00:00:42.036+0000] {dag.py:4180} INFO - Setting next_dagrun for read_dataset_event to 2024-10-01 00:00:00+00:00, run_after=2024-10-02 00:00:00+00:00
[2024-10-02T00:00:42.040+0000] {logging_mixin.py:190} INFO - [2024-10-02T00:00:42.040+0000] {dag.py:4180} INFO - Setting next_dagrun for read_dataset_event_from_classic to 2024-10-01 00:00:00+00:00, run_after=2024-10-02 00:00:00+00:00
[2024-10-02T00:00:42.050+0000] {processor.py:208} INFO - Processing /home/airflow/.local/lib/python3.12/site-packages/airflow/example_dags/example_inlet_event_extra.py took 0.165 seconds
[2024-10-02T00:01:12.851+0000] {processor.py:186} INFO - Started process (PID=35317) to work on /home/airflow/.local/lib/python3.12/site-packages/airflow/example_dags/example_inlet_event_extra.py
[2024-10-02T00:01:12.856+0000] {processor.py:914} INFO - Processing file /home/airflow/.local/lib/python3.12/site-packages/airflow/example_dags/example_inlet_event_extra.py for tasks to queue
[2024-10-02T00:01:12.859+0000] {logging_mixin.py:190} INFO - [2024-10-02T00:01:12.859+0000] {dagbag.py:588} INFO - Filling up the DagBag from /home/airflow/.local/lib/python3.12/site-packages/airflow/example_dags/example_inlet_event_extra.py
[2024-10-02T00:01:12.966+0000] {processor.py:925} INFO - DAG(s) 'read_dataset_event_from_classic', 'read_dataset_event' retrieved from /home/airflow/.local/lib/python3.12/site-packages/airflow/example_dags/example_inlet_event_extra.py
[2024-10-02T00:01:12.983+0000] {logging_mixin.py:190} INFO - [2024-10-02T00:01:12.982+0000] {dag.py:3239} INFO - Sync 2 DAGs
[2024-10-02T00:01:12.998+0000] {logging_mixin.py:190} INFO - [2024-10-02T00:01:12.998+0000] {dag.py:4180} INFO - Setting next_dagrun for read_dataset_event to 2024-10-01 00:00:00+00:00, run_after=2024-10-02 00:00:00+00:00
[2024-10-02T00:01:13.002+0000] {logging_mixin.py:190} INFO - [2024-10-02T00:01:13.002+0000] {dag.py:4180} INFO - Setting next_dagrun for read_dataset_event_from_classic to 2024-10-01 00:00:00+00:00, run_after=2024-10-02 00:00:00+00:00
[2024-10-02T00:01:13.012+0000] {processor.py:208} INFO - Processing /home/airflow/.local/lib/python3.12/site-packages/airflow/example_dags/example_inlet_event_extra.py took 0.169 seconds
[2024-10-02T00:01:43.877+0000] {processor.py:186} INFO - Started process (PID=35380) to work on /home/airflow/.local/lib/python3.12/site-packages/airflow/example_dags/example_inlet_event_extra.py
[2024-10-02T00:01:43.878+0000] {processor.py:914} INFO - Processing file /home/airflow/.local/lib/python3.12/site-packages/airflow/example_dags/example_inlet_event_extra.py for tasks to queue
[2024-10-02T00:01:43.881+0000] {logging_mixin.py:190} INFO - [2024-10-02T00:01:43.880+0000] {dagbag.py:588} INFO - Filling up the DagBag from /home/airflow/.local/lib/python3.12/site-packages/airflow/example_dags/example_inlet_event_extra.py
[2024-10-02T00:01:43.990+0000] {processor.py:925} INFO - DAG(s) 'read_dataset_event_from_classic', 'read_dataset_event' retrieved from /home/airflow/.local/lib/python3.12/site-packages/airflow/example_dags/example_inlet_event_extra.py
[2024-10-02T00:01:44.017+0000] {logging_mixin.py:190} INFO - [2024-10-02T00:01:44.017+0000] {dag.py:3239} INFO - Sync 2 DAGs
[2024-10-02T00:01:44.033+0000] {logging_mixin.py:190} INFO - [2024-10-02T00:01:44.033+0000] {dag.py:4180} INFO - Setting next_dagrun for read_dataset_event to 2024-10-01 00:00:00+00:00, run_after=2024-10-02 00:00:00+00:00
[2024-10-02T00:01:44.035+0000] {logging_mixin.py:190} INFO - [2024-10-02T00:01:44.035+0000] {dag.py:4180} INFO - Setting next_dagrun for read_dataset_event_from_classic to 2024-10-01 00:00:00+00:00, run_after=2024-10-02 00:00:00+00:00
[2024-10-02T00:01:44.045+0000] {processor.py:208} INFO - Processing /home/airflow/.local/lib/python3.12/site-packages/airflow/example_dags/example_inlet_event_extra.py took 0.177 seconds
[2024-10-02T00:02:14.482+0000] {processor.py:186} INFO - Started process (PID=35443) to work on /home/airflow/.local/lib/python3.12/site-packages/airflow/example_dags/example_inlet_event_extra.py
[2024-10-02T00:02:14.484+0000] {processor.py:914} INFO - Processing file /home/airflow/.local/lib/python3.12/site-packages/airflow/example_dags/example_inlet_event_extra.py for tasks to queue
[2024-10-02T00:02:14.488+0000] {logging_mixin.py:190} INFO - [2024-10-02T00:02:14.488+0000] {dagbag.py:588} INFO - Filling up the DagBag from /home/airflow/.local/lib/python3.12/site-packages/airflow/example_dags/example_inlet_event_extra.py
[2024-10-02T00:02:14.581+0000] {processor.py:925} INFO - DAG(s) 'read_dataset_event_from_classic', 'read_dataset_event' retrieved from /home/airflow/.local/lib/python3.12/site-packages/airflow/example_dags/example_inlet_event_extra.py
[2024-10-02T00:02:14.595+0000] {logging_mixin.py:190} INFO - [2024-10-02T00:02:14.595+0000] {dag.py:3239} INFO - Sync 2 DAGs
[2024-10-02T00:02:14.610+0000] {logging_mixin.py:190} INFO - [2024-10-02T00:02:14.610+0000] {dag.py:4180} INFO - Setting next_dagrun for read_dataset_event to 2024-10-01 00:00:00+00:00, run_after=2024-10-02 00:00:00+00:00
[2024-10-02T00:02:14.612+0000] {logging_mixin.py:190} INFO - [2024-10-02T00:02:14.612+0000] {dag.py:4180} INFO - Setting next_dagrun for read_dataset_event_from_classic to 2024-10-01 00:00:00+00:00, run_after=2024-10-02 00:00:00+00:00
[2024-10-02T00:02:14.623+0000] {processor.py:208} INFO - Processing /home/airflow/.local/lib/python3.12/site-packages/airflow/example_dags/example_inlet_event_extra.py took 0.148 seconds
[2024-10-02T00:02:45.297+0000] {processor.py:186} INFO - Started process (PID=35506) to work on /home/airflow/.local/lib/python3.12/site-packages/airflow/example_dags/example_inlet_event_extra.py
[2024-10-02T00:02:45.299+0000] {processor.py:914} INFO - Processing file /home/airflow/.local/lib/python3.12/site-packages/airflow/example_dags/example_inlet_event_extra.py for tasks to queue
[2024-10-02T00:02:45.302+0000] {logging_mixin.py:190} INFO - [2024-10-02T00:02:45.302+0000] {dagbag.py:588} INFO - Filling up the DagBag from /home/airflow/.local/lib/python3.12/site-packages/airflow/example_dags/example_inlet_event_extra.py
[2024-10-02T00:02:45.442+0000] {processor.py:925} INFO - DAG(s) 'read_dataset_event', 'read_dataset_event_from_classic' retrieved from /home/airflow/.local/lib/python3.12/site-packages/airflow/example_dags/example_inlet_event_extra.py
[2024-10-02T00:02:45.483+0000] {logging_mixin.py:190} INFO - [2024-10-02T00:02:45.482+0000] {dag.py:3239} INFO - Sync 2 DAGs
[2024-10-02T00:02:45.514+0000] {logging_mixin.py:190} INFO - [2024-10-02T00:02:45.513+0000] {dag.py:4180} INFO - Setting next_dagrun for read_dataset_event to 2024-10-01 00:00:00+00:00, run_after=2024-10-02 00:00:00+00:00
[2024-10-02T00:02:45.520+0000] {logging_mixin.py:190} INFO - [2024-10-02T00:02:45.520+0000] {dag.py:4180} INFO - Setting next_dagrun for read_dataset_event_from_classic to 2024-10-01 00:00:00+00:00, run_after=2024-10-02 00:00:00+00:00
[2024-10-02T00:02:45.534+0000] {processor.py:208} INFO - Processing /home/airflow/.local/lib/python3.12/site-packages/airflow/example_dags/example_inlet_event_extra.py took 0.244 seconds
[2024-10-02T00:03:16.092+0000] {processor.py:186} INFO - Started process (PID=35569) to work on /home/airflow/.local/lib/python3.12/site-packages/airflow/example_dags/example_inlet_event_extra.py
[2024-10-02T00:03:16.094+0000] {processor.py:914} INFO - Processing file /home/airflow/.local/lib/python3.12/site-packages/airflow/example_dags/example_inlet_event_extra.py for tasks to queue
[2024-10-02T00:03:16.097+0000] {logging_mixin.py:190} INFO - [2024-10-02T00:03:16.096+0000] {dagbag.py:588} INFO - Filling up the DagBag from /home/airflow/.local/lib/python3.12/site-packages/airflow/example_dags/example_inlet_event_extra.py
[2024-10-02T00:03:16.194+0000] {processor.py:925} INFO - DAG(s) 'read_dataset_event', 'read_dataset_event_from_classic' retrieved from /home/airflow/.local/lib/python3.12/site-packages/airflow/example_dags/example_inlet_event_extra.py
[2024-10-02T00:03:16.207+0000] {logging_mixin.py:190} INFO - [2024-10-02T00:03:16.207+0000] {dag.py:3239} INFO - Sync 2 DAGs
[2024-10-02T00:03:16.221+0000] {logging_mixin.py:190} INFO - [2024-10-02T00:03:16.221+0000] {dag.py:4180} INFO - Setting next_dagrun for read_dataset_event to 2024-10-01 00:00:00+00:00, run_after=2024-10-02 00:00:00+00:00
[2024-10-02T00:03:16.225+0000] {logging_mixin.py:190} INFO - [2024-10-02T00:03:16.225+0000] {dag.py:4180} INFO - Setting next_dagrun for read_dataset_event_from_classic to 2024-10-01 00:00:00+00:00, run_after=2024-10-02 00:00:00+00:00
[2024-10-02T00:03:16.233+0000] {processor.py:208} INFO - Processing /home/airflow/.local/lib/python3.12/site-packages/airflow/example_dags/example_inlet_event_extra.py took 0.149 seconds
[2024-10-02T00:03:46.917+0000] {processor.py:186} INFO - Started process (PID=35633) to work on /home/airflow/.local/lib/python3.12/site-packages/airflow/example_dags/example_inlet_event_extra.py
[2024-10-02T00:03:46.920+0000] {processor.py:914} INFO - Processing file /home/airflow/.local/lib/python3.12/site-packages/airflow/example_dags/example_inlet_event_extra.py for tasks to queue
[2024-10-02T00:03:46.924+0000] {logging_mixin.py:190} INFO - [2024-10-02T00:03:46.924+0000] {dagbag.py:588} INFO - Filling up the DagBag from /home/airflow/.local/lib/python3.12/site-packages/airflow/example_dags/example_inlet_event_extra.py
[2024-10-02T00:03:47.042+0000] {processor.py:925} INFO - DAG(s) 'read_dataset_event', 'read_dataset_event_from_classic' retrieved from /home/airflow/.local/lib/python3.12/site-packages/airflow/example_dags/example_inlet_event_extra.py
[2024-10-02T00:03:47.059+0000] {logging_mixin.py:190} INFO - [2024-10-02T00:03:47.059+0000] {dag.py:3239} INFO - Sync 2 DAGs
[2024-10-02T00:03:47.073+0000] {logging_mixin.py:190} INFO - [2024-10-02T00:03:47.073+0000] {dag.py:4180} INFO - Setting next_dagrun for read_dataset_event to 2024-10-01 00:00:00+00:00, run_after=2024-10-02 00:00:00+00:00
[2024-10-02T00:03:47.075+0000] {logging_mixin.py:190} INFO - [2024-10-02T00:03:47.075+0000] {dag.py:4180} INFO - Setting next_dagrun for read_dataset_event_from_classic to 2024-10-01 00:00:00+00:00, run_after=2024-10-02 00:00:00+00:00
[2024-10-02T00:03:47.085+0000] {processor.py:208} INFO - Processing /home/airflow/.local/lib/python3.12/site-packages/airflow/example_dags/example_inlet_event_extra.py took 0.180 seconds
[2024-10-02T00:04:17.527+0000] {processor.py:186} INFO - Started process (PID=35696) to work on /home/airflow/.local/lib/python3.12/site-packages/airflow/example_dags/example_inlet_event_extra.py
[2024-10-02T00:04:17.528+0000] {processor.py:914} INFO - Processing file /home/airflow/.local/lib/python3.12/site-packages/airflow/example_dags/example_inlet_event_extra.py for tasks to queue
[2024-10-02T00:04:17.531+0000] {logging_mixin.py:190} INFO - [2024-10-02T00:04:17.530+0000] {dagbag.py:588} INFO - Filling up the DagBag from /home/airflow/.local/lib/python3.12/site-packages/airflow/example_dags/example_inlet_event_extra.py
[2024-10-02T00:04:17.635+0000] {processor.py:925} INFO - DAG(s) 'read_dataset_event', 'read_dataset_event_from_classic' retrieved from /home/airflow/.local/lib/python3.12/site-packages/airflow/example_dags/example_inlet_event_extra.py
[2024-10-02T00:04:17.648+0000] {logging_mixin.py:190} INFO - [2024-10-02T00:04:17.647+0000] {dag.py:3239} INFO - Sync 2 DAGs
[2024-10-02T00:04:17.665+0000] {logging_mixin.py:190} INFO - [2024-10-02T00:04:17.665+0000] {dag.py:4180} INFO - Setting next_dagrun for read_dataset_event to 2024-10-01 00:00:00+00:00, run_after=2024-10-02 00:00:00+00:00
[2024-10-02T00:04:17.670+0000] {logging_mixin.py:190} INFO - [2024-10-02T00:04:17.670+0000] {dag.py:4180} INFO - Setting next_dagrun for read_dataset_event_from_classic to 2024-10-01 00:00:00+00:00, run_after=2024-10-02 00:00:00+00:00
[2024-10-02T00:04:17.679+0000] {processor.py:208} INFO - Processing /home/airflow/.local/lib/python3.12/site-packages/airflow/example_dags/example_inlet_event_extra.py took 0.158 seconds
