[2024-10-02T00:00:07.711+0000] {processor.py:186} INFO - Started process (PID=35155) to work on /home/airflow/.local/lib/python3.12/site-packages/airflow/example_dags/example_branch_operator.py
[2024-10-02T00:00:07.712+0000] {processor.py:914} INFO - Processing file /home/airflow/.local/lib/python3.12/site-packages/airflow/example_dags/example_branch_operator.py for tasks to queue
[2024-10-02T00:00:07.713+0000] {logging_mixin.py:190} INFO - [2024-10-02T00:00:07.713+0000] {dagbag.py:588} INFO - Filling up the DagBag from /home/airflow/.local/lib/python3.12/site-packages/airflow/example_dags/example_branch_operator.py
[2024-10-02T00:00:07.722+0000] {processor.py:925} INFO - DAG(s) 'example_branch_operator' retrieved from /home/airflow/.local/lib/python3.12/site-packages/airflow/example_dags/example_branch_operator.py
[2024-10-02T00:00:07.743+0000] {logging_mixin.py:190} INFO - [2024-10-02T00:00:07.743+0000] {dag.py:3239} INFO - Sync 1 DAGs
[2024-10-02T00:00:07.754+0000] {logging_mixin.py:190} INFO - [2024-10-02T00:00:07.754+0000] {dag.py:4180} INFO - Setting next_dagrun for example_branch_operator to 2024-10-01 00:00:00+00:00, run_after=2024-10-02 00:00:00+00:00
[2024-10-02T00:00:07.762+0000] {processor.py:208} INFO - Processing /home/airflow/.local/lib/python3.12/site-packages/airflow/example_dags/example_branch_operator.py took 0.054 seconds
[2024-10-02T00:00:38.418+0000] {processor.py:186} INFO - Started process (PID=35218) to work on /home/airflow/.local/lib/python3.12/site-packages/airflow/example_dags/example_branch_operator.py
[2024-10-02T00:00:38.419+0000] {processor.py:914} INFO - Processing file /home/airflow/.local/lib/python3.12/site-packages/airflow/example_dags/example_branch_operator.py for tasks to queue
[2024-10-02T00:00:38.420+0000] {logging_mixin.py:190} INFO - [2024-10-02T00:00:38.420+0000] {dagbag.py:588} INFO - Filling up the DagBag from /home/airflow/.local/lib/python3.12/site-packages/airflow/example_dags/example_branch_operator.py
[2024-10-02T00:00:38.432+0000] {processor.py:925} INFO - DAG(s) 'example_branch_operator' retrieved from /home/airflow/.local/lib/python3.12/site-packages/airflow/example_dags/example_branch_operator.py
[2024-10-02T00:00:38.446+0000] {logging_mixin.py:190} INFO - [2024-10-02T00:00:38.446+0000] {dag.py:3239} INFO - Sync 1 DAGs
[2024-10-02T00:00:38.456+0000] {logging_mixin.py:190} INFO - [2024-10-02T00:00:38.456+0000] {dag.py:4180} INFO - Setting next_dagrun for example_branch_operator to 2024-10-01 00:00:00+00:00, run_after=2024-10-02 00:00:00+00:00
[2024-10-02T00:00:38.465+0000] {processor.py:208} INFO - Processing /home/airflow/.local/lib/python3.12/site-packages/airflow/example_dags/example_branch_operator.py took 0.051 seconds
[2024-10-02T00:01:09.462+0000] {processor.py:186} INFO - Started process (PID=35281) to work on /home/airflow/.local/lib/python3.12/site-packages/airflow/example_dags/example_branch_operator.py
[2024-10-02T00:01:09.465+0000] {processor.py:914} INFO - Processing file /home/airflow/.local/lib/python3.12/site-packages/airflow/example_dags/example_branch_operator.py for tasks to queue
[2024-10-02T00:01:09.466+0000] {logging_mixin.py:190} INFO - [2024-10-02T00:01:09.466+0000] {dagbag.py:588} INFO - Filling up the DagBag from /home/airflow/.local/lib/python3.12/site-packages/airflow/example_dags/example_branch_operator.py
[2024-10-02T00:01:09.479+0000] {processor.py:925} INFO - DAG(s) 'example_branch_operator' retrieved from /home/airflow/.local/lib/python3.12/site-packages/airflow/example_dags/example_branch_operator.py
[2024-10-02T00:01:09.495+0000] {logging_mixin.py:190} INFO - [2024-10-02T00:01:09.495+0000] {dag.py:3239} INFO - Sync 1 DAGs
[2024-10-02T00:01:09.505+0000] {logging_mixin.py:190} INFO - [2024-10-02T00:01:09.505+0000] {dag.py:4180} INFO - Setting next_dagrun for example_branch_operator to 2024-10-01 00:00:00+00:00, run_after=2024-10-02 00:00:00+00:00
[2024-10-02T00:01:09.527+0000] {processor.py:208} INFO - Processing /home/airflow/.local/lib/python3.12/site-packages/airflow/example_dags/example_branch_operator.py took 0.069 seconds
[2024-10-02T00:01:40.509+0000] {processor.py:186} INFO - Started process (PID=35344) to work on /home/airflow/.local/lib/python3.12/site-packages/airflow/example_dags/example_branch_operator.py
[2024-10-02T00:01:40.510+0000] {processor.py:914} INFO - Processing file /home/airflow/.local/lib/python3.12/site-packages/airflow/example_dags/example_branch_operator.py for tasks to queue
[2024-10-02T00:01:40.511+0000] {logging_mixin.py:190} INFO - [2024-10-02T00:01:40.511+0000] {dagbag.py:588} INFO - Filling up the DagBag from /home/airflow/.local/lib/python3.12/site-packages/airflow/example_dags/example_branch_operator.py
[2024-10-02T00:01:40.522+0000] {processor.py:925} INFO - DAG(s) 'example_branch_operator' retrieved from /home/airflow/.local/lib/python3.12/site-packages/airflow/example_dags/example_branch_operator.py
[2024-10-02T00:01:40.540+0000] {logging_mixin.py:190} INFO - [2024-10-02T00:01:40.540+0000] {dag.py:3239} INFO - Sync 1 DAGs
[2024-10-02T00:01:40.556+0000] {logging_mixin.py:190} INFO - [2024-10-02T00:01:40.556+0000] {dag.py:4180} INFO - Setting next_dagrun for example_branch_operator to 2024-10-01 00:00:00+00:00, run_after=2024-10-02 00:00:00+00:00
[2024-10-02T00:01:40.568+0000] {processor.py:208} INFO - Processing /home/airflow/.local/lib/python3.12/site-packages/airflow/example_dags/example_branch_operator.py took 0.062 seconds
[2024-10-02T00:02:11.429+0000] {processor.py:186} INFO - Started process (PID=35407) to work on /home/airflow/.local/lib/python3.12/site-packages/airflow/example_dags/example_branch_operator.py
[2024-10-02T00:02:11.429+0000] {processor.py:914} INFO - Processing file /home/airflow/.local/lib/python3.12/site-packages/airflow/example_dags/example_branch_operator.py for tasks to queue
[2024-10-02T00:02:11.431+0000] {logging_mixin.py:190} INFO - [2024-10-02T00:02:11.430+0000] {dagbag.py:588} INFO - Filling up the DagBag from /home/airflow/.local/lib/python3.12/site-packages/airflow/example_dags/example_branch_operator.py
[2024-10-02T00:02:11.439+0000] {processor.py:925} INFO - DAG(s) 'example_branch_operator' retrieved from /home/airflow/.local/lib/python3.12/site-packages/airflow/example_dags/example_branch_operator.py
[2024-10-02T00:02:11.452+0000] {logging_mixin.py:190} INFO - [2024-10-02T00:02:11.452+0000] {dag.py:3239} INFO - Sync 1 DAGs
[2024-10-02T00:02:11.466+0000] {logging_mixin.py:190} INFO - [2024-10-02T00:02:11.465+0000] {dag.py:4180} INFO - Setting next_dagrun for example_branch_operator to 2024-10-01 00:00:00+00:00, run_after=2024-10-02 00:00:00+00:00
[2024-10-02T00:02:11.481+0000] {processor.py:208} INFO - Processing /home/airflow/.local/lib/python3.12/site-packages/airflow/example_dags/example_branch_operator.py took 0.055 seconds
[2024-10-02T00:02:42.024+0000] {processor.py:186} INFO - Started process (PID=35470) to work on /home/airflow/.local/lib/python3.12/site-packages/airflow/example_dags/example_branch_operator.py
[2024-10-02T00:02:42.026+0000] {processor.py:914} INFO - Processing file /home/airflow/.local/lib/python3.12/site-packages/airflow/example_dags/example_branch_operator.py for tasks to queue
[2024-10-02T00:02:42.029+0000] {logging_mixin.py:190} INFO - [2024-10-02T00:02:42.029+0000] {dagbag.py:588} INFO - Filling up the DagBag from /home/airflow/.local/lib/python3.12/site-packages/airflow/example_dags/example_branch_operator.py
[2024-10-02T00:02:42.039+0000] {processor.py:925} INFO - DAG(s) 'example_branch_operator' retrieved from /home/airflow/.local/lib/python3.12/site-packages/airflow/example_dags/example_branch_operator.py
[2024-10-02T00:02:42.054+0000] {logging_mixin.py:190} INFO - [2024-10-02T00:02:42.053+0000] {dag.py:3239} INFO - Sync 1 DAGs
[2024-10-02T00:02:42.064+0000] {logging_mixin.py:190} INFO - [2024-10-02T00:02:42.064+0000] {dag.py:4180} INFO - Setting next_dagrun for example_branch_operator to 2024-10-01 00:00:00+00:00, run_after=2024-10-02 00:00:00+00:00
[2024-10-02T00:02:42.075+0000] {processor.py:208} INFO - Processing /home/airflow/.local/lib/python3.12/site-packages/airflow/example_dags/example_branch_operator.py took 0.055 seconds
[2024-10-02T00:03:12.952+0000] {processor.py:186} INFO - Started process (PID=35533) to work on /home/airflow/.local/lib/python3.12/site-packages/airflow/example_dags/example_branch_operator.py
[2024-10-02T00:03:12.953+0000] {processor.py:914} INFO - Processing file /home/airflow/.local/lib/python3.12/site-packages/airflow/example_dags/example_branch_operator.py for tasks to queue
[2024-10-02T00:03:12.955+0000] {logging_mixin.py:190} INFO - [2024-10-02T00:03:12.955+0000] {dagbag.py:588} INFO - Filling up the DagBag from /home/airflow/.local/lib/python3.12/site-packages/airflow/example_dags/example_branch_operator.py
[2024-10-02T00:03:12.967+0000] {processor.py:925} INFO - DAG(s) 'example_branch_operator' retrieved from /home/airflow/.local/lib/python3.12/site-packages/airflow/example_dags/example_branch_operator.py
[2024-10-02T00:03:12.990+0000] {logging_mixin.py:190} INFO - [2024-10-02T00:03:12.989+0000] {dag.py:3239} INFO - Sync 1 DAGs
[2024-10-02T00:03:13.001+0000] {logging_mixin.py:190} INFO - [2024-10-02T00:03:13.001+0000] {dag.py:4180} INFO - Setting next_dagrun for example_branch_operator to 2024-10-01 00:00:00+00:00, run_after=2024-10-02 00:00:00+00:00
[2024-10-02T00:03:13.009+0000] {processor.py:208} INFO - Processing /home/airflow/.local/lib/python3.12/site-packages/airflow/example_dags/example_branch_operator.py took 0.061 seconds
[2024-10-02T00:03:43.707+0000] {processor.py:186} INFO - Started process (PID=35597) to work on /home/airflow/.local/lib/python3.12/site-packages/airflow/example_dags/example_branch_operator.py
[2024-10-02T00:03:43.708+0000] {processor.py:914} INFO - Processing file /home/airflow/.local/lib/python3.12/site-packages/airflow/example_dags/example_branch_operator.py for tasks to queue
[2024-10-02T00:03:43.709+0000] {logging_mixin.py:190} INFO - [2024-10-02T00:03:43.709+0000] {dagbag.py:588} INFO - Filling up the DagBag from /home/airflow/.local/lib/python3.12/site-packages/airflow/example_dags/example_branch_operator.py
[2024-10-02T00:03:43.720+0000] {processor.py:925} INFO - DAG(s) 'example_branch_operator' retrieved from /home/airflow/.local/lib/python3.12/site-packages/airflow/example_dags/example_branch_operator.py
[2024-10-02T00:03:43.735+0000] {logging_mixin.py:190} INFO - [2024-10-02T00:03:43.735+0000] {dag.py:3239} INFO - Sync 1 DAGs
[2024-10-02T00:03:43.747+0000] {logging_mixin.py:190} INFO - [2024-10-02T00:03:43.747+0000] {dag.py:4180} INFO - Setting next_dagrun for example_branch_operator to 2024-10-01 00:00:00+00:00, run_after=2024-10-02 00:00:00+00:00
[2024-10-02T00:03:43.758+0000] {processor.py:208} INFO - Processing /home/airflow/.local/lib/python3.12/site-packages/airflow/example_dags/example_branch_operator.py took 0.055 seconds
[2024-10-02T00:04:14.420+0000] {processor.py:186} INFO - Started process (PID=35660) to work on /home/airflow/.local/lib/python3.12/site-packages/airflow/example_dags/example_branch_operator.py
[2024-10-02T00:04:14.423+0000] {processor.py:914} INFO - Processing file /home/airflow/.local/lib/python3.12/site-packages/airflow/example_dags/example_branch_operator.py for tasks to queue
[2024-10-02T00:04:14.424+0000] {logging_mixin.py:190} INFO - [2024-10-02T00:04:14.424+0000] {dagbag.py:588} INFO - Filling up the DagBag from /home/airflow/.local/lib/python3.12/site-packages/airflow/example_dags/example_branch_operator.py
[2024-10-02T00:04:14.433+0000] {processor.py:925} INFO - DAG(s) 'example_branch_operator' retrieved from /home/airflow/.local/lib/python3.12/site-packages/airflow/example_dags/example_branch_operator.py
[2024-10-02T00:04:14.449+0000] {logging_mixin.py:190} INFO - [2024-10-02T00:04:14.448+0000] {dag.py:3239} INFO - Sync 1 DAGs
[2024-10-02T00:04:14.463+0000] {logging_mixin.py:190} INFO - [2024-10-02T00:04:14.462+0000] {dag.py:4180} INFO - Setting next_dagrun for example_branch_operator to 2024-10-01 00:00:00+00:00, run_after=2024-10-02 00:00:00+00:00
[2024-10-02T00:04:14.472+0000] {processor.py:208} INFO - Processing /home/airflow/.local/lib/python3.12/site-packages/airflow/example_dags/example_branch_operator.py took 0.055 seconds
