[2024-10-02T00:00:10.335+0000] {processor.py:186} INFO - Started process (PID=35189) to work on /home/airflow/.local/lib/python3.12/site-packages/airflow/example_dags/example_branch_operator_decorator.py
[2024-10-02T00:00:10.338+0000] {processor.py:914} INFO - Processing file /home/airflow/.local/lib/python3.12/site-packages/airflow/example_dags/example_branch_operator_decorator.py for tasks to queue
[2024-10-02T00:00:10.350+0000] {logging_mixin.py:190} INFO - [2024-10-02T00:00:10.349+0000] {dagbag.py:588} INFO - Filling up the DagBag from /home/airflow/.local/lib/python3.12/site-packages/airflow/example_dags/example_branch_operator_decorator.py
[2024-10-02T00:00:10.387+0000] {processor.py:925} INFO - DAG(s) 'example_branch_python_operator_decorator' retrieved from /home/airflow/.local/lib/python3.12/site-packages/airflow/example_dags/example_branch_operator_decorator.py
[2024-10-02T00:00:10.408+0000] {logging_mixin.py:190} INFO - [2024-10-02T00:00:10.408+0000] {dag.py:3239} INFO - Sync 1 DAGs
[2024-10-02T00:00:10.424+0000] {logging_mixin.py:190} INFO - [2024-10-02T00:00:10.424+0000] {dag.py:4180} INFO - Setting next_dagrun for example_branch_python_operator_decorator to 2024-10-01 00:00:00+00:00, run_after=2024-10-02 00:00:00+00:00
[2024-10-02T00:00:10.436+0000] {processor.py:208} INFO - Processing /home/airflow/.local/lib/python3.12/site-packages/airflow/example_dags/example_branch_operator_decorator.py took 0.124 seconds
[2024-10-02T00:00:40.804+0000] {processor.py:186} INFO - Started process (PID=35252) to work on /home/airflow/.local/lib/python3.12/site-packages/airflow/example_dags/example_branch_operator_decorator.py
[2024-10-02T00:00:40.806+0000] {processor.py:914} INFO - Processing file /home/airflow/.local/lib/python3.12/site-packages/airflow/example_dags/example_branch_operator_decorator.py for tasks to queue
[2024-10-02T00:00:40.807+0000] {logging_mixin.py:190} INFO - [2024-10-02T00:00:40.807+0000] {dagbag.py:588} INFO - Filling up the DagBag from /home/airflow/.local/lib/python3.12/site-packages/airflow/example_dags/example_branch_operator_decorator.py
[2024-10-02T00:00:40.816+0000] {processor.py:925} INFO - DAG(s) 'example_branch_python_operator_decorator' retrieved from /home/airflow/.local/lib/python3.12/site-packages/airflow/example_dags/example_branch_operator_decorator.py
[2024-10-02T00:00:40.828+0000] {logging_mixin.py:190} INFO - [2024-10-02T00:00:40.828+0000] {dag.py:3239} INFO - Sync 1 DAGs
[2024-10-02T00:00:40.838+0000] {logging_mixin.py:190} INFO - [2024-10-02T00:00:40.838+0000] {dag.py:4180} INFO - Setting next_dagrun for example_branch_python_operator_decorator to 2024-10-01 00:00:00+00:00, run_after=2024-10-02 00:00:00+00:00
[2024-10-02T00:00:40.847+0000] {processor.py:208} INFO - Processing /home/airflow/.local/lib/python3.12/site-packages/airflow/example_dags/example_branch_operator_decorator.py took 0.046 seconds
[2024-10-02T00:01:11.748+0000] {processor.py:186} INFO - Started process (PID=35315) to work on /home/airflow/.local/lib/python3.12/site-packages/airflow/example_dags/example_branch_operator_decorator.py
[2024-10-02T00:01:11.749+0000] {processor.py:914} INFO - Processing file /home/airflow/.local/lib/python3.12/site-packages/airflow/example_dags/example_branch_operator_decorator.py for tasks to queue
[2024-10-02T00:01:11.750+0000] {logging_mixin.py:190} INFO - [2024-10-02T00:01:11.749+0000] {dagbag.py:588} INFO - Filling up the DagBag from /home/airflow/.local/lib/python3.12/site-packages/airflow/example_dags/example_branch_operator_decorator.py
[2024-10-02T00:01:11.759+0000] {processor.py:925} INFO - DAG(s) 'example_branch_python_operator_decorator' retrieved from /home/airflow/.local/lib/python3.12/site-packages/airflow/example_dags/example_branch_operator_decorator.py
[2024-10-02T00:01:11.773+0000] {logging_mixin.py:190} INFO - [2024-10-02T00:01:11.773+0000] {dag.py:3239} INFO - Sync 1 DAGs
[2024-10-02T00:01:11.783+0000] {logging_mixin.py:190} INFO - [2024-10-02T00:01:11.783+0000] {dag.py:4180} INFO - Setting next_dagrun for example_branch_python_operator_decorator to 2024-10-01 00:00:00+00:00, run_after=2024-10-02 00:00:00+00:00
[2024-10-02T00:01:11.791+0000] {processor.py:208} INFO - Processing /home/airflow/.local/lib/python3.12/site-packages/airflow/example_dags/example_branch_operator_decorator.py took 0.047 seconds
[2024-10-02T00:01:42.762+0000] {processor.py:186} INFO - Started process (PID=35378) to work on /home/airflow/.local/lib/python3.12/site-packages/airflow/example_dags/example_branch_operator_decorator.py
[2024-10-02T00:01:42.763+0000] {processor.py:914} INFO - Processing file /home/airflow/.local/lib/python3.12/site-packages/airflow/example_dags/example_branch_operator_decorator.py for tasks to queue
[2024-10-02T00:01:42.764+0000] {logging_mixin.py:190} INFO - [2024-10-02T00:01:42.764+0000] {dagbag.py:588} INFO - Filling up the DagBag from /home/airflow/.local/lib/python3.12/site-packages/airflow/example_dags/example_branch_operator_decorator.py
[2024-10-02T00:01:42.779+0000] {processor.py:925} INFO - DAG(s) 'example_branch_python_operator_decorator' retrieved from /home/airflow/.local/lib/python3.12/site-packages/airflow/example_dags/example_branch_operator_decorator.py
[2024-10-02T00:01:42.799+0000] {logging_mixin.py:190} INFO - [2024-10-02T00:01:42.799+0000] {dag.py:3239} INFO - Sync 1 DAGs
[2024-10-02T00:01:42.811+0000] {logging_mixin.py:190} INFO - [2024-10-02T00:01:42.811+0000] {dag.py:4180} INFO - Setting next_dagrun for example_branch_python_operator_decorator to 2024-10-01 00:00:00+00:00, run_after=2024-10-02 00:00:00+00:00
[2024-10-02T00:01:42.820+0000] {processor.py:208} INFO - Processing /home/airflow/.local/lib/python3.12/site-packages/airflow/example_dags/example_branch_operator_decorator.py took 0.063 seconds
[2024-10-02T00:02:13.397+0000] {processor.py:186} INFO - Started process (PID=35441) to work on /home/airflow/.local/lib/python3.12/site-packages/airflow/example_dags/example_branch_operator_decorator.py
[2024-10-02T00:02:13.398+0000] {processor.py:914} INFO - Processing file /home/airflow/.local/lib/python3.12/site-packages/airflow/example_dags/example_branch_operator_decorator.py for tasks to queue
[2024-10-02T00:02:13.399+0000] {logging_mixin.py:190} INFO - [2024-10-02T00:02:13.399+0000] {dagbag.py:588} INFO - Filling up the DagBag from /home/airflow/.local/lib/python3.12/site-packages/airflow/example_dags/example_branch_operator_decorator.py
[2024-10-02T00:02:13.411+0000] {processor.py:925} INFO - DAG(s) 'example_branch_python_operator_decorator' retrieved from /home/airflow/.local/lib/python3.12/site-packages/airflow/example_dags/example_branch_operator_decorator.py
[2024-10-02T00:02:13.428+0000] {logging_mixin.py:190} INFO - [2024-10-02T00:02:13.428+0000] {dag.py:3239} INFO - Sync 1 DAGs
[2024-10-02T00:02:13.439+0000] {logging_mixin.py:190} INFO - [2024-10-02T00:02:13.439+0000] {dag.py:4180} INFO - Setting next_dagrun for example_branch_python_operator_decorator to 2024-10-01 00:00:00+00:00, run_after=2024-10-02 00:00:00+00:00
[2024-10-02T00:02:13.447+0000] {processor.py:208} INFO - Processing /home/airflow/.local/lib/python3.12/site-packages/airflow/example_dags/example_branch_operator_decorator.py took 0.054 seconds
[2024-10-02T00:02:44.205+0000] {processor.py:186} INFO - Started process (PID=35504) to work on /home/airflow/.local/lib/python3.12/site-packages/airflow/example_dags/example_branch_operator_decorator.py
[2024-10-02T00:02:44.206+0000] {processor.py:914} INFO - Processing file /home/airflow/.local/lib/python3.12/site-packages/airflow/example_dags/example_branch_operator_decorator.py for tasks to queue
[2024-10-02T00:02:44.207+0000] {logging_mixin.py:190} INFO - [2024-10-02T00:02:44.207+0000] {dagbag.py:588} INFO - Filling up the DagBag from /home/airflow/.local/lib/python3.12/site-packages/airflow/example_dags/example_branch_operator_decorator.py
[2024-10-02T00:02:44.219+0000] {processor.py:925} INFO - DAG(s) 'example_branch_python_operator_decorator' retrieved from /home/airflow/.local/lib/python3.12/site-packages/airflow/example_dags/example_branch_operator_decorator.py
[2024-10-02T00:02:44.237+0000] {logging_mixin.py:190} INFO - [2024-10-02T00:02:44.237+0000] {dag.py:3239} INFO - Sync 1 DAGs
[2024-10-02T00:02:44.249+0000] {logging_mixin.py:190} INFO - [2024-10-02T00:02:44.249+0000] {dag.py:4180} INFO - Setting next_dagrun for example_branch_python_operator_decorator to 2024-10-01 00:00:00+00:00, run_after=2024-10-02 00:00:00+00:00
[2024-10-02T00:02:44.257+0000] {processor.py:208} INFO - Processing /home/airflow/.local/lib/python3.12/site-packages/airflow/example_dags/example_branch_operator_decorator.py took 0.056 seconds
[2024-10-02T00:03:14.985+0000] {processor.py:186} INFO - Started process (PID=35567) to work on /home/airflow/.local/lib/python3.12/site-packages/airflow/example_dags/example_branch_operator_decorator.py
[2024-10-02T00:03:14.986+0000] {processor.py:914} INFO - Processing file /home/airflow/.local/lib/python3.12/site-packages/airflow/example_dags/example_branch_operator_decorator.py for tasks to queue
[2024-10-02T00:03:14.988+0000] {logging_mixin.py:190} INFO - [2024-10-02T00:03:14.987+0000] {dagbag.py:588} INFO - Filling up the DagBag from /home/airflow/.local/lib/python3.12/site-packages/airflow/example_dags/example_branch_operator_decorator.py
[2024-10-02T00:03:15.000+0000] {processor.py:925} INFO - DAG(s) 'example_branch_python_operator_decorator' retrieved from /home/airflow/.local/lib/python3.12/site-packages/airflow/example_dags/example_branch_operator_decorator.py
[2024-10-02T00:03:15.015+0000] {logging_mixin.py:190} INFO - [2024-10-02T00:03:15.015+0000] {dag.py:3239} INFO - Sync 1 DAGs
[2024-10-02T00:03:15.029+0000] {logging_mixin.py:190} INFO - [2024-10-02T00:03:15.028+0000] {dag.py:4180} INFO - Setting next_dagrun for example_branch_python_operator_decorator to 2024-10-01 00:00:00+00:00, run_after=2024-10-02 00:00:00+00:00
[2024-10-02T00:03:15.042+0000] {processor.py:208} INFO - Processing /home/airflow/.local/lib/python3.12/site-packages/airflow/example_dags/example_branch_operator_decorator.py took 0.060 seconds
[2024-10-02T00:03:45.796+0000] {processor.py:186} INFO - Started process (PID=35631) to work on /home/airflow/.local/lib/python3.12/site-packages/airflow/example_dags/example_branch_operator_decorator.py
[2024-10-02T00:03:45.797+0000] {processor.py:914} INFO - Processing file /home/airflow/.local/lib/python3.12/site-packages/airflow/example_dags/example_branch_operator_decorator.py for tasks to queue
[2024-10-02T00:03:45.799+0000] {logging_mixin.py:190} INFO - [2024-10-02T00:03:45.799+0000] {dagbag.py:588} INFO - Filling up the DagBag from /home/airflow/.local/lib/python3.12/site-packages/airflow/example_dags/example_branch_operator_decorator.py
[2024-10-02T00:03:45.811+0000] {processor.py:925} INFO - DAG(s) 'example_branch_python_operator_decorator' retrieved from /home/airflow/.local/lib/python3.12/site-packages/airflow/example_dags/example_branch_operator_decorator.py
[2024-10-02T00:03:45.829+0000] {logging_mixin.py:190} INFO - [2024-10-02T00:03:45.829+0000] {dag.py:3239} INFO - Sync 1 DAGs
[2024-10-02T00:03:45.842+0000] {logging_mixin.py:190} INFO - [2024-10-02T00:03:45.842+0000] {dag.py:4180} INFO - Setting next_dagrun for example_branch_python_operator_decorator to 2024-10-01 00:00:00+00:00, run_after=2024-10-02 00:00:00+00:00
[2024-10-02T00:03:45.854+0000] {processor.py:208} INFO - Processing /home/airflow/.local/lib/python3.12/site-packages/airflow/example_dags/example_branch_operator_decorator.py took 0.063 seconds
[2024-10-02T00:04:16.435+0000] {processor.py:186} INFO - Started process (PID=35694) to work on /home/airflow/.local/lib/python3.12/site-packages/airflow/example_dags/example_branch_operator_decorator.py
[2024-10-02T00:04:16.436+0000] {processor.py:914} INFO - Processing file /home/airflow/.local/lib/python3.12/site-packages/airflow/example_dags/example_branch_operator_decorator.py for tasks to queue
[2024-10-02T00:04:16.436+0000] {logging_mixin.py:190} INFO - [2024-10-02T00:04:16.436+0000] {dagbag.py:588} INFO - Filling up the DagBag from /home/airflow/.local/lib/python3.12/site-packages/airflow/example_dags/example_branch_operator_decorator.py
[2024-10-02T00:04:16.446+0000] {processor.py:925} INFO - DAG(s) 'example_branch_python_operator_decorator' retrieved from /home/airflow/.local/lib/python3.12/site-packages/airflow/example_dags/example_branch_operator_decorator.py
[2024-10-02T00:04:16.464+0000] {logging_mixin.py:190} INFO - [2024-10-02T00:04:16.464+0000] {dag.py:3239} INFO - Sync 1 DAGs
[2024-10-02T00:04:16.479+0000] {logging_mixin.py:190} INFO - [2024-10-02T00:04:16.479+0000] {dag.py:4180} INFO - Setting next_dagrun for example_branch_python_operator_decorator to 2024-10-01 00:00:00+00:00, run_after=2024-10-02 00:00:00+00:00
[2024-10-02T00:04:16.486+0000] {processor.py:208} INFO - Processing /home/airflow/.local/lib/python3.12/site-packages/airflow/example_dags/example_branch_operator_decorator.py took 0.054 seconds
