[2024-10-02T00:00:08.688+0000] {processor.py:186} INFO - Started process (PID=35175) to work on /home/airflow/.local/lib/python3.12/site-packages/airflow/example_dags/example_latest_only_with_trigger.py
[2024-10-02T00:00:08.690+0000] {processor.py:914} INFO - Processing file /home/airflow/.local/lib/python3.12/site-packages/airflow/example_dags/example_latest_only_with_trigger.py for tasks to queue
[2024-10-02T00:00:08.692+0000] {logging_mixin.py:190} INFO - [2024-10-02T00:00:08.692+0000] {dagbag.py:588} INFO - Filling up the DagBag from /home/airflow/.local/lib/python3.12/site-packages/airflow/example_dags/example_latest_only_with_trigger.py
[2024-10-02T00:00:08.699+0000] {processor.py:925} INFO - DAG(s) 'latest_only_with_trigger' retrieved from /home/airflow/.local/lib/python3.12/site-packages/airflow/example_dags/example_latest_only_with_trigger.py
[2024-10-02T00:00:08.713+0000] {logging_mixin.py:190} INFO - [2024-10-02T00:00:08.713+0000] {dag.py:3239} INFO - Sync 1 DAGs
[2024-10-02T00:00:08.727+0000] {logging_mixin.py:190} INFO - [2024-10-02T00:00:08.727+0000] {dag.py:4180} INFO - Setting next_dagrun for latest_only_with_trigger to 2024-10-01 20:00:00+00:00, run_after=2024-10-02 00:00:00+00:00
[2024-10-02T00:00:08.758+0000] {processor.py:208} INFO - Processing /home/airflow/.local/lib/python3.12/site-packages/airflow/example_dags/example_latest_only_with_trigger.py took 0.074 seconds
[2024-10-02T00:00:39.148+0000] {processor.py:186} INFO - Started process (PID=35238) to work on /home/airflow/.local/lib/python3.12/site-packages/airflow/example_dags/example_latest_only_with_trigger.py
[2024-10-02T00:00:39.152+0000] {processor.py:914} INFO - Processing file /home/airflow/.local/lib/python3.12/site-packages/airflow/example_dags/example_latest_only_with_trigger.py for tasks to queue
[2024-10-02T00:00:39.155+0000] {logging_mixin.py:190} INFO - [2024-10-02T00:00:39.154+0000] {dagbag.py:588} INFO - Filling up the DagBag from /home/airflow/.local/lib/python3.12/site-packages/airflow/example_dags/example_latest_only_with_trigger.py
[2024-10-02T00:00:39.163+0000] {processor.py:925} INFO - DAG(s) 'latest_only_with_trigger' retrieved from /home/airflow/.local/lib/python3.12/site-packages/airflow/example_dags/example_latest_only_with_trigger.py
[2024-10-02T00:00:39.188+0000] {logging_mixin.py:190} INFO - [2024-10-02T00:00:39.188+0000] {dag.py:3239} INFO - Sync 1 DAGs
[2024-10-02T00:00:39.209+0000] {logging_mixin.py:190} INFO - [2024-10-02T00:00:39.208+0000] {dag.py:4180} INFO - Setting next_dagrun for latest_only_with_trigger to 2024-10-01 20:00:00+00:00, run_after=2024-10-02 00:00:00+00:00
[2024-10-02T00:00:39.227+0000] {processor.py:208} INFO - Processing /home/airflow/.local/lib/python3.12/site-packages/airflow/example_dags/example_latest_only_with_trigger.py took 0.093 seconds
[2024-10-02T00:01:10.203+0000] {processor.py:186} INFO - Started process (PID=35301) to work on /home/airflow/.local/lib/python3.12/site-packages/airflow/example_dags/example_latest_only_with_trigger.py
[2024-10-02T00:01:10.204+0000] {processor.py:914} INFO - Processing file /home/airflow/.local/lib/python3.12/site-packages/airflow/example_dags/example_latest_only_with_trigger.py for tasks to queue
[2024-10-02T00:01:10.205+0000] {logging_mixin.py:190} INFO - [2024-10-02T00:01:10.205+0000] {dagbag.py:588} INFO - Filling up the DagBag from /home/airflow/.local/lib/python3.12/site-packages/airflow/example_dags/example_latest_only_with_trigger.py
[2024-10-02T00:01:10.209+0000] {processor.py:925} INFO - DAG(s) 'latest_only_with_trigger' retrieved from /home/airflow/.local/lib/python3.12/site-packages/airflow/example_dags/example_latest_only_with_trigger.py
[2024-10-02T00:01:10.220+0000] {logging_mixin.py:190} INFO - [2024-10-02T00:01:10.220+0000] {dag.py:3239} INFO - Sync 1 DAGs
[2024-10-02T00:01:10.231+0000] {logging_mixin.py:190} INFO - [2024-10-02T00:01:10.231+0000] {dag.py:4180} INFO - Setting next_dagrun for latest_only_with_trigger to 2024-10-01 20:00:00+00:00, run_after=2024-10-02 00:00:00+00:00
[2024-10-02T00:01:10.241+0000] {processor.py:208} INFO - Processing /home/airflow/.local/lib/python3.12/site-packages/airflow/example_dags/example_latest_only_with_trigger.py took 0.041 seconds
[2024-10-02T00:01:41.318+0000] {processor.py:186} INFO - Started process (PID=35364) to work on /home/airflow/.local/lib/python3.12/site-packages/airflow/example_dags/example_latest_only_with_trigger.py
[2024-10-02T00:01:41.320+0000] {processor.py:914} INFO - Processing file /home/airflow/.local/lib/python3.12/site-packages/airflow/example_dags/example_latest_only_with_trigger.py for tasks to queue
[2024-10-02T00:01:41.323+0000] {logging_mixin.py:190} INFO - [2024-10-02T00:01:41.323+0000] {dagbag.py:588} INFO - Filling up the DagBag from /home/airflow/.local/lib/python3.12/site-packages/airflow/example_dags/example_latest_only_with_trigger.py
[2024-10-02T00:01:41.333+0000] {processor.py:925} INFO - DAG(s) 'latest_only_with_trigger' retrieved from /home/airflow/.local/lib/python3.12/site-packages/airflow/example_dags/example_latest_only_with_trigger.py
[2024-10-02T00:01:41.351+0000] {logging_mixin.py:190} INFO - [2024-10-02T00:01:41.351+0000] {dag.py:3239} INFO - Sync 1 DAGs
[2024-10-02T00:01:41.366+0000] {logging_mixin.py:190} INFO - [2024-10-02T00:01:41.366+0000] {dag.py:4180} INFO - Setting next_dagrun for latest_only_with_trigger to 2024-10-01 20:00:00+00:00, run_after=2024-10-02 00:00:00+00:00
[2024-10-02T00:01:41.378+0000] {processor.py:208} INFO - Processing /home/airflow/.local/lib/python3.12/site-packages/airflow/example_dags/example_latest_only_with_trigger.py took 0.065 seconds
[2024-10-02T00:02:12.012+0000] {processor.py:186} INFO - Started process (PID=35427) to work on /home/airflow/.local/lib/python3.12/site-packages/airflow/example_dags/example_latest_only_with_trigger.py
[2024-10-02T00:02:12.013+0000] {processor.py:914} INFO - Processing file /home/airflow/.local/lib/python3.12/site-packages/airflow/example_dags/example_latest_only_with_trigger.py for tasks to queue
[2024-10-02T00:02:12.014+0000] {logging_mixin.py:190} INFO - [2024-10-02T00:02:12.013+0000] {dagbag.py:588} INFO - Filling up the DagBag from /home/airflow/.local/lib/python3.12/site-packages/airflow/example_dags/example_latest_only_with_trigger.py
[2024-10-02T00:02:12.017+0000] {processor.py:925} INFO - DAG(s) 'latest_only_with_trigger' retrieved from /home/airflow/.local/lib/python3.12/site-packages/airflow/example_dags/example_latest_only_with_trigger.py
[2024-10-02T00:02:12.025+0000] {logging_mixin.py:190} INFO - [2024-10-02T00:02:12.025+0000] {dag.py:3239} INFO - Sync 1 DAGs
[2024-10-02T00:02:12.034+0000] {logging_mixin.py:190} INFO - [2024-10-02T00:02:12.034+0000] {dag.py:4180} INFO - Setting next_dagrun for latest_only_with_trigger to 2024-10-01 20:00:00+00:00, run_after=2024-10-02 00:00:00+00:00
[2024-10-02T00:02:12.040+0000] {processor.py:208} INFO - Processing /home/airflow/.local/lib/python3.12/site-packages/airflow/example_dags/example_latest_only_with_trigger.py took 0.031 seconds
[2024-10-02T00:02:42.699+0000] {processor.py:186} INFO - Started process (PID=35490) to work on /home/airflow/.local/lib/python3.12/site-packages/airflow/example_dags/example_latest_only_with_trigger.py
[2024-10-02T00:02:42.710+0000] {processor.py:914} INFO - Processing file /home/airflow/.local/lib/python3.12/site-packages/airflow/example_dags/example_latest_only_with_trigger.py for tasks to queue
[2024-10-02T00:02:42.713+0000] {logging_mixin.py:190} INFO - [2024-10-02T00:02:42.713+0000] {dagbag.py:588} INFO - Filling up the DagBag from /home/airflow/.local/lib/python3.12/site-packages/airflow/example_dags/example_latest_only_with_trigger.py
[2024-10-02T00:02:42.718+0000] {processor.py:925} INFO - DAG(s) 'latest_only_with_trigger' retrieved from /home/airflow/.local/lib/python3.12/site-packages/airflow/example_dags/example_latest_only_with_trigger.py
[2024-10-02T00:02:42.733+0000] {logging_mixin.py:190} INFO - [2024-10-02T00:02:42.733+0000] {dag.py:3239} INFO - Sync 1 DAGs
[2024-10-02T00:02:42.749+0000] {logging_mixin.py:190} INFO - [2024-10-02T00:02:42.749+0000] {dag.py:4180} INFO - Setting next_dagrun for latest_only_with_trigger to 2024-10-01 20:00:00+00:00, run_after=2024-10-02 00:00:00+00:00
[2024-10-02T00:02:42.758+0000] {processor.py:208} INFO - Processing /home/airflow/.local/lib/python3.12/site-packages/airflow/example_dags/example_latest_only_with_trigger.py took 0.064 seconds
[2024-10-02T00:03:13.586+0000] {processor.py:186} INFO - Started process (PID=35553) to work on /home/airflow/.local/lib/python3.12/site-packages/airflow/example_dags/example_latest_only_with_trigger.py
[2024-10-02T00:03:13.588+0000] {processor.py:914} INFO - Processing file /home/airflow/.local/lib/python3.12/site-packages/airflow/example_dags/example_latest_only_with_trigger.py for tasks to queue
[2024-10-02T00:03:13.589+0000] {logging_mixin.py:190} INFO - [2024-10-02T00:03:13.589+0000] {dagbag.py:588} INFO - Filling up the DagBag from /home/airflow/.local/lib/python3.12/site-packages/airflow/example_dags/example_latest_only_with_trigger.py
[2024-10-02T00:03:13.593+0000] {processor.py:925} INFO - DAG(s) 'latest_only_with_trigger' retrieved from /home/airflow/.local/lib/python3.12/site-packages/airflow/example_dags/example_latest_only_with_trigger.py
[2024-10-02T00:03:13.605+0000] {logging_mixin.py:190} INFO - [2024-10-02T00:03:13.605+0000] {dag.py:3239} INFO - Sync 1 DAGs
[2024-10-02T00:03:13.619+0000] {logging_mixin.py:190} INFO - [2024-10-02T00:03:13.619+0000] {dag.py:4180} INFO - Setting next_dagrun for latest_only_with_trigger to 2024-10-01 20:00:00+00:00, run_after=2024-10-02 00:00:00+00:00
[2024-10-02T00:03:13.632+0000] {processor.py:208} INFO - Processing /home/airflow/.local/lib/python3.12/site-packages/airflow/example_dags/example_latest_only_with_trigger.py took 0.049 seconds
[2024-10-02T00:03:44.338+0000] {processor.py:186} INFO - Started process (PID=35617) to work on /home/airflow/.local/lib/python3.12/site-packages/airflow/example_dags/example_latest_only_with_trigger.py
[2024-10-02T00:03:44.339+0000] {processor.py:914} INFO - Processing file /home/airflow/.local/lib/python3.12/site-packages/airflow/example_dags/example_latest_only_with_trigger.py for tasks to queue
[2024-10-02T00:03:44.341+0000] {logging_mixin.py:190} INFO - [2024-10-02T00:03:44.341+0000] {dagbag.py:588} INFO - Filling up the DagBag from /home/airflow/.local/lib/python3.12/site-packages/airflow/example_dags/example_latest_only_with_trigger.py
[2024-10-02T00:03:44.345+0000] {processor.py:925} INFO - DAG(s) 'latest_only_with_trigger' retrieved from /home/airflow/.local/lib/python3.12/site-packages/airflow/example_dags/example_latest_only_with_trigger.py
[2024-10-02T00:03:44.357+0000] {logging_mixin.py:190} INFO - [2024-10-02T00:03:44.357+0000] {dag.py:3239} INFO - Sync 1 DAGs
[2024-10-02T00:03:44.369+0000] {logging_mixin.py:190} INFO - [2024-10-02T00:03:44.369+0000] {dag.py:4180} INFO - Setting next_dagrun for latest_only_with_trigger to 2024-10-01 20:00:00+00:00, run_after=2024-10-02 00:00:00+00:00
[2024-10-02T00:03:44.380+0000] {processor.py:208} INFO - Processing /home/airflow/.local/lib/python3.12/site-packages/airflow/example_dags/example_latest_only_with_trigger.py took 0.044 seconds
[2024-10-02T00:04:15.010+0000] {processor.py:186} INFO - Started process (PID=35680) to work on /home/airflow/.local/lib/python3.12/site-packages/airflow/example_dags/example_latest_only_with_trigger.py
[2024-10-02T00:04:15.010+0000] {processor.py:914} INFO - Processing file /home/airflow/.local/lib/python3.12/site-packages/airflow/example_dags/example_latest_only_with_trigger.py for tasks to queue
[2024-10-02T00:04:15.012+0000] {logging_mixin.py:190} INFO - [2024-10-02T00:04:15.011+0000] {dagbag.py:588} INFO - Filling up the DagBag from /home/airflow/.local/lib/python3.12/site-packages/airflow/example_dags/example_latest_only_with_trigger.py
[2024-10-02T00:04:15.015+0000] {processor.py:925} INFO - DAG(s) 'latest_only_with_trigger' retrieved from /home/airflow/.local/lib/python3.12/site-packages/airflow/example_dags/example_latest_only_with_trigger.py
[2024-10-02T00:04:15.025+0000] {logging_mixin.py:190} INFO - [2024-10-02T00:04:15.025+0000] {dag.py:3239} INFO - Sync 1 DAGs
[2024-10-02T00:04:15.037+0000] {logging_mixin.py:190} INFO - [2024-10-02T00:04:15.037+0000] {dag.py:4180} INFO - Setting next_dagrun for latest_only_with_trigger to 2024-10-01 20:00:00+00:00, run_after=2024-10-02 00:00:00+00:00
[2024-10-02T00:04:15.045+0000] {processor.py:208} INFO - Processing /home/airflow/.local/lib/python3.12/site-packages/airflow/example_dags/example_latest_only_with_trigger.py took 0.038 seconds
