[2024-10-02T00:00:11.494+0000] {processor.py:186} INFO - Started process (PID=35192) to work on /home/airflow/.local/lib/python3.12/site-packages/airflow/example_dags/example_dataset_alias_with_no_taskflow.py
[2024-10-02T00:00:11.499+0000] {processor.py:914} INFO - Processing file /home/airflow/.local/lib/python3.12/site-packages/airflow/example_dags/example_dataset_alias_with_no_taskflow.py for tasks to queue
[2024-10-02T00:00:11.510+0000] {logging_mixin.py:190} INFO - [2024-10-02T00:00:11.509+0000] {dagbag.py:588} INFO - Filling up the DagBag from /home/airflow/.local/lib/python3.12/site-packages/airflow/example_dags/example_dataset_alias_with_no_taskflow.py
[2024-10-02T00:00:11.715+0000] {processor.py:925} INFO - DAG(s) 'dataset_s3_bucket_producer_with_no_taskflow', 'dataset_alias_example_alias_consumer_with_no_taskflow', 'dataset_alias_example_alias_producer_with_no_taskflow', 'dataset_s3_bucket_consumer_with_no_taskflow' retrieved from /home/airflow/.local/lib/python3.12/site-packages/airflow/example_dags/example_dataset_alias_with_no_taskflow.py
[2024-10-02T00:00:11.743+0000] {logging_mixin.py:190} INFO - [2024-10-02T00:00:11.743+0000] {dag.py:3239} INFO - Sync 4 DAGs
[2024-10-02T00:00:11.770+0000] {logging_mixin.py:190} INFO - [2024-10-02T00:00:11.770+0000] {dag.py:4180} INFO - Setting next_dagrun for dataset_alias_example_alias_consumer_with_no_taskflow to None, run_after=None
[2024-10-02T00:00:11.773+0000] {logging_mixin.py:190} INFO - [2024-10-02T00:00:11.773+0000] {dag.py:4180} INFO - Setting next_dagrun for dataset_alias_example_alias_producer_with_no_taskflow to None, run_after=None
[2024-10-02T00:00:11.774+0000] {logging_mixin.py:190} INFO - [2024-10-02T00:00:11.773+0000] {dag.py:4180} INFO - Setting next_dagrun for dataset_s3_bucket_consumer_with_no_taskflow to None, run_after=None
[2024-10-02T00:00:11.776+0000] {logging_mixin.py:190} INFO - [2024-10-02T00:00:11.775+0000] {dag.py:4180} INFO - Setting next_dagrun for dataset_s3_bucket_producer_with_no_taskflow to None, run_after=None
[2024-10-02T00:00:11.812+0000] {processor.py:208} INFO - Processing /home/airflow/.local/lib/python3.12/site-packages/airflow/example_dags/example_dataset_alias_with_no_taskflow.py took 0.342 seconds
[2024-10-02T00:00:41.900+0000] {processor.py:186} INFO - Started process (PID=35255) to work on /home/airflow/.local/lib/python3.12/site-packages/airflow/example_dags/example_dataset_alias_with_no_taskflow.py
[2024-10-02T00:00:41.903+0000] {processor.py:914} INFO - Processing file /home/airflow/.local/lib/python3.12/site-packages/airflow/example_dags/example_dataset_alias_with_no_taskflow.py for tasks to queue
[2024-10-02T00:00:41.906+0000] {logging_mixin.py:190} INFO - [2024-10-02T00:00:41.906+0000] {dagbag.py:588} INFO - Filling up the DagBag from /home/airflow/.local/lib/python3.12/site-packages/airflow/example_dags/example_dataset_alias_with_no_taskflow.py
[2024-10-02T00:00:42.017+0000] {processor.py:925} INFO - DAG(s) 'dataset_s3_bucket_producer_with_no_taskflow', 'dataset_s3_bucket_consumer_with_no_taskflow', 'dataset_alias_example_alias_producer_with_no_taskflow', 'dataset_alias_example_alias_consumer_with_no_taskflow' retrieved from /home/airflow/.local/lib/python3.12/site-packages/airflow/example_dags/example_dataset_alias_with_no_taskflow.py
[2024-10-02T00:00:42.032+0000] {logging_mixin.py:190} INFO - [2024-10-02T00:00:42.032+0000] {dag.py:3239} INFO - Sync 4 DAGs
[2024-10-02T00:00:42.044+0000] {logging_mixin.py:190} INFO - [2024-10-02T00:00:42.044+0000] {dag.py:4180} INFO - Setting next_dagrun for dataset_alias_example_alias_consumer_with_no_taskflow to None, run_after=None
[2024-10-02T00:00:42.045+0000] {logging_mixin.py:190} INFO - [2024-10-02T00:00:42.045+0000] {dag.py:4180} INFO - Setting next_dagrun for dataset_alias_example_alias_producer_with_no_taskflow to None, run_after=None
[2024-10-02T00:00:42.045+0000] {logging_mixin.py:190} INFO - [2024-10-02T00:00:42.045+0000] {dag.py:4180} INFO - Setting next_dagrun for dataset_s3_bucket_consumer_with_no_taskflow to None, run_after=None
[2024-10-02T00:00:42.046+0000] {logging_mixin.py:190} INFO - [2024-10-02T00:00:42.046+0000] {dag.py:4180} INFO - Setting next_dagrun for dataset_s3_bucket_producer_with_no_taskflow to None, run_after=None
[2024-10-02T00:00:42.057+0000] {processor.py:208} INFO - Processing /home/airflow/.local/lib/python3.12/site-packages/airflow/example_dags/example_dataset_alias_with_no_taskflow.py took 0.162 seconds
[2024-10-02T00:01:12.859+0000] {processor.py:186} INFO - Started process (PID=35318) to work on /home/airflow/.local/lib/python3.12/site-packages/airflow/example_dags/example_dataset_alias_with_no_taskflow.py
[2024-10-02T00:01:12.861+0000] {processor.py:914} INFO - Processing file /home/airflow/.local/lib/python3.12/site-packages/airflow/example_dags/example_dataset_alias_with_no_taskflow.py for tasks to queue
[2024-10-02T00:01:12.864+0000] {logging_mixin.py:190} INFO - [2024-10-02T00:01:12.864+0000] {dagbag.py:588} INFO - Filling up the DagBag from /home/airflow/.local/lib/python3.12/site-packages/airflow/example_dags/example_dataset_alias_with_no_taskflow.py
[2024-10-02T00:01:12.978+0000] {processor.py:925} INFO - DAG(s) 'dataset_s3_bucket_consumer_with_no_taskflow', 'dataset_alias_example_alias_consumer_with_no_taskflow', 'dataset_s3_bucket_producer_with_no_taskflow', 'dataset_alias_example_alias_producer_with_no_taskflow' retrieved from /home/airflow/.local/lib/python3.12/site-packages/airflow/example_dags/example_dataset_alias_with_no_taskflow.py
[2024-10-02T00:01:12.991+0000] {logging_mixin.py:190} INFO - [2024-10-02T00:01:12.991+0000] {dag.py:3239} INFO - Sync 4 DAGs
[2024-10-02T00:01:13.003+0000] {logging_mixin.py:190} INFO - [2024-10-02T00:01:13.003+0000] {dag.py:4180} INFO - Setting next_dagrun for dataset_alias_example_alias_consumer_with_no_taskflow to None, run_after=None
[2024-10-02T00:01:13.007+0000] {logging_mixin.py:190} INFO - [2024-10-02T00:01:13.007+0000] {dag.py:4180} INFO - Setting next_dagrun for dataset_alias_example_alias_producer_with_no_taskflow to None, run_after=None
[2024-10-02T00:01:13.008+0000] {logging_mixin.py:190} INFO - [2024-10-02T00:01:13.007+0000] {dag.py:4180} INFO - Setting next_dagrun for dataset_s3_bucket_consumer_with_no_taskflow to None, run_after=None
[2024-10-02T00:01:13.008+0000] {logging_mixin.py:190} INFO - [2024-10-02T00:01:13.008+0000] {dag.py:4180} INFO - Setting next_dagrun for dataset_s3_bucket_producer_with_no_taskflow to None, run_after=None
[2024-10-02T00:01:13.020+0000] {processor.py:208} INFO - Processing /home/airflow/.local/lib/python3.12/site-packages/airflow/example_dags/example_dataset_alias_with_no_taskflow.py took 0.168 seconds
[2024-10-02T00:01:43.885+0000] {processor.py:186} INFO - Started process (PID=35381) to work on /home/airflow/.local/lib/python3.12/site-packages/airflow/example_dags/example_dataset_alias_with_no_taskflow.py
[2024-10-02T00:01:43.888+0000] {processor.py:914} INFO - Processing file /home/airflow/.local/lib/python3.12/site-packages/airflow/example_dags/example_dataset_alias_with_no_taskflow.py for tasks to queue
[2024-10-02T00:01:43.891+0000] {logging_mixin.py:190} INFO - [2024-10-02T00:01:43.891+0000] {dagbag.py:588} INFO - Filling up the DagBag from /home/airflow/.local/lib/python3.12/site-packages/airflow/example_dags/example_dataset_alias_with_no_taskflow.py
[2024-10-02T00:01:44.017+0000] {processor.py:925} INFO - DAG(s) 'dataset_s3_bucket_producer_with_no_taskflow', 'dataset_alias_example_alias_producer_with_no_taskflow', 'dataset_alias_example_alias_consumer_with_no_taskflow', 'dataset_s3_bucket_consumer_with_no_taskflow' retrieved from /home/airflow/.local/lib/python3.12/site-packages/airflow/example_dags/example_dataset_alias_with_no_taskflow.py
[2024-10-02T00:01:44.029+0000] {logging_mixin.py:190} INFO - [2024-10-02T00:01:44.029+0000] {dag.py:3239} INFO - Sync 4 DAGs
[2024-10-02T00:01:44.041+0000] {logging_mixin.py:190} INFO - [2024-10-02T00:01:44.041+0000] {dag.py:4180} INFO - Setting next_dagrun for dataset_alias_example_alias_consumer_with_no_taskflow to None, run_after=None
[2024-10-02T00:01:44.042+0000] {logging_mixin.py:190} INFO - [2024-10-02T00:01:44.042+0000] {dag.py:4180} INFO - Setting next_dagrun for dataset_alias_example_alias_producer_with_no_taskflow to None, run_after=None
[2024-10-02T00:01:44.043+0000] {logging_mixin.py:190} INFO - [2024-10-02T00:01:44.043+0000] {dag.py:4180} INFO - Setting next_dagrun for dataset_s3_bucket_consumer_with_no_taskflow to None, run_after=None
[2024-10-02T00:01:44.044+0000] {logging_mixin.py:190} INFO - [2024-10-02T00:01:44.044+0000] {dag.py:4180} INFO - Setting next_dagrun for dataset_s3_bucket_producer_with_no_taskflow to None, run_after=None
[2024-10-02T00:01:44.055+0000] {processor.py:208} INFO - Processing /home/airflow/.local/lib/python3.12/site-packages/airflow/example_dags/example_dataset_alias_with_no_taskflow.py took 0.175 seconds
[2024-10-02T00:02:14.486+0000] {processor.py:186} INFO - Started process (PID=35444) to work on /home/airflow/.local/lib/python3.12/site-packages/airflow/example_dags/example_dataset_alias_with_no_taskflow.py
[2024-10-02T00:02:14.486+0000] {processor.py:914} INFO - Processing file /home/airflow/.local/lib/python3.12/site-packages/airflow/example_dags/example_dataset_alias_with_no_taskflow.py for tasks to queue
[2024-10-02T00:02:14.488+0000] {logging_mixin.py:190} INFO - [2024-10-02T00:02:14.488+0000] {dagbag.py:588} INFO - Filling up the DagBag from /home/airflow/.local/lib/python3.12/site-packages/airflow/example_dags/example_dataset_alias_with_no_taskflow.py
[2024-10-02T00:02:14.589+0000] {processor.py:925} INFO - DAG(s) 'dataset_s3_bucket_consumer_with_no_taskflow', 'dataset_s3_bucket_producer_with_no_taskflow', 'dataset_alias_example_alias_producer_with_no_taskflow', 'dataset_alias_example_alias_consumer_with_no_taskflow' retrieved from /home/airflow/.local/lib/python3.12/site-packages/airflow/example_dags/example_dataset_alias_with_no_taskflow.py
[2024-10-02T00:02:14.601+0000] {logging_mixin.py:190} INFO - [2024-10-02T00:02:14.601+0000] {dag.py:3239} INFO - Sync 4 DAGs
[2024-10-02T00:02:14.612+0000] {logging_mixin.py:190} INFO - [2024-10-02T00:02:14.612+0000] {dag.py:4180} INFO - Setting next_dagrun for dataset_alias_example_alias_consumer_with_no_taskflow to None, run_after=None
[2024-10-02T00:02:14.614+0000] {logging_mixin.py:190} INFO - [2024-10-02T00:02:14.613+0000] {dag.py:4180} INFO - Setting next_dagrun for dataset_alias_example_alias_producer_with_no_taskflow to None, run_after=None
[2024-10-02T00:02:14.615+0000] {logging_mixin.py:190} INFO - [2024-10-02T00:02:14.615+0000] {dag.py:4180} INFO - Setting next_dagrun for dataset_s3_bucket_consumer_with_no_taskflow to None, run_after=None
[2024-10-02T00:02:14.616+0000] {logging_mixin.py:190} INFO - [2024-10-02T00:02:14.616+0000] {dag.py:4180} INFO - Setting next_dagrun for dataset_s3_bucket_producer_with_no_taskflow to None, run_after=None
[2024-10-02T00:02:14.628+0000] {processor.py:208} INFO - Processing /home/airflow/.local/lib/python3.12/site-packages/airflow/example_dags/example_dataset_alias_with_no_taskflow.py took 0.146 seconds
[2024-10-02T00:02:45.297+0000] {processor.py:186} INFO - Started process (PID=35507) to work on /home/airflow/.local/lib/python3.12/site-packages/airflow/example_dags/example_dataset_alias_with_no_taskflow.py
[2024-10-02T00:02:45.298+0000] {processor.py:914} INFO - Processing file /home/airflow/.local/lib/python3.12/site-packages/airflow/example_dags/example_dataset_alias_with_no_taskflow.py for tasks to queue
[2024-10-02T00:02:45.301+0000] {logging_mixin.py:190} INFO - [2024-10-02T00:02:45.301+0000] {dagbag.py:588} INFO - Filling up the DagBag from /home/airflow/.local/lib/python3.12/site-packages/airflow/example_dags/example_dataset_alias_with_no_taskflow.py
[2024-10-02T00:02:45.476+0000] {processor.py:925} INFO - DAG(s) 'dataset_alias_example_alias_consumer_with_no_taskflow', 'dataset_s3_bucket_producer_with_no_taskflow', 'dataset_s3_bucket_consumer_with_no_taskflow', 'dataset_alias_example_alias_producer_with_no_taskflow' retrieved from /home/airflow/.local/lib/python3.12/site-packages/airflow/example_dags/example_dataset_alias_with_no_taskflow.py
[2024-10-02T00:02:45.490+0000] {logging_mixin.py:190} INFO - [2024-10-02T00:02:45.490+0000] {dag.py:3239} INFO - Sync 4 DAGs
[2024-10-02T00:02:45.521+0000] {logging_mixin.py:190} INFO - [2024-10-02T00:02:45.520+0000] {dag.py:4180} INFO - Setting next_dagrun for dataset_alias_example_alias_consumer_with_no_taskflow to None, run_after=None
[2024-10-02T00:02:45.522+0000] {logging_mixin.py:190} INFO - [2024-10-02T00:02:45.522+0000] {dag.py:4180} INFO - Setting next_dagrun for dataset_alias_example_alias_producer_with_no_taskflow to None, run_after=None
[2024-10-02T00:02:45.523+0000] {logging_mixin.py:190} INFO - [2024-10-02T00:02:45.523+0000] {dag.py:4180} INFO - Setting next_dagrun for dataset_s3_bucket_consumer_with_no_taskflow to None, run_after=None
[2024-10-02T00:02:45.524+0000] {logging_mixin.py:190} INFO - [2024-10-02T00:02:45.524+0000] {dag.py:4180} INFO - Setting next_dagrun for dataset_s3_bucket_producer_with_no_taskflow to None, run_after=None
[2024-10-02T00:02:45.541+0000] {processor.py:208} INFO - Processing /home/airflow/.local/lib/python3.12/site-packages/airflow/example_dags/example_dataset_alias_with_no_taskflow.py took 0.250 seconds
[2024-10-02T00:03:16.102+0000] {processor.py:186} INFO - Started process (PID=35570) to work on /home/airflow/.local/lib/python3.12/site-packages/airflow/example_dags/example_dataset_alias_with_no_taskflow.py
[2024-10-02T00:03:16.104+0000] {processor.py:914} INFO - Processing file /home/airflow/.local/lib/python3.12/site-packages/airflow/example_dags/example_dataset_alias_with_no_taskflow.py for tasks to queue
[2024-10-02T00:03:16.108+0000] {logging_mixin.py:190} INFO - [2024-10-02T00:03:16.108+0000] {dagbag.py:588} INFO - Filling up the DagBag from /home/airflow/.local/lib/python3.12/site-packages/airflow/example_dags/example_dataset_alias_with_no_taskflow.py
[2024-10-02T00:03:16.202+0000] {processor.py:925} INFO - DAG(s) 'dataset_alias_example_alias_producer_with_no_taskflow', 'dataset_s3_bucket_producer_with_no_taskflow', 'dataset_alias_example_alias_consumer_with_no_taskflow', 'dataset_s3_bucket_consumer_with_no_taskflow' retrieved from /home/airflow/.local/lib/python3.12/site-packages/airflow/example_dags/example_dataset_alias_with_no_taskflow.py
[2024-10-02T00:03:16.217+0000] {logging_mixin.py:190} INFO - [2024-10-02T00:03:16.217+0000] {dag.py:3239} INFO - Sync 4 DAGs
[2024-10-02T00:03:16.229+0000] {logging_mixin.py:190} INFO - [2024-10-02T00:03:16.229+0000] {dag.py:4180} INFO - Setting next_dagrun for dataset_alias_example_alias_consumer_with_no_taskflow to None, run_after=None
[2024-10-02T00:03:16.230+0000] {logging_mixin.py:190} INFO - [2024-10-02T00:03:16.230+0000] {dag.py:4180} INFO - Setting next_dagrun for dataset_alias_example_alias_producer_with_no_taskflow to None, run_after=None
[2024-10-02T00:03:16.231+0000] {logging_mixin.py:190} INFO - [2024-10-02T00:03:16.231+0000] {dag.py:4180} INFO - Setting next_dagrun for dataset_s3_bucket_consumer_with_no_taskflow to None, run_after=None
[2024-10-02T00:03:16.232+0000] {logging_mixin.py:190} INFO - [2024-10-02T00:03:16.232+0000] {dag.py:4180} INFO - Setting next_dagrun for dataset_s3_bucket_producer_with_no_taskflow to None, run_after=None
[2024-10-02T00:03:16.243+0000] {processor.py:208} INFO - Processing /home/airflow/.local/lib/python3.12/site-packages/airflow/example_dags/example_dataset_alias_with_no_taskflow.py took 0.148 seconds
[2024-10-02T00:03:46.921+0000] {processor.py:186} INFO - Started process (PID=35634) to work on /home/airflow/.local/lib/python3.12/site-packages/airflow/example_dags/example_dataset_alias_with_no_taskflow.py
[2024-10-02T00:03:46.922+0000] {processor.py:914} INFO - Processing file /home/airflow/.local/lib/python3.12/site-packages/airflow/example_dags/example_dataset_alias_with_no_taskflow.py for tasks to queue
[2024-10-02T00:03:46.925+0000] {logging_mixin.py:190} INFO - [2024-10-02T00:03:46.925+0000] {dagbag.py:588} INFO - Filling up the DagBag from /home/airflow/.local/lib/python3.12/site-packages/airflow/example_dags/example_dataset_alias_with_no_taskflow.py
[2024-10-02T00:03:47.054+0000] {processor.py:925} INFO - DAG(s) 'dataset_s3_bucket_consumer_with_no_taskflow', 'dataset_alias_example_alias_consumer_with_no_taskflow', 'dataset_alias_example_alias_producer_with_no_taskflow', 'dataset_s3_bucket_producer_with_no_taskflow' retrieved from /home/airflow/.local/lib/python3.12/site-packages/airflow/example_dags/example_dataset_alias_with_no_taskflow.py
[2024-10-02T00:03:47.064+0000] {logging_mixin.py:190} INFO - [2024-10-02T00:03:47.064+0000] {dag.py:3239} INFO - Sync 4 DAGs
[2024-10-02T00:03:47.076+0000] {logging_mixin.py:190} INFO - [2024-10-02T00:03:47.076+0000] {dag.py:4180} INFO - Setting next_dagrun for dataset_alias_example_alias_consumer_with_no_taskflow to None, run_after=None
[2024-10-02T00:03:47.079+0000] {logging_mixin.py:190} INFO - [2024-10-02T00:03:47.079+0000] {dag.py:4180} INFO - Setting next_dagrun for dataset_alias_example_alias_producer_with_no_taskflow to None, run_after=None
[2024-10-02T00:03:47.079+0000] {logging_mixin.py:190} INFO - [2024-10-02T00:03:47.079+0000] {dag.py:4180} INFO - Setting next_dagrun for dataset_s3_bucket_consumer_with_no_taskflow to None, run_after=None
[2024-10-02T00:03:47.080+0000] {logging_mixin.py:190} INFO - [2024-10-02T00:03:47.080+0000] {dag.py:4180} INFO - Setting next_dagrun for dataset_s3_bucket_producer_with_no_taskflow to None, run_after=None
[2024-10-02T00:03:47.092+0000] {processor.py:208} INFO - Processing /home/airflow/.local/lib/python3.12/site-packages/airflow/example_dags/example_dataset_alias_with_no_taskflow.py took 0.177 seconds
[2024-10-02T00:04:17.533+0000] {processor.py:186} INFO - Started process (PID=35697) to work on /home/airflow/.local/lib/python3.12/site-packages/airflow/example_dags/example_dataset_alias_with_no_taskflow.py
[2024-10-02T00:04:17.536+0000] {processor.py:914} INFO - Processing file /home/airflow/.local/lib/python3.12/site-packages/airflow/example_dags/example_dataset_alias_with_no_taskflow.py for tasks to queue
[2024-10-02T00:04:17.538+0000] {logging_mixin.py:190} INFO - [2024-10-02T00:04:17.537+0000] {dagbag.py:588} INFO - Filling up the DagBag from /home/airflow/.local/lib/python3.12/site-packages/airflow/example_dags/example_dataset_alias_with_no_taskflow.py
[2024-10-02T00:04:17.639+0000] {processor.py:925} INFO - DAG(s) 'dataset_alias_example_alias_producer_with_no_taskflow', 'dataset_s3_bucket_consumer_with_no_taskflow', 'dataset_s3_bucket_producer_with_no_taskflow', 'dataset_alias_example_alias_consumer_with_no_taskflow' retrieved from /home/airflow/.local/lib/python3.12/site-packages/airflow/example_dags/example_dataset_alias_with_no_taskflow.py
[2024-10-02T00:04:17.650+0000] {logging_mixin.py:190} INFO - [2024-10-02T00:04:17.650+0000] {dag.py:3239} INFO - Sync 4 DAGs
[2024-10-02T00:04:17.666+0000] {logging_mixin.py:190} INFO - [2024-10-02T00:04:17.666+0000] {dag.py:4180} INFO - Setting next_dagrun for dataset_alias_example_alias_consumer_with_no_taskflow to None, run_after=None
[2024-10-02T00:04:17.667+0000] {logging_mixin.py:190} INFO - [2024-10-02T00:04:17.667+0000] {dag.py:4180} INFO - Setting next_dagrun for dataset_alias_example_alias_producer_with_no_taskflow to None, run_after=None
[2024-10-02T00:04:17.668+0000] {logging_mixin.py:190} INFO - [2024-10-02T00:04:17.668+0000] {dag.py:4180} INFO - Setting next_dagrun for dataset_s3_bucket_consumer_with_no_taskflow to None, run_after=None
[2024-10-02T00:04:17.668+0000] {logging_mixin.py:190} INFO - [2024-10-02T00:04:17.668+0000] {dag.py:4180} INFO - Setting next_dagrun for dataset_s3_bucket_producer_with_no_taskflow to None, run_after=None
[2024-10-02T00:04:17.680+0000] {processor.py:208} INFO - Processing /home/airflow/.local/lib/python3.12/site-packages/airflow/example_dags/example_dataset_alias_with_no_taskflow.py took 0.151 seconds
