[2024-10-02T00:00:07.775+0000] {processor.py:186} INFO - Started process (PID=35158) to work on /home/airflow/.local/lib/python3.12/site-packages/airflow/example_dags/example_dag_decorator.py
[2024-10-02T00:00:07.775+0000] {processor.py:914} INFO - Processing file /home/airflow/.local/lib/python3.12/site-packages/airflow/example_dags/example_dag_decorator.py for tasks to queue
[2024-10-02T00:00:07.776+0000] {logging_mixin.py:190} INFO - [2024-10-02T00:00:07.776+0000] {dagbag.py:588} INFO - Filling up the DagBag from /home/airflow/.local/lib/python3.12/site-packages/airflow/example_dags/example_dag_decorator.py
[2024-10-02T00:00:07.782+0000] {processor.py:925} INFO - DAG(s) 'example_dag_decorator' retrieved from /home/airflow/.local/lib/python3.12/site-packages/airflow/example_dags/example_dag_decorator.py
[2024-10-02T00:00:07.850+0000] {logging_mixin.py:190} INFO - [2024-10-02T00:00:07.850+0000] {dag.py:3239} INFO - Sync 1 DAGs
[2024-10-02T00:00:07.858+0000] {logging_mixin.py:190} INFO - [2024-10-02T00:00:07.858+0000] {dag.py:4180} INFO - Setting next_dagrun for example_dag_decorator to None, run_after=None
[2024-10-02T00:00:07.866+0000] {processor.py:208} INFO - Processing /home/airflow/.local/lib/python3.12/site-packages/airflow/example_dags/example_dag_decorator.py took 0.094 seconds
[2024-10-02T00:00:38.499+0000] {processor.py:186} INFO - Started process (PID=35221) to work on /home/airflow/.local/lib/python3.12/site-packages/airflow/example_dags/example_dag_decorator.py
[2024-10-02T00:00:38.501+0000] {processor.py:914} INFO - Processing file /home/airflow/.local/lib/python3.12/site-packages/airflow/example_dags/example_dag_decorator.py for tasks to queue
[2024-10-02T00:00:38.503+0000] {logging_mixin.py:190} INFO - [2024-10-02T00:00:38.502+0000] {dagbag.py:588} INFO - Filling up the DagBag from /home/airflow/.local/lib/python3.12/site-packages/airflow/example_dags/example_dag_decorator.py
[2024-10-02T00:00:38.508+0000] {processor.py:925} INFO - DAG(s) 'example_dag_decorator' retrieved from /home/airflow/.local/lib/python3.12/site-packages/airflow/example_dags/example_dag_decorator.py
[2024-10-02T00:00:38.575+0000] {logging_mixin.py:190} INFO - [2024-10-02T00:00:38.575+0000] {dag.py:3239} INFO - Sync 1 DAGs
[2024-10-02T00:00:38.584+0000] {logging_mixin.py:190} INFO - [2024-10-02T00:00:38.583+0000] {dag.py:4180} INFO - Setting next_dagrun for example_dag_decorator to None, run_after=None
[2024-10-02T00:00:38.598+0000] {processor.py:208} INFO - Processing /home/airflow/.local/lib/python3.12/site-packages/airflow/example_dags/example_dag_decorator.py took 0.103 seconds
[2024-10-02T00:01:09.567+0000] {processor.py:186} INFO - Started process (PID=35284) to work on /home/airflow/.local/lib/python3.12/site-packages/airflow/example_dags/example_dag_decorator.py
[2024-10-02T00:01:09.570+0000] {processor.py:914} INFO - Processing file /home/airflow/.local/lib/python3.12/site-packages/airflow/example_dags/example_dag_decorator.py for tasks to queue
[2024-10-02T00:01:09.572+0000] {logging_mixin.py:190} INFO - [2024-10-02T00:01:09.571+0000] {dagbag.py:588} INFO - Filling up the DagBag from /home/airflow/.local/lib/python3.12/site-packages/airflow/example_dags/example_dag_decorator.py
[2024-10-02T00:01:09.578+0000] {processor.py:925} INFO - DAG(s) 'example_dag_decorator' retrieved from /home/airflow/.local/lib/python3.12/site-packages/airflow/example_dags/example_dag_decorator.py
[2024-10-02T00:01:09.658+0000] {logging_mixin.py:190} INFO - [2024-10-02T00:01:09.658+0000] {dag.py:3239} INFO - Sync 1 DAGs
[2024-10-02T00:01:09.663+0000] {logging_mixin.py:190} INFO - [2024-10-02T00:01:09.663+0000] {dag.py:4180} INFO - Setting next_dagrun for example_dag_decorator to None, run_after=None
[2024-10-02T00:01:09.671+0000] {processor.py:208} INFO - Processing /home/airflow/.local/lib/python3.12/site-packages/airflow/example_dags/example_dag_decorator.py took 0.108 seconds
[2024-10-02T00:01:40.623+0000] {processor.py:186} INFO - Started process (PID=35347) to work on /home/airflow/.local/lib/python3.12/site-packages/airflow/example_dags/example_dag_decorator.py
[2024-10-02T00:01:40.624+0000] {processor.py:914} INFO - Processing file /home/airflow/.local/lib/python3.12/site-packages/airflow/example_dags/example_dag_decorator.py for tasks to queue
[2024-10-02T00:01:40.625+0000] {logging_mixin.py:190} INFO - [2024-10-02T00:01:40.625+0000] {dagbag.py:588} INFO - Filling up the DagBag from /home/airflow/.local/lib/python3.12/site-packages/airflow/example_dags/example_dag_decorator.py
[2024-10-02T00:01:40.633+0000] {processor.py:925} INFO - DAG(s) 'example_dag_decorator' retrieved from /home/airflow/.local/lib/python3.12/site-packages/airflow/example_dags/example_dag_decorator.py
[2024-10-02T00:01:40.695+0000] {logging_mixin.py:190} INFO - [2024-10-02T00:01:40.695+0000] {dag.py:3239} INFO - Sync 1 DAGs
[2024-10-02T00:01:40.702+0000] {logging_mixin.py:190} INFO - [2024-10-02T00:01:40.702+0000] {dag.py:4180} INFO - Setting next_dagrun for example_dag_decorator to None, run_after=None
[2024-10-02T00:01:40.716+0000] {processor.py:208} INFO - Processing /home/airflow/.local/lib/python3.12/site-packages/airflow/example_dags/example_dag_decorator.py took 0.097 seconds
[2024-10-02T00:02:11.543+0000] {processor.py:186} INFO - Started process (PID=35410) to work on /home/airflow/.local/lib/python3.12/site-packages/airflow/example_dags/example_dag_decorator.py
[2024-10-02T00:02:11.543+0000] {processor.py:914} INFO - Processing file /home/airflow/.local/lib/python3.12/site-packages/airflow/example_dags/example_dag_decorator.py for tasks to queue
[2024-10-02T00:02:11.544+0000] {logging_mixin.py:190} INFO - [2024-10-02T00:02:11.544+0000] {dagbag.py:588} INFO - Filling up the DagBag from /home/airflow/.local/lib/python3.12/site-packages/airflow/example_dags/example_dag_decorator.py
[2024-10-02T00:02:11.550+0000] {processor.py:925} INFO - DAG(s) 'example_dag_decorator' retrieved from /home/airflow/.local/lib/python3.12/site-packages/airflow/example_dags/example_dag_decorator.py
[2024-10-02T00:02:11.562+0000] {logging_mixin.py:190} INFO - [2024-10-02T00:02:11.562+0000] {dag.py:3239} INFO - Sync 1 DAGs
[2024-10-02T00:02:11.568+0000] {logging_mixin.py:190} INFO - [2024-10-02T00:02:11.568+0000] {dag.py:4180} INFO - Setting next_dagrun for example_dag_decorator to None, run_after=None
[2024-10-02T00:02:11.575+0000] {processor.py:208} INFO - Processing /home/airflow/.local/lib/python3.12/site-packages/airflow/example_dags/example_dag_decorator.py took 0.035 seconds
[2024-10-02T00:02:42.134+0000] {processor.py:186} INFO - Started process (PID=35473) to work on /home/airflow/.local/lib/python3.12/site-packages/airflow/example_dags/example_dag_decorator.py
[2024-10-02T00:02:42.137+0000] {processor.py:914} INFO - Processing file /home/airflow/.local/lib/python3.12/site-packages/airflow/example_dags/example_dag_decorator.py for tasks to queue
[2024-10-02T00:02:42.139+0000] {logging_mixin.py:190} INFO - [2024-10-02T00:02:42.139+0000] {dagbag.py:588} INFO - Filling up the DagBag from /home/airflow/.local/lib/python3.12/site-packages/airflow/example_dags/example_dag_decorator.py
[2024-10-02T00:02:42.145+0000] {processor.py:925} INFO - DAG(s) 'example_dag_decorator' retrieved from /home/airflow/.local/lib/python3.12/site-packages/airflow/example_dags/example_dag_decorator.py
[2024-10-02T00:02:42.216+0000] {logging_mixin.py:190} INFO - [2024-10-02T00:02:42.215+0000] {dag.py:3239} INFO - Sync 1 DAGs
[2024-10-02T00:02:42.222+0000] {logging_mixin.py:190} INFO - [2024-10-02T00:02:42.222+0000] {dag.py:4180} INFO - Setting next_dagrun for example_dag_decorator to None, run_after=None
[2024-10-02T00:02:42.240+0000] {processor.py:208} INFO - Processing /home/airflow/.local/lib/python3.12/site-packages/airflow/example_dags/example_dag_decorator.py took 0.110 seconds
[2024-10-02T00:03:13.076+0000] {processor.py:186} INFO - Started process (PID=35536) to work on /home/airflow/.local/lib/python3.12/site-packages/airflow/example_dags/example_dag_decorator.py
[2024-10-02T00:03:13.080+0000] {processor.py:914} INFO - Processing file /home/airflow/.local/lib/python3.12/site-packages/airflow/example_dags/example_dag_decorator.py for tasks to queue
[2024-10-02T00:03:13.081+0000] {logging_mixin.py:190} INFO - [2024-10-02T00:03:13.081+0000] {dagbag.py:588} INFO - Filling up the DagBag from /home/airflow/.local/lib/python3.12/site-packages/airflow/example_dags/example_dag_decorator.py
[2024-10-02T00:03:13.087+0000] {processor.py:925} INFO - DAG(s) 'example_dag_decorator' retrieved from /home/airflow/.local/lib/python3.12/site-packages/airflow/example_dags/example_dag_decorator.py
[2024-10-02T00:03:13.143+0000] {logging_mixin.py:190} INFO - [2024-10-02T00:03:13.142+0000] {dag.py:3239} INFO - Sync 1 DAGs
[2024-10-02T00:03:13.148+0000] {logging_mixin.py:190} INFO - [2024-10-02T00:03:13.148+0000] {dag.py:4180} INFO - Setting next_dagrun for example_dag_decorator to None, run_after=None
[2024-10-02T00:03:13.159+0000] {processor.py:208} INFO - Processing /home/airflow/.local/lib/python3.12/site-packages/airflow/example_dags/example_dag_decorator.py took 0.087 seconds
[2024-10-02T00:03:43.826+0000] {processor.py:186} INFO - Started process (PID=35600) to work on /home/airflow/.local/lib/python3.12/site-packages/airflow/example_dags/example_dag_decorator.py
[2024-10-02T00:03:43.827+0000] {processor.py:914} INFO - Processing file /home/airflow/.local/lib/python3.12/site-packages/airflow/example_dags/example_dag_decorator.py for tasks to queue
[2024-10-02T00:03:43.830+0000] {logging_mixin.py:190} INFO - [2024-10-02T00:03:43.830+0000] {dagbag.py:588} INFO - Filling up the DagBag from /home/airflow/.local/lib/python3.12/site-packages/airflow/example_dags/example_dag_decorator.py
[2024-10-02T00:03:43.836+0000] {processor.py:925} INFO - DAG(s) 'example_dag_decorator' retrieved from /home/airflow/.local/lib/python3.12/site-packages/airflow/example_dags/example_dag_decorator.py
[2024-10-02T00:03:43.922+0000] {logging_mixin.py:190} INFO - [2024-10-02T00:03:43.922+0000] {dag.py:3239} INFO - Sync 1 DAGs
[2024-10-02T00:03:43.928+0000] {logging_mixin.py:190} INFO - [2024-10-02T00:03:43.928+0000] {dag.py:4180} INFO - Setting next_dagrun for example_dag_decorator to None, run_after=None
[2024-10-02T00:03:43.939+0000] {processor.py:208} INFO - Processing /home/airflow/.local/lib/python3.12/site-packages/airflow/example_dags/example_dag_decorator.py took 0.116 seconds
[2024-10-02T00:04:14.504+0000] {processor.py:186} INFO - Started process (PID=35663) to work on /home/airflow/.local/lib/python3.12/site-packages/airflow/example_dags/example_dag_decorator.py
[2024-10-02T00:04:14.505+0000] {processor.py:914} INFO - Processing file /home/airflow/.local/lib/python3.12/site-packages/airflow/example_dags/example_dag_decorator.py for tasks to queue
[2024-10-02T00:04:14.506+0000] {logging_mixin.py:190} INFO - [2024-10-02T00:04:14.506+0000] {dagbag.py:588} INFO - Filling up the DagBag from /home/airflow/.local/lib/python3.12/site-packages/airflow/example_dags/example_dag_decorator.py
[2024-10-02T00:04:14.514+0000] {processor.py:925} INFO - DAG(s) 'example_dag_decorator' retrieved from /home/airflow/.local/lib/python3.12/site-packages/airflow/example_dags/example_dag_decorator.py
[2024-10-02T00:04:14.569+0000] {logging_mixin.py:190} INFO - [2024-10-02T00:04:14.569+0000] {dag.py:3239} INFO - Sync 1 DAGs
[2024-10-02T00:04:14.575+0000] {logging_mixin.py:190} INFO - [2024-10-02T00:04:14.575+0000] {dag.py:4180} INFO - Setting next_dagrun for example_dag_decorator to None, run_after=None
[2024-10-02T00:04:14.584+0000] {processor.py:208} INFO - Processing /home/airflow/.local/lib/python3.12/site-packages/airflow/example_dags/example_dag_decorator.py took 0.084 seconds
