[2024-10-02T00:00:08.540+0000] {processor.py:186} INFO - Started process (PID=35172) to work on /home/airflow/.local/lib/python3.12/site-packages/airflow/example_dags/example_dynamic_task_mapping_with_no_taskflow_operators.py
[2024-10-02T00:00:08.540+0000] {processor.py:914} INFO - Processing file /home/airflow/.local/lib/python3.12/site-packages/airflow/example_dags/example_dynamic_task_mapping_with_no_taskflow_operators.py for tasks to queue
[2024-10-02T00:00:08.542+0000] {logging_mixin.py:190} INFO - [2024-10-02T00:00:08.542+0000] {dagbag.py:588} INFO - Filling up the DagBag from /home/airflow/.local/lib/python3.12/site-packages/airflow/example_dags/example_dynamic_task_mapping_with_no_taskflow_operators.py
[2024-10-02T00:00:08.550+0000] {processor.py:925} INFO - DAG(s) 'example_dynamic_task_mapping_with_no_taskflow_operators' retrieved from /home/airflow/.local/lib/python3.12/site-packages/airflow/example_dags/example_dynamic_task_mapping_with_no_taskflow_operators.py
[2024-10-02T00:00:08.572+0000] {logging_mixin.py:190} INFO - [2024-10-02T00:00:08.572+0000] {dag.py:3239} INFO - Sync 1 DAGs
[2024-10-02T00:00:08.586+0000] {logging_mixin.py:190} INFO - [2024-10-02T00:00:08.586+0000] {dag.py:4180} INFO - Setting next_dagrun for example_dynamic_task_mapping_with_no_taskflow_operators to None, run_after=None
[2024-10-02T00:00:08.599+0000] {processor.py:208} INFO - Processing /home/airflow/.local/lib/python3.12/site-packages/airflow/example_dags/example_dynamic_task_mapping_with_no_taskflow_operators.py took 0.069 seconds
[2024-10-02T00:00:38.996+0000] {processor.py:186} INFO - Started process (PID=35235) to work on /home/airflow/.local/lib/python3.12/site-packages/airflow/example_dags/example_dynamic_task_mapping_with_no_taskflow_operators.py
[2024-10-02T00:00:38.997+0000] {processor.py:914} INFO - Processing file /home/airflow/.local/lib/python3.12/site-packages/airflow/example_dags/example_dynamic_task_mapping_with_no_taskflow_operators.py for tasks to queue
[2024-10-02T00:00:38.998+0000] {logging_mixin.py:190} INFO - [2024-10-02T00:00:38.998+0000] {dagbag.py:588} INFO - Filling up the DagBag from /home/airflow/.local/lib/python3.12/site-packages/airflow/example_dags/example_dynamic_task_mapping_with_no_taskflow_operators.py
[2024-10-02T00:00:39.003+0000] {processor.py:925} INFO - DAG(s) 'example_dynamic_task_mapping_with_no_taskflow_operators' retrieved from /home/airflow/.local/lib/python3.12/site-packages/airflow/example_dags/example_dynamic_task_mapping_with_no_taskflow_operators.py
[2024-10-02T00:00:39.020+0000] {logging_mixin.py:190} INFO - [2024-10-02T00:00:39.019+0000] {dag.py:3239} INFO - Sync 1 DAGs
[2024-10-02T00:00:39.033+0000] {logging_mixin.py:190} INFO - [2024-10-02T00:00:39.032+0000] {dag.py:4180} INFO - Setting next_dagrun for example_dynamic_task_mapping_with_no_taskflow_operators to None, run_after=None
[2024-10-02T00:00:39.051+0000] {processor.py:208} INFO - Processing /home/airflow/.local/lib/python3.12/site-packages/airflow/example_dags/example_dynamic_task_mapping_with_no_taskflow_operators.py took 0.057 seconds
[2024-10-02T00:01:10.096+0000] {processor.py:186} INFO - Started process (PID=35298) to work on /home/airflow/.local/lib/python3.12/site-packages/airflow/example_dags/example_dynamic_task_mapping_with_no_taskflow_operators.py
[2024-10-02T00:01:10.097+0000] {processor.py:914} INFO - Processing file /home/airflow/.local/lib/python3.12/site-packages/airflow/example_dags/example_dynamic_task_mapping_with_no_taskflow_operators.py for tasks to queue
[2024-10-02T00:01:10.100+0000] {logging_mixin.py:190} INFO - [2024-10-02T00:01:10.100+0000] {dagbag.py:588} INFO - Filling up the DagBag from /home/airflow/.local/lib/python3.12/site-packages/airflow/example_dags/example_dynamic_task_mapping_with_no_taskflow_operators.py
[2024-10-02T00:01:10.105+0000] {processor.py:925} INFO - DAG(s) 'example_dynamic_task_mapping_with_no_taskflow_operators' retrieved from /home/airflow/.local/lib/python3.12/site-packages/airflow/example_dags/example_dynamic_task_mapping_with_no_taskflow_operators.py
[2024-10-02T00:01:10.119+0000] {logging_mixin.py:190} INFO - [2024-10-02T00:01:10.118+0000] {dag.py:3239} INFO - Sync 1 DAGs
[2024-10-02T00:01:10.125+0000] {logging_mixin.py:190} INFO - [2024-10-02T00:01:10.125+0000] {dag.py:4180} INFO - Setting next_dagrun for example_dynamic_task_mapping_with_no_taskflow_operators to None, run_after=None
[2024-10-02T00:01:10.135+0000] {processor.py:208} INFO - Processing /home/airflow/.local/lib/python3.12/site-packages/airflow/example_dags/example_dynamic_task_mapping_with_no_taskflow_operators.py took 0.044 seconds
[2024-10-02T00:01:41.128+0000] {processor.py:186} INFO - Started process (PID=35361) to work on /home/airflow/.local/lib/python3.12/site-packages/airflow/example_dags/example_dynamic_task_mapping_with_no_taskflow_operators.py
[2024-10-02T00:01:41.128+0000] {processor.py:914} INFO - Processing file /home/airflow/.local/lib/python3.12/site-packages/airflow/example_dags/example_dynamic_task_mapping_with_no_taskflow_operators.py for tasks to queue
[2024-10-02T00:01:41.130+0000] {logging_mixin.py:190} INFO - [2024-10-02T00:01:41.129+0000] {dagbag.py:588} INFO - Filling up the DagBag from /home/airflow/.local/lib/python3.12/site-packages/airflow/example_dags/example_dynamic_task_mapping_with_no_taskflow_operators.py
[2024-10-02T00:01:41.136+0000] {processor.py:925} INFO - DAG(s) 'example_dynamic_task_mapping_with_no_taskflow_operators' retrieved from /home/airflow/.local/lib/python3.12/site-packages/airflow/example_dags/example_dynamic_task_mapping_with_no_taskflow_operators.py
[2024-10-02T00:01:41.200+0000] {logging_mixin.py:190} INFO - [2024-10-02T00:01:41.199+0000] {dag.py:3239} INFO - Sync 1 DAGs
[2024-10-02T00:01:41.211+0000] {logging_mixin.py:190} INFO - [2024-10-02T00:01:41.211+0000] {dag.py:4180} INFO - Setting next_dagrun for example_dynamic_task_mapping_with_no_taskflow_operators to None, run_after=None
[2024-10-02T00:01:41.221+0000] {processor.py:208} INFO - Processing /home/airflow/.local/lib/python3.12/site-packages/airflow/example_dags/example_dynamic_task_mapping_with_no_taskflow_operators.py took 0.096 seconds
[2024-10-02T00:02:11.902+0000] {processor.py:186} INFO - Started process (PID=35424) to work on /home/airflow/.local/lib/python3.12/site-packages/airflow/example_dags/example_dynamic_task_mapping_with_no_taskflow_operators.py
[2024-10-02T00:02:11.903+0000] {processor.py:914} INFO - Processing file /home/airflow/.local/lib/python3.12/site-packages/airflow/example_dags/example_dynamic_task_mapping_with_no_taskflow_operators.py for tasks to queue
[2024-10-02T00:02:11.905+0000] {logging_mixin.py:190} INFO - [2024-10-02T00:02:11.905+0000] {dagbag.py:588} INFO - Filling up the DagBag from /home/airflow/.local/lib/python3.12/site-packages/airflow/example_dags/example_dynamic_task_mapping_with_no_taskflow_operators.py
[2024-10-02T00:02:11.910+0000] {processor.py:925} INFO - DAG(s) 'example_dynamic_task_mapping_with_no_taskflow_operators' retrieved from /home/airflow/.local/lib/python3.12/site-packages/airflow/example_dags/example_dynamic_task_mapping_with_no_taskflow_operators.py
[2024-10-02T00:02:11.930+0000] {logging_mixin.py:190} INFO - [2024-10-02T00:02:11.930+0000] {dag.py:3239} INFO - Sync 1 DAGs
[2024-10-02T00:02:11.937+0000] {logging_mixin.py:190} INFO - [2024-10-02T00:02:11.937+0000] {dag.py:4180} INFO - Setting next_dagrun for example_dynamic_task_mapping_with_no_taskflow_operators to None, run_after=None
[2024-10-02T00:02:11.950+0000] {processor.py:208} INFO - Processing /home/airflow/.local/lib/python3.12/site-packages/airflow/example_dags/example_dynamic_task_mapping_with_no_taskflow_operators.py took 0.050 seconds
[2024-10-02T00:02:42.602+0000] {processor.py:186} INFO - Started process (PID=35487) to work on /home/airflow/.local/lib/python3.12/site-packages/airflow/example_dags/example_dynamic_task_mapping_with_no_taskflow_operators.py
[2024-10-02T00:02:42.604+0000] {processor.py:914} INFO - Processing file /home/airflow/.local/lib/python3.12/site-packages/airflow/example_dags/example_dynamic_task_mapping_with_no_taskflow_operators.py for tasks to queue
[2024-10-02T00:02:42.606+0000] {logging_mixin.py:190} INFO - [2024-10-02T00:02:42.606+0000] {dagbag.py:588} INFO - Filling up the DagBag from /home/airflow/.local/lib/python3.12/site-packages/airflow/example_dags/example_dynamic_task_mapping_with_no_taskflow_operators.py
[2024-10-02T00:02:42.613+0000] {processor.py:925} INFO - DAG(s) 'example_dynamic_task_mapping_with_no_taskflow_operators' retrieved from /home/airflow/.local/lib/python3.12/site-packages/airflow/example_dags/example_dynamic_task_mapping_with_no_taskflow_operators.py
[2024-10-02T00:02:42.631+0000] {logging_mixin.py:190} INFO - [2024-10-02T00:02:42.631+0000] {dag.py:3239} INFO - Sync 1 DAGs
[2024-10-02T00:02:42.641+0000] {logging_mixin.py:190} INFO - [2024-10-02T00:02:42.641+0000] {dag.py:4180} INFO - Setting next_dagrun for example_dynamic_task_mapping_with_no_taskflow_operators to None, run_after=None
[2024-10-02T00:02:42.656+0000] {processor.py:208} INFO - Processing /home/airflow/.local/lib/python3.12/site-packages/airflow/example_dags/example_dynamic_task_mapping_with_no_taskflow_operators.py took 0.058 seconds
[2024-10-02T00:03:13.480+0000] {processor.py:186} INFO - Started process (PID=35550) to work on /home/airflow/.local/lib/python3.12/site-packages/airflow/example_dags/example_dynamic_task_mapping_with_no_taskflow_operators.py
[2024-10-02T00:03:13.480+0000] {processor.py:914} INFO - Processing file /home/airflow/.local/lib/python3.12/site-packages/airflow/example_dags/example_dynamic_task_mapping_with_no_taskflow_operators.py for tasks to queue
[2024-10-02T00:03:13.482+0000] {logging_mixin.py:190} INFO - [2024-10-02T00:03:13.481+0000] {dagbag.py:588} INFO - Filling up the DagBag from /home/airflow/.local/lib/python3.12/site-packages/airflow/example_dags/example_dynamic_task_mapping_with_no_taskflow_operators.py
[2024-10-02T00:03:13.486+0000] {processor.py:925} INFO - DAG(s) 'example_dynamic_task_mapping_with_no_taskflow_operators' retrieved from /home/airflow/.local/lib/python3.12/site-packages/airflow/example_dags/example_dynamic_task_mapping_with_no_taskflow_operators.py
[2024-10-02T00:03:13.499+0000] {logging_mixin.py:190} INFO - [2024-10-02T00:03:13.499+0000] {dag.py:3239} INFO - Sync 1 DAGs
[2024-10-02T00:03:13.509+0000] {logging_mixin.py:190} INFO - [2024-10-02T00:03:13.509+0000] {dag.py:4180} INFO - Setting next_dagrun for example_dynamic_task_mapping_with_no_taskflow_operators to None, run_after=None
[2024-10-02T00:03:13.520+0000] {processor.py:208} INFO - Processing /home/airflow/.local/lib/python3.12/site-packages/airflow/example_dags/example_dynamic_task_mapping_with_no_taskflow_operators.py took 0.043 seconds
[2024-10-02T00:03:44.250+0000] {processor.py:186} INFO - Started process (PID=35614) to work on /home/airflow/.local/lib/python3.12/site-packages/airflow/example_dags/example_dynamic_task_mapping_with_no_taskflow_operators.py
[2024-10-02T00:03:44.251+0000] {processor.py:914} INFO - Processing file /home/airflow/.local/lib/python3.12/site-packages/airflow/example_dags/example_dynamic_task_mapping_with_no_taskflow_operators.py for tasks to queue
[2024-10-02T00:03:44.253+0000] {logging_mixin.py:190} INFO - [2024-10-02T00:03:44.252+0000] {dagbag.py:588} INFO - Filling up the DagBag from /home/airflow/.local/lib/python3.12/site-packages/airflow/example_dags/example_dynamic_task_mapping_with_no_taskflow_operators.py
[2024-10-02T00:03:44.257+0000] {processor.py:925} INFO - DAG(s) 'example_dynamic_task_mapping_with_no_taskflow_operators' retrieved from /home/airflow/.local/lib/python3.12/site-packages/airflow/example_dags/example_dynamic_task_mapping_with_no_taskflow_operators.py
[2024-10-02T00:03:44.265+0000] {logging_mixin.py:190} INFO - [2024-10-02T00:03:44.265+0000] {dag.py:3239} INFO - Sync 1 DAGs
[2024-10-02T00:03:44.272+0000] {logging_mixin.py:190} INFO - [2024-10-02T00:03:44.272+0000] {dag.py:4180} INFO - Setting next_dagrun for example_dynamic_task_mapping_with_no_taskflow_operators to None, run_after=None
[2024-10-02T00:03:44.279+0000] {processor.py:208} INFO - Processing /home/airflow/.local/lib/python3.12/site-packages/airflow/example_dags/example_dynamic_task_mapping_with_no_taskflow_operators.py took 0.032 seconds
[2024-10-02T00:04:14.931+0000] {processor.py:186} INFO - Started process (PID=35677) to work on /home/airflow/.local/lib/python3.12/site-packages/airflow/example_dags/example_dynamic_task_mapping_with_no_taskflow_operators.py
[2024-10-02T00:04:14.931+0000] {processor.py:914} INFO - Processing file /home/airflow/.local/lib/python3.12/site-packages/airflow/example_dags/example_dynamic_task_mapping_with_no_taskflow_operators.py for tasks to queue
[2024-10-02T00:04:14.932+0000] {logging_mixin.py:190} INFO - [2024-10-02T00:04:14.932+0000] {dagbag.py:588} INFO - Filling up the DagBag from /home/airflow/.local/lib/python3.12/site-packages/airflow/example_dags/example_dynamic_task_mapping_with_no_taskflow_operators.py
[2024-10-02T00:04:14.938+0000] {processor.py:925} INFO - DAG(s) 'example_dynamic_task_mapping_with_no_taskflow_operators' retrieved from /home/airflow/.local/lib/python3.12/site-packages/airflow/example_dags/example_dynamic_task_mapping_with_no_taskflow_operators.py
[2024-10-02T00:04:14.954+0000] {logging_mixin.py:190} INFO - [2024-10-02T00:04:14.954+0000] {dag.py:3239} INFO - Sync 1 DAGs
[2024-10-02T00:04:14.962+0000] {logging_mixin.py:190} INFO - [2024-10-02T00:04:14.962+0000] {dag.py:4180} INFO - Setting next_dagrun for example_dynamic_task_mapping_with_no_taskflow_operators to None, run_after=None
[2024-10-02T00:04:14.970+0000] {processor.py:208} INFO - Processing /home/airflow/.local/lib/python3.12/site-packages/airflow/example_dags/example_dynamic_task_mapping_with_no_taskflow_operators.py took 0.041 seconds
