[2024-10-02T00:00:11.934+0000] {processor.py:186} INFO - Started process (PID=35194) to work on /home/airflow/.local/lib/python3.12/site-packages/airflow/example_dags/example_dataset_alias.py
[2024-10-02T00:00:11.935+0000] {processor.py:914} INFO - Processing file /home/airflow/.local/lib/python3.12/site-packages/airflow/example_dags/example_dataset_alias.py for tasks to queue
[2024-10-02T00:00:11.939+0000] {logging_mixin.py:190} INFO - [2024-10-02T00:00:11.938+0000] {dagbag.py:588} INFO - Filling up the DagBag from /home/airflow/.local/lib/python3.12/site-packages/airflow/example_dags/example_dataset_alias.py
[2024-10-02T00:00:12.079+0000] {processor.py:925} INFO - DAG(s) 'dataset_alias_example_alias_consumer', 'dataset_s3_bucket_consumer', 'dataset_alias_example_alias_producer', 'dataset_s3_bucket_producer' retrieved from /home/airflow/.local/lib/python3.12/site-packages/airflow/example_dags/example_dataset_alias.py
[2024-10-02T00:00:12.114+0000] {logging_mixin.py:190} INFO - [2024-10-02T00:00:12.114+0000] {dag.py:3239} INFO - Sync 4 DAGs
[2024-10-02T00:00:12.136+0000] {logging_mixin.py:190} INFO - [2024-10-02T00:00:12.135+0000] {dag.py:4180} INFO - Setting next_dagrun for dataset_alias_example_alias_consumer to None, run_after=None
[2024-10-02T00:00:12.140+0000] {logging_mixin.py:190} INFO - [2024-10-02T00:00:12.140+0000] {dag.py:4180} INFO - Setting next_dagrun for dataset_alias_example_alias_producer to None, run_after=None
[2024-10-02T00:00:12.142+0000] {logging_mixin.py:190} INFO - [2024-10-02T00:00:12.141+0000] {dag.py:4180} INFO - Setting next_dagrun for dataset_s3_bucket_consumer to None, run_after=None
[2024-10-02T00:00:12.144+0000] {logging_mixin.py:190} INFO - [2024-10-02T00:00:12.144+0000] {dag.py:4180} INFO - Setting next_dagrun for dataset_s3_bucket_producer to None, run_after=None
[2024-10-02T00:00:12.185+0000] {processor.py:208} INFO - Processing /home/airflow/.local/lib/python3.12/site-packages/airflow/example_dags/example_dataset_alias.py took 0.257 seconds
[2024-10-02T00:00:43.170+0000] {processor.py:186} INFO - Started process (PID=35259) to work on /home/airflow/.local/lib/python3.12/site-packages/airflow/example_dags/example_dataset_alias.py
[2024-10-02T00:00:43.172+0000] {processor.py:914} INFO - Processing file /home/airflow/.local/lib/python3.12/site-packages/airflow/example_dags/example_dataset_alias.py for tasks to queue
[2024-10-02T00:00:43.177+0000] {logging_mixin.py:190} INFO - [2024-10-02T00:00:43.176+0000] {dagbag.py:588} INFO - Filling up the DagBag from /home/airflow/.local/lib/python3.12/site-packages/airflow/example_dags/example_dataset_alias.py
[2024-10-02T00:00:43.274+0000] {processor.py:925} INFO - DAG(s) 'dataset_s3_bucket_producer', 'dataset_s3_bucket_consumer', 'dataset_alias_example_alias_consumer', 'dataset_alias_example_alias_producer' retrieved from /home/airflow/.local/lib/python3.12/site-packages/airflow/example_dags/example_dataset_alias.py
[2024-10-02T00:00:43.284+0000] {logging_mixin.py:190} INFO - [2024-10-02T00:00:43.284+0000] {dag.py:3239} INFO - Sync 4 DAGs
[2024-10-02T00:00:43.295+0000] {logging_mixin.py:190} INFO - [2024-10-02T00:00:43.295+0000] {dag.py:4180} INFO - Setting next_dagrun for dataset_alias_example_alias_consumer to None, run_after=None
[2024-10-02T00:00:43.297+0000] {logging_mixin.py:190} INFO - [2024-10-02T00:00:43.297+0000] {dag.py:4180} INFO - Setting next_dagrun for dataset_alias_example_alias_producer to None, run_after=None
[2024-10-02T00:00:43.298+0000] {logging_mixin.py:190} INFO - [2024-10-02T00:00:43.298+0000] {dag.py:4180} INFO - Setting next_dagrun for dataset_s3_bucket_consumer to None, run_after=None
[2024-10-02T00:00:43.299+0000] {logging_mixin.py:190} INFO - [2024-10-02T00:00:43.299+0000] {dag.py:4180} INFO - Setting next_dagrun for dataset_s3_bucket_producer to None, run_after=None
[2024-10-02T00:00:43.312+0000] {processor.py:208} INFO - Processing /home/airflow/.local/lib/python3.12/site-packages/airflow/example_dags/example_dataset_alias.py took 0.156 seconds
[2024-10-02T00:01:14.131+0000] {processor.py:186} INFO - Started process (PID=35322) to work on /home/airflow/.local/lib/python3.12/site-packages/airflow/example_dags/example_dataset_alias.py
[2024-10-02T00:01:14.133+0000] {processor.py:914} INFO - Processing file /home/airflow/.local/lib/python3.12/site-packages/airflow/example_dags/example_dataset_alias.py for tasks to queue
[2024-10-02T00:01:14.139+0000] {logging_mixin.py:190} INFO - [2024-10-02T00:01:14.139+0000] {dagbag.py:588} INFO - Filling up the DagBag from /home/airflow/.local/lib/python3.12/site-packages/airflow/example_dags/example_dataset_alias.py
[2024-10-02T00:01:14.239+0000] {processor.py:925} INFO - DAG(s) 'dataset_s3_bucket_producer', 'dataset_alias_example_alias_producer', 'dataset_alias_example_alias_consumer', 'dataset_s3_bucket_consumer' retrieved from /home/airflow/.local/lib/python3.12/site-packages/airflow/example_dags/example_dataset_alias.py
[2024-10-02T00:01:14.250+0000] {logging_mixin.py:190} INFO - [2024-10-02T00:01:14.250+0000] {dag.py:3239} INFO - Sync 4 DAGs
[2024-10-02T00:01:14.261+0000] {logging_mixin.py:190} INFO - [2024-10-02T00:01:14.260+0000] {dag.py:4180} INFO - Setting next_dagrun for dataset_alias_example_alias_consumer to None, run_after=None
[2024-10-02T00:01:14.261+0000] {logging_mixin.py:190} INFO - [2024-10-02T00:01:14.261+0000] {dag.py:4180} INFO - Setting next_dagrun for dataset_alias_example_alias_producer to None, run_after=None
[2024-10-02T00:01:14.262+0000] {logging_mixin.py:190} INFO - [2024-10-02T00:01:14.262+0000] {dag.py:4180} INFO - Setting next_dagrun for dataset_s3_bucket_consumer to None, run_after=None
[2024-10-02T00:01:14.262+0000] {logging_mixin.py:190} INFO - [2024-10-02T00:01:14.262+0000] {dag.py:4180} INFO - Setting next_dagrun for dataset_s3_bucket_producer to None, run_after=None
[2024-10-02T00:01:14.272+0000] {processor.py:208} INFO - Processing /home/airflow/.local/lib/python3.12/site-packages/airflow/example_dags/example_dataset_alias.py took 0.150 seconds
[2024-10-02T00:01:45.177+0000] {processor.py:186} INFO - Started process (PID=35385) to work on /home/airflow/.local/lib/python3.12/site-packages/airflow/example_dags/example_dataset_alias.py
[2024-10-02T00:01:45.179+0000] {processor.py:914} INFO - Processing file /home/airflow/.local/lib/python3.12/site-packages/airflow/example_dags/example_dataset_alias.py for tasks to queue
[2024-10-02T00:01:45.182+0000] {logging_mixin.py:190} INFO - [2024-10-02T00:01:45.181+0000] {dagbag.py:588} INFO - Filling up the DagBag from /home/airflow/.local/lib/python3.12/site-packages/airflow/example_dags/example_dataset_alias.py
[2024-10-02T00:01:45.273+0000] {processor.py:925} INFO - DAG(s) 'dataset_s3_bucket_producer', 'dataset_s3_bucket_consumer', 'dataset_alias_example_alias_producer', 'dataset_alias_example_alias_consumer' retrieved from /home/airflow/.local/lib/python3.12/site-packages/airflow/example_dags/example_dataset_alias.py
[2024-10-02T00:01:45.283+0000] {logging_mixin.py:190} INFO - [2024-10-02T00:01:45.282+0000] {dag.py:3239} INFO - Sync 4 DAGs
[2024-10-02T00:01:45.294+0000] {logging_mixin.py:190} INFO - [2024-10-02T00:01:45.294+0000] {dag.py:4180} INFO - Setting next_dagrun for dataset_alias_example_alias_consumer to None, run_after=None
[2024-10-02T00:01:45.295+0000] {logging_mixin.py:190} INFO - [2024-10-02T00:01:45.294+0000] {dag.py:4180} INFO - Setting next_dagrun for dataset_alias_example_alias_producer to None, run_after=None
[2024-10-02T00:01:45.295+0000] {logging_mixin.py:190} INFO - [2024-10-02T00:01:45.295+0000] {dag.py:4180} INFO - Setting next_dagrun for dataset_s3_bucket_consumer to None, run_after=None
[2024-10-02T00:01:45.295+0000] {logging_mixin.py:190} INFO - [2024-10-02T00:01:45.295+0000] {dag.py:4180} INFO - Setting next_dagrun for dataset_s3_bucket_producer to None, run_after=None
[2024-10-02T00:01:45.303+0000] {processor.py:208} INFO - Processing /home/airflow/.local/lib/python3.12/site-packages/airflow/example_dags/example_dataset_alias.py took 0.136 seconds
[2024-10-02T00:02:15.752+0000] {processor.py:186} INFO - Started process (PID=35448) to work on /home/airflow/.local/lib/python3.12/site-packages/airflow/example_dags/example_dataset_alias.py
[2024-10-02T00:02:15.756+0000] {processor.py:914} INFO - Processing file /home/airflow/.local/lib/python3.12/site-packages/airflow/example_dags/example_dataset_alias.py for tasks to queue
[2024-10-02T00:02:15.759+0000] {logging_mixin.py:190} INFO - [2024-10-02T00:02:15.759+0000] {dagbag.py:588} INFO - Filling up the DagBag from /home/airflow/.local/lib/python3.12/site-packages/airflow/example_dags/example_dataset_alias.py
[2024-10-02T00:02:15.855+0000] {processor.py:925} INFO - DAG(s) 'dataset_s3_bucket_consumer', 'dataset_alias_example_alias_consumer', 'dataset_s3_bucket_producer', 'dataset_alias_example_alias_producer' retrieved from /home/airflow/.local/lib/python3.12/site-packages/airflow/example_dags/example_dataset_alias.py
[2024-10-02T00:02:15.866+0000] {logging_mixin.py:190} INFO - [2024-10-02T00:02:15.866+0000] {dag.py:3239} INFO - Sync 4 DAGs
[2024-10-02T00:02:15.877+0000] {logging_mixin.py:190} INFO - [2024-10-02T00:02:15.876+0000] {dag.py:4180} INFO - Setting next_dagrun for dataset_alias_example_alias_consumer to None, run_after=None
[2024-10-02T00:02:15.878+0000] {logging_mixin.py:190} INFO - [2024-10-02T00:02:15.878+0000] {dag.py:4180} INFO - Setting next_dagrun for dataset_alias_example_alias_producer to None, run_after=None
[2024-10-02T00:02:15.879+0000] {logging_mixin.py:190} INFO - [2024-10-02T00:02:15.879+0000] {dag.py:4180} INFO - Setting next_dagrun for dataset_s3_bucket_consumer to None, run_after=None
[2024-10-02T00:02:15.879+0000] {logging_mixin.py:190} INFO - [2024-10-02T00:02:15.879+0000] {dag.py:4180} INFO - Setting next_dagrun for dataset_s3_bucket_producer to None, run_after=None
[2024-10-02T00:02:15.890+0000] {processor.py:208} INFO - Processing /home/airflow/.local/lib/python3.12/site-packages/airflow/example_dags/example_dataset_alias.py took 0.146 seconds
[2024-10-02T00:02:46.654+0000] {processor.py:186} INFO - Started process (PID=35511) to work on /home/airflow/.local/lib/python3.12/site-packages/airflow/example_dags/example_dataset_alias.py
[2024-10-02T00:02:46.656+0000] {processor.py:914} INFO - Processing file /home/airflow/.local/lib/python3.12/site-packages/airflow/example_dags/example_dataset_alias.py for tasks to queue
[2024-10-02T00:02:46.659+0000] {logging_mixin.py:190} INFO - [2024-10-02T00:02:46.659+0000] {dagbag.py:588} INFO - Filling up the DagBag from /home/airflow/.local/lib/python3.12/site-packages/airflow/example_dags/example_dataset_alias.py
[2024-10-02T00:02:46.799+0000] {processor.py:925} INFO - DAG(s) 'dataset_s3_bucket_producer', 'dataset_alias_example_alias_consumer', 'dataset_s3_bucket_consumer', 'dataset_alias_example_alias_producer' retrieved from /home/airflow/.local/lib/python3.12/site-packages/airflow/example_dags/example_dataset_alias.py
[2024-10-02T00:02:46.812+0000] {logging_mixin.py:190} INFO - [2024-10-02T00:02:46.812+0000] {dag.py:3239} INFO - Sync 4 DAGs
[2024-10-02T00:02:46.827+0000] {logging_mixin.py:190} INFO - [2024-10-02T00:02:46.827+0000] {dag.py:4180} INFO - Setting next_dagrun for dataset_alias_example_alias_consumer to None, run_after=None
[2024-10-02T00:02:46.835+0000] {logging_mixin.py:190} INFO - [2024-10-02T00:02:46.835+0000] {dag.py:4180} INFO - Setting next_dagrun for dataset_alias_example_alias_producer to None, run_after=None
[2024-10-02T00:02:46.836+0000] {logging_mixin.py:190} INFO - [2024-10-02T00:02:46.836+0000] {dag.py:4180} INFO - Setting next_dagrun for dataset_s3_bucket_consumer to None, run_after=None
[2024-10-02T00:02:46.837+0000] {logging_mixin.py:190} INFO - [2024-10-02T00:02:46.836+0000] {dag.py:4180} INFO - Setting next_dagrun for dataset_s3_bucket_producer to None, run_after=None
[2024-10-02T00:02:46.852+0000] {processor.py:208} INFO - Processing /home/airflow/.local/lib/python3.12/site-packages/airflow/example_dags/example_dataset_alias.py took 0.208 seconds
[2024-10-02T00:03:17.334+0000] {processor.py:186} INFO - Started process (PID=35574) to work on /home/airflow/.local/lib/python3.12/site-packages/airflow/example_dags/example_dataset_alias.py
[2024-10-02T00:03:17.336+0000] {processor.py:914} INFO - Processing file /home/airflow/.local/lib/python3.12/site-packages/airflow/example_dags/example_dataset_alias.py for tasks to queue
[2024-10-02T00:03:17.338+0000] {logging_mixin.py:190} INFO - [2024-10-02T00:03:17.338+0000] {dagbag.py:588} INFO - Filling up the DagBag from /home/airflow/.local/lib/python3.12/site-packages/airflow/example_dags/example_dataset_alias.py
[2024-10-02T00:03:17.521+0000] {processor.py:925} INFO - DAG(s) 'dataset_alias_example_alias_consumer', 'dataset_s3_bucket_producer', 'dataset_alias_example_alias_producer', 'dataset_s3_bucket_consumer' retrieved from /home/airflow/.local/lib/python3.12/site-packages/airflow/example_dags/example_dataset_alias.py
[2024-10-02T00:03:17.535+0000] {logging_mixin.py:190} INFO - [2024-10-02T00:03:17.535+0000] {dag.py:3239} INFO - Sync 4 DAGs
[2024-10-02T00:03:17.565+0000] {logging_mixin.py:190} INFO - [2024-10-02T00:03:17.565+0000] {dag.py:4180} INFO - Setting next_dagrun for dataset_alias_example_alias_consumer to None, run_after=None
[2024-10-02T00:03:17.567+0000] {logging_mixin.py:190} INFO - [2024-10-02T00:03:17.567+0000] {dag.py:4180} INFO - Setting next_dagrun for dataset_alias_example_alias_producer to None, run_after=None
[2024-10-02T00:03:17.568+0000] {logging_mixin.py:190} INFO - [2024-10-02T00:03:17.568+0000] {dag.py:4180} INFO - Setting next_dagrun for dataset_s3_bucket_consumer to None, run_after=None
[2024-10-02T00:03:17.572+0000] {logging_mixin.py:190} INFO - [2024-10-02T00:03:17.572+0000] {dag.py:4180} INFO - Setting next_dagrun for dataset_s3_bucket_producer to None, run_after=None
[2024-10-02T00:03:17.598+0000] {processor.py:208} INFO - Processing /home/airflow/.local/lib/python3.12/site-packages/airflow/example_dags/example_dataset_alias.py took 0.268 seconds
[2024-10-02T00:03:48.218+0000] {processor.py:186} INFO - Started process (PID=35638) to work on /home/airflow/.local/lib/python3.12/site-packages/airflow/example_dags/example_dataset_alias.py
[2024-10-02T00:03:48.220+0000] {processor.py:914} INFO - Processing file /home/airflow/.local/lib/python3.12/site-packages/airflow/example_dags/example_dataset_alias.py for tasks to queue
[2024-10-02T00:03:48.223+0000] {logging_mixin.py:190} INFO - [2024-10-02T00:03:48.222+0000] {dagbag.py:588} INFO - Filling up the DagBag from /home/airflow/.local/lib/python3.12/site-packages/airflow/example_dags/example_dataset_alias.py
[2024-10-02T00:03:48.342+0000] {processor.py:925} INFO - DAG(s) 'dataset_alias_example_alias_producer', 'dataset_s3_bucket_consumer', 'dataset_alias_example_alias_consumer', 'dataset_s3_bucket_producer' retrieved from /home/airflow/.local/lib/python3.12/site-packages/airflow/example_dags/example_dataset_alias.py
[2024-10-02T00:03:48.357+0000] {logging_mixin.py:190} INFO - [2024-10-02T00:03:48.357+0000] {dag.py:3239} INFO - Sync 4 DAGs
[2024-10-02T00:03:48.371+0000] {logging_mixin.py:190} INFO - [2024-10-02T00:03:48.371+0000] {dag.py:4180} INFO - Setting next_dagrun for dataset_alias_example_alias_consumer to None, run_after=None
[2024-10-02T00:03:48.373+0000] {logging_mixin.py:190} INFO - [2024-10-02T00:03:48.373+0000] {dag.py:4180} INFO - Setting next_dagrun for dataset_alias_example_alias_producer to None, run_after=None
[2024-10-02T00:03:48.373+0000] {logging_mixin.py:190} INFO - [2024-10-02T00:03:48.373+0000] {dag.py:4180} INFO - Setting next_dagrun for dataset_s3_bucket_consumer to None, run_after=None
[2024-10-02T00:03:48.374+0000] {logging_mixin.py:190} INFO - [2024-10-02T00:03:48.374+0000] {dag.py:4180} INFO - Setting next_dagrun for dataset_s3_bucket_producer to None, run_after=None
[2024-10-02T00:03:48.393+0000] {processor.py:208} INFO - Processing /home/airflow/.local/lib/python3.12/site-packages/airflow/example_dags/example_dataset_alias.py took 0.183 seconds
[2024-10-02T00:04:18.829+0000] {processor.py:186} INFO - Started process (PID=35701) to work on /home/airflow/.local/lib/python3.12/site-packages/airflow/example_dags/example_dataset_alias.py
[2024-10-02T00:04:18.831+0000] {processor.py:914} INFO - Processing file /home/airflow/.local/lib/python3.12/site-packages/airflow/example_dags/example_dataset_alias.py for tasks to queue
[2024-10-02T00:04:18.834+0000] {logging_mixin.py:190} INFO - [2024-10-02T00:04:18.834+0000] {dagbag.py:588} INFO - Filling up the DagBag from /home/airflow/.local/lib/python3.12/site-packages/airflow/example_dags/example_dataset_alias.py
[2024-10-02T00:04:18.925+0000] {processor.py:925} INFO - DAG(s) 'dataset_s3_bucket_consumer', 'dataset_alias_example_alias_consumer', 'dataset_alias_example_alias_producer', 'dataset_s3_bucket_producer' retrieved from /home/airflow/.local/lib/python3.12/site-packages/airflow/example_dags/example_dataset_alias.py
[2024-10-02T00:04:18.936+0000] {logging_mixin.py:190} INFO - [2024-10-02T00:04:18.935+0000] {dag.py:3239} INFO - Sync 4 DAGs
[2024-10-02T00:04:18.945+0000] {logging_mixin.py:190} INFO - [2024-10-02T00:04:18.944+0000] {dag.py:4180} INFO - Setting next_dagrun for dataset_alias_example_alias_consumer to None, run_after=None
[2024-10-02T00:04:18.945+0000] {logging_mixin.py:190} INFO - [2024-10-02T00:04:18.945+0000] {dag.py:4180} INFO - Setting next_dagrun for dataset_alias_example_alias_producer to None, run_after=None
[2024-10-02T00:04:18.946+0000] {logging_mixin.py:190} INFO - [2024-10-02T00:04:18.946+0000] {dag.py:4180} INFO - Setting next_dagrun for dataset_s3_bucket_consumer to None, run_after=None
[2024-10-02T00:04:18.946+0000] {logging_mixin.py:190} INFO - [2024-10-02T00:04:18.946+0000] {dag.py:4180} INFO - Setting next_dagrun for dataset_s3_bucket_producer to None, run_after=None
[2024-10-02T00:04:18.954+0000] {processor.py:208} INFO - Processing /home/airflow/.local/lib/python3.12/site-packages/airflow/example_dags/example_dataset_alias.py took 0.134 seconds
