[2024-10-02T00:00:08.910+0000] {processor.py:186} INFO - Started process (PID=35180) to work on /home/airflow/.local/lib/python3.12/site-packages/airflow/example_dags/example_short_circuit_decorator.py
[2024-10-02T00:00:08.911+0000] {processor.py:914} INFO - Processing file /home/airflow/.local/lib/python3.12/site-packages/airflow/example_dags/example_short_circuit_decorator.py for tasks to queue
[2024-10-02T00:00:08.914+0000] {logging_mixin.py:190} INFO - [2024-10-02T00:00:08.914+0000] {dagbag.py:588} INFO - Filling up the DagBag from /home/airflow/.local/lib/python3.12/site-packages/airflow/example_dags/example_short_circuit_decorator.py
[2024-10-02T00:00:08.922+0000] {processor.py:925} INFO - DAG(s) 'example_short_circuit_decorator' retrieved from /home/airflow/.local/lib/python3.12/site-packages/airflow/example_dags/example_short_circuit_decorator.py
[2024-10-02T00:00:08.935+0000] {logging_mixin.py:190} INFO - [2024-10-02T00:00:08.934+0000] {dag.py:3239} INFO - Sync 1 DAGs
[2024-10-02T00:00:08.945+0000] {logging_mixin.py:190} INFO - [2024-10-02T00:00:08.945+0000] {dag.py:4180} INFO - Setting next_dagrun for example_short_circuit_decorator to None, run_after=None
[2024-10-02T00:00:08.977+0000] {processor.py:208} INFO - Processing /home/airflow/.local/lib/python3.12/site-packages/airflow/example_dags/example_short_circuit_decorator.py took 0.071 seconds
[2024-10-02T00:00:39.479+0000] {processor.py:186} INFO - Started process (PID=35243) to work on /home/airflow/.local/lib/python3.12/site-packages/airflow/example_dags/example_short_circuit_decorator.py
[2024-10-02T00:00:39.479+0000] {processor.py:914} INFO - Processing file /home/airflow/.local/lib/python3.12/site-packages/airflow/example_dags/example_short_circuit_decorator.py for tasks to queue
[2024-10-02T00:00:39.480+0000] {logging_mixin.py:190} INFO - [2024-10-02T00:00:39.480+0000] {dagbag.py:588} INFO - Filling up the DagBag from /home/airflow/.local/lib/python3.12/site-packages/airflow/example_dags/example_short_circuit_decorator.py
[2024-10-02T00:00:39.485+0000] {processor.py:925} INFO - DAG(s) 'example_short_circuit_decorator' retrieved from /home/airflow/.local/lib/python3.12/site-packages/airflow/example_dags/example_short_circuit_decorator.py
[2024-10-02T00:00:39.495+0000] {logging_mixin.py:190} INFO - [2024-10-02T00:00:39.495+0000] {dag.py:3239} INFO - Sync 1 DAGs
[2024-10-02T00:00:39.501+0000] {logging_mixin.py:190} INFO - [2024-10-02T00:00:39.501+0000] {dag.py:4180} INFO - Setting next_dagrun for example_short_circuit_decorator to None, run_after=None
[2024-10-02T00:00:39.508+0000] {processor.py:208} INFO - Processing /home/airflow/.local/lib/python3.12/site-packages/airflow/example_dags/example_short_circuit_decorator.py took 0.032 seconds
[2024-10-02T00:01:10.423+0000] {processor.py:186} INFO - Started process (PID=35306) to work on /home/airflow/.local/lib/python3.12/site-packages/airflow/example_dags/example_short_circuit_decorator.py
[2024-10-02T00:01:10.424+0000] {processor.py:914} INFO - Processing file /home/airflow/.local/lib/python3.12/site-packages/airflow/example_dags/example_short_circuit_decorator.py for tasks to queue
[2024-10-02T00:01:10.425+0000] {logging_mixin.py:190} INFO - [2024-10-02T00:01:10.425+0000] {dagbag.py:588} INFO - Filling up the DagBag from /home/airflow/.local/lib/python3.12/site-packages/airflow/example_dags/example_short_circuit_decorator.py
[2024-10-02T00:01:10.430+0000] {processor.py:925} INFO - DAG(s) 'example_short_circuit_decorator' retrieved from /home/airflow/.local/lib/python3.12/site-packages/airflow/example_dags/example_short_circuit_decorator.py
[2024-10-02T00:01:10.445+0000] {logging_mixin.py:190} INFO - [2024-10-02T00:01:10.444+0000] {dag.py:3239} INFO - Sync 1 DAGs
[2024-10-02T00:01:10.457+0000] {logging_mixin.py:190} INFO - [2024-10-02T00:01:10.457+0000] {dag.py:4180} INFO - Setting next_dagrun for example_short_circuit_decorator to None, run_after=None
[2024-10-02T00:01:10.466+0000] {processor.py:208} INFO - Processing /home/airflow/.local/lib/python3.12/site-packages/airflow/example_dags/example_short_circuit_decorator.py took 0.047 seconds
[2024-10-02T00:01:41.505+0000] {processor.py:186} INFO - Started process (PID=35369) to work on /home/airflow/.local/lib/python3.12/site-packages/airflow/example_dags/example_short_circuit_decorator.py
[2024-10-02T00:01:41.506+0000] {processor.py:914} INFO - Processing file /home/airflow/.local/lib/python3.12/site-packages/airflow/example_dags/example_short_circuit_decorator.py for tasks to queue
[2024-10-02T00:01:41.507+0000] {logging_mixin.py:190} INFO - [2024-10-02T00:01:41.507+0000] {dagbag.py:588} INFO - Filling up the DagBag from /home/airflow/.local/lib/python3.12/site-packages/airflow/example_dags/example_short_circuit_decorator.py
[2024-10-02T00:01:41.512+0000] {processor.py:925} INFO - DAG(s) 'example_short_circuit_decorator' retrieved from /home/airflow/.local/lib/python3.12/site-packages/airflow/example_dags/example_short_circuit_decorator.py
[2024-10-02T00:01:41.533+0000] {logging_mixin.py:190} INFO - [2024-10-02T00:01:41.533+0000] {dag.py:3239} INFO - Sync 1 DAGs
[2024-10-02T00:01:41.544+0000] {logging_mixin.py:190} INFO - [2024-10-02T00:01:41.543+0000] {dag.py:4180} INFO - Setting next_dagrun for example_short_circuit_decorator to None, run_after=None
[2024-10-02T00:01:41.557+0000] {processor.py:208} INFO - Processing /home/airflow/.local/lib/python3.12/site-packages/airflow/example_dags/example_short_circuit_decorator.py took 0.056 seconds
[2024-10-02T00:02:12.143+0000] {processor.py:186} INFO - Started process (PID=35432) to work on /home/airflow/.local/lib/python3.12/site-packages/airflow/example_dags/example_short_circuit_decorator.py
[2024-10-02T00:02:12.145+0000] {processor.py:914} INFO - Processing file /home/airflow/.local/lib/python3.12/site-packages/airflow/example_dags/example_short_circuit_decorator.py for tasks to queue
[2024-10-02T00:02:12.147+0000] {logging_mixin.py:190} INFO - [2024-10-02T00:02:12.147+0000] {dagbag.py:588} INFO - Filling up the DagBag from /home/airflow/.local/lib/python3.12/site-packages/airflow/example_dags/example_short_circuit_decorator.py
[2024-10-02T00:02:12.152+0000] {processor.py:925} INFO - DAG(s) 'example_short_circuit_decorator' retrieved from /home/airflow/.local/lib/python3.12/site-packages/airflow/example_dags/example_short_circuit_decorator.py
[2024-10-02T00:02:12.166+0000] {logging_mixin.py:190} INFO - [2024-10-02T00:02:12.166+0000] {dag.py:3239} INFO - Sync 1 DAGs
[2024-10-02T00:02:12.172+0000] {logging_mixin.py:190} INFO - [2024-10-02T00:02:12.172+0000] {dag.py:4180} INFO - Setting next_dagrun for example_short_circuit_decorator to None, run_after=None
[2024-10-02T00:02:12.181+0000] {processor.py:208} INFO - Processing /home/airflow/.local/lib/python3.12/site-packages/airflow/example_dags/example_short_circuit_decorator.py took 0.040 seconds
[2024-10-02T00:02:42.866+0000] {processor.py:186} INFO - Started process (PID=35495) to work on /home/airflow/.local/lib/python3.12/site-packages/airflow/example_dags/example_short_circuit_decorator.py
[2024-10-02T00:02:42.868+0000] {processor.py:914} INFO - Processing file /home/airflow/.local/lib/python3.12/site-packages/airflow/example_dags/example_short_circuit_decorator.py for tasks to queue
[2024-10-02T00:02:42.870+0000] {logging_mixin.py:190} INFO - [2024-10-02T00:02:42.870+0000] {dagbag.py:588} INFO - Filling up the DagBag from /home/airflow/.local/lib/python3.12/site-packages/airflow/example_dags/example_short_circuit_decorator.py
[2024-10-02T00:02:42.875+0000] {processor.py:925} INFO - DAG(s) 'example_short_circuit_decorator' retrieved from /home/airflow/.local/lib/python3.12/site-packages/airflow/example_dags/example_short_circuit_decorator.py
[2024-10-02T00:02:42.886+0000] {logging_mixin.py:190} INFO - [2024-10-02T00:02:42.886+0000] {dag.py:3239} INFO - Sync 1 DAGs
[2024-10-02T00:02:42.893+0000] {logging_mixin.py:190} INFO - [2024-10-02T00:02:42.893+0000] {dag.py:4180} INFO - Setting next_dagrun for example_short_circuit_decorator to None, run_after=None
[2024-10-02T00:02:42.904+0000] {processor.py:208} INFO - Processing /home/airflow/.local/lib/python3.12/site-packages/airflow/example_dags/example_short_circuit_decorator.py took 0.041 seconds
[2024-10-02T00:03:13.701+0000] {processor.py:186} INFO - Started process (PID=35558) to work on /home/airflow/.local/lib/python3.12/site-packages/airflow/example_dags/example_short_circuit_decorator.py
[2024-10-02T00:03:13.703+0000] {processor.py:914} INFO - Processing file /home/airflow/.local/lib/python3.12/site-packages/airflow/example_dags/example_short_circuit_decorator.py for tasks to queue
[2024-10-02T00:03:13.705+0000] {logging_mixin.py:190} INFO - [2024-10-02T00:03:13.705+0000] {dagbag.py:588} INFO - Filling up the DagBag from /home/airflow/.local/lib/python3.12/site-packages/airflow/example_dags/example_short_circuit_decorator.py
[2024-10-02T00:03:13.710+0000] {processor.py:925} INFO - DAG(s) 'example_short_circuit_decorator' retrieved from /home/airflow/.local/lib/python3.12/site-packages/airflow/example_dags/example_short_circuit_decorator.py
[2024-10-02T00:03:13.728+0000] {logging_mixin.py:190} INFO - [2024-10-02T00:03:13.728+0000] {dag.py:3239} INFO - Sync 1 DAGs
[2024-10-02T00:03:13.734+0000] {logging_mixin.py:190} INFO - [2024-10-02T00:03:13.734+0000] {dag.py:4180} INFO - Setting next_dagrun for example_short_circuit_decorator to None, run_after=None
[2024-10-02T00:03:13.742+0000] {processor.py:208} INFO - Processing /home/airflow/.local/lib/python3.12/site-packages/airflow/example_dags/example_short_circuit_decorator.py took 0.043 seconds
[2024-10-02T00:03:44.493+0000] {processor.py:186} INFO - Started process (PID=35622) to work on /home/airflow/.local/lib/python3.12/site-packages/airflow/example_dags/example_short_circuit_decorator.py
[2024-10-02T00:03:44.494+0000] {processor.py:914} INFO - Processing file /home/airflow/.local/lib/python3.12/site-packages/airflow/example_dags/example_short_circuit_decorator.py for tasks to queue
[2024-10-02T00:03:44.496+0000] {logging_mixin.py:190} INFO - [2024-10-02T00:03:44.496+0000] {dagbag.py:588} INFO - Filling up the DagBag from /home/airflow/.local/lib/python3.12/site-packages/airflow/example_dags/example_short_circuit_decorator.py
[2024-10-02T00:03:44.504+0000] {processor.py:925} INFO - DAG(s) 'example_short_circuit_decorator' retrieved from /home/airflow/.local/lib/python3.12/site-packages/airflow/example_dags/example_short_circuit_decorator.py
[2024-10-02T00:03:44.519+0000] {logging_mixin.py:190} INFO - [2024-10-02T00:03:44.519+0000] {dag.py:3239} INFO - Sync 1 DAGs
[2024-10-02T00:03:44.526+0000] {logging_mixin.py:190} INFO - [2024-10-02T00:03:44.526+0000] {dag.py:4180} INFO - Setting next_dagrun for example_short_circuit_decorator to None, run_after=None
[2024-10-02T00:03:44.538+0000] {processor.py:208} INFO - Processing /home/airflow/.local/lib/python3.12/site-packages/airflow/example_dags/example_short_circuit_decorator.py took 0.051 seconds
[2024-10-02T00:04:15.140+0000] {processor.py:186} INFO - Started process (PID=35685) to work on /home/airflow/.local/lib/python3.12/site-packages/airflow/example_dags/example_short_circuit_decorator.py
[2024-10-02T00:04:15.143+0000] {processor.py:914} INFO - Processing file /home/airflow/.local/lib/python3.12/site-packages/airflow/example_dags/example_short_circuit_decorator.py for tasks to queue
[2024-10-02T00:04:15.144+0000] {logging_mixin.py:190} INFO - [2024-10-02T00:04:15.144+0000] {dagbag.py:588} INFO - Filling up the DagBag from /home/airflow/.local/lib/python3.12/site-packages/airflow/example_dags/example_short_circuit_decorator.py
[2024-10-02T00:04:15.151+0000] {processor.py:925} INFO - DAG(s) 'example_short_circuit_decorator' retrieved from /home/airflow/.local/lib/python3.12/site-packages/airflow/example_dags/example_short_circuit_decorator.py
[2024-10-02T00:04:15.168+0000] {logging_mixin.py:190} INFO - [2024-10-02T00:04:15.167+0000] {dag.py:3239} INFO - Sync 1 DAGs
[2024-10-02T00:04:15.177+0000] {logging_mixin.py:190} INFO - [2024-10-02T00:04:15.177+0000] {dag.py:4180} INFO - Setting next_dagrun for example_short_circuit_decorator to None, run_after=None
[2024-10-02T00:04:15.185+0000] {processor.py:208} INFO - Processing /home/airflow/.local/lib/python3.12/site-packages/airflow/example_dags/example_short_circuit_decorator.py took 0.047 seconds
