[2024-10-02T00:00:08.867+0000] {processor.py:186} INFO - Started process (PID=35179) to work on /home/airflow/.local/lib/python3.12/site-packages/airflow/example_dags/example_dynamic_task_mapping.py
[2024-10-02T00:00:08.868+0000] {processor.py:914} INFO - Processing file /home/airflow/.local/lib/python3.12/site-packages/airflow/example_dags/example_dynamic_task_mapping.py for tasks to queue
[2024-10-02T00:00:08.869+0000] {logging_mixin.py:190} INFO - [2024-10-02T00:00:08.869+0000] {dagbag.py:588} INFO - Filling up the DagBag from /home/airflow/.local/lib/python3.12/site-packages/airflow/example_dags/example_dynamic_task_mapping.py
[2024-10-02T00:00:08.874+0000] {processor.py:925} INFO - DAG(s) 'example_dynamic_task_mapping' retrieved from /home/airflow/.local/lib/python3.12/site-packages/airflow/example_dags/example_dynamic_task_mapping.py
[2024-10-02T00:00:08.886+0000] {logging_mixin.py:190} INFO - [2024-10-02T00:00:08.886+0000] {dag.py:3239} INFO - Sync 1 DAGs
[2024-10-02T00:00:08.901+0000] {logging_mixin.py:190} INFO - [2024-10-02T00:00:08.901+0000] {dag.py:4180} INFO - Setting next_dagrun for example_dynamic_task_mapping to None, run_after=None
[2024-10-02T00:00:08.912+0000] {processor.py:208} INFO - Processing /home/airflow/.local/lib/python3.12/site-packages/airflow/example_dags/example_dynamic_task_mapping.py took 0.048 seconds
[2024-10-02T00:00:39.386+0000] {processor.py:186} INFO - Started process (PID=35242) to work on /home/airflow/.local/lib/python3.12/site-packages/airflow/example_dags/example_dynamic_task_mapping.py
[2024-10-02T00:00:39.388+0000] {processor.py:914} INFO - Processing file /home/airflow/.local/lib/python3.12/site-packages/airflow/example_dags/example_dynamic_task_mapping.py for tasks to queue
[2024-10-02T00:00:39.392+0000] {logging_mixin.py:190} INFO - [2024-10-02T00:00:39.392+0000] {dagbag.py:588} INFO - Filling up the DagBag from /home/airflow/.local/lib/python3.12/site-packages/airflow/example_dags/example_dynamic_task_mapping.py
[2024-10-02T00:00:39.401+0000] {processor.py:925} INFO - DAG(s) 'example_dynamic_task_mapping' retrieved from /home/airflow/.local/lib/python3.12/site-packages/airflow/example_dags/example_dynamic_task_mapping.py
[2024-10-02T00:00:39.420+0000] {logging_mixin.py:190} INFO - [2024-10-02T00:00:39.420+0000] {dag.py:3239} INFO - Sync 1 DAGs
[2024-10-02T00:00:39.445+0000] {logging_mixin.py:190} INFO - [2024-10-02T00:00:39.445+0000] {dag.py:4180} INFO - Setting next_dagrun for example_dynamic_task_mapping to None, run_after=None
[2024-10-02T00:00:39.463+0000] {processor.py:208} INFO - Processing /home/airflow/.local/lib/python3.12/site-packages/airflow/example_dags/example_dynamic_task_mapping.py took 0.085 seconds
[2024-10-02T00:01:10.410+0000] {processor.py:186} INFO - Started process (PID=35305) to work on /home/airflow/.local/lib/python3.12/site-packages/airflow/example_dags/example_dynamic_task_mapping.py
[2024-10-02T00:01:10.410+0000] {processor.py:914} INFO - Processing file /home/airflow/.local/lib/python3.12/site-packages/airflow/example_dags/example_dynamic_task_mapping.py for tasks to queue
[2024-10-02T00:01:10.412+0000] {logging_mixin.py:190} INFO - [2024-10-02T00:01:10.412+0000] {dagbag.py:588} INFO - Filling up the DagBag from /home/airflow/.local/lib/python3.12/site-packages/airflow/example_dags/example_dynamic_task_mapping.py
[2024-10-02T00:01:10.417+0000] {processor.py:925} INFO - DAG(s) 'example_dynamic_task_mapping' retrieved from /home/airflow/.local/lib/python3.12/site-packages/airflow/example_dags/example_dynamic_task_mapping.py
[2024-10-02T00:01:10.428+0000] {logging_mixin.py:190} INFO - [2024-10-02T00:01:10.428+0000] {dag.py:3239} INFO - Sync 1 DAGs
[2024-10-02T00:01:10.439+0000] {logging_mixin.py:190} INFO - [2024-10-02T00:01:10.438+0000] {dag.py:4180} INFO - Setting next_dagrun for example_dynamic_task_mapping to None, run_after=None
[2024-10-02T00:01:10.452+0000] {processor.py:208} INFO - Processing /home/airflow/.local/lib/python3.12/site-packages/airflow/example_dags/example_dynamic_task_mapping.py took 0.047 seconds
[2024-10-02T00:01:41.465+0000] {processor.py:186} INFO - Started process (PID=35368) to work on /home/airflow/.local/lib/python3.12/site-packages/airflow/example_dags/example_dynamic_task_mapping.py
[2024-10-02T00:01:41.467+0000] {processor.py:914} INFO - Processing file /home/airflow/.local/lib/python3.12/site-packages/airflow/example_dags/example_dynamic_task_mapping.py for tasks to queue
[2024-10-02T00:01:41.469+0000] {logging_mixin.py:190} INFO - [2024-10-02T00:01:41.468+0000] {dagbag.py:588} INFO - Filling up the DagBag from /home/airflow/.local/lib/python3.12/site-packages/airflow/example_dags/example_dynamic_task_mapping.py
[2024-10-02T00:01:41.475+0000] {processor.py:925} INFO - DAG(s) 'example_dynamic_task_mapping' retrieved from /home/airflow/.local/lib/python3.12/site-packages/airflow/example_dags/example_dynamic_task_mapping.py
[2024-10-02T00:01:41.486+0000] {logging_mixin.py:190} INFO - [2024-10-02T00:01:41.486+0000] {dag.py:3239} INFO - Sync 1 DAGs
[2024-10-02T00:01:41.494+0000] {logging_mixin.py:190} INFO - [2024-10-02T00:01:41.494+0000] {dag.py:4180} INFO - Setting next_dagrun for example_dynamic_task_mapping to None, run_after=None
[2024-10-02T00:01:41.501+0000] {processor.py:208} INFO - Processing /home/airflow/.local/lib/python3.12/site-packages/airflow/example_dags/example_dynamic_task_mapping.py took 0.039 seconds
[2024-10-02T00:02:12.140+0000] {processor.py:186} INFO - Started process (PID=35431) to work on /home/airflow/.local/lib/python3.12/site-packages/airflow/example_dags/example_dynamic_task_mapping.py
[2024-10-02T00:02:12.140+0000] {processor.py:914} INFO - Processing file /home/airflow/.local/lib/python3.12/site-packages/airflow/example_dags/example_dynamic_task_mapping.py for tasks to queue
[2024-10-02T00:02:12.141+0000] {logging_mixin.py:190} INFO - [2024-10-02T00:02:12.141+0000] {dagbag.py:588} INFO - Filling up the DagBag from /home/airflow/.local/lib/python3.12/site-packages/airflow/example_dags/example_dynamic_task_mapping.py
[2024-10-02T00:02:12.145+0000] {processor.py:925} INFO - DAG(s) 'example_dynamic_task_mapping' retrieved from /home/airflow/.local/lib/python3.12/site-packages/airflow/example_dags/example_dynamic_task_mapping.py
[2024-10-02T00:02:12.155+0000] {logging_mixin.py:190} INFO - [2024-10-02T00:02:12.155+0000] {dag.py:3239} INFO - Sync 1 DAGs
[2024-10-02T00:02:12.161+0000] {logging_mixin.py:190} INFO - [2024-10-02T00:02:12.161+0000] {dag.py:4180} INFO - Setting next_dagrun for example_dynamic_task_mapping to None, run_after=None
[2024-10-02T00:02:12.174+0000] {processor.py:208} INFO - Processing /home/airflow/.local/lib/python3.12/site-packages/airflow/example_dags/example_dynamic_task_mapping.py took 0.037 seconds
[2024-10-02T00:02:42.835+0000] {processor.py:186} INFO - Started process (PID=35494) to work on /home/airflow/.local/lib/python3.12/site-packages/airflow/example_dags/example_dynamic_task_mapping.py
[2024-10-02T00:02:42.836+0000] {processor.py:914} INFO - Processing file /home/airflow/.local/lib/python3.12/site-packages/airflow/example_dags/example_dynamic_task_mapping.py for tasks to queue
[2024-10-02T00:02:42.837+0000] {logging_mixin.py:190} INFO - [2024-10-02T00:02:42.837+0000] {dagbag.py:588} INFO - Filling up the DagBag from /home/airflow/.local/lib/python3.12/site-packages/airflow/example_dags/example_dynamic_task_mapping.py
[2024-10-02T00:02:42.841+0000] {processor.py:925} INFO - DAG(s) 'example_dynamic_task_mapping' retrieved from /home/airflow/.local/lib/python3.12/site-packages/airflow/example_dags/example_dynamic_task_mapping.py
[2024-10-02T00:02:42.851+0000] {logging_mixin.py:190} INFO - [2024-10-02T00:02:42.851+0000] {dag.py:3239} INFO - Sync 1 DAGs
[2024-10-02T00:02:42.858+0000] {logging_mixin.py:190} INFO - [2024-10-02T00:02:42.858+0000] {dag.py:4180} INFO - Setting next_dagrun for example_dynamic_task_mapping to None, run_after=None
[2024-10-02T00:02:42.865+0000] {processor.py:208} INFO - Processing /home/airflow/.local/lib/python3.12/site-packages/airflow/example_dags/example_dynamic_task_mapping.py took 0.033 seconds
[2024-10-02T00:03:13.697+0000] {processor.py:186} INFO - Started process (PID=35557) to work on /home/airflow/.local/lib/python3.12/site-packages/airflow/example_dags/example_dynamic_task_mapping.py
[2024-10-02T00:03:13.698+0000] {processor.py:914} INFO - Processing file /home/airflow/.local/lib/python3.12/site-packages/airflow/example_dags/example_dynamic_task_mapping.py for tasks to queue
[2024-10-02T00:03:13.699+0000] {logging_mixin.py:190} INFO - [2024-10-02T00:03:13.699+0000] {dagbag.py:588} INFO - Filling up the DagBag from /home/airflow/.local/lib/python3.12/site-packages/airflow/example_dags/example_dynamic_task_mapping.py
[2024-10-02T00:03:13.703+0000] {processor.py:925} INFO - DAG(s) 'example_dynamic_task_mapping' retrieved from /home/airflow/.local/lib/python3.12/site-packages/airflow/example_dags/example_dynamic_task_mapping.py
[2024-10-02T00:03:13.715+0000] {logging_mixin.py:190} INFO - [2024-10-02T00:03:13.715+0000] {dag.py:3239} INFO - Sync 1 DAGs
[2024-10-02T00:03:13.726+0000] {logging_mixin.py:190} INFO - [2024-10-02T00:03:13.726+0000] {dag.py:4180} INFO - Setting next_dagrun for example_dynamic_task_mapping to None, run_after=None
[2024-10-02T00:03:13.735+0000] {processor.py:208} INFO - Processing /home/airflow/.local/lib/python3.12/site-packages/airflow/example_dags/example_dynamic_task_mapping.py took 0.041 seconds
[2024-10-02T00:03:44.482+0000] {processor.py:186} INFO - Started process (PID=35621) to work on /home/airflow/.local/lib/python3.12/site-packages/airflow/example_dags/example_dynamic_task_mapping.py
[2024-10-02T00:03:44.482+0000] {processor.py:914} INFO - Processing file /home/airflow/.local/lib/python3.12/site-packages/airflow/example_dags/example_dynamic_task_mapping.py for tasks to queue
[2024-10-02T00:03:44.483+0000] {logging_mixin.py:190} INFO - [2024-10-02T00:03:44.483+0000] {dagbag.py:588} INFO - Filling up the DagBag from /home/airflow/.local/lib/python3.12/site-packages/airflow/example_dags/example_dynamic_task_mapping.py
[2024-10-02T00:03:44.489+0000] {processor.py:925} INFO - DAG(s) 'example_dynamic_task_mapping' retrieved from /home/airflow/.local/lib/python3.12/site-packages/airflow/example_dags/example_dynamic_task_mapping.py
[2024-10-02T00:03:44.506+0000] {logging_mixin.py:190} INFO - [2024-10-02T00:03:44.506+0000] {dag.py:3239} INFO - Sync 1 DAGs
[2024-10-02T00:03:44.516+0000] {logging_mixin.py:190} INFO - [2024-10-02T00:03:44.516+0000] {dag.py:4180} INFO - Setting next_dagrun for example_dynamic_task_mapping to None, run_after=None
[2024-10-02T00:03:44.528+0000] {processor.py:208} INFO - Processing /home/airflow/.local/lib/python3.12/site-packages/airflow/example_dags/example_dynamic_task_mapping.py took 0.049 seconds
[2024-10-02T00:04:15.114+0000] {processor.py:186} INFO - Started process (PID=35684) to work on /home/airflow/.local/lib/python3.12/site-packages/airflow/example_dags/example_dynamic_task_mapping.py
[2024-10-02T00:04:15.114+0000] {processor.py:914} INFO - Processing file /home/airflow/.local/lib/python3.12/site-packages/airflow/example_dags/example_dynamic_task_mapping.py for tasks to queue
[2024-10-02T00:04:15.115+0000] {logging_mixin.py:190} INFO - [2024-10-02T00:04:15.115+0000] {dagbag.py:588} INFO - Filling up the DagBag from /home/airflow/.local/lib/python3.12/site-packages/airflow/example_dags/example_dynamic_task_mapping.py
[2024-10-02T00:04:15.119+0000] {processor.py:925} INFO - DAG(s) 'example_dynamic_task_mapping' retrieved from /home/airflow/.local/lib/python3.12/site-packages/airflow/example_dags/example_dynamic_task_mapping.py
[2024-10-02T00:04:15.128+0000] {logging_mixin.py:190} INFO - [2024-10-02T00:04:15.128+0000] {dag.py:3239} INFO - Sync 1 DAGs
[2024-10-02T00:04:15.134+0000] {logging_mixin.py:190} INFO - [2024-10-02T00:04:15.134+0000] {dag.py:4180} INFO - Setting next_dagrun for example_dynamic_task_mapping to None, run_after=None
[2024-10-02T00:04:15.140+0000] {processor.py:208} INFO - Processing /home/airflow/.local/lib/python3.12/site-packages/airflow/example_dags/example_dynamic_task_mapping.py took 0.029 seconds
