[2024-10-02T00:00:08.793+0000] {processor.py:186} INFO - Started process (PID=35177) to work on /home/airflow/.local/lib/python3.12/site-packages/airflow/example_dags/tutorial.py
[2024-10-02T00:00:08.795+0000] {processor.py:914} INFO - Processing file /home/airflow/.local/lib/python3.12/site-packages/airflow/example_dags/tutorial.py for tasks to queue
[2024-10-02T00:00:08.797+0000] {logging_mixin.py:190} INFO - [2024-10-02T00:00:08.797+0000] {dagbag.py:588} INFO - Filling up the DagBag from /home/airflow/.local/lib/python3.12/site-packages/airflow/example_dags/tutorial.py
[2024-10-02T00:00:08.802+0000] {processor.py:925} INFO - DAG(s) 'tutorial' retrieved from /home/airflow/.local/lib/python3.12/site-packages/airflow/example_dags/tutorial.py
[2024-10-02T00:00:08.821+0000] {logging_mixin.py:190} INFO - [2024-10-02T00:00:08.821+0000] {dag.py:3239} INFO - Sync 1 DAGs
[2024-10-02T00:00:08.836+0000] {logging_mixin.py:190} INFO - [2024-10-02T00:00:08.835+0000] {dag.py:4180} INFO - Setting next_dagrun for tutorial to 2024-10-01 00:00:00+00:00, run_after=2024-10-02 00:00:00+00:00
[2024-10-02T00:00:08.848+0000] {processor.py:208} INFO - Processing /home/airflow/.local/lib/python3.12/site-packages/airflow/example_dags/tutorial.py took 0.059 seconds
[2024-10-02T00:00:39.250+0000] {processor.py:186} INFO - Started process (PID=35240) to work on /home/airflow/.local/lib/python3.12/site-packages/airflow/example_dags/tutorial.py
[2024-10-02T00:00:39.251+0000] {processor.py:914} INFO - Processing file /home/airflow/.local/lib/python3.12/site-packages/airflow/example_dags/tutorial.py for tasks to queue
[2024-10-02T00:00:39.254+0000] {logging_mixin.py:190} INFO - [2024-10-02T00:00:39.253+0000] {dagbag.py:588} INFO - Filling up the DagBag from /home/airflow/.local/lib/python3.12/site-packages/airflow/example_dags/tutorial.py
[2024-10-02T00:00:39.267+0000] {processor.py:925} INFO - DAG(s) 'tutorial' retrieved from /home/airflow/.local/lib/python3.12/site-packages/airflow/example_dags/tutorial.py
[2024-10-02T00:00:39.326+0000] {logging_mixin.py:190} INFO - [2024-10-02T00:00:39.325+0000] {dag.py:3239} INFO - Sync 1 DAGs
[2024-10-02T00:00:39.347+0000] {logging_mixin.py:190} INFO - [2024-10-02T00:00:39.347+0000] {dag.py:4180} INFO - Setting next_dagrun for tutorial to 2024-10-01 00:00:00+00:00, run_after=2024-10-02 00:00:00+00:00
[2024-10-02T00:00:39.358+0000] {processor.py:208} INFO - Processing /home/airflow/.local/lib/python3.12/site-packages/airflow/example_dags/tutorial.py took 0.116 seconds
[2024-10-02T00:01:10.306+0000] {processor.py:186} INFO - Started process (PID=35303) to work on /home/airflow/.local/lib/python3.12/site-packages/airflow/example_dags/tutorial.py
[2024-10-02T00:01:10.308+0000] {processor.py:914} INFO - Processing file /home/airflow/.local/lib/python3.12/site-packages/airflow/example_dags/tutorial.py for tasks to queue
[2024-10-02T00:01:10.313+0000] {logging_mixin.py:190} INFO - [2024-10-02T00:01:10.313+0000] {dagbag.py:588} INFO - Filling up the DagBag from /home/airflow/.local/lib/python3.12/site-packages/airflow/example_dags/tutorial.py
[2024-10-02T00:01:10.331+0000] {processor.py:925} INFO - DAG(s) 'tutorial' retrieved from /home/airflow/.local/lib/python3.12/site-packages/airflow/example_dags/tutorial.py
[2024-10-02T00:01:10.352+0000] {logging_mixin.py:190} INFO - [2024-10-02T00:01:10.352+0000] {dag.py:3239} INFO - Sync 1 DAGs
[2024-10-02T00:01:10.380+0000] {logging_mixin.py:190} INFO - [2024-10-02T00:01:10.380+0000] {dag.py:4180} INFO - Setting next_dagrun for tutorial to 2024-10-01 00:00:00+00:00, run_after=2024-10-02 00:00:00+00:00
[2024-10-02T00:01:10.394+0000] {processor.py:208} INFO - Processing /home/airflow/.local/lib/python3.12/site-packages/airflow/example_dags/tutorial.py took 0.113 seconds
[2024-10-02T00:01:41.402+0000] {processor.py:186} INFO - Started process (PID=35366) to work on /home/airflow/.local/lib/python3.12/site-packages/airflow/example_dags/tutorial.py
[2024-10-02T00:01:41.403+0000] {processor.py:914} INFO - Processing file /home/airflow/.local/lib/python3.12/site-packages/airflow/example_dags/tutorial.py for tasks to queue
[2024-10-02T00:01:41.405+0000] {logging_mixin.py:190} INFO - [2024-10-02T00:01:41.404+0000] {dagbag.py:588} INFO - Filling up the DagBag from /home/airflow/.local/lib/python3.12/site-packages/airflow/example_dags/tutorial.py
[2024-10-02T00:01:41.409+0000] {processor.py:925} INFO - DAG(s) 'tutorial' retrieved from /home/airflow/.local/lib/python3.12/site-packages/airflow/example_dags/tutorial.py
[2024-10-02T00:01:41.421+0000] {logging_mixin.py:190} INFO - [2024-10-02T00:01:41.421+0000] {dag.py:3239} INFO - Sync 1 DAGs
[2024-10-02T00:01:41.440+0000] {logging_mixin.py:190} INFO - [2024-10-02T00:01:41.440+0000] {dag.py:4180} INFO - Setting next_dagrun for tutorial to 2024-10-01 00:00:00+00:00, run_after=2024-10-02 00:00:00+00:00
[2024-10-02T00:01:41.448+0000] {processor.py:208} INFO - Processing /home/airflow/.local/lib/python3.12/site-packages/airflow/example_dags/tutorial.py took 0.052 seconds
[2024-10-02T00:02:12.053+0000] {processor.py:186} INFO - Started process (PID=35429) to work on /home/airflow/.local/lib/python3.12/site-packages/airflow/example_dags/tutorial.py
[2024-10-02T00:02:12.054+0000] {processor.py:914} INFO - Processing file /home/airflow/.local/lib/python3.12/site-packages/airflow/example_dags/tutorial.py for tasks to queue
[2024-10-02T00:02:12.055+0000] {logging_mixin.py:190} INFO - [2024-10-02T00:02:12.054+0000] {dagbag.py:588} INFO - Filling up the DagBag from /home/airflow/.local/lib/python3.12/site-packages/airflow/example_dags/tutorial.py
[2024-10-02T00:02:12.059+0000] {processor.py:925} INFO - DAG(s) 'tutorial' retrieved from /home/airflow/.local/lib/python3.12/site-packages/airflow/example_dags/tutorial.py
[2024-10-02T00:02:12.068+0000] {logging_mixin.py:190} INFO - [2024-10-02T00:02:12.068+0000] {dag.py:3239} INFO - Sync 1 DAGs
[2024-10-02T00:02:12.077+0000] {logging_mixin.py:190} INFO - [2024-10-02T00:02:12.077+0000] {dag.py:4180} INFO - Setting next_dagrun for tutorial to 2024-10-01 00:00:00+00:00, run_after=2024-10-02 00:00:00+00:00
[2024-10-02T00:02:12.087+0000] {processor.py:208} INFO - Processing /home/airflow/.local/lib/python3.12/site-packages/airflow/example_dags/tutorial.py took 0.037 seconds
[2024-10-02T00:02:42.774+0000] {processor.py:186} INFO - Started process (PID=35492) to work on /home/airflow/.local/lib/python3.12/site-packages/airflow/example_dags/tutorial.py
[2024-10-02T00:02:42.777+0000] {processor.py:914} INFO - Processing file /home/airflow/.local/lib/python3.12/site-packages/airflow/example_dags/tutorial.py for tasks to queue
[2024-10-02T00:02:42.779+0000] {logging_mixin.py:190} INFO - [2024-10-02T00:02:42.778+0000] {dagbag.py:588} INFO - Filling up the DagBag from /home/airflow/.local/lib/python3.12/site-packages/airflow/example_dags/tutorial.py
[2024-10-02T00:02:42.785+0000] {processor.py:925} INFO - DAG(s) 'tutorial' retrieved from /home/airflow/.local/lib/python3.12/site-packages/airflow/example_dags/tutorial.py
[2024-10-02T00:02:42.797+0000] {logging_mixin.py:190} INFO - [2024-10-02T00:02:42.797+0000] {dag.py:3239} INFO - Sync 1 DAGs
[2024-10-02T00:02:42.808+0000] {logging_mixin.py:190} INFO - [2024-10-02T00:02:42.808+0000] {dag.py:4180} INFO - Setting next_dagrun for tutorial to 2024-10-01 00:00:00+00:00, run_after=2024-10-02 00:00:00+00:00
[2024-10-02T00:02:42.815+0000] {processor.py:208} INFO - Processing /home/airflow/.local/lib/python3.12/site-packages/airflow/example_dags/tutorial.py took 0.044 seconds
[2024-10-02T00:03:13.645+0000] {processor.py:186} INFO - Started process (PID=35555) to work on /home/airflow/.local/lib/python3.12/site-packages/airflow/example_dags/tutorial.py
[2024-10-02T00:03:13.646+0000] {processor.py:914} INFO - Processing file /home/airflow/.local/lib/python3.12/site-packages/airflow/example_dags/tutorial.py for tasks to queue
[2024-10-02T00:03:13.648+0000] {logging_mixin.py:190} INFO - [2024-10-02T00:03:13.648+0000] {dagbag.py:588} INFO - Filling up the DagBag from /home/airflow/.local/lib/python3.12/site-packages/airflow/example_dags/tutorial.py
[2024-10-02T00:03:13.652+0000] {processor.py:925} INFO - DAG(s) 'tutorial' retrieved from /home/airflow/.local/lib/python3.12/site-packages/airflow/example_dags/tutorial.py
[2024-10-02T00:03:13.665+0000] {logging_mixin.py:190} INFO - [2024-10-02T00:03:13.665+0000] {dag.py:3239} INFO - Sync 1 DAGs
[2024-10-02T00:03:13.674+0000] {logging_mixin.py:190} INFO - [2024-10-02T00:03:13.674+0000] {dag.py:4180} INFO - Setting next_dagrun for tutorial to 2024-10-01 00:00:00+00:00, run_after=2024-10-02 00:00:00+00:00
[2024-10-02T00:03:13.685+0000] {processor.py:208} INFO - Processing /home/airflow/.local/lib/python3.12/site-packages/airflow/example_dags/tutorial.py took 0.042 seconds
[2024-10-02T00:03:44.431+0000] {processor.py:186} INFO - Started process (PID=35619) to work on /home/airflow/.local/lib/python3.12/site-packages/airflow/example_dags/tutorial.py
[2024-10-02T00:03:44.433+0000] {processor.py:914} INFO - Processing file /home/airflow/.local/lib/python3.12/site-packages/airflow/example_dags/tutorial.py for tasks to queue
[2024-10-02T00:03:44.434+0000] {logging_mixin.py:190} INFO - [2024-10-02T00:03:44.434+0000] {dagbag.py:588} INFO - Filling up the DagBag from /home/airflow/.local/lib/python3.12/site-packages/airflow/example_dags/tutorial.py
[2024-10-02T00:03:44.440+0000] {processor.py:925} INFO - DAG(s) 'tutorial' retrieved from /home/airflow/.local/lib/python3.12/site-packages/airflow/example_dags/tutorial.py
[2024-10-02T00:03:44.451+0000] {logging_mixin.py:190} INFO - [2024-10-02T00:03:44.451+0000] {dag.py:3239} INFO - Sync 1 DAGs
[2024-10-02T00:03:44.463+0000] {logging_mixin.py:190} INFO - [2024-10-02T00:03:44.463+0000] {dag.py:4180} INFO - Setting next_dagrun for tutorial to 2024-10-01 00:00:00+00:00, run_after=2024-10-02 00:00:00+00:00
[2024-10-02T00:03:44.474+0000] {processor.py:208} INFO - Processing /home/airflow/.local/lib/python3.12/site-packages/airflow/example_dags/tutorial.py took 0.046 seconds
[2024-10-02T00:04:15.060+0000] {processor.py:186} INFO - Started process (PID=35682) to work on /home/airflow/.local/lib/python3.12/site-packages/airflow/example_dags/tutorial.py
[2024-10-02T00:04:15.060+0000] {processor.py:914} INFO - Processing file /home/airflow/.local/lib/python3.12/site-packages/airflow/example_dags/tutorial.py for tasks to queue
[2024-10-02T00:04:15.063+0000] {logging_mixin.py:190} INFO - [2024-10-02T00:04:15.063+0000] {dagbag.py:588} INFO - Filling up the DagBag from /home/airflow/.local/lib/python3.12/site-packages/airflow/example_dags/tutorial.py
[2024-10-02T00:04:15.066+0000] {processor.py:925} INFO - DAG(s) 'tutorial' retrieved from /home/airflow/.local/lib/python3.12/site-packages/airflow/example_dags/tutorial.py
[2024-10-02T00:04:15.078+0000] {logging_mixin.py:190} INFO - [2024-10-02T00:04:15.078+0000] {dag.py:3239} INFO - Sync 1 DAGs
[2024-10-02T00:04:15.088+0000] {logging_mixin.py:190} INFO - [2024-10-02T00:04:15.088+0000] {dag.py:4180} INFO - Setting next_dagrun for tutorial to 2024-10-01 00:00:00+00:00, run_after=2024-10-02 00:00:00+00:00
[2024-10-02T00:04:15.102+0000] {processor.py:208} INFO - Processing /home/airflow/.local/lib/python3.12/site-packages/airflow/example_dags/tutorial.py took 0.045 seconds
