[2024-10-02T00:00:07.891+0000] {processor.py:186} INFO - Started process (PID=35161) to work on /home/airflow/.local/lib/python3.12/site-packages/airflow/example_dags/tutorial_dag.py
[2024-10-02T00:00:07.892+0000] {processor.py:914} INFO - Processing file /home/airflow/.local/lib/python3.12/site-packages/airflow/example_dags/tutorial_dag.py for tasks to queue
[2024-10-02T00:00:07.893+0000] {logging_mixin.py:190} INFO - [2024-10-02T00:00:07.893+0000] {dagbag.py:588} INFO - Filling up the DagBag from /home/airflow/.local/lib/python3.12/site-packages/airflow/example_dags/tutorial_dag.py
[2024-10-02T00:00:07.896+0000] {processor.py:925} INFO - DAG(s) 'tutorial_dag' retrieved from /home/airflow/.local/lib/python3.12/site-packages/airflow/example_dags/tutorial_dag.py
[2024-10-02T00:00:07.905+0000] {logging_mixin.py:190} INFO - [2024-10-02T00:00:07.905+0000] {dag.py:3239} INFO - Sync 1 DAGs
[2024-10-02T00:00:07.911+0000] {logging_mixin.py:190} INFO - [2024-10-02T00:00:07.911+0000] {dag.py:4180} INFO - Setting next_dagrun for tutorial_dag to None, run_after=None
[2024-10-02T00:00:07.918+0000] {processor.py:208} INFO - Processing /home/airflow/.local/lib/python3.12/site-packages/airflow/example_dags/tutorial_dag.py took 0.029 seconds
[2024-10-02T00:00:38.612+0000] {processor.py:186} INFO - Started process (PID=35224) to work on /home/airflow/.local/lib/python3.12/site-packages/airflow/example_dags/tutorial_dag.py
[2024-10-02T00:00:38.613+0000] {processor.py:914} INFO - Processing file /home/airflow/.local/lib/python3.12/site-packages/airflow/example_dags/tutorial_dag.py for tasks to queue
[2024-10-02T00:00:38.614+0000] {logging_mixin.py:190} INFO - [2024-10-02T00:00:38.614+0000] {dagbag.py:588} INFO - Filling up the DagBag from /home/airflow/.local/lib/python3.12/site-packages/airflow/example_dags/tutorial_dag.py
[2024-10-02T00:00:38.618+0000] {processor.py:925} INFO - DAG(s) 'tutorial_dag' retrieved from /home/airflow/.local/lib/python3.12/site-packages/airflow/example_dags/tutorial_dag.py
[2024-10-02T00:00:38.631+0000] {logging_mixin.py:190} INFO - [2024-10-02T00:00:38.631+0000] {dag.py:3239} INFO - Sync 1 DAGs
[2024-10-02T00:00:38.636+0000] {logging_mixin.py:190} INFO - [2024-10-02T00:00:38.636+0000] {dag.py:4180} INFO - Setting next_dagrun for tutorial_dag to None, run_after=None
[2024-10-02T00:00:38.647+0000] {processor.py:208} INFO - Processing /home/airflow/.local/lib/python3.12/site-packages/airflow/example_dags/tutorial_dag.py took 0.038 seconds
[2024-10-02T00:01:09.730+0000] {processor.py:186} INFO - Started process (PID=35287) to work on /home/airflow/.local/lib/python3.12/site-packages/airflow/example_dags/tutorial_dag.py
[2024-10-02T00:01:09.732+0000] {processor.py:914} INFO - Processing file /home/airflow/.local/lib/python3.12/site-packages/airflow/example_dags/tutorial_dag.py for tasks to queue
[2024-10-02T00:01:09.734+0000] {logging_mixin.py:190} INFO - [2024-10-02T00:01:09.734+0000] {dagbag.py:588} INFO - Filling up the DagBag from /home/airflow/.local/lib/python3.12/site-packages/airflow/example_dags/tutorial_dag.py
[2024-10-02T00:01:09.739+0000] {processor.py:925} INFO - DAG(s) 'tutorial_dag' retrieved from /home/airflow/.local/lib/python3.12/site-packages/airflow/example_dags/tutorial_dag.py
[2024-10-02T00:01:09.755+0000] {logging_mixin.py:190} INFO - [2024-10-02T00:01:09.754+0000] {dag.py:3239} INFO - Sync 1 DAGs
[2024-10-02T00:01:09.761+0000] {logging_mixin.py:190} INFO - [2024-10-02T00:01:09.761+0000] {dag.py:4180} INFO - Setting next_dagrun for tutorial_dag to None, run_after=None
[2024-10-02T00:01:09.771+0000] {processor.py:208} INFO - Processing /home/airflow/.local/lib/python3.12/site-packages/airflow/example_dags/tutorial_dag.py took 0.044 seconds
[2024-10-02T00:01:40.730+0000] {processor.py:186} INFO - Started process (PID=35350) to work on /home/airflow/.local/lib/python3.12/site-packages/airflow/example_dags/tutorial_dag.py
[2024-10-02T00:01:40.733+0000] {processor.py:914} INFO - Processing file /home/airflow/.local/lib/python3.12/site-packages/airflow/example_dags/tutorial_dag.py for tasks to queue
[2024-10-02T00:01:40.735+0000] {logging_mixin.py:190} INFO - [2024-10-02T00:01:40.734+0000] {dagbag.py:588} INFO - Filling up the DagBag from /home/airflow/.local/lib/python3.12/site-packages/airflow/example_dags/tutorial_dag.py
[2024-10-02T00:01:40.738+0000] {processor.py:925} INFO - DAG(s) 'tutorial_dag' retrieved from /home/airflow/.local/lib/python3.12/site-packages/airflow/example_dags/tutorial_dag.py
[2024-10-02T00:01:40.746+0000] {logging_mixin.py:190} INFO - [2024-10-02T00:01:40.746+0000] {dag.py:3239} INFO - Sync 1 DAGs
[2024-10-02T00:01:40.752+0000] {logging_mixin.py:190} INFO - [2024-10-02T00:01:40.752+0000] {dag.py:4180} INFO - Setting next_dagrun for tutorial_dag to None, run_after=None
[2024-10-02T00:01:40.763+0000] {processor.py:208} INFO - Processing /home/airflow/.local/lib/python3.12/site-packages/airflow/example_dags/tutorial_dag.py took 0.035 seconds
[2024-10-02T00:02:11.604+0000] {processor.py:186} INFO - Started process (PID=35413) to work on /home/airflow/.local/lib/python3.12/site-packages/airflow/example_dags/tutorial_dag.py
[2024-10-02T00:02:11.604+0000] {processor.py:914} INFO - Processing file /home/airflow/.local/lib/python3.12/site-packages/airflow/example_dags/tutorial_dag.py for tasks to queue
[2024-10-02T00:02:11.605+0000] {logging_mixin.py:190} INFO - [2024-10-02T00:02:11.605+0000] {dagbag.py:588} INFO - Filling up the DagBag from /home/airflow/.local/lib/python3.12/site-packages/airflow/example_dags/tutorial_dag.py
[2024-10-02T00:02:11.609+0000] {processor.py:925} INFO - DAG(s) 'tutorial_dag' retrieved from /home/airflow/.local/lib/python3.12/site-packages/airflow/example_dags/tutorial_dag.py
[2024-10-02T00:02:11.617+0000] {logging_mixin.py:190} INFO - [2024-10-02T00:02:11.616+0000] {dag.py:3239} INFO - Sync 1 DAGs
[2024-10-02T00:02:11.624+0000] {logging_mixin.py:190} INFO - [2024-10-02T00:02:11.624+0000] {dag.py:4180} INFO - Setting next_dagrun for tutorial_dag to None, run_after=None
[2024-10-02T00:02:11.633+0000] {processor.py:208} INFO - Processing /home/airflow/.local/lib/python3.12/site-packages/airflow/example_dags/tutorial_dag.py took 0.032 seconds
[2024-10-02T00:02:42.258+0000] {processor.py:186} INFO - Started process (PID=35476) to work on /home/airflow/.local/lib/python3.12/site-packages/airflow/example_dags/tutorial_dag.py
[2024-10-02T00:02:42.259+0000] {processor.py:914} INFO - Processing file /home/airflow/.local/lib/python3.12/site-packages/airflow/example_dags/tutorial_dag.py for tasks to queue
[2024-10-02T00:02:42.260+0000] {logging_mixin.py:190} INFO - [2024-10-02T00:02:42.260+0000] {dagbag.py:588} INFO - Filling up the DagBag from /home/airflow/.local/lib/python3.12/site-packages/airflow/example_dags/tutorial_dag.py
[2024-10-02T00:02:42.264+0000] {processor.py:925} INFO - DAG(s) 'tutorial_dag' retrieved from /home/airflow/.local/lib/python3.12/site-packages/airflow/example_dags/tutorial_dag.py
[2024-10-02T00:02:42.273+0000] {logging_mixin.py:190} INFO - [2024-10-02T00:02:42.273+0000] {dag.py:3239} INFO - Sync 1 DAGs
[2024-10-02T00:02:42.280+0000] {logging_mixin.py:190} INFO - [2024-10-02T00:02:42.280+0000] {dag.py:4180} INFO - Setting next_dagrun for tutorial_dag to None, run_after=None
[2024-10-02T00:02:42.291+0000] {processor.py:208} INFO - Processing /home/airflow/.local/lib/python3.12/site-packages/airflow/example_dags/tutorial_dag.py took 0.036 seconds
[2024-10-02T00:03:13.173+0000] {processor.py:186} INFO - Started process (PID=35539) to work on /home/airflow/.local/lib/python3.12/site-packages/airflow/example_dags/tutorial_dag.py
[2024-10-02T00:03:13.175+0000] {processor.py:914} INFO - Processing file /home/airflow/.local/lib/python3.12/site-packages/airflow/example_dags/tutorial_dag.py for tasks to queue
[2024-10-02T00:03:13.176+0000] {logging_mixin.py:190} INFO - [2024-10-02T00:03:13.176+0000] {dagbag.py:588} INFO - Filling up the DagBag from /home/airflow/.local/lib/python3.12/site-packages/airflow/example_dags/tutorial_dag.py
[2024-10-02T00:03:13.179+0000] {processor.py:925} INFO - DAG(s) 'tutorial_dag' retrieved from /home/airflow/.local/lib/python3.12/site-packages/airflow/example_dags/tutorial_dag.py
[2024-10-02T00:03:13.188+0000] {logging_mixin.py:190} INFO - [2024-10-02T00:03:13.188+0000] {dag.py:3239} INFO - Sync 1 DAGs
[2024-10-02T00:03:13.194+0000] {logging_mixin.py:190} INFO - [2024-10-02T00:03:13.194+0000] {dag.py:4180} INFO - Setting next_dagrun for tutorial_dag to None, run_after=None
[2024-10-02T00:03:13.201+0000] {processor.py:208} INFO - Processing /home/airflow/.local/lib/python3.12/site-packages/airflow/example_dags/tutorial_dag.py took 0.031 seconds
[2024-10-02T00:03:43.952+0000] {processor.py:186} INFO - Started process (PID=35603) to work on /home/airflow/.local/lib/python3.12/site-packages/airflow/example_dags/tutorial_dag.py
[2024-10-02T00:03:43.952+0000] {processor.py:914} INFO - Processing file /home/airflow/.local/lib/python3.12/site-packages/airflow/example_dags/tutorial_dag.py for tasks to queue
[2024-10-02T00:03:43.953+0000] {logging_mixin.py:190} INFO - [2024-10-02T00:03:43.953+0000] {dagbag.py:588} INFO - Filling up the DagBag from /home/airflow/.local/lib/python3.12/site-packages/airflow/example_dags/tutorial_dag.py
[2024-10-02T00:03:43.957+0000] {processor.py:925} INFO - DAG(s) 'tutorial_dag' retrieved from /home/airflow/.local/lib/python3.12/site-packages/airflow/example_dags/tutorial_dag.py
[2024-10-02T00:03:43.965+0000] {logging_mixin.py:190} INFO - [2024-10-02T00:03:43.965+0000] {dag.py:3239} INFO - Sync 1 DAGs
[2024-10-02T00:03:43.970+0000] {logging_mixin.py:190} INFO - [2024-10-02T00:03:43.970+0000] {dag.py:4180} INFO - Setting next_dagrun for tutorial_dag to None, run_after=None
[2024-10-02T00:03:43.976+0000] {processor.py:208} INFO - Processing /home/airflow/.local/lib/python3.12/site-packages/airflow/example_dags/tutorial_dag.py took 0.027 seconds
[2024-10-02T00:04:14.635+0000] {processor.py:186} INFO - Started process (PID=35666) to work on /home/airflow/.local/lib/python3.12/site-packages/airflow/example_dags/tutorial_dag.py
[2024-10-02T00:04:14.636+0000] {processor.py:914} INFO - Processing file /home/airflow/.local/lib/python3.12/site-packages/airflow/example_dags/tutorial_dag.py for tasks to queue
[2024-10-02T00:04:14.637+0000] {logging_mixin.py:190} INFO - [2024-10-02T00:04:14.637+0000] {dagbag.py:588} INFO - Filling up the DagBag from /home/airflow/.local/lib/python3.12/site-packages/airflow/example_dags/tutorial_dag.py
[2024-10-02T00:04:14.641+0000] {processor.py:925} INFO - DAG(s) 'tutorial_dag' retrieved from /home/airflow/.local/lib/python3.12/site-packages/airflow/example_dags/tutorial_dag.py
[2024-10-02T00:04:14.652+0000] {logging_mixin.py:190} INFO - [2024-10-02T00:04:14.652+0000] {dag.py:3239} INFO - Sync 1 DAGs
[2024-10-02T00:04:14.660+0000] {logging_mixin.py:190} INFO - [2024-10-02T00:04:14.660+0000] {dag.py:4180} INFO - Setting next_dagrun for tutorial_dag to None, run_after=None
[2024-10-02T00:04:14.669+0000] {processor.py:208} INFO - Processing /home/airflow/.local/lib/python3.12/site-packages/airflow/example_dags/tutorial_dag.py took 0.037 seconds
