[2024-10-02T00:00:10.360+0000] {processor.py:186} INFO - Started process (PID=35190) to work on /home/airflow/.local/lib/python3.12/site-packages/airflow/example_dags/tutorial_taskflow_api.py
[2024-10-02T00:00:10.380+0000] {processor.py:914} INFO - Processing file /home/airflow/.local/lib/python3.12/site-packages/airflow/example_dags/tutorial_taskflow_api.py for tasks to queue
[2024-10-02T00:00:10.384+0000] {logging_mixin.py:190} INFO - [2024-10-02T00:00:10.384+0000] {dagbag.py:588} INFO - Filling up the DagBag from /home/airflow/.local/lib/python3.12/site-packages/airflow/example_dags/tutorial_taskflow_api.py
[2024-10-02T00:00:10.391+0000] {processor.py:925} INFO - DAG(s) 'tutorial_taskflow_api' retrieved from /home/airflow/.local/lib/python3.12/site-packages/airflow/example_dags/tutorial_taskflow_api.py
[2024-10-02T00:00:10.404+0000] {logging_mixin.py:190} INFO - [2024-10-02T00:00:10.404+0000] {dag.py:3239} INFO - Sync 1 DAGs
[2024-10-02T00:00:10.413+0000] {logging_mixin.py:190} INFO - [2024-10-02T00:00:10.413+0000] {dag.py:4180} INFO - Setting next_dagrun for tutorial_taskflow_api to None, run_after=None
[2024-10-02T00:00:10.424+0000] {processor.py:208} INFO - Processing /home/airflow/.local/lib/python3.12/site-packages/airflow/example_dags/tutorial_taskflow_api.py took 0.072 seconds
[2024-10-02T00:00:40.809+0000] {processor.py:186} INFO - Started process (PID=35253) to work on /home/airflow/.local/lib/python3.12/site-packages/airflow/example_dags/tutorial_taskflow_api.py
[2024-10-02T00:00:40.810+0000] {processor.py:914} INFO - Processing file /home/airflow/.local/lib/python3.12/site-packages/airflow/example_dags/tutorial_taskflow_api.py for tasks to queue
[2024-10-02T00:00:40.811+0000] {logging_mixin.py:190} INFO - [2024-10-02T00:00:40.811+0000] {dagbag.py:588} INFO - Filling up the DagBag from /home/airflow/.local/lib/python3.12/site-packages/airflow/example_dags/tutorial_taskflow_api.py
[2024-10-02T00:00:40.815+0000] {processor.py:925} INFO - DAG(s) 'tutorial_taskflow_api' retrieved from /home/airflow/.local/lib/python3.12/site-packages/airflow/example_dags/tutorial_taskflow_api.py
[2024-10-02T00:00:40.825+0000] {logging_mixin.py:190} INFO - [2024-10-02T00:00:40.824+0000] {dag.py:3239} INFO - Sync 1 DAGs
[2024-10-02T00:00:40.831+0000] {logging_mixin.py:190} INFO - [2024-10-02T00:00:40.830+0000] {dag.py:4180} INFO - Setting next_dagrun for tutorial_taskflow_api to None, run_after=None
[2024-10-02T00:00:40.841+0000] {processor.py:208} INFO - Processing /home/airflow/.local/lib/python3.12/site-packages/airflow/example_dags/tutorial_taskflow_api.py took 0.035 seconds
[2024-10-02T00:01:11.800+0000] {processor.py:186} INFO - Started process (PID=35316) to work on /home/airflow/.local/lib/python3.12/site-packages/airflow/example_dags/tutorial_taskflow_api.py
[2024-10-02T00:01:11.801+0000] {processor.py:914} INFO - Processing file /home/airflow/.local/lib/python3.12/site-packages/airflow/example_dags/tutorial_taskflow_api.py for tasks to queue
[2024-10-02T00:01:11.802+0000] {logging_mixin.py:190} INFO - [2024-10-02T00:01:11.802+0000] {dagbag.py:588} INFO - Filling up the DagBag from /home/airflow/.local/lib/python3.12/site-packages/airflow/example_dags/tutorial_taskflow_api.py
[2024-10-02T00:01:11.806+0000] {processor.py:925} INFO - DAG(s) 'tutorial_taskflow_api' retrieved from /home/airflow/.local/lib/python3.12/site-packages/airflow/example_dags/tutorial_taskflow_api.py
[2024-10-02T00:01:11.814+0000] {logging_mixin.py:190} INFO - [2024-10-02T00:01:11.814+0000] {dag.py:3239} INFO - Sync 1 DAGs
[2024-10-02T00:01:11.820+0000] {logging_mixin.py:190} INFO - [2024-10-02T00:01:11.820+0000] {dag.py:4180} INFO - Setting next_dagrun for tutorial_taskflow_api to None, run_after=None
[2024-10-02T00:01:11.827+0000] {processor.py:208} INFO - Processing /home/airflow/.local/lib/python3.12/site-packages/airflow/example_dags/tutorial_taskflow_api.py took 0.030 seconds
[2024-10-02T00:01:42.817+0000] {processor.py:186} INFO - Started process (PID=35379) to work on /home/airflow/.local/lib/python3.12/site-packages/airflow/example_dags/tutorial_taskflow_api.py
[2024-10-02T00:01:42.819+0000] {processor.py:914} INFO - Processing file /home/airflow/.local/lib/python3.12/site-packages/airflow/example_dags/tutorial_taskflow_api.py for tasks to queue
[2024-10-02T00:01:42.824+0000] {logging_mixin.py:190} INFO - [2024-10-02T00:01:42.823+0000] {dagbag.py:588} INFO - Filling up the DagBag from /home/airflow/.local/lib/python3.12/site-packages/airflow/example_dags/tutorial_taskflow_api.py
[2024-10-02T00:01:42.831+0000] {processor.py:925} INFO - DAG(s) 'tutorial_taskflow_api' retrieved from /home/airflow/.local/lib/python3.12/site-packages/airflow/example_dags/tutorial_taskflow_api.py
[2024-10-02T00:01:42.840+0000] {logging_mixin.py:190} INFO - [2024-10-02T00:01:42.840+0000] {dag.py:3239} INFO - Sync 1 DAGs
[2024-10-02T00:01:42.847+0000] {logging_mixin.py:190} INFO - [2024-10-02T00:01:42.847+0000] {dag.py:4180} INFO - Setting next_dagrun for tutorial_taskflow_api to None, run_after=None
[2024-10-02T00:01:42.854+0000] {processor.py:208} INFO - Processing /home/airflow/.local/lib/python3.12/site-packages/airflow/example_dags/tutorial_taskflow_api.py took 0.041 seconds
[2024-10-02T00:02:13.429+0000] {processor.py:186} INFO - Started process (PID=35442) to work on /home/airflow/.local/lib/python3.12/site-packages/airflow/example_dags/tutorial_taskflow_api.py
[2024-10-02T00:02:13.432+0000] {processor.py:914} INFO - Processing file /home/airflow/.local/lib/python3.12/site-packages/airflow/example_dags/tutorial_taskflow_api.py for tasks to queue
[2024-10-02T00:02:13.433+0000] {logging_mixin.py:190} INFO - [2024-10-02T00:02:13.433+0000] {dagbag.py:588} INFO - Filling up the DagBag from /home/airflow/.local/lib/python3.12/site-packages/airflow/example_dags/tutorial_taskflow_api.py
[2024-10-02T00:02:13.437+0000] {processor.py:925} INFO - DAG(s) 'tutorial_taskflow_api' retrieved from /home/airflow/.local/lib/python3.12/site-packages/airflow/example_dags/tutorial_taskflow_api.py
[2024-10-02T00:02:13.450+0000] {logging_mixin.py:190} INFO - [2024-10-02T00:02:13.450+0000] {dag.py:3239} INFO - Sync 1 DAGs
[2024-10-02T00:02:13.459+0000] {logging_mixin.py:190} INFO - [2024-10-02T00:02:13.458+0000] {dag.py:4180} INFO - Setting next_dagrun for tutorial_taskflow_api to None, run_after=None
[2024-10-02T00:02:13.466+0000] {processor.py:208} INFO - Processing /home/airflow/.local/lib/python3.12/site-packages/airflow/example_dags/tutorial_taskflow_api.py took 0.043 seconds
[2024-10-02T00:02:44.239+0000] {processor.py:186} INFO - Started process (PID=35505) to work on /home/airflow/.local/lib/python3.12/site-packages/airflow/example_dags/tutorial_taskflow_api.py
[2024-10-02T00:02:44.241+0000] {processor.py:914} INFO - Processing file /home/airflow/.local/lib/python3.12/site-packages/airflow/example_dags/tutorial_taskflow_api.py for tasks to queue
[2024-10-02T00:02:44.242+0000] {logging_mixin.py:190} INFO - [2024-10-02T00:02:44.242+0000] {dagbag.py:588} INFO - Filling up the DagBag from /home/airflow/.local/lib/python3.12/site-packages/airflow/example_dags/tutorial_taskflow_api.py
[2024-10-02T00:02:44.247+0000] {processor.py:925} INFO - DAG(s) 'tutorial_taskflow_api' retrieved from /home/airflow/.local/lib/python3.12/site-packages/airflow/example_dags/tutorial_taskflow_api.py
[2024-10-02T00:02:44.257+0000] {logging_mixin.py:190} INFO - [2024-10-02T00:02:44.257+0000] {dag.py:3239} INFO - Sync 1 DAGs
[2024-10-02T00:02:44.263+0000] {logging_mixin.py:190} INFO - [2024-10-02T00:02:44.263+0000] {dag.py:4180} INFO - Setting next_dagrun for tutorial_taskflow_api to None, run_after=None
[2024-10-02T00:02:44.270+0000] {processor.py:208} INFO - Processing /home/airflow/.local/lib/python3.12/site-packages/airflow/example_dags/tutorial_taskflow_api.py took 0.034 seconds
[2024-10-02T00:03:15.028+0000] {processor.py:186} INFO - Started process (PID=35568) to work on /home/airflow/.local/lib/python3.12/site-packages/airflow/example_dags/tutorial_taskflow_api.py
[2024-10-02T00:03:15.029+0000] {processor.py:914} INFO - Processing file /home/airflow/.local/lib/python3.12/site-packages/airflow/example_dags/tutorial_taskflow_api.py for tasks to queue
[2024-10-02T00:03:15.031+0000] {logging_mixin.py:190} INFO - [2024-10-02T00:03:15.031+0000] {dagbag.py:588} INFO - Filling up the DagBag from /home/airflow/.local/lib/python3.12/site-packages/airflow/example_dags/tutorial_taskflow_api.py
[2024-10-02T00:03:15.036+0000] {processor.py:925} INFO - DAG(s) 'tutorial_taskflow_api' retrieved from /home/airflow/.local/lib/python3.12/site-packages/airflow/example_dags/tutorial_taskflow_api.py
[2024-10-02T00:03:15.047+0000] {logging_mixin.py:190} INFO - [2024-10-02T00:03:15.047+0000] {dag.py:3239} INFO - Sync 1 DAGs
[2024-10-02T00:03:15.054+0000] {logging_mixin.py:190} INFO - [2024-10-02T00:03:15.054+0000] {dag.py:4180} INFO - Setting next_dagrun for tutorial_taskflow_api to None, run_after=None
[2024-10-02T00:03:15.061+0000] {processor.py:208} INFO - Processing /home/airflow/.local/lib/python3.12/site-packages/airflow/example_dags/tutorial_taskflow_api.py took 0.036 seconds
[2024-10-02T00:03:45.847+0000] {processor.py:186} INFO - Started process (PID=35632) to work on /home/airflow/.local/lib/python3.12/site-packages/airflow/example_dags/tutorial_taskflow_api.py
[2024-10-02T00:03:45.848+0000] {processor.py:914} INFO - Processing file /home/airflow/.local/lib/python3.12/site-packages/airflow/example_dags/tutorial_taskflow_api.py for tasks to queue
[2024-10-02T00:03:45.849+0000] {logging_mixin.py:190} INFO - [2024-10-02T00:03:45.849+0000] {dagbag.py:588} INFO - Filling up the DagBag from /home/airflow/.local/lib/python3.12/site-packages/airflow/example_dags/tutorial_taskflow_api.py
[2024-10-02T00:03:45.854+0000] {processor.py:925} INFO - DAG(s) 'tutorial_taskflow_api' retrieved from /home/airflow/.local/lib/python3.12/site-packages/airflow/example_dags/tutorial_taskflow_api.py
[2024-10-02T00:03:45.864+0000] {logging_mixin.py:190} INFO - [2024-10-02T00:03:45.864+0000] {dag.py:3239} INFO - Sync 1 DAGs
[2024-10-02T00:03:45.870+0000] {logging_mixin.py:190} INFO - [2024-10-02T00:03:45.870+0000] {dag.py:4180} INFO - Setting next_dagrun for tutorial_taskflow_api to None, run_after=None
[2024-10-02T00:03:45.877+0000] {processor.py:208} INFO - Processing /home/airflow/.local/lib/python3.12/site-packages/airflow/example_dags/tutorial_taskflow_api.py took 0.033 seconds
[2024-10-02T00:04:16.479+0000] {processor.py:186} INFO - Started process (PID=35695) to work on /home/airflow/.local/lib/python3.12/site-packages/airflow/example_dags/tutorial_taskflow_api.py
[2024-10-02T00:04:16.480+0000] {processor.py:914} INFO - Processing file /home/airflow/.local/lib/python3.12/site-packages/airflow/example_dags/tutorial_taskflow_api.py for tasks to queue
[2024-10-02T00:04:16.481+0000] {logging_mixin.py:190} INFO - [2024-10-02T00:04:16.481+0000] {dagbag.py:588} INFO - Filling up the DagBag from /home/airflow/.local/lib/python3.12/site-packages/airflow/example_dags/tutorial_taskflow_api.py
[2024-10-02T00:04:16.485+0000] {processor.py:925} INFO - DAG(s) 'tutorial_taskflow_api' retrieved from /home/airflow/.local/lib/python3.12/site-packages/airflow/example_dags/tutorial_taskflow_api.py
[2024-10-02T00:04:16.494+0000] {logging_mixin.py:190} INFO - [2024-10-02T00:04:16.494+0000] {dag.py:3239} INFO - Sync 1 DAGs
[2024-10-02T00:04:16.502+0000] {logging_mixin.py:190} INFO - [2024-10-02T00:04:16.502+0000] {dag.py:4180} INFO - Setting next_dagrun for tutorial_taskflow_api to None, run_after=None
[2024-10-02T00:04:16.509+0000] {processor.py:208} INFO - Processing /home/airflow/.local/lib/python3.12/site-packages/airflow/example_dags/tutorial_taskflow_api.py took 0.033 seconds
