[2024-10-01T23:07:41.213+0000] {local_task_job_runner.py:123} INFO - ::group::Pre task execution logs
[2024-10-01T23:07:41.236+0000] {taskinstance.py:2612} INFO - Dependencies all met for dep_context=non-requeueable deps ti=<TaskInstance: fetch_and_store_amazon_books.fetch_book_data scheduled__2024-09-28T00:00:00+00:00 [queued]>
[2024-10-01T23:07:41.247+0000] {taskinstance.py:2612} INFO - Dependencies all met for dep_context=requeueable deps ti=<TaskInstance: fetch_and_store_amazon_books.fetch_book_data scheduled__2024-09-28T00:00:00+00:00 [queued]>
[2024-10-01T23:07:41.249+0000] {taskinstance.py:2865} INFO - Starting attempt 1 of 2
[2024-10-01T23:07:41.275+0000] {taskinstance.py:2888} INFO - Executing <Task(PythonOperator): fetch_book_data> on 2024-09-28 00:00:00+00:00
[2024-10-01T23:07:41.284+0000] {warnings.py:112} WARNING - /home/***/.local/lib/python3.12/site-packages/***/task/task_runner/standard_task_runner.py:70: DeprecationWarning: This process (pid=3142) is multi-threaded, use of fork() may lead to deadlocks in the child.
  pid = os.fork()

[2024-10-01T23:07:41.285+0000] {standard_task_runner.py:72} INFO - Started process 3158 to run task
[2024-10-01T23:07:41.291+0000] {standard_task_runner.py:104} INFO - Running: ['***', 'tasks', 'run', 'fetch_and_store_amazon_books', 'fetch_book_data', 'scheduled__2024-09-28T00:00:00+00:00', '--job-id', '75', '--raw', '--subdir', 'DAGS_FOLDER/dag.py', '--cfg-path', '/tmp/tmp61b5xk00']
[2024-10-01T23:07:41.296+0000] {standard_task_runner.py:105} INFO - Job 75: Subtask fetch_book_data
[2024-10-01T23:07:41.533+0000] {task_command.py:467} INFO - Running <TaskInstance: fetch_and_store_amazon_books.fetch_book_data scheduled__2024-09-28T00:00:00+00:00 [running]> on host 20b0475cd5d1
[2024-10-01T23:07:43.351+0000] {taskinstance.py:3131} INFO - Exporting env vars: AIRFLOW_CTX_DAG_OWNER='***' AIRFLOW_CTX_DAG_ID='fetch_and_store_amazon_books' AIRFLOW_CTX_TASK_ID='fetch_book_data' AIRFLOW_CTX_EXECUTION_DATE='2024-09-28T00:00:00+00:00' AIRFLOW_CTX_TRY_NUMBER='1' AIRFLOW_CTX_DAG_RUN_ID='scheduled__2024-09-28T00:00:00+00:00'
[2024-10-01T23:07:43.366+0000] {logging_mixin.py:190} INFO - Task instance is in running state
[2024-10-01T23:07:43.367+0000] {logging_mixin.py:190} INFO -  Previous state of the Task instance: queued
[2024-10-01T23:07:43.368+0000] {logging_mixin.py:190} INFO - Current task name:fetch_book_data state:running start_date:2024-10-01 23:07:41.236444+00:00
[2024-10-01T23:07:43.369+0000] {logging_mixin.py:190} INFO - Dag name:fetch_and_store_amazon_books and current dag run status:running
[2024-10-01T23:07:43.370+0000] {taskinstance.py:731} INFO - ::endgroup::
[2024-10-01T23:07:52.997+0000] {python.py:240} INFO - Done. Returned value was: None
[2024-10-01T23:07:53.147+0000] {taskinstance.py:340} INFO - ::group::Post task execution logs
[2024-10-01T23:07:53.151+0000] {taskinstance.py:352} INFO - Marking task as SUCCESS. dag_id=fetch_and_store_amazon_books, task_id=fetch_book_data, run_id=scheduled__2024-09-28T00:00:00+00:00, execution_date=20240928T000000, start_date=20241001T230741, end_date=20241001T230753
[2024-10-01T23:07:53.212+0000] {logging_mixin.py:190} INFO - Task instance in success state
[2024-10-01T23:07:53.217+0000] {logging_mixin.py:190} INFO -  Previous state of the Task instance: running
[2024-10-01T23:07:53.218+0000] {logging_mixin.py:190} INFO - Dag name:fetch_and_store_amazon_books queued_at:2024-10-01 23:07:27.361448+00:00
[2024-10-01T23:07:53.222+0000] {logging_mixin.py:190} INFO - Task hostname:20b0475cd5d1 operator:PythonOperator
[2024-10-01T23:07:53.319+0000] {local_task_job_runner.py:266} INFO - Task exited with return code 0
[2024-10-01T23:07:53.447+0000] {local_task_job_runner.py:245} INFO - ::endgroup::
